

Classical 10 nodes - Time: 1.3106s, Cut: 13.342532555320133/15.961314269504832
Graph Size:10
Execution N°:13
Model:xgboost
xgboost 10 nodes - Time: 0.0894s, Cut: 15.62663008492231/15.961314269504832
Graph Size:10
Execution N°:13
Model:MLP
MLP 10 nodes - Time: 0.0213s, Cut: 12.181334650352401/15.961314269504832
Classical 12 nodes - Time: 1.7711s, Cut: 10.666564936658698/16.846638936339513
Graph Size:12
Execution N°:13
Model:xgboost
xgboost 12 nodes - Time: 0.0453s, Cut: 13.564466421756405/16.846638936339513
Graph Size:12
Execution N°:13
Model:MLP
MLP 12 nodes - Time: 0.0186s, Cut: 10.905026118712236/16.846638936339513
Classical 15 nodes - Time: 2.8920s, Cut: 10.476582860351972/22.579981543904836
Graph Size:15
Execution N°:13
Model:xgboost
xgboost 15 nodes - Time: 0.0584s, Cut: 15.8645741449243/22.579981543904836
Graph Size:15
Execution N°:13
Model:MLP
MLP 15 nodes - Time: 0.0426s, Cut: 14.833398444603365/22.579981543904836
Classical 20 nodes - Time: 18.0190s, Cut: 43.42573672157637/46.516774947529726
Graph Size:20
Execution N°:13
Model:xgboost
xgboost 20 nodes - Time: 0.5338s, Cut: 42.26167660711998/46.516774947529726
Graph Size:20
Execution N°:13
Model:MLP
MLP 20 nodes - Time: 0.5475s, Cut: 36.16877357607222/46.516774947529726
Classical 25 nodes - Time: 491.5050s, Cut: 63.430043367136925/68.50138658440443
Graph Size:25
Execution N°:13
Model:xgboost
xgboost 25 nodes - Time: 18.7839s, Cut: 57.44182763989229/68.50138658440443
Graph Size:25
Execution N°:13
Model:MLP
MLP 25 nodes - Time: 18.8048s, Cut: 66.58394145498009/68.50138658440443

======================================================================
COMPREHENSIVE COMPARISON SUMMARY
======================================================================

======================================================================
Node Size: 10 | Optimal Cut: 15.961314269504832
======================================================================

Classical QAOA:
  Time: 1.3106s
  Cut: 13.342532555320133/15.961314269504832 (83.59%)

xgboost Model:
  Time: 0.0894s (speedup: 14.7x)
  Cut: 15.62663008492231/15.961314269504832 (97.90%)
  Quality vs Classical: +14.31%

MLP Model:
  Time: 0.0213s (speedup: 61.6x)
  Cut: 12.181334650352401/15.961314269504832 (76.32%)
  Quality vs Classical: -7.28%

======================================================================
Node Size: 12 | Optimal Cut: 16.846638936339513
======================================================================

Classical QAOA:
  Time: 1.7711s
  Cut: 10.666564936658698/16.846638936339513 (63.32%)

xgboost Model:
  Time: 0.0453s (speedup: 39.1x)
  Cut: 13.564466421756405/16.846638936339513 (80.52%)
  Quality vs Classical: +17.20%

MLP Model:
  Time: 0.0186s (speedup: 95.4x)
  Cut: 10.905026118712236/16.846638936339513 (64.73%)
  Quality vs Classical: +1.42%

======================================================================
Node Size: 15 | Optimal Cut: 22.579981543904836
======================================================================

Classical QAOA:
  Time: 2.8920s
  Cut: 10.476582860351972/22.579981543904836 (46.40%)

xgboost Model:
  Time: 0.0584s (speedup: 49.6x)
  Cut: 15.8645741449243/22.579981543904836 (70.26%)
  Quality vs Classical: +23.86%

MLP Model:
  Time: 0.0426s (speedup: 67.9x)
  Cut: 14.833398444603365/22.579981543904836 (65.69%)
  Quality vs Classical: +19.30%

======================================================================
Node Size: 20 | Optimal Cut: 46.516774947529726
======================================================================

Classical QAOA:
  Time: 18.0190s
  Cut: 43.42573672157637/46.516774947529726 (93.36%)

xgboost Model:
  Time: 0.5338s (speedup: 33.8x)
  Cut: 42.26167660711998/46.516774947529726 (90.85%)
  Quality vs Classical: -2.50%

MLP Model:
  Time: 0.5475s (speedup: 32.9x)
  Cut: 36.16877357607222/46.516774947529726 (77.75%)
  Quality vs Classical: -15.60%

======================================================================
Node Size: 25 | Optimal Cut: 68.50138658440443
======================================================================

Classical QAOA:
  Time: 491.5050s
  Cut: 63.430043367136925/68.50138658440443 (92.60%)

xgboost Model:
  Time: 18.7839s (speedup: 26.2x)
  Cut: 57.44182763989229/68.50138658440443 (83.85%)
  Quality vs Classical: -8.74%

MLP Model:
  Time: 18.8048s (speedup: 26.1x)
  Cut: 66.58394145498009/68.50138658440443 (97.20%)
  Quality vs Classical: +4.60%

======================================================================
OVERALL AVERAGES
======================================================================

Classical QAOA:
  Avg Time: 103.0995s
  Avg Approximation Ratio: 75.85%

xgboost Model:
  Avg Time: 3.9022s (avg speedup: 26.4x)
  Avg Approximation Ratio: 84.68%
  Quality Difference: +8.83%

MLP Model:
  Avg Time: 3.8869s (avg speedup: 26.5x)
  Avg Approximation Ratio: 76.34%
  Quality Difference: +0.49%
  adding: Models/qaoa_vs_ml/V2/execution_13/comparison_comprehensive.png (deflated 14%)
  adding: Models/qaoa_vs_ml/V2/execution_13/detailed_timing_analysis.png (deflated 16%)
  adding: Models/qaoa_vs_ml/V2/execution_13/MLP_model_10_Circuit.pkl (deflated 5%)
  adding: Models/qaoa_vs_ml/V2/execution_13/MLP_model_10.pkl (deflated 5%)
  adding: Models/qaoa_vs_ml/V2/execution_13/MLP_model_12_Circuit.pkl (deflated 5%)
  adding: Models/qaoa_vs_ml/V2/execution_13/MLP_model_12.pkl (deflated 5%)
  adding: Models/qaoa_vs_ml/V2/execution_13/MLP_model_15_Circuit.pkl (deflated 5%)
  adding: Models/qaoa_vs_ml/V2/execution_13/MLP_model_15.pkl (deflated 5%)
  adding: Models/qaoa_vs_ml/V2/execution_13/MLP_model_20_Circuit.pkl (deflated 5%)
  adding: Models/qaoa_vs_ml/V2/execution_13/MLP_model_20.pkl (deflated 4%)
  adding: Models/qaoa_vs_ml/V2/execution_13/MLP_model_25_Circuit.pkl (deflated 5%)
  adding: Models/qaoa_vs_ml/V2/execution_13/MLP_model_25.pkl (deflated 4%)
  adding: Models/qaoa_vs_ml/V2/execution_13/MLP_model_full_Circuit.pkl (deflated 5%)
  adding: Models/qaoa_vs_ml/V2/execution_13/MLP_model_full.pkl (deflated 4%)
  adding: Models/qaoa_vs_ml/V2/execution_13/vanila_vs_ml.csv (deflated 51%)
  adding: Models/qaoa_vs_ml/V2/execution_13/xgboost_model_10_Circuit.pkl (deflated 83%)
  adding: Models/qaoa_vs_ml/V2/execution_13/xgboost_model_10.pkl (deflated 86%)
  adding: Models/qaoa_vs_ml/V2/execution_13/xgboost_model_12_Circuit.pkl (deflated 83%)
  adding: Models/qaoa_vs_ml/V2/execution_13/xgboost_model_12.pkl (deflated 86%)
  adding: Models/qaoa_vs_ml/V2/execution_13/xgboost_model_15_Circuit.pkl (deflated 83%)
  adding: Models/qaoa_vs_ml/V2/execution_13/xgboost_model_15.pkl (deflated 87%)
  adding: Models/qaoa_vs_ml/V2/execution_13/xgboost_model_20_Circuit.pkl (deflated 83%)
  adding: Models/qaoa_vs_ml/V2/execution_13/xgboost_model_20.pkl (deflated 87%)
  adding: Models/qaoa_vs_ml/V2/execution_13/xgboost_model_25_Circuit.pkl (deflated 83%)
  adding: Models/qaoa_vs_ml/V2/execution_13/xgboost_model_25.pkl (deflated 87%)
  adding: Models/qaoa_vs_ml/V2/execution_13/xgboost_model_full_Circuit.pkl (deflated 81%)
  adding: Models/qaoa_vs_ml/V2/execution_13/xgboost_model_full.pkl (deflated 79%)
