

Classical 10 nodes - Time: 1.8667s, Cut: 8.095459795317229/8.39910021237793
Graph Size:10
Execution N°:14
Model:MLP_NAS
MLP_NAS 10 nodes - Time: 0.0377s, Cut: 6.355596199325489/8.39910021237793
Graph Size:10
Execution N°:14
Model:xgboost
xgboost 10 nodes - Time: 0.7055s, Cut: 7.042793161717989/8.39910021237793
Graph Size:10
Execution N°:14
Model:MLP
MLP 10 nodes - Time: 0.0209s, Cut: 7.173280528568352/8.39910021237793
Classical 12 nodes - Time: 2.2932s, Cut: 13.929336586146395/15.343095862693726
Graph Size:12
Execution N°:14
Model:MLP_NAS
MLP_NAS 12 nodes - Time: 0.0310s, Cut: 10.091880960671785/15.343095862693726
Graph Size:12
Execution N°:14
Model:xgboost
xgboost 12 nodes - Time: 0.0471s, Cut: 11.365436380344725/15.343095862693726
Graph Size:12
Execution N°:14
Model:MLP
MLP 12 nodes - Time: 0.0176s, Cut: 9.081358601362435/15.343095862693726
Classical 15 nodes - Time: 3.2147s, Cut: 23.020982613380237/27.021953761902108
Graph Size:15
Execution N°:14
Model:MLP_NAS
MLP_NAS 15 nodes - Time: 0.0547s, Cut: 19.750128797488994/27.021953761902108
Graph Size:15
Execution N°:14
Model:xgboost
xgboost 15 nodes - Time: 0.0678s, Cut: 19.01605669153627/27.021953761902108
Graph Size:15
Execution N°:14
Model:MLP
MLP 15 nodes - Time: 0.0396s, Cut: 20.090205218727366/27.021953761902108
Classical 20 nodes - Time: 14.3149s, Cut: 31.725029949536836/48.65991365156084
Graph Size:20
Execution N°:14
Model:MLP_NAS
MLP_NAS 20 nodes - Time: 0.4628s, Cut: 41.890916409189096/48.65991365156084
Graph Size:20
Execution N°:14
Model:xgboost
xgboost 20 nodes - Time: 0.4550s, Cut: 41.40867030032822/48.65991365156084
Graph Size:20
Execution N°:14
Model:MLP
MLP 20 nodes - Time: 0.4794s, Cut: 49.17547552337191/48.65991365156084
Classical 25 nodes - Time: 496.7875s, Cut: 52.39612572946758/61.356417982289265
Graph Size:25
Execution N°:14
Model:MLP_NAS
MLP_NAS 25 nodes - Time: 15.1773s, Cut: 54.86346869643348/61.356417982289265
Graph Size:25
Execution N°:14
Model:xgboost
xgboost 25 nodes - Time: 14.0548s, Cut: 66.0499400832517/61.356417982289265
Graph Size:25
Execution N°:14
Model:MLP
MLP 25 nodes - Time: 14.0513s, Cut: 54.87943499278642/61.356417982289265

======================================================================
COMPREHENSIVE COMPARISON SUMMARY
======================================================================

======================================================================
Node Size: 10 | Optimal Cut: 8.39910021237793
======================================================================

Classical QAOA:
  Time: 1.8667s
  Cut: 8.095459795317229/8.39910021237793 (96.38%)

MLP_NAS Model:
  Time: 0.0377s (speedup: 49.6x)
  Cut: 6.355596199325489/8.39910021237793 (75.67%)
  Quality vs Classical: -20.71%

xgboost Model:
  Time: 0.7055s (speedup: 2.6x)
  Cut: 7.042793161717989/8.39910021237793 (83.85%)
  Quality vs Classical: -12.53%

MLP Model:
  Time: 0.0209s (speedup: 89.3x)
  Cut: 7.173280528568352/8.39910021237793 (85.41%)
  Quality vs Classical: -10.98%

======================================================================
Node Size: 12 | Optimal Cut: 15.343095862693726
======================================================================

Classical QAOA:
  Time: 2.2932s
  Cut: 13.929336586146395/15.343095862693726 (90.79%)

MLP_NAS Model:
  Time: 0.0310s (speedup: 73.9x)
  Cut: 10.091880960671785/15.343095862693726 (65.77%)
  Quality vs Classical: -25.01%

xgboost Model:
  Time: 0.0471s (speedup: 48.7x)
  Cut: 11.365436380344725/15.343095862693726 (74.08%)
  Quality vs Classical: -16.71%

MLP Model:
  Time: 0.0176s (speedup: 130.5x)
  Cut: 9.081358601362435/15.343095862693726 (59.19%)
  Quality vs Classical: -31.60%

======================================================================
Node Size: 15 | Optimal Cut: 27.021953761902108
======================================================================

Classical QAOA:
  Time: 3.2147s
  Cut: 23.020982613380237/27.021953761902108 (85.19%)

MLP_NAS Model:
  Time: 0.0547s (speedup: 58.7x)
  Cut: 19.750128797488994/27.021953761902108 (73.09%)
  Quality vs Classical: -12.10%

xgboost Model:
  Time: 0.0678s (speedup: 47.4x)
  Cut: 19.01605669153627/27.021953761902108 (70.37%)
  Quality vs Classical: -14.82%

MLP Model:
  Time: 0.0396s (speedup: 81.1x)
  Cut: 20.090205218727366/27.021953761902108 (74.35%)
  Quality vs Classical: -10.85%

======================================================================
Node Size: 20 | Optimal Cut: 48.65991365156084
======================================================================

Classical QAOA:
  Time: 14.3149s
  Cut: 31.725029949536836/48.65991365156084 (65.20%)

MLP_NAS Model:
  Time: 0.4628s (speedup: 30.9x)
  Cut: 41.890916409189096/48.65991365156084 (86.09%)
  Quality vs Classical: +20.89%

xgboost Model:
  Time: 0.4550s (speedup: 31.5x)
  Cut: 41.40867030032822/48.65991365156084 (85.10%)
  Quality vs Classical: +19.90%

MLP Model:
  Time: 0.4794s (speedup: 29.9x)
  Cut: 49.17547552337191/48.65991365156084 (101.06%)
  Quality vs Classical: +35.86%

======================================================================
Node Size: 25 | Optimal Cut: 61.356417982289265
======================================================================

Classical QAOA:
  Time: 496.7875s
  Cut: 52.39612572946758/61.356417982289265 (85.40%)

MLP_NAS Model:
  Time: 15.1773s (speedup: 32.7x)
  Cut: 54.86346869643348/61.356417982289265 (89.42%)
  Quality vs Classical: +4.02%

xgboost Model:
  Time: 14.0548s (speedup: 35.3x)
  Cut: 66.0499400832517/61.356417982289265 (107.65%)
  Quality vs Classical: +22.25%

MLP Model:
  Time: 14.0513s (speedup: 35.4x)
  Cut: 54.87943499278642/61.356417982289265 (89.44%)
  Quality vs Classical: +4.05%

======================================================================
OVERALL AVERAGES
======================================================================

Classical QAOA:
  Avg Time: 103.6954s
  Avg Approximation Ratio: 84.59%

MLP_NAS Model:
  Avg Time: 3.1527s (avg speedup: 32.9x)
  Avg Approximation Ratio: 78.01%
  Quality Difference: -6.58%

xgboost Model:
  Avg Time: 3.0660s (avg speedup: 33.8x)
  Avg Approximation Ratio: 84.21%
  Quality Difference: -0.38%

MLP Model:
  Avg Time: 2.9218s (avg speedup: 35.5x)
  Avg Approximation Ratio: 81.89%
  Quality Difference: -2.70%
  adding: Models/qaoa_vs_ml/V3/execution_14/comparison_comprehensive.png (deflated 12%)
  adding: Models/qaoa_vs_ml/V3/execution_14/detailed_timing_analysis.png (deflated 15%)
  adding: Models/qaoa_vs_ml/V3/execution_14/MLP_model_10_Circuit.pkl (deflated 5%)
  adding: Models/qaoa_vs_ml/V3/execution_14/MLP_model_10.pkl (deflated 5%)
  adding: Models/qaoa_vs_ml/V3/execution_14/MLP_model_12_Circuit.pkl (deflated 5%)
  adding: Models/qaoa_vs_ml/V3/execution_14/MLP_model_12.pkl (deflated 5%)
  adding: Models/qaoa_vs_ml/V3/execution_14/MLP_model_15_Circuit.pkl (deflated 5%)
  adding: Models/qaoa_vs_ml/V3/execution_14/MLP_model_15.pkl (deflated 5%)
  adding: Models/qaoa_vs_ml/V3/execution_14/MLP_model_20_Circuit.pkl (deflated 5%)
  adding: Models/qaoa_vs_ml/V3/execution_14/MLP_model_20.pkl (deflated 4%)
  adding: Models/qaoa_vs_ml/V3/execution_14/MLP_model_25_Circuit.pkl (deflated 5%)
  adding: Models/qaoa_vs_ml/V3/execution_14/MLP_model_25.pkl (deflated 4%)
  adding: Models/qaoa_vs_ml/V3/execution_14/MLP_model_full_Circuit.pkl (deflated 5%)
  adding: Models/qaoa_vs_ml/V3/execution_14/MLP_model_full.pkl (deflated 4%)
  adding: Models/qaoa_vs_ml/V3/execution_14/MLP_model_nas_10.pkl (deflated 5%)
  adding: Models/qaoa_vs_ml/V3/execution_14/MLP_model_nas_12.pkl (deflated 5%)
  adding: Models/qaoa_vs_ml/V3/execution_14/MLP_model_nas_15.pkl (deflated 5%)
  adding: Models/qaoa_vs_ml/V3/execution_14/MLP_model_nas_25.pkl (deflated 4%)
  adding: Models/qaoa_vs_ml/V3/execution_14/MLP_model_nas_full.pkl (deflated 4%)
  adding: Models/qaoa_vs_ml/V3/execution_14/vanila_vs_ml.csv (deflated 52%)
  adding: Models/qaoa_vs_ml/V3/execution_14/xgboost_model_10_Circuit.pkl (deflated 83%)
  adding: Models/qaoa_vs_ml/V3/execution_14/xgboost_model_10.pkl (deflated 86%)
  adding: Models/qaoa_vs_ml/V3/execution_14/xgboost_model_12_Circuit.pkl (deflated 83%)
  adding: Models/qaoa_vs_ml/V3/execution_14/xgboost_model_12.pkl (deflated 86%)
  adding: Models/qaoa_vs_ml/V3/execution_14/xgboost_model_15_Circuit.pkl (deflated 83%)
  adding: Models/qaoa_vs_ml/V3/execution_14/xgboost_model_15.pkl (deflated 87%)
  adding: Models/qaoa_vs_ml/V3/execution_14/xgboost_model_20_Circuit.pkl (deflated 83%)
  adding: Models/qaoa_vs_ml/V3/execution_14/xgboost_model_20.pkl (deflated 87%)
  adding: Models/qaoa_vs_ml/V3/execution_14/xgboost_model_25_Circuit.pkl (deflated 83%)
  adding: Models/qaoa_vs_ml/V3/execution_14/xgboost_model_25.pkl (deflated 87%)
  adding: Models/qaoa_vs_ml/V3/execution_14/xgboost_model_full_Circuit.pkl (deflated 81%)
  adding: Models/qaoa_vs_ml/V3/execution_14/xgboost_model_full.pkl (deflated 79%)
