
 Training on dataset_10_nodes.csv...
Total rows in CSV: 50
10 55
10 55
10 55
10 55
10 55
10 55
10 55
10 55
10 55
10 55
10 55
10 55
10 55
10 55
10 55
10 55
10 55
10 55
10 55
10 55
10 55
10 55
10 55
10 55
10 55
10 55
10 55
10 55
10 55
10 55
10 55
10 55
10 55
10 55
10 55
10 55
10 55
10 55
10 55
10 55
10 55
10 55
10 55
10 55
10 55
10 55
10 55
10 55
10 55
10 55
Loaded 50 valid graphs.
Epoch 001, Loss: 2.9212
Epoch 002, Loss: 0.5657
Epoch 003, Loss: 0.5668
Epoch 004, Loss: 0.5447
Epoch 005, Loss: 0.6166
Epoch 006, Loss: 0.5864
Epoch 007, Loss: 0.5976
Epoch 008, Loss: 0.5521
Epoch 009, Loss: 0.6075
Epoch 010, Loss: 0.6070
Epoch 011, Loss: 0.5748
Epoch 012, Loss: 0.5487
Epoch 013, Loss: 0.5443
Epoch 014, Loss: 0.5597
Epoch 015, Loss: 0.5569
Epoch 016, Loss: 0.5557
Epoch 017, Loss: 0.5724
Epoch 018, Loss: 0.5439
Epoch 019, Loss: 0.6001
Epoch 020, Loss: 0.5866
Epoch 021, Loss: 0.5506
Epoch 022, Loss: 0.5480
Epoch 023, Loss: 0.5479
Epoch 024, Loss: 0.5344
Epoch 025, Loss: 0.5387
Epoch 026, Loss: 0.5541
Epoch 027, Loss: 0.5729
Epoch 028, Loss: 0.5274
Epoch 029, Loss: 0.5834
Epoch 030, Loss: 0.5339
Epoch 031, Loss: 0.5371
Epoch 032, Loss: 0.5141
Epoch 033, Loss: 0.5285
Epoch 034, Loss: 0.5317
Epoch 035, Loss: 0.6206
Epoch 036, Loss: 0.5497
Epoch 037, Loss: 0.5413
Epoch 038, Loss: 0.5339
Epoch 039, Loss: 0.5129
Epoch 040, Loss: 0.5244
Epoch 041, Loss: 0.4962
Epoch 042, Loss: 0.5005
Epoch 043, Loss: 0.4905
Epoch 044, Loss: 0.5021
Epoch 045, Loss: 0.5326
Epoch 046, Loss: 0.5098
Epoch 047, Loss: 0.5102
Epoch 048, Loss: 0.5177
Epoch 049, Loss: 0.5423
Epoch 050, Loss: 0.5186
Epoch 051, Loss: 0.5398
Epoch 052, Loss: 0.5059
Epoch 053, Loss: 0.4875
Epoch 054, Loss: 0.5139
Epoch 055, Loss: 0.4983
Epoch 056, Loss: 0.5088
Epoch 057, Loss: 0.5718
Epoch 058, Loss: 0.4947
Epoch 059, Loss: 0.4740
Epoch 060, Loss: 0.4985
Epoch 061, Loss: 0.5135
Epoch 062, Loss: 0.4877
Epoch 063, Loss: 0.4859
Epoch 064, Loss: 0.4827
Epoch 065, Loss: 0.4765
Epoch 066, Loss: 0.4912
Epoch 067, Loss: 0.5023
Epoch 068, Loss: 0.4648
Epoch 069, Loss: 0.4867
Epoch 070, Loss: 0.4844
Epoch 071, Loss: 0.4765
Epoch 072, Loss: 0.4878
Epoch 073, Loss: 0.4496
Epoch 074, Loss: 0.4719
Epoch 075, Loss: 0.4523
Epoch 076, Loss: 0.4597
Epoch 077, Loss: 0.4434
Epoch 078, Loss: 0.4469
Epoch 079, Loss: 0.4615
Epoch 080, Loss: 0.4604
Epoch 081, Loss: 0.4781
Epoch 082, Loss: 0.4563
Epoch 083, Loss: 0.4813
Epoch 084, Loss: 0.4597
Epoch 085, Loss: 0.4374
Epoch 086, Loss: 0.4615
Epoch 087, Loss: 0.4513
Epoch 088, Loss: 0.4524
Epoch 089, Loss: 0.4294
Epoch 090, Loss: 0.4233
Epoch 091, Loss: 0.4345
Epoch 092, Loss: 0.4291
Epoch 093, Loss: 0.4365
Epoch 094, Loss: 0.4095
Epoch 095, Loss: 0.4110
Epoch 096, Loss: 0.4264
Epoch 097, Loss: 0.4152
Epoch 098, Loss: 0.3991
Epoch 099, Loss: 0.4425
Epoch 100, Loss: 0.4212

Test RMSE: 0.6322
Test MAPE: 0.2388
Training time: 9.89 seconds
Model saved to Models/GCN_model_10.pkl

 Training on dataset_12_nodes.csv...
Total rows in CSV: 50
12 78
12 78
12 78
12 78
12 78
12 78
12 78
12 78
12 78
12 78
12 78
12 78
12 78
12 78
12 78
12 78
12 78
12 78
12 78
12 78
12 78
12 78
12 78
12 78
12 78
12 78
12 78
12 78
12 78
12 78
12 78
12 78
12 78
12 78
12 78
12 78
12 78
12 78
12 78
12 78
12 78
12 78
12 78
12 78
12 78
12 78
12 78
12 78
12 78
12 78
Loaded 50 valid graphs.
Epoch 001, Loss: 3.7958
Epoch 002, Loss: 0.9415
Epoch 003, Loss: 0.8583
Epoch 004, Loss: 0.8881
Epoch 005, Loss: 0.8830
Epoch 006, Loss: 0.9252
Epoch 007, Loss: 0.8939
Epoch 008, Loss: 0.8472
Epoch 009, Loss: 0.9485
Epoch 010, Loss: 0.8849
Epoch 011, Loss: 0.8667
Epoch 012, Loss: 0.8719
Epoch 013, Loss: 0.8287
Epoch 014, Loss: 0.8685
Epoch 015, Loss: 0.8400
Epoch 016, Loss: 0.9147
Epoch 017, Loss: 0.8674
Epoch 018, Loss: 0.8895
Epoch 019, Loss: 0.8394
Epoch 020, Loss: 0.9145
Epoch 021, Loss: 0.8845
Epoch 022, Loss: 0.8177
Epoch 023, Loss: 0.9558
Epoch 024, Loss: 0.9037
Epoch 025, Loss: 0.8397
Epoch 026, Loss: 0.8177
Epoch 027, Loss: 0.8862
Epoch 028, Loss: 0.8961
Epoch 029, Loss: 0.8030
Epoch 030, Loss: 0.8319
Epoch 031, Loss: 0.8248
Epoch 032, Loss: 0.8170
Epoch 033, Loss: 0.8229
Epoch 034, Loss: 0.8387
Epoch 035, Loss: 0.8240
Epoch 036, Loss: 0.8888
Epoch 037, Loss: 0.8355
Epoch 038, Loss: 0.8874
Epoch 039, Loss: 0.8248
Epoch 040, Loss: 0.8349
Epoch 041, Loss: 0.8203
Epoch 042, Loss: 0.8771
Epoch 043, Loss: 0.8306
Epoch 044, Loss: 0.8585
Epoch 045, Loss: 0.8063
Epoch 046, Loss: 0.8157
Epoch 047, Loss: 0.8440
Epoch 048, Loss: 0.8257
Epoch 049, Loss: 0.7890
Epoch 050, Loss: 0.8097
Epoch 051, Loss: 0.8905
Epoch 052, Loss: 0.7991
Epoch 053, Loss: 0.8288
Epoch 054, Loss: 0.8312
Epoch 055, Loss: 0.8358
Epoch 056, Loss: 0.8541
Epoch 057, Loss: 0.8104
Epoch 058, Loss: 0.7995
Epoch 059, Loss: 0.8602
Epoch 060, Loss: 0.7906
Epoch 061, Loss: 0.8008
Epoch 062, Loss: 0.8047
Epoch 063, Loss: 0.8103
Epoch 064, Loss: 0.8097
Epoch 065, Loss: 0.7831
Epoch 066, Loss: 0.7968
Epoch 067, Loss: 0.7984
Epoch 068, Loss: 0.8155
Epoch 069, Loss: 0.7789
Epoch 070, Loss: 0.8212
Epoch 071, Loss: 0.8165
Epoch 072, Loss: 0.8061
Epoch 073, Loss: 0.8164
Epoch 074, Loss: 0.7905
Epoch 075, Loss: 0.7620
Epoch 076, Loss: 0.7599
Epoch 077, Loss: 0.7425
Epoch 078, Loss: 0.7651
Epoch 079, Loss: 0.7436
Epoch 080, Loss: 0.7434
Epoch 081, Loss: 0.7302
Epoch 082, Loss: 0.7554
Epoch 083, Loss: 0.7464
Epoch 084, Loss: 0.7428
Epoch 085, Loss: 0.7236
Epoch 086, Loss: 0.7229
Epoch 087, Loss: 0.7177
Epoch 088, Loss: 0.7184
Epoch 089, Loss: 0.7443
Epoch 090, Loss: 0.7288
Epoch 091, Loss: 0.7186
Epoch 092, Loss: 0.7133
Epoch 093, Loss: 0.7023
Epoch 094, Loss: 0.6873
Epoch 095, Loss: 0.7097
Epoch 096, Loss: 0.7036
Epoch 097, Loss: 0.7057
Epoch 098, Loss: 0.7127
Epoch 099, Loss: 0.6868
Epoch 100, Loss: 0.7042

Test RMSE: 0.7747
Test MAPE: 0.2570
Training time: 8.97 seconds
Model saved to Models/GCN_model_12.pkl

 Training on dataset_15_nodes.csv...
Total rows in CSV: 50
15 120
15 120
15 120
15 120
15 120
15 120
15 120
15 120
15 120
15 120
15 120
15 120
15 120
15 120
15 120
15 120
15 120
15 120
15 120
15 120
15 120
15 120
15 120
15 120
15 120
15 120
15 120
15 120
15 120
15 120
15 120
15 120
15 120
15 120
15 120
15 120
15 120
15 120
15 120
15 120
15 120
15 120
15 120
15 120
15 120
15 120
15 120
15 120
15 120
15 120
Loaded 50 valid graphs.
Epoch 001, Loss: 4.4275
Epoch 002, Loss: 1.0264
Epoch 003, Loss: 1.0923
Epoch 004, Loss: 0.9550
Epoch 005, Loss: 0.9611
Epoch 006, Loss: 1.0651
Epoch 007, Loss: 0.9594
Epoch 008, Loss: 0.9460
Epoch 009, Loss: 0.9365
Epoch 010, Loss: 0.9249
Epoch 011, Loss: 0.9078
Epoch 012, Loss: 0.9131
Epoch 013, Loss: 0.9380
Epoch 014, Loss: 1.0485
Epoch 015, Loss: 0.9648
Epoch 016, Loss: 0.9723
Epoch 017, Loss: 1.0400
Epoch 018, Loss: 0.9751
Epoch 019, Loss: 0.9097
Epoch 020, Loss: 1.0098
Epoch 021, Loss: 0.9603
Epoch 022, Loss: 0.9881
Epoch 023, Loss: 0.9152
Epoch 024, Loss: 0.8768
Epoch 025, Loss: 0.9435
Epoch 026, Loss: 0.8886
Epoch 027, Loss: 0.8612
Epoch 028, Loss: 0.9429
Epoch 029, Loss: 0.8822
Epoch 030, Loss: 0.8938
Epoch 031, Loss: 0.8264
Epoch 032, Loss: 0.9105
Epoch 033, Loss: 0.7339
Epoch 034, Loss: 0.8086
Epoch 035, Loss: 0.7586
Epoch 036, Loss: 0.7369
Epoch 037, Loss: 0.8096
Epoch 038, Loss: 0.7868
Epoch 039, Loss: 0.8442
Epoch 040, Loss: 0.7776
Epoch 041, Loss: 0.7125
Epoch 042, Loss: 0.7943
Epoch 043, Loss: 0.7231
Epoch 044, Loss: 0.8566
Epoch 045, Loss: 0.6781
Epoch 046, Loss: 0.6746
Epoch 047, Loss: 0.6513
Epoch 048, Loss: 0.6564
Epoch 049, Loss: 0.7846
Epoch 050, Loss: 0.6716
Epoch 051, Loss: 0.6919
Epoch 052, Loss: 0.6899
Epoch 053, Loss: 0.7121
Epoch 054, Loss: 0.5994
Epoch 055, Loss: 0.6912
Epoch 056, Loss: 0.6442
Epoch 057, Loss: 0.6167
Epoch 058, Loss: 0.6012
Epoch 059, Loss: 0.7102
Epoch 060, Loss: 0.6829
Epoch 061, Loss: 0.6171
Epoch 062, Loss: 0.6270
Epoch 063, Loss: 0.6273
Epoch 064, Loss: 0.6438
Epoch 065, Loss: 0.5770
Epoch 066, Loss: 0.6113
Epoch 067, Loss: 0.6110
Epoch 068, Loss: 0.6232
Epoch 069, Loss: 0.5946
Epoch 070, Loss: 0.5913
Epoch 071, Loss: 0.5711
Epoch 072, Loss: 0.6591
Epoch 073, Loss: 0.7194
Epoch 074, Loss: 0.6052
Epoch 075, Loss: 0.5415
Epoch 076, Loss: 0.5590
Epoch 077, Loss: 0.5623
Epoch 078, Loss: 0.5706
Epoch 079, Loss: 0.5454
Epoch 080, Loss: 0.5407
Epoch 081, Loss: 0.5994
Epoch 082, Loss: 0.5788
Epoch 083, Loss: 0.5652
Epoch 084, Loss: 0.5664
Epoch 085, Loss: 0.5591
Epoch 086, Loss: 0.5412
Epoch 087, Loss: 0.5521
Epoch 088, Loss: 0.5785
Epoch 089, Loss: 0.4994
Epoch 090, Loss: 0.6963
Epoch 091, Loss: 0.5750
Epoch 092, Loss: 0.5318
Epoch 093, Loss: 0.5588
Epoch 094, Loss: 0.5388
Epoch 095, Loss: 0.6180
Epoch 096, Loss: 0.5358
Epoch 097, Loss: 0.5127
Epoch 098, Loss: 0.5678
Epoch 099, Loss: 0.5400
Epoch 100, Loss: 0.5269

Test RMSE: 0.8032
Test MAPE: 0.2272
Training time: 9.19 seconds
Model saved to Models/GCN_model_15.pkl

 Training on dataset_20_nodes.csv...
Total rows in CSV: 50
20 210
20 210
20 210
20 210
20 210
20 210
20 210
20 210
20 210
20 210
20 210
20 210
20 210
20 210
20 210
20 210
20 210
20 210
20 210
20 210
20 210
20 210
20 210
20 210
20 210
20 210
20 210
20 210
20 210
20 210
20 210
20 210
20 210
20 210
20 210
20 210
20 210
20 210
20 210
20 210
20 210
20 210
20 210
20 210
20 210
20 210
20 210
20 210
20 210
20 210
Loaded 50 valid graphs.
Epoch 001, Loss: 8.7503
Epoch 002, Loss: 1.2631
Epoch 003, Loss: 1.2939
Epoch 004, Loss: 1.1997
Epoch 005, Loss: 1.4441
Epoch 006, Loss: 1.3173
Epoch 007, Loss: 1.3429
Epoch 008, Loss: 1.2249
Epoch 009, Loss: 1.2309
Epoch 010, Loss: 1.2068
Epoch 011, Loss: 1.2603
Epoch 012, Loss: 1.1739
Epoch 013, Loss: 1.3892
Epoch 014, Loss: 1.2703
Epoch 015, Loss: 1.2235
Epoch 016, Loss: 1.1309
Epoch 017, Loss: 1.2887
Epoch 018, Loss: 1.2745
Epoch 019, Loss: 1.1826
Epoch 020, Loss: 1.1956
Epoch 021, Loss: 1.3601
Epoch 022, Loss: 1.2372
Epoch 023, Loss: 1.1676
Epoch 024, Loss: 1.2997
Epoch 025, Loss: 1.3222
Epoch 026, Loss: 1.1420
Epoch 027, Loss: 1.2770
Epoch 028, Loss: 1.2481
Epoch 029, Loss: 1.2075
Epoch 030, Loss: 1.3004
Epoch 031, Loss: 1.2060
Epoch 032, Loss: 1.2324
Epoch 033, Loss: 1.2197
Epoch 034, Loss: 1.2458
Epoch 035, Loss: 1.1897
Epoch 036, Loss: 1.1562
Epoch 037, Loss: 1.2524
Epoch 038, Loss: 1.1282
Epoch 039, Loss: 1.3426
Epoch 040, Loss: 1.2304
Epoch 041, Loss: 1.1553
Epoch 042, Loss: 1.1975
Epoch 043, Loss: 1.1197
Epoch 044, Loss: 1.1787
Epoch 045, Loss: 1.3043
Epoch 046, Loss: 1.2043
Epoch 047, Loss: 1.2085
Epoch 048, Loss: 1.2871
Epoch 049, Loss: 1.3241
Epoch 050, Loss: 1.1889
Epoch 051, Loss: 1.2265
Epoch 052, Loss: 1.2258
Epoch 053, Loss: 1.2028
Epoch 054, Loss: 1.1767
Epoch 055, Loss: 1.3654
Epoch 056, Loss: 1.1537
Epoch 057, Loss: 1.3609
Epoch 058, Loss: 1.2548
Epoch 059, Loss: 1.1413
Epoch 060, Loss: 1.1797
Epoch 061, Loss: 1.1560
Epoch 062, Loss: 1.0838
Epoch 063, Loss: 1.1265
Epoch 064, Loss: 1.1226
Epoch 065, Loss: 1.0907
Epoch 066, Loss: 1.0890
Epoch 067, Loss: 1.2126
Epoch 068, Loss: 1.0614
Epoch 069, Loss: 1.0208
Epoch 070, Loss: 1.0715
Epoch 071, Loss: 1.0247
Epoch 072, Loss: 1.1037
Epoch 073, Loss: 0.9809
Epoch 074, Loss: 1.0321
Epoch 075, Loss: 1.0370
Epoch 076, Loss: 1.0622
Epoch 077, Loss: 0.9776
Epoch 078, Loss: 0.9692
Epoch 079, Loss: 0.8760
Epoch 080, Loss: 0.9141
Epoch 081, Loss: 0.9980
Epoch 082, Loss: 0.9340
Epoch 083, Loss: 0.8396
Epoch 084, Loss: 0.8610
Epoch 085, Loss: 0.8371
Epoch 086, Loss: 0.8387
Epoch 087, Loss: 0.8259
Epoch 088, Loss: 0.9028
Epoch 089, Loss: 0.8623
Epoch 090, Loss: 0.7537
Epoch 091, Loss: 0.7594
Epoch 092, Loss: 0.7168
Epoch 093, Loss: 0.6817
Epoch 094, Loss: 0.7916
Epoch 095, Loss: 0.7479
Epoch 096, Loss: 0.6934
Epoch 097, Loss: 0.6766
Epoch 098, Loss: 0.7029
Epoch 099, Loss: 0.7427
Epoch 100, Loss: 0.6653

Test RMSE: 0.9259
Test MAPE: 0.2205
Training time: 9.48 seconds
Model saved to Models/GCN_model_20.pkl

 Training on dataset_25_nodes.csv...
Total rows in CSV: 50
25 325
25 325
25 325
25 325
25 325
25 325
25 325
25 325
25 325
25 325
25 325
25 325
25 325
25 325
25 325
25 325
25 325
25 325
25 325
25 325
25 325
25 325
25 325
25 325
25 325
25 325
25 325
25 325
25 325
25 325
25 325
25 325
25 325
25 325
25 325
25 325
25 325
25 325
25 325
25 325
25 325
25 325
25 325
25 325
25 325
25 325
25 325
25 325
25 325
25 325
Loaded 50 valid graphs.
Epoch 001, Loss: 12.0638
Epoch 002, Loss: 1.8469
Epoch 003, Loss: 1.5568
Epoch 004, Loss: 1.6686
Epoch 005, Loss: 1.6396
Epoch 006, Loss: 1.5549
Epoch 007, Loss: 1.5977
Epoch 008, Loss: 1.8996
Epoch 009, Loss: 1.5925
Epoch 010, Loss: 1.6648
Epoch 011, Loss: 1.5683
Epoch 012, Loss: 1.4859
Epoch 013, Loss: 1.5255
Epoch 014, Loss: 1.4971
Epoch 015, Loss: 1.5853
Epoch 016, Loss: 1.9000
Epoch 017, Loss: 1.6554
Epoch 018, Loss: 1.3109
Epoch 019, Loss: 1.7666
Epoch 020, Loss: 1.5899
Epoch 021, Loss: 1.6300
Epoch 022, Loss: 1.7760
Epoch 023, Loss: 1.6500
Epoch 024, Loss: 1.5956
Epoch 025, Loss: 1.8303
Epoch 026, Loss: 1.5134
Epoch 027, Loss: 1.6804
Epoch 028, Loss: 1.4335
Epoch 029, Loss: 1.5264
Epoch 030, Loss: 1.5507
Epoch 031, Loss: 1.5751
Epoch 032, Loss: 1.6003
Epoch 033, Loss: 1.5035
Epoch 034, Loss: 1.6009
Epoch 035, Loss: 1.6678
Epoch 036, Loss: 1.6340
Epoch 037, Loss: 1.4876
Epoch 038, Loss: 1.4856
Epoch 039, Loss: 1.4681
Epoch 040, Loss: 1.4931
Epoch 041, Loss: 1.5507
Epoch 042, Loss: 1.5014
Epoch 043, Loss: 1.4578
Epoch 044, Loss: 1.4979
Epoch 045, Loss: 1.4260
Epoch 046, Loss: 1.2733
Epoch 047, Loss: 1.2839
Epoch 048, Loss: 1.2624
Epoch 049, Loss: 1.1562
Epoch 050, Loss: 1.1649
Epoch 051, Loss: 1.1732
Epoch 052, Loss: 1.0997
Epoch 053, Loss: 1.0264
Epoch 054, Loss: 1.1095
Epoch 055, Loss: 1.1340
Epoch 056, Loss: 1.1376
Epoch 057, Loss: 1.0891
Epoch 058, Loss: 1.1120
Epoch 059, Loss: 1.1328
Epoch 060, Loss: 1.0133
Epoch 061, Loss: 0.8744
Epoch 062, Loss: 0.9603
Epoch 063, Loss: 0.9655
Epoch 064, Loss: 1.0069
Epoch 065, Loss: 0.9001
Epoch 066, Loss: 0.8658
Epoch 067, Loss: 0.8561
Epoch 068, Loss: 0.8606
Epoch 069, Loss: 0.8365
Epoch 070, Loss: 0.9377
Epoch 071, Loss: 0.8502
Epoch 072, Loss: 0.8949
Epoch 073, Loss: 0.8867
Epoch 074, Loss: 0.9003
Epoch 075, Loss: 1.0580
Epoch 076, Loss: 0.9284
Epoch 077, Loss: 0.8287
Epoch 078, Loss: 0.7903
Epoch 079, Loss: 0.8641
Epoch 080, Loss: 0.7852
Epoch 081, Loss: 0.8308
Epoch 082, Loss: 0.8480
Epoch 083, Loss: 0.7785
Epoch 084, Loss: 0.8851
Epoch 085, Loss: 0.7924
Epoch 086, Loss: 0.8205
Epoch 087, Loss: 0.8518
Epoch 088, Loss: 1.0288
Epoch 089, Loss: 0.7706
Epoch 090, Loss: 0.8088
Epoch 091, Loss: 0.8272
Epoch 092, Loss: 0.7353
Epoch 093, Loss: 0.8204
Epoch 094, Loss: 0.8091
Epoch 095, Loss: 0.8893
Epoch 096, Loss: 0.7108
Epoch 097, Loss: 0.7510
Epoch 098, Loss: 0.7375
Epoch 099, Loss: 0.8533
Epoch 100, Loss: 0.7973

Test RMSE: 1.3624
Test MAPE: 0.2127
Training time: 9.58 seconds
Model saved to Models/GCN_model_25.pkl

 Training on dataset_full.csv...
Total rows in CSV: 250
25 325
25 325
25 325
25 325
25 325
25 325
25 325
25 325
25 325
25 325
25 325
25 325
25 325
25 325
25 325
25 325
25 325
25 325
25 325
25 325
25 325
25 325
25 325
25 325
25 325
25 325
25 325
25 325
25 325
25 325
25 325
25 325
25 325
25 325
25 325
25 325
25 325
25 325
25 325
25 325
25 325
25 325
25 325
25 325
25 325
25 325
25 325
25 325
25 325
25 325
25 325
25 325
25 325
25 325
25 325
25 325
25 325
25 325
25 325
25 325
25 325
25 325
25 325
25 325
25 325
25 325
25 325
25 325
25 325
25 325
25 325
25 325
25 325
25 325
25 325
25 325
25 325
25 325
25 325
25 325
25 325
25 325
25 325
25 325
25 325
25 325
25 325
25 325
25 325
25 325
25 325
25 325
25 325
25 325
25 325
25 325
25 325
25 325
25 325
25 325
25 325
25 325
25 325
25 325
25 325
25 325
25 325
25 325
25 325
25 325
25 325
25 325
25 325
25 325
25 325
25 325
25 325
25 325
25 325
25 325
25 325
25 325
25 325
25 325
25 325
25 325
25 325
25 325
25 325
25 325
25 325
25 325
25 325
25 325
25 325
25 325
25 325
25 325
25 325
25 325
25 325
25 325
25 325
25 325
25 325
25 325
25 325
25 325
25 325
25 325
25 325
25 325
25 325
25 325
25 325
25 325
25 325
25 325
25 325
25 325
25 325
25 325
25 325
25 325
25 325
25 325
25 325
25 325
25 325
25 325
25 325
25 325
25 325
25 325
25 325
25 325
25 325
25 325
25 325
25 325
25 325
25 325
25 325
25 325
25 325
25 325
25 325
25 325
25 325
25 325
25 325
25 325
25 325
25 325
25 325
25 325
25 325
25 325
25 325
25 325
25 325
25 325
25 325
25 325
25 325
25 325
25 325
25 325
25 325
25 325
25 325
25 325
25 325
25 325
25 325
25 325
25 325
25 325
25 325
25 325
25 325
25 325
25 325
25 325
25 325
25 325
25 325
25 325
25 325
25 325
25 325
25 325
25 325
25 325
25 325
25 325
25 325
25 325
25 325
25 325
25 325
25 325
25 325
25 325
25 325
25 325
25 325
25 325
25 325
25 325
Loaded 250 valid graphs.
Epoch 001, Loss: 3.7478
Epoch 002, Loss: 3.3639
Epoch 003, Loss: 3.1635
Epoch 004, Loss: 2.7053
Epoch 005, Loss: 1.5376
Epoch 006, Loss: 0.8718
Epoch 007, Loss: 0.8047
Epoch 008, Loss: 0.7306
Epoch 009, Loss: 0.7833
Epoch 010, Loss: 0.7259
Epoch 011, Loss: 0.7170
Epoch 012, Loss: 0.7669
Epoch 013, Loss: 0.6512
Epoch 014, Loss: 0.6625
Epoch 015, Loss: 0.6732
Epoch 016, Loss: 0.6065
Epoch 017, Loss: 0.6172
Epoch 018, Loss: 0.6731
Epoch 019, Loss: 0.6570
Epoch 020, Loss: 0.7356
Epoch 021, Loss: 0.6302
Epoch 022, Loss: 0.6060
Epoch 023, Loss: 0.6777
Epoch 024, Loss: 0.5898
Epoch 025, Loss: 0.6078
Epoch 026, Loss: 0.6330
Epoch 027, Loss: 0.5677
Epoch 028, Loss: 0.5777
Epoch 029, Loss: 0.5756
Epoch 030, Loss: 0.6063
Epoch 031, Loss: 0.6172
Epoch 032, Loss: 0.6354
Epoch 033, Loss: 0.5823
Epoch 034, Loss: 0.5574
Epoch 035, Loss: 0.5792
Epoch 036, Loss: 0.6684
Epoch 037, Loss: 0.5644
Epoch 038, Loss: 0.5608
Epoch 039, Loss: 0.5566
Epoch 040, Loss: 0.5952
Epoch 041, Loss: 0.5907
Epoch 042, Loss: 0.5614
Epoch 043, Loss: 0.5510
Epoch 044, Loss: 0.5717
Epoch 045, Loss: 0.5708
Epoch 046, Loss: 0.5708
Epoch 047, Loss: 0.5794
Epoch 048, Loss: 0.5672
Epoch 049, Loss: 0.5419
Epoch 050, Loss: 0.5828
Epoch 051, Loss: 0.5499
Epoch 052, Loss: 0.5262
Epoch 053, Loss: 0.5518
Epoch 054, Loss: 0.5409
Epoch 055, Loss: 0.5603
Epoch 056, Loss: 0.5615
Epoch 057, Loss: 0.5783
Epoch 058, Loss: 0.5423
Epoch 059, Loss: 0.5797
Epoch 060, Loss: 0.5621
Epoch 061, Loss: 0.5276
Epoch 062, Loss: 0.5334
Epoch 063, Loss: 0.5243
Epoch 064, Loss: 0.5636
Epoch 065, Loss: 0.5630
Epoch 066, Loss: 0.5238
Epoch 067, Loss: 0.5439
Epoch 068, Loss: 0.5472
Epoch 069, Loss: 0.5466
Epoch 070, Loss: 0.5289
Epoch 071, Loss: 0.5791
Epoch 072, Loss: 0.5326
Epoch 073, Loss: 0.5489
Epoch 074, Loss: 0.5122
Epoch 075, Loss: 0.5394
Epoch 076, Loss: 0.5108
Epoch 077, Loss: 0.4993
Epoch 078, Loss: 0.5428
Epoch 079, Loss: 0.5359
Epoch 080, Loss: 0.5416
Epoch 081, Loss: 0.5002
Epoch 082, Loss: 0.5219
Epoch 083, Loss: 0.5188
Epoch 084, Loss: 0.4875
Epoch 085, Loss: 0.5086
Epoch 086, Loss: 0.5185
Epoch 087, Loss: 0.5385
Epoch 088, Loss: 0.5169
Epoch 089, Loss: 0.5276
Epoch 090, Loss: 0.5324
Epoch 091, Loss: 0.5234
Epoch 092, Loss: 0.5321
Epoch 093, Loss: 0.5536
Epoch 094, Loss: 0.5028
Epoch 095, Loss: 0.5337
Epoch 096, Loss: 0.5173
Epoch 097, Loss: 0.4937
Epoch 098, Loss: 0.5366
Epoch 099, Loss: 0.5129
Epoch 100, Loss: 0.5164

Test RMSE: 0.6882
Test MAPE: 179917153107968.0000
Training time: 46.91 seconds
Model saved to Models/GCN_model_full.pkl

Metrics saved to Models/Graph_Neural_Training_metrics.csv

 **Final Training Results:**
node_size model_type  test_size     rmse         mape  training_time         model_file
       10   Q_values        0.2 0.632170 2.388418e-01       9.891980   GNN_model_10.pkl
       12   Q_values        0.2 0.774675 2.570376e-01       8.972213   GNN_model_12.pkl
       15   Q_values        0.2 0.803223 2.271751e-01       9.194101   GNN_model_15.pkl
       20   Q_values        0.2 0.925852 2.205041e-01       9.480866   GNN_model_20.pkl
       25   Q_values        0.2 1.362350 2.127234e-01       9.575379   GNN_model_25.pkl
     full   Q_values        0.2 0.688242 1.799172e+14      46.905137 GNN_model_full.pkl

 Training complete for all datasets!
  adding: Models/ (stored 0%)
  adding: Models/GCN_model_12.pkl (deflated 24%)
  adding: Models/GCN_model_10.pkl (deflated 23%)
  adding: Models/GCN_model_15.pkl (deflated 22%)
  adding: Models/Graph_Neural_Training_metrics.csv (deflated 50%)
  adding: Models/GCN_model_25.pkl (deflated 20%)
  adding: Models/Graph_Neural_Training_results.txt (deflated 60%)
  adding: Models/GCN_model_20.pkl (deflated 22%)
  adding: Models/GCN_model_full.pkl (deflated 24%)
