

Classical 10 nodes - Time: 1.2842s, Cut: 10.378804117965887/14.363363188926575
Graph Size:10
Execution N°:16
Model:xgboost
xgboost 10 nodes - Time: 0.0896s, Cut: 10.66428871211442/14.363363188926575
Graph Size:10
Execution N°:16
Model:MLP
MLP 10 nodes - Time: 0.0291s, Cut: 10.957188107916847/14.363363188926575
Classical 12 nodes - Time: 1.8459s, Cut: 11.082671539148825/18.475530042648302
Graph Size:12
Execution N°:16
Model:xgboost
xgboost 12 nodes - Time: 0.0598s, Cut: 13.504178305852482/18.475530042648302
Graph Size:12
Execution N°:16
Model:MLP
MLP 12 nodes - Time: 0.0226s, Cut: 14.239371995258209/18.475530042648302
Classical 15 nodes - Time: 2.6441s, Cut: 16.032091761464365/23.113927139957877
Graph Size:15
Execution N°:16
Model:xgboost
xgboost 15 nodes - Time: 0.0612s, Cut: 15.05724341027248/23.113927139957877
Graph Size:15
Execution N°:16
Model:MLP
MLP 15 nodes - Time: 0.0346s, Cut: 13.514779927490384/23.113927139957877
Classical 20 nodes - Time: 19.9981s, Cut: 45.00270574199443/52.29887187180951
Graph Size:20
Execution N°:16
Model:xgboost
xgboost 20 nodes - Time: 0.5338s, Cut: 47.05415279178064/52.29887187180951
Graph Size:20
Execution N°:16
Model:MLP
MLP 20 nodes - Time: 0.5596s, Cut: 42.951168396518874/52.29887187180951
Classical 25 nodes - Time: 464.7237s, Cut: 58.88136470465367/64.16764792524351
Graph Size:25
Execution N°:16
Model:xgboost
xgboost 25 nodes - Time: 17.6992s, Cut: 61.924066732211685/64.16764792524351
Graph Size:25
Execution N°:16
Model:MLP
MLP 25 nodes - Time: 15.8139s, Cut: 60.56920263606825/64.16764792524351

======================================================================
COMPREHENSIVE COMPARISON SUMMARY
======================================================================

======================================================================
Node Size: 10 | Optimal Cut: 14.363363188926575
======================================================================

Classical QAOA:
  Time: 1.2842s
  Cut: 10.378804117965887/14.363363188926575 (72.26%)

xgboost Model:
  Time: 0.0896s (speedup: 14.3x)
  Cut: 10.66428871211442/14.363363188926575 (74.25%)
  Quality vs Classical: +1.99%

MLP Model:
  Time: 0.0291s (speedup: 44.2x)
  Cut: 10.957188107916847/14.363363188926575 (76.29%)
  Quality vs Classical: +4.03%

======================================================================
Node Size: 12 | Optimal Cut: 18.475530042648302
======================================================================

Classical QAOA:
  Time: 1.8459s
  Cut: 11.082671539148825/18.475530042648302 (59.99%)

xgboost Model:
  Time: 0.0598s (speedup: 30.9x)
  Cut: 13.504178305852482/18.475530042648302 (73.09%)
  Quality vs Classical: +13.11%

MLP Model:
  Time: 0.0226s (speedup: 81.7x)
  Cut: 14.239371995258209/18.475530042648302 (77.07%)
  Quality vs Classical: +17.09%

======================================================================
Node Size: 15 | Optimal Cut: 23.113927139957877
======================================================================

Classical QAOA:
  Time: 2.6441s
  Cut: 16.032091761464365/23.113927139957877 (69.36%)

xgboost Model:
  Time: 0.0612s (speedup: 43.2x)
  Cut: 15.05724341027248/23.113927139957877 (65.14%)
  Quality vs Classical: -4.22%

MLP Model:
  Time: 0.0346s (speedup: 76.3x)
  Cut: 13.514779927490384/23.113927139957877 (58.47%)
  Quality vs Classical: -10.89%

======================================================================
Node Size: 20 | Optimal Cut: 52.29887187180951
======================================================================

Classical QAOA:
  Time: 19.9981s
  Cut: 45.00270574199443/52.29887187180951 (86.05%)

xgboost Model:
  Time: 0.5338s (speedup: 37.5x)
  Cut: 47.05415279178064/52.29887187180951 (89.97%)
  Quality vs Classical: +3.92%

MLP Model:
  Time: 0.5596s (speedup: 35.7x)
  Cut: 42.951168396518874/52.29887187180951 (82.13%)
  Quality vs Classical: -3.92%

======================================================================
Node Size: 25 | Optimal Cut: 64.16764792524351
======================================================================

Classical QAOA:
  Time: 464.7237s
  Cut: 58.88136470465367/64.16764792524351 (91.76%)

xgboost Model:
  Time: 17.6992s (speedup: 26.3x)
  Cut: 61.924066732211685/64.16764792524351 (96.50%)
  Quality vs Classical: +4.74%

MLP Model:
  Time: 15.8139s (speedup: 29.4x)
  Cut: 60.56920263606825/64.16764792524351 (94.39%)
  Quality vs Classical: +2.63%

======================================================================
OVERALL AVERAGES
======================================================================

Classical QAOA:
  Avg Time: 98.0992s
  Avg Approximation Ratio: 75.88%

xgboost Model:
  Avg Time: 3.6887s (avg speedup: 26.6x)
  Avg Approximation Ratio: 79.79%
  Quality Difference: +3.91%

MLP Model:
  Avg Time: 3.2920s (avg speedup: 29.8x)
  Avg Approximation Ratio: 77.67%
  Quality Difference: +1.79%
  adding: Models/qaoa_vs_ml/V1/execution_16/comparison_comprehensive.png (deflated 14%)
  adding: Models/qaoa_vs_ml/V1/execution_16/detailed_timing_analysis.png (deflated 16%)
  adding: Models/qaoa_vs_ml/V1/execution_16/MLP_model_10_Circuit.pkl (deflated 5%)
  adding: Models/qaoa_vs_ml/V1/execution_16/MLP_model_10.pkl (deflated 5%)
  adding: Models/qaoa_vs_ml/V1/execution_16/MLP_model_12_Circuit.pkl (deflated 5%)
  adding: Models/qaoa_vs_ml/V1/execution_16/MLP_model_12.pkl (deflated 5%)
  adding: Models/qaoa_vs_ml/V1/execution_16/MLP_model_15_Circuit.pkl (deflated 5%)
  adding: Models/qaoa_vs_ml/V1/execution_16/MLP_model_15.pkl (deflated 5%)
  adding: Models/qaoa_vs_ml/V1/execution_16/MLP_model_20_Circuit.pkl (deflated 5%)
  adding: Models/qaoa_vs_ml/V1/execution_16/MLP_model_20.pkl (deflated 4%)
  adding: Models/qaoa_vs_ml/V1/execution_16/MLP_model_25_Circuit.pkl (deflated 5%)
  adding: Models/qaoa_vs_ml/V1/execution_16/MLP_model_25.pkl (deflated 4%)
  adding: Models/qaoa_vs_ml/V1/execution_16/MLP_model_full_Circuit.pkl (deflated 5%)
  adding: Models/qaoa_vs_ml/V1/execution_16/MLP_model_full.pkl (deflated 4%)
  adding: Models/qaoa_vs_ml/V1/execution_16/vanila_vs_ml.csv (deflated 51%)
  adding: Models/qaoa_vs_ml/V1/execution_16/xgboost_model_10_Circuit.pkl (deflated 83%)
  adding: Models/qaoa_vs_ml/V1/execution_16/xgboost_model_10.pkl (deflated 85%)
  adding: Models/qaoa_vs_ml/V1/execution_16/xgboost_model_12_Circuit.pkl (deflated 83%)
  adding: Models/qaoa_vs_ml/V1/execution_16/xgboost_model_12.pkl (deflated 86%)
  adding: Models/qaoa_vs_ml/V1/execution_16/xgboost_model_15_Circuit.pkl (deflated 83%)
  adding: Models/qaoa_vs_ml/V1/execution_16/xgboost_model_15.pkl (deflated 87%)
  adding: Models/qaoa_vs_ml/V1/execution_16/xgboost_model_20_Circuit.pkl (deflated 83%)
  adding: Models/qaoa_vs_ml/V1/execution_16/xgboost_model_20.pkl (deflated 87%)
  adding: Models/qaoa_vs_ml/V1/execution_16/xgboost_model_25_Circuit.pkl (deflated 83%)
  adding: Models/qaoa_vs_ml/V1/execution_16/xgboost_model_25.pkl (deflated 87%)
  adding: Models/qaoa_vs_ml/V1/execution_16/xgboost_model_full_Circuit.pkl (deflated 81%)
  adding: Models/qaoa_vs_ml/V1/execution_16/xgboost_model_full.pkl (deflated 79%)
