

Classical 10 nodes - Time: 1.7588s, Cut: 7.042186745110542/11.001010539285284
Graph Size:10
Execution N°:8
Model:MLP_NAS
MLP_NAS 10 nodes - Time: 0.0365s, Cut: 6.698548132654231/11.001010539285284
Graph Size:10
Execution N°:8
Model:xgboost
xgboost 10 nodes - Time: 0.7306s, Cut: 6.317799459939556/11.001010539285284
Graph Size:10
Execution N°:8
Model:MLP
MLP 10 nodes - Time: 0.0203s, Cut: 9.82597533094863/11.001010539285284
Classical 12 nodes - Time: 2.5064s, Cut: 18.731362627791864/22.04460223416224
Graph Size:12
Execution N°:8
Model:MLP_NAS
MLP_NAS 12 nodes - Time: 0.0220s, Cut: 19.20679610631856/22.04460223416224
Graph Size:12
Execution N°:8
Model:xgboost
xgboost 12 nodes - Time: 0.0503s, Cut: 18.607224115359006/22.04460223416224
Graph Size:12
Execution N°:8
Model:MLP
MLP 12 nodes - Time: 0.0217s, Cut: 17.622349178244807/22.04460223416224
Classical 15 nodes - Time: 2.7949s, Cut: 11.636670140161566/19.762484084797347
Graph Size:15
Execution N°:8
Model:MLP_NAS
MLP_NAS 15 nodes - Time: 0.0441s, Cut: 13.956720473809362/19.762484084797347
Graph Size:15
Execution N°:8
Model:xgboost
xgboost 15 nodes - Time: 0.0802s, Cut: 14.204099596132545/19.762484084797347
Graph Size:15
Execution N°:8
Model:MLP
MLP 15 nodes - Time: 0.0533s, Cut: 13.13679685091713/19.762484084797347
Classical 20 nodes - Time: 10.5815s, Cut: 23.118006572433394/30.360134544907314
Graph Size:20
Execution N°:8
Model:MLP_NAS
MLP_NAS 20 nodes - Time: 0.3832s, Cut: 27.863377427099696/30.360134544907314
Graph Size:20
Execution N°:8
Model:xgboost
xgboost 20 nodes - Time: 0.3798s, Cut: 23.715022877338793/30.360134544907314
Graph Size:20
Execution N°:8
Model:MLP
MLP 20 nodes - Time: 0.4159s, Cut: 22.006611196753145/30.360134544907314
Classical 25 nodes - Time: 484.7397s, Cut: 59.33788759589132/65.69152837656617
Graph Size:25
Execution N°:8
Model:MLP_NAS
MLP_NAS 25 nodes - Time: 17.9177s, Cut: 53.320215934814186/65.69152837656617
Graph Size:25
Execution N°:8
Model:xgboost
xgboost 25 nodes - Time: 17.8472s, Cut: 54.31616727001472/65.69152837656617
Graph Size:25
Execution N°:8
Model:MLP
MLP 25 nodes - Time: 17.8632s, Cut: 50.88891011854482/65.69152837656617

======================================================================
COMPREHENSIVE COMPARISON SUMMARY
======================================================================

======================================================================
Node Size: 10 | Optimal Cut: 11.001010539285284
======================================================================

Classical QAOA:
  Time: 1.7588s
  Cut: 7.042186745110542/11.001010539285284 (64.01%)

MLP_NAS Model:
  Time: 0.0365s (speedup: 48.2x)
  Cut: 6.698548132654231/11.001010539285284 (60.89%)
  Quality vs Classical: -3.12%

xgboost Model:
  Time: 0.7306s (speedup: 2.4x)
  Cut: 6.317799459939556/11.001010539285284 (57.43%)
  Quality vs Classical: -6.58%

MLP Model:
  Time: 0.0203s (speedup: 86.7x)
  Cut: 9.82597533094863/11.001010539285284 (89.32%)
  Quality vs Classical: +25.30%

======================================================================
Node Size: 12 | Optimal Cut: 22.04460223416224
======================================================================

Classical QAOA:
  Time: 2.5064s
  Cut: 18.731362627791864/22.04460223416224 (84.97%)

MLP_NAS Model:
  Time: 0.0220s (speedup: 114.1x)
  Cut: 19.20679610631856/22.04460223416224 (87.13%)
  Quality vs Classical: +2.16%

xgboost Model:
  Time: 0.0503s (speedup: 49.9x)
  Cut: 18.607224115359006/22.04460223416224 (84.41%)
  Quality vs Classical: -0.56%

MLP Model:
  Time: 0.0217s (speedup: 115.7x)
  Cut: 17.622349178244807/22.04460223416224 (79.94%)
  Quality vs Classical: -5.03%

======================================================================
Node Size: 15 | Optimal Cut: 19.762484084797347
======================================================================

Classical QAOA:
  Time: 2.7949s
  Cut: 11.636670140161566/19.762484084797347 (58.88%)

MLP_NAS Model:
  Time: 0.0441s (speedup: 63.3x)
  Cut: 13.956720473809362/19.762484084797347 (70.62%)
  Quality vs Classical: +11.74%

xgboost Model:
  Time: 0.0802s (speedup: 34.9x)
  Cut: 14.204099596132545/19.762484084797347 (71.87%)
  Quality vs Classical: +12.99%

MLP Model:
  Time: 0.0533s (speedup: 52.5x)
  Cut: 13.13679685091713/19.762484084797347 (66.47%)
  Quality vs Classical: +7.59%

======================================================================
Node Size: 20 | Optimal Cut: 30.360134544907314
======================================================================

Classical QAOA:
  Time: 10.5815s
  Cut: 23.118006572433394/30.360134544907314 (76.15%)

MLP_NAS Model:
  Time: 0.3832s (speedup: 27.6x)
  Cut: 27.863377427099696/30.360134544907314 (91.78%)
  Quality vs Classical: +15.63%

xgboost Model:
  Time: 0.3798s (speedup: 27.9x)
  Cut: 23.715022877338793/30.360134544907314 (78.11%)
  Quality vs Classical: +1.97%

MLP Model:
  Time: 0.4159s (speedup: 25.4x)
  Cut: 22.006611196753145/30.360134544907314 (72.49%)
  Quality vs Classical: -3.66%

======================================================================
Node Size: 25 | Optimal Cut: 65.69152837656617
======================================================================

Classical QAOA:
  Time: 484.7397s
  Cut: 59.33788759589132/65.69152837656617 (90.33%)

MLP_NAS Model:
  Time: 17.9177s (speedup: 27.1x)
  Cut: 53.320215934814186/65.69152837656617 (81.17%)
  Quality vs Classical: -9.16%

xgboost Model:
  Time: 17.8472s (speedup: 27.2x)
  Cut: 54.31616727001472/65.69152837656617 (82.68%)
  Quality vs Classical: -7.64%

MLP Model:
  Time: 17.8632s (speedup: 27.1x)
  Cut: 50.88891011854482/65.69152837656617 (77.47%)
  Quality vs Classical: -12.86%

======================================================================
OVERALL AVERAGES
======================================================================

Classical QAOA:
  Avg Time: 100.4763s
  Avg Approximation Ratio: 74.87%

MLP_NAS Model:
  Avg Time: 3.6807s (avg speedup: 27.3x)
  Avg Approximation Ratio: 78.32%
  Quality Difference: +3.45%

xgboost Model:
  Avg Time: 3.8176s (avg speedup: 26.3x)
  Avg Approximation Ratio: 74.90%
  Quality Difference: +0.03%

MLP Model:
  Avg Time: 3.6749s (avg speedup: 27.3x)
  Avg Approximation Ratio: 77.14%
  Quality Difference: +2.27%
  adding: Models/qaoa_vs_ml/V3/execution_8/comparison_comprehensive.png (deflated 12%)
  adding: Models/qaoa_vs_ml/V3/execution_8/detailed_timing_analysis.png (deflated 15%)
  adding: Models/qaoa_vs_ml/V3/execution_8/MLP_model_10_Circuit.pkl (deflated 5%)
  adding: Models/qaoa_vs_ml/V3/execution_8/MLP_model_10.pkl (deflated 5%)
  adding: Models/qaoa_vs_ml/V3/execution_8/MLP_model_12_Circuit.pkl (deflated 5%)
  adding: Models/qaoa_vs_ml/V3/execution_8/MLP_model_12.pkl (deflated 5%)
  adding: Models/qaoa_vs_ml/V3/execution_8/MLP_model_15_Circuit.pkl (deflated 5%)
  adding: Models/qaoa_vs_ml/V3/execution_8/MLP_model_15.pkl (deflated 5%)
  adding: Models/qaoa_vs_ml/V3/execution_8/MLP_model_20_Circuit.pkl (deflated 5%)
  adding: Models/qaoa_vs_ml/V3/execution_8/MLP_model_20.pkl (deflated 4%)
  adding: Models/qaoa_vs_ml/V3/execution_8/MLP_model_25_Circuit.pkl (deflated 5%)
  adding: Models/qaoa_vs_ml/V3/execution_8/MLP_model_25.pkl (deflated 4%)
  adding: Models/qaoa_vs_ml/V3/execution_8/MLP_model_full_Circuit.pkl (deflated 5%)
  adding: Models/qaoa_vs_ml/V3/execution_8/MLP_model_full.pkl (deflated 4%)
  adding: Models/qaoa_vs_ml/V3/execution_8/MLP_model_nas_10.pkl (deflated 5%)
  adding: Models/qaoa_vs_ml/V3/execution_8/MLP_model_nas_12.pkl (deflated 5%)
  adding: Models/qaoa_vs_ml/V3/execution_8/MLP_model_nas_15.pkl (deflated 5%)
  adding: Models/qaoa_vs_ml/V3/execution_8/MLP_model_nas_25.pkl (deflated 4%)
  adding: Models/qaoa_vs_ml/V3/execution_8/MLP_model_nas_full.pkl (deflated 4%)
  adding: Models/qaoa_vs_ml/V3/execution_8/vanila_vs_ml.csv (deflated 52%)
  adding: Models/qaoa_vs_ml/V3/execution_8/xgboost_model_10_Circuit.pkl (deflated 83%)
  adding: Models/qaoa_vs_ml/V3/execution_8/xgboost_model_10.pkl (deflated 86%)
  adding: Models/qaoa_vs_ml/V3/execution_8/xgboost_model_12_Circuit.pkl (deflated 83%)
  adding: Models/qaoa_vs_ml/V3/execution_8/xgboost_model_12.pkl (deflated 86%)
  adding: Models/qaoa_vs_ml/V3/execution_8/xgboost_model_15_Circuit.pkl (deflated 83%)
  adding: Models/qaoa_vs_ml/V3/execution_8/xgboost_model_15.pkl (deflated 87%)
  adding: Models/qaoa_vs_ml/V3/execution_8/xgboost_model_20_Circuit.pkl (deflated 83%)
  adding: Models/qaoa_vs_ml/V3/execution_8/xgboost_model_20.pkl (deflated 87%)
  adding: Models/qaoa_vs_ml/V3/execution_8/xgboost_model_25_Circuit.pkl (deflated 83%)
  adding: Models/qaoa_vs_ml/V3/execution_8/xgboost_model_25.pkl (deflated 87%)
  adding: Models/qaoa_vs_ml/V3/execution_8/xgboost_model_full_Circuit.pkl (deflated 81%)
  adding: Models/qaoa_vs_ml/V3/execution_8/xgboost_model_full.pkl (deflated 79%)
