

Classical 10 nodes - Time: 2.5285s, Cut: 7.5038547026509885/9.148631843909211
Graph Size:10
Execution N°:26
Model:xgboost
xgboost 10 nodes - Time: 0.0882s, Cut: 6.596854229957635/9.148631843909211
Graph Size:10
Execution N°:26
Model:MLP
MLP 10 nodes - Time: 0.0177s, Cut: 4.863836459360419/9.148631843909211
Classical 12 nodes - Time: 2.4857s, Cut: 14.60375157592051/19.22992547472932
Graph Size:12
Execution N°:26
Model:xgboost
xgboost 12 nodes - Time: 0.0511s, Cut: 14.375050752011926/19.22992547472932
Graph Size:12
Execution N°:26
Model:MLP
MLP 12 nodes - Time: 0.0205s, Cut: 10.101441332110127/19.22992547472932
Classical 15 nodes - Time: 5.1545s, Cut: 26.889192030214517/31.70356409879466
Graph Size:15
Execution N°:26
Model:xgboost
xgboost 15 nodes - Time: 0.0913s, Cut: 16.65981939323925/31.70356409879466
Graph Size:15
Execution N°:26
Model:MLP
MLP 15 nodes - Time: 0.0674s, Cut: 25.392658318097862/31.70356409879466
Classical 20 nodes - Time: 19.7485s, Cut: 45.645134418660625/49.963089758888195
Graph Size:20
Execution N°:26
Model:xgboost
xgboost 20 nodes - Time: 0.5868s, Cut: 44.733328707971985/49.963089758888195
Graph Size:20
Execution N°:26
Model:MLP
MLP 20 nodes - Time: 0.5827s, Cut: 46.6325119270174/49.963089758888195
Classical 25 nodes - Time: 594.7777s, Cut: 68.31699251788267/76.29643825744186
Graph Size:25
Execution N°:26
Model:xgboost
xgboost 25 nodes - Time: 17.1949s, Cut: 75.50278236411916/76.29643825744186
Graph Size:25
Execution N°:26
Model:MLP
MLP 25 nodes - Time: 17.1518s, Cut: 64.41635584223334/76.29643825744186

======================================================================
COMPREHENSIVE COMPARISON SUMMARY
======================================================================

======================================================================
Node Size: 10 | Optimal Cut: 9.148631843909211
======================================================================

Classical QAOA:
  Time: 2.5285s
  Cut: 7.5038547026509885/9.148631843909211 (82.02%)

xgboost Model:
  Time: 0.0882s (speedup: 28.7x)
  Cut: 6.596854229957635/9.148631843909211 (72.11%)
  Quality vs Classical: -9.91%

MLP Model:
  Time: 0.0177s (speedup: 143.1x)
  Cut: 4.863836459360419/9.148631843909211 (53.16%)
  Quality vs Classical: -28.86%

======================================================================
Node Size: 12 | Optimal Cut: 19.22992547472932
======================================================================

Classical QAOA:
  Time: 2.4857s
  Cut: 14.60375157592051/19.22992547472932 (75.94%)

xgboost Model:
  Time: 0.0511s (speedup: 48.6x)
  Cut: 14.375050752011926/19.22992547472932 (74.75%)
  Quality vs Classical: -1.19%

MLP Model:
  Time: 0.0205s (speedup: 121.4x)
  Cut: 10.101441332110127/19.22992547472932 (52.53%)
  Quality vs Classical: -23.41%

======================================================================
Node Size: 15 | Optimal Cut: 31.70356409879466
======================================================================

Classical QAOA:
  Time: 5.1545s
  Cut: 26.889192030214517/31.70356409879466 (84.81%)

xgboost Model:
  Time: 0.0913s (speedup: 56.4x)
  Cut: 16.65981939323925/31.70356409879466 (52.55%)
  Quality vs Classical: -32.27%

MLP Model:
  Time: 0.0674s (speedup: 76.5x)
  Cut: 25.392658318097862/31.70356409879466 (80.09%)
  Quality vs Classical: -4.72%

======================================================================
Node Size: 20 | Optimal Cut: 49.963089758888195
======================================================================

Classical QAOA:
  Time: 19.7485s
  Cut: 45.645134418660625/49.963089758888195 (91.36%)

xgboost Model:
  Time: 0.5868s (speedup: 33.7x)
  Cut: 44.733328707971985/49.963089758888195 (89.53%)
  Quality vs Classical: -1.82%

MLP Model:
  Time: 0.5827s (speedup: 33.9x)
  Cut: 46.6325119270174/49.963089758888195 (93.33%)
  Quality vs Classical: +1.98%

======================================================================
Node Size: 25 | Optimal Cut: 76.29643825744186
======================================================================

Classical QAOA:
  Time: 594.7777s
  Cut: 68.31699251788267/76.29643825744186 (89.54%)

xgboost Model:
  Time: 17.1949s (speedup: 34.6x)
  Cut: 75.50278236411916/76.29643825744186 (98.96%)
  Quality vs Classical: +9.42%

MLP Model:
  Time: 17.1518s (speedup: 34.7x)
  Cut: 64.41635584223334/76.29643825744186 (84.43%)
  Quality vs Classical: -5.11%

======================================================================
OVERALL AVERAGES
======================================================================

Classical QAOA:
  Avg Time: 124.9390s
  Avg Approximation Ratio: 84.74%

xgboost Model:
  Avg Time: 3.6025s (avg speedup: 34.7x)
  Avg Approximation Ratio: 77.58%
  Quality Difference: -7.16%

MLP Model:
  Avg Time: 3.5680s (avg speedup: 35.0x)
  Avg Approximation Ratio: 72.71%
  Quality Difference: -12.03%
  adding: Models/qaoa_vs_ml/V1/execution_26/comparison_comprehensive.png (deflated 14%)
  adding: Models/qaoa_vs_ml/V1/execution_26/detailed_timing_analysis.png (deflated 18%)
  adding: Models/qaoa_vs_ml/V1/execution_26/MLP_model_10_Circuit.pkl (deflated 5%)
  adding: Models/qaoa_vs_ml/V1/execution_26/MLP_model_10.pkl (deflated 5%)
  adding: Models/qaoa_vs_ml/V1/execution_26/MLP_model_12_Circuit.pkl (deflated 5%)
  adding: Models/qaoa_vs_ml/V1/execution_26/MLP_model_12.pkl (deflated 5%)
  adding: Models/qaoa_vs_ml/V1/execution_26/MLP_model_15_Circuit.pkl (deflated 5%)
  adding: Models/qaoa_vs_ml/V1/execution_26/MLP_model_15.pkl (deflated 5%)
  adding: Models/qaoa_vs_ml/V1/execution_26/MLP_model_20_Circuit.pkl (deflated 5%)
  adding: Models/qaoa_vs_ml/V1/execution_26/MLP_model_20.pkl (deflated 5%)
  adding: Models/qaoa_vs_ml/V1/execution_26/MLP_model_25_Circuit.pkl (deflated 5%)
  adding: Models/qaoa_vs_ml/V1/execution_26/MLP_model_25.pkl (deflated 4%)
  adding: Models/qaoa_vs_ml/V1/execution_26/MLP_model_full_Circuit.pkl (deflated 5%)
  adding: Models/qaoa_vs_ml/V1/execution_26/MLP_model_full.pkl (deflated 4%)
  adding: Models/qaoa_vs_ml/V1/execution_26/vanila_vs_ml.csv (deflated 51%)
  adding: Models/qaoa_vs_ml/V1/execution_26/xgboost_model_10_Circuit.pkl (deflated 83%)
  adding: Models/qaoa_vs_ml/V1/execution_26/xgboost_model_10.pkl (deflated 86%)
  adding: Models/qaoa_vs_ml/V1/execution_26/xgboost_model_12_Circuit.pkl (deflated 83%)
  adding: Models/qaoa_vs_ml/V1/execution_26/xgboost_model_12.pkl (deflated 86%)
  adding: Models/qaoa_vs_ml/V1/execution_26/xgboost_model_15_Circuit.pkl (deflated 83%)
  adding: Models/qaoa_vs_ml/V1/execution_26/xgboost_model_15.pkl (deflated 87%)
  adding: Models/qaoa_vs_ml/V1/execution_26/xgboost_model_20_Circuit.pkl (deflated 83%)
  adding: Models/qaoa_vs_ml/V1/execution_26/xgboost_model_20.pkl (deflated 87%)
  adding: Models/qaoa_vs_ml/V1/execution_26/xgboost_model_25_Circuit.pkl (deflated 83%)
  adding: Models/qaoa_vs_ml/V1/execution_26/xgboost_model_25.pkl (deflated 87%)
  adding: Models/qaoa_vs_ml/V1/execution_26/xgboost_model_full_Circuit.pkl (deflated 81%)
  adding: Models/qaoa_vs_ml/V1/execution_26/xgboost_model_full.pkl (deflated 79%)
