
 Training on dataset_10_nodes.csv...
Total rows in CSV: 50
10 55
10 55
10 55
10 55
10 55
10 55
10 55
10 55
10 55
10 55
10 55
10 55
10 55
10 55
10 55
10 55
10 55
10 55
10 55
10 55
10 55
10 55
10 55
10 55
10 55
10 55
10 55
10 55
10 55
10 55
10 55
10 55
10 55
10 55
10 55
10 55
10 55
10 55
10 55
10 55
10 55
10 55
10 55
10 55
10 55
10 55
10 55
10 55
10 55
10 55
Loaded 50 valid graphs.
Epoch 001, Loss: 2.4738
Epoch 002, Loss: 0.6364
Epoch 003, Loss: 0.6267
Epoch 004, Loss: 0.6570
Epoch 005, Loss: 0.6108
Epoch 006, Loss: 0.5611
Epoch 007, Loss: 0.6039
Epoch 008, Loss: 0.6527
Epoch 009, Loss: 0.6101
Epoch 010, Loss: 0.5887
Epoch 011, Loss: 0.6170
Epoch 012, Loss: 0.5812
Epoch 013, Loss: 0.5893
Epoch 014, Loss: 0.5538
Epoch 015, Loss: 0.5335
Epoch 016, Loss: 0.5449
Epoch 017, Loss: 0.5740
Epoch 018, Loss: 0.5373
Epoch 019, Loss: 0.5586
Epoch 020, Loss: 0.5928
Epoch 021, Loss: 0.5996
Epoch 022, Loss: 0.5781
Epoch 023, Loss: 0.5745
Epoch 024, Loss: 0.5485
Epoch 025, Loss: 0.5545
Epoch 026, Loss: 0.5542
Epoch 027, Loss: 0.5414
Epoch 028, Loss: 0.5656
Epoch 029, Loss: 0.5123
Epoch 030, Loss: 0.5518
Epoch 031, Loss: 0.5579
Epoch 032, Loss: 0.5260
Epoch 033, Loss: 0.5392
Epoch 034, Loss: 0.5470
Epoch 035, Loss: 0.5561
Epoch 036, Loss: 0.4997
Epoch 037, Loss: 0.5608
Epoch 038, Loss: 0.5270
Epoch 039, Loss: 0.5181
Epoch 040, Loss: 0.5002
Epoch 041, Loss: 0.5550
Epoch 042, Loss: 0.5322
Epoch 043, Loss: 0.5343
Epoch 044, Loss: 0.4994
Epoch 045, Loss: 0.5162
Epoch 046, Loss: 0.4986
Epoch 047, Loss: 0.5053
Epoch 048, Loss: 0.5234
Epoch 049, Loss: 0.4869
Epoch 050, Loss: 0.4955
Epoch 051, Loss: 0.4949
Epoch 052, Loss: 0.4951
Epoch 053, Loss: 0.4973
Epoch 054, Loss: 0.5001
Epoch 055, Loss: 0.4992
Epoch 056, Loss: 0.5074
Epoch 057, Loss: 0.4889
Epoch 058, Loss: 0.4952
Epoch 059, Loss: 0.5386
Epoch 060, Loss: 0.5492
Epoch 061, Loss: 0.4788
Epoch 062, Loss: 0.4923
Epoch 063, Loss: 0.4905
Epoch 064, Loss: 0.4989
Epoch 065, Loss: 0.4866
Epoch 066, Loss: 0.4805
Epoch 067, Loss: 0.4976
Epoch 068, Loss: 0.4663
Epoch 069, Loss: 0.4816
Epoch 070, Loss: 0.4605
Epoch 071, Loss: 0.4539
Epoch 072, Loss: 0.4938
Epoch 073, Loss: 0.4658
Epoch 074, Loss: 0.4796
Epoch 075, Loss: 0.4771
Epoch 076, Loss: 0.4756
Epoch 077, Loss: 0.4719
Epoch 078, Loss: 0.4557
Epoch 079, Loss: 0.4792
Epoch 080, Loss: 0.4668
Epoch 081, Loss: 0.4944
Epoch 082, Loss: 0.4662
Epoch 083, Loss: 0.4543
Epoch 084, Loss: 0.4510
Epoch 085, Loss: 0.4614
Epoch 086, Loss: 0.4424
Epoch 087, Loss: 0.4396
Epoch 088, Loss: 0.4813
Epoch 089, Loss: 0.4468
Epoch 090, Loss: 0.4419
Epoch 091, Loss: 0.4482
Epoch 092, Loss: 0.4240
Epoch 093, Loss: 0.4575
Epoch 094, Loss: 0.4118
Epoch 095, Loss: 0.4140
Epoch 096, Loss: 0.4861
Epoch 097, Loss: 0.4197
Epoch 098, Loss: 0.4535
Epoch 099, Loss: 0.4069
Epoch 100, Loss: 0.3955

Test RMSE: 0.6394
Test MAPE: 0.2131
Training time: 10.52 seconds
Model saved to Models/GCN_model_10.pkl

 Training on dataset_12_nodes.csv...
Total rows in CSV: 50
12 78
12 78
12 78
12 78
12 78
12 78
12 78
12 78
12 78
12 78
12 78
12 78
12 78
12 78
12 78
12 78
12 78
12 78
12 78
12 78
12 78
12 78
12 78
12 78
12 78
12 78
12 78
12 78
12 78
12 78
12 78
12 78
12 78
12 78
12 78
12 78
12 78
12 78
12 78
12 78
12 78
12 78
12 78
12 78
12 78
12 78
12 78
12 78
12 78
12 78
Loaded 50 valid graphs.
Epoch 001, Loss: 3.3614
Epoch 002, Loss: 0.8856
Epoch 003, Loss: 0.8242
Epoch 004, Loss: 0.9365
Epoch 005, Loss: 0.8687
Epoch 006, Loss: 0.8610
Epoch 007, Loss: 0.8415
Epoch 008, Loss: 0.9534
Epoch 009, Loss: 0.9033
Epoch 010, Loss: 0.8507
Epoch 011, Loss: 0.8633
Epoch 012, Loss: 0.8680
Epoch 013, Loss: 0.8165
Epoch 014, Loss: 0.8405
Epoch 015, Loss: 0.8222
Epoch 016, Loss: 0.8445
Epoch 017, Loss: 0.8628
Epoch 018, Loss: 0.8656
Epoch 019, Loss: 0.8237
Epoch 020, Loss: 0.8378
Epoch 021, Loss: 0.8315
Epoch 022, Loss: 0.8576
Epoch 023, Loss: 0.8512
Epoch 024, Loss: 0.8133
Epoch 025, Loss: 0.8909
Epoch 026, Loss: 0.8331
Epoch 027, Loss: 0.8126
Epoch 028, Loss: 0.8105
Epoch 029, Loss: 0.8783
Epoch 030, Loss: 0.8281
Epoch 031, Loss: 0.8077
Epoch 032, Loss: 0.8974
Epoch 033, Loss: 0.8559
Epoch 034, Loss: 0.7862
Epoch 035, Loss: 0.8067
Epoch 036, Loss: 0.7986
Epoch 037, Loss: 0.7898
Epoch 038, Loss: 0.7946
Epoch 039, Loss: 0.8014
Epoch 040, Loss: 0.8346
Epoch 041, Loss: 0.8444
Epoch 042, Loss: 0.8430
Epoch 043, Loss: 0.7677
Epoch 044, Loss: 0.8046
Epoch 045, Loss: 0.8348
Epoch 046, Loss: 0.8240
Epoch 047, Loss: 0.7912
Epoch 048, Loss: 0.8004
Epoch 049, Loss: 0.7647
Epoch 050, Loss: 0.7867
Epoch 051, Loss: 0.7692
Epoch 052, Loss: 0.7542
Epoch 053, Loss: 0.7377
Epoch 054, Loss: 0.7758
Epoch 055, Loss: 0.8409
Epoch 056, Loss: 0.7408
Epoch 057, Loss: 0.7834
Epoch 058, Loss: 0.7602
Epoch 059, Loss: 0.7428
Epoch 060, Loss: 0.7280
Epoch 061, Loss: 0.7107
Epoch 062, Loss: 0.7934
Epoch 063, Loss: 0.7438
Epoch 064, Loss: 0.7479
Epoch 065, Loss: 0.7353
Epoch 066, Loss: 0.7449
Epoch 067, Loss: 0.7143
Epoch 068, Loss: 0.7236
Epoch 069, Loss: 0.7653
Epoch 070, Loss: 0.7462
Epoch 071, Loss: 0.7111
Epoch 072, Loss: 0.7131
Epoch 073, Loss: 0.7048
Epoch 074, Loss: 0.7512
Epoch 075, Loss: 0.7247
Epoch 076, Loss: 0.7134
Epoch 077, Loss: 0.6879
Epoch 078, Loss: 0.7205
Epoch 079, Loss: 0.7005
Epoch 080, Loss: 0.7065
Epoch 081, Loss: 0.7272
Epoch 082, Loss: 0.7173
Epoch 083, Loss: 0.6978
Epoch 084, Loss: 0.6845
Epoch 085, Loss: 0.6768
Epoch 086, Loss: 0.7007
Epoch 087, Loss: 0.6806
Epoch 088, Loss: 0.6768
Epoch 089, Loss: 0.6899
Epoch 090, Loss: 0.6562
Epoch 091, Loss: 0.6866
Epoch 092, Loss: 0.7049
Epoch 093, Loss: 0.6878
Epoch 094, Loss: 0.6569
Epoch 095, Loss: 0.6987
Epoch 096, Loss: 0.6371
Epoch 097, Loss: 0.6464
Epoch 098, Loss: 0.6671
Epoch 099, Loss: 0.6438
Epoch 100, Loss: 0.6603

Test RMSE: 0.6479
Test MAPE: 0.1802
Training time: 8.39 seconds
Model saved to Models/GCN_model_12.pkl

 Training on dataset_15_nodes.csv...
Total rows in CSV: 50
15 120
15 120
15 120
15 120
15 120
15 120
15 120
15 120
15 120
15 120
15 120
15 120
15 120
15 120
15 120
15 120
15 120
15 120
15 120
15 120
15 120
15 120
15 120
15 120
15 120
15 120
15 120
15 120
15 120
15 120
15 120
15 120
15 120
15 120
15 120
15 120
15 120
15 120
15 120
15 120
15 120
15 120
15 120
15 120
15 120
15 120
15 120
15 120
15 120
15 120
Loaded 50 valid graphs.
Epoch 001, Loss: 4.4581
Epoch 002, Loss: 1.1334
Epoch 003, Loss: 0.9401
Epoch 004, Loss: 0.9546
Epoch 005, Loss: 0.8996
Epoch 006, Loss: 0.9849
Epoch 007, Loss: 0.9127
Epoch 008, Loss: 1.0341
Epoch 009, Loss: 0.9054
Epoch 010, Loss: 0.9289
Epoch 011, Loss: 0.9654
Epoch 012, Loss: 0.9060
Epoch 013, Loss: 0.9718
Epoch 014, Loss: 0.9291
Epoch 015, Loss: 0.9046
Epoch 016, Loss: 1.0655
Epoch 017, Loss: 0.9290
Epoch 018, Loss: 0.9285
Epoch 019, Loss: 0.9917
Epoch 020, Loss: 0.9209
Epoch 021, Loss: 0.9455
Epoch 022, Loss: 0.9285
Epoch 023, Loss: 0.9365
Epoch 024, Loss: 0.9617
Epoch 025, Loss: 0.9323
Epoch 026, Loss: 0.8671
Epoch 027, Loss: 0.9249
Epoch 028, Loss: 0.9156
Epoch 029, Loss: 0.9118
Epoch 030, Loss: 0.9112
Epoch 031, Loss: 0.9405
Epoch 032, Loss: 0.9434
Epoch 033, Loss: 0.8779
Epoch 034, Loss: 0.8952
Epoch 035, Loss: 1.0652
Epoch 036, Loss: 0.9220
Epoch 037, Loss: 0.8833
Epoch 038, Loss: 0.9389
Epoch 039, Loss: 0.8629
Epoch 040, Loss: 0.8862
Epoch 041, Loss: 0.8954
Epoch 042, Loss: 0.8718
Epoch 043, Loss: 0.9107
Epoch 044, Loss: 0.8789
Epoch 045, Loss: 0.8485
Epoch 046, Loss: 0.9032
Epoch 047, Loss: 0.8572
Epoch 048, Loss: 0.9014
Epoch 049, Loss: 0.8673
Epoch 050, Loss: 0.8302
Epoch 051, Loss: 0.8254
Epoch 052, Loss: 0.8412
Epoch 053, Loss: 0.8614
Epoch 054, Loss: 0.8718
Epoch 055, Loss: 0.8539
Epoch 056, Loss: 0.8370
Epoch 057, Loss: 0.7714
Epoch 058, Loss: 0.7305
Epoch 059, Loss: 0.8269
Epoch 060, Loss: 0.8117
Epoch 061, Loss: 0.7103
Epoch 062, Loss: 0.7238
Epoch 063, Loss: 0.7182
Epoch 064, Loss: 0.7060
Epoch 065, Loss: 0.7206
Epoch 066, Loss: 0.7753
Epoch 067, Loss: 0.7089
Epoch 068, Loss: 0.7678
Epoch 069, Loss: 0.8088
Epoch 070, Loss: 0.6344
Epoch 071, Loss: 0.7056
Epoch 072, Loss: 0.6854
Epoch 073, Loss: 0.6432
Epoch 074, Loss: 0.5991
Epoch 075, Loss: 0.6153
Epoch 076, Loss: 0.6091
Epoch 077, Loss: 0.7973
Epoch 078, Loss: 0.6524
Epoch 079, Loss: 0.6051
Epoch 080, Loss: 0.5868
Epoch 081, Loss: 0.6222
Epoch 082, Loss: 0.5970
Epoch 083, Loss: 0.6273
Epoch 084, Loss: 0.5928
Epoch 085, Loss: 0.5346
Epoch 086, Loss: 0.6407
Epoch 087, Loss: 0.5789
Epoch 088, Loss: 0.5407
Epoch 089, Loss: 0.6136
Epoch 090, Loss: 0.5575
Epoch 091, Loss: 0.5294
Epoch 092, Loss: 0.5640
Epoch 093, Loss: 0.5137
Epoch 094, Loss: 0.5547
Epoch 095, Loss: 0.5883
Epoch 096, Loss: 0.5301
Epoch 097, Loss: 0.6035
Epoch 098, Loss: 0.5346
Epoch 099, Loss: 0.5225
Epoch 100, Loss: 0.5550

Test RMSE: 0.8431
Test MAPE: 0.1806
Training time: 8.69 seconds
Model saved to Models/GCN_model_15.pkl

 Training on dataset_20_nodes.csv...
Total rows in CSV: 50
20 210
20 210
20 210
20 210
20 210
20 210
20 210
20 210
20 210
20 210
20 210
20 210
20 210
20 210
20 210
20 210
20 210
20 210
20 210
20 210
20 210
20 210
20 210
20 210
20 210
20 210
20 210
20 210
20 210
20 210
20 210
20 210
20 210
20 210
20 210
20 210
20 210
20 210
20 210
20 210
20 210
20 210
20 210
20 210
20 210
20 210
20 210
20 210
20 210
20 210
Loaded 50 valid graphs.
Epoch 001, Loss: 6.5697
Epoch 002, Loss: 1.2070
Epoch 003, Loss: 1.2605
Epoch 004, Loss: 1.4156
Epoch 005, Loss: 1.3657
Epoch 006, Loss: 1.2694
Epoch 007, Loss: 1.3116
Epoch 008, Loss: 1.4556
Epoch 009, Loss: 1.3161
Epoch 010, Loss: 1.1993
Epoch 011, Loss: 1.2178
Epoch 012, Loss: 1.3815
Epoch 013, Loss: 1.5366
Epoch 014, Loss: 1.1664
Epoch 015, Loss: 1.3457
Epoch 016, Loss: 1.2581
Epoch 017, Loss: 1.4070
Epoch 018, Loss: 1.2437
Epoch 019, Loss: 1.3870
Epoch 020, Loss: 1.3516
Epoch 021, Loss: 1.2123
Epoch 022, Loss: 1.4458
Epoch 023, Loss: 1.3690
Epoch 024, Loss: 1.1823
Epoch 025, Loss: 1.2639
Epoch 026, Loss: 1.1855
Epoch 027, Loss: 1.2311
Epoch 028, Loss: 1.2383
Epoch 029, Loss: 1.1772
Epoch 030, Loss: 1.2044
Epoch 031, Loss: 1.2048
Epoch 032, Loss: 0.9985
Epoch 033, Loss: 1.2006
Epoch 034, Loss: 1.1555
Epoch 035, Loss: 1.3131
Epoch 036, Loss: 1.1888
Epoch 037, Loss: 1.1380
Epoch 038, Loss: 1.0697
Epoch 039, Loss: 1.3039
Epoch 040, Loss: 1.0626
Epoch 041, Loss: 1.0602
Epoch 042, Loss: 1.0558
Epoch 043, Loss: 1.1187
Epoch 044, Loss: 1.0288
Epoch 045, Loss: 0.9420
Epoch 046, Loss: 0.9543
Epoch 047, Loss: 0.9152
Epoch 048, Loss: 0.9164
Epoch 049, Loss: 0.8817
Epoch 050, Loss: 0.9025
Epoch 051, Loss: 0.8311
Epoch 052, Loss: 0.9484
Epoch 053, Loss: 0.9113
Epoch 054, Loss: 0.8489
Epoch 055, Loss: 0.7932
Epoch 056, Loss: 0.8363
Epoch 057, Loss: 0.8175
Epoch 058, Loss: 0.7286
Epoch 059, Loss: 0.7874
Epoch 060, Loss: 0.9019
Epoch 061, Loss: 0.7426
Epoch 062, Loss: 0.8817
Epoch 063, Loss: 0.9277
Epoch 064, Loss: 0.8932
Epoch 065, Loss: 0.8250
Epoch 066, Loss: 0.7189
Epoch 067, Loss: 0.6953
Epoch 068, Loss: 0.7001
Epoch 069, Loss: 0.6747
Epoch 070, Loss: 0.6346
Epoch 071, Loss: 0.8226
Epoch 072, Loss: 0.6910
Epoch 073, Loss: 0.6689
Epoch 074, Loss: 0.6954
Epoch 075, Loss: 0.7213
Epoch 076, Loss: 0.6682
Epoch 077, Loss: 0.6445
Epoch 078, Loss: 0.6197
Epoch 079, Loss: 0.6164
Epoch 080, Loss: 0.5979
Epoch 081, Loss: 0.6004
Epoch 082, Loss: 0.5959
Epoch 083, Loss: 0.6653
Epoch 084, Loss: 0.6559
Epoch 085, Loss: 0.6522
Epoch 086, Loss: 0.5917
Epoch 087, Loss: 0.6242
Epoch 088, Loss: 0.6201
Epoch 089, Loss: 0.6115
Epoch 090, Loss: 0.5920
Epoch 091, Loss: 0.6433
Epoch 092, Loss: 0.5584
Epoch 093, Loss: 0.6519
Epoch 094, Loss: 0.5858
Epoch 095, Loss: 0.6437
Epoch 096, Loss: 0.5526
Epoch 097, Loss: 0.5671
Epoch 098, Loss: 0.5529
Epoch 099, Loss: 0.5895
Epoch 100, Loss: 0.5722

Test RMSE: 0.9311
Test MAPE: 0.2455
Training time: 9.02 seconds
Model saved to Models/GCN_model_20.pkl

 Training on dataset_25_nodes.csv...
Total rows in CSV: 50
25 325
25 325
25 325
25 325
25 325
25 325
25 325
25 325
25 325
25 325
25 325
25 325
25 325
25 325
25 325
25 325
25 325
25 325
25 325
25 325
25 325
25 325
25 325
25 325
25 325
25 325
25 325
25 325
25 325
25 325
25 325
25 325
25 325
25 325
25 325
25 325
25 325
25 325
25 325
25 325
25 325
25 325
25 325
25 325
25 325
25 325
25 325
25 325
25 325
25 325
Loaded 50 valid graphs.
Epoch 001, Loss: 10.1473
Epoch 002, Loss: 1.6800
Epoch 003, Loss: 1.5350
Epoch 004, Loss: 1.5851
Epoch 005, Loss: 1.6540
Epoch 006, Loss: 1.6849
Epoch 007, Loss: 1.7458
Epoch 008, Loss: 1.6965
Epoch 009, Loss: 1.5947
Epoch 010, Loss: 1.7878
Epoch 011, Loss: 1.6506
Epoch 012, Loss: 1.5211
Epoch 013, Loss: 1.6209
Epoch 014, Loss: 1.5540
Epoch 015, Loss: 1.5434
Epoch 016, Loss: 1.7792
Epoch 017, Loss: 1.6050
Epoch 018, Loss: 2.1097
Epoch 019, Loss: 1.5536
Epoch 020, Loss: 1.5743
Epoch 021, Loss: 1.8274
Epoch 022, Loss: 1.5843
Epoch 023, Loss: 1.5627
Epoch 024, Loss: 1.7010
Epoch 025, Loss: 1.3313
Epoch 026, Loss: 1.7763
Epoch 027, Loss: 1.5632
Epoch 028, Loss: 1.5415
Epoch 029, Loss: 1.4576
Epoch 030, Loss: 1.5903
Epoch 031, Loss: 1.5127
Epoch 032, Loss: 1.5179
Epoch 033, Loss: 1.3841
Epoch 034, Loss: 1.5350
Epoch 035, Loss: 1.6838
Epoch 036, Loss: 1.8294
Epoch 037, Loss: 1.7038
Epoch 038, Loss: 1.5860
Epoch 039, Loss: 1.3931
Epoch 040, Loss: 1.6170
Epoch 041, Loss: 1.4512
Epoch 042, Loss: 1.3872
Epoch 043, Loss: 1.4711
Epoch 044, Loss: 1.6088
Epoch 045, Loss: 1.4983
Epoch 046, Loss: 1.6845
Epoch 047, Loss: 1.6180
Epoch 048, Loss: 1.5436
Epoch 049, Loss: 1.5084
Epoch 050, Loss: 1.5215
Epoch 051, Loss: 1.6193
Epoch 052, Loss: 1.5498
Epoch 053, Loss: 1.6704
Epoch 054, Loss: 1.4590
Epoch 055, Loss: 1.5558
Epoch 056, Loss: 1.3890
Epoch 057, Loss: 1.3470
Epoch 058, Loss: 1.5453
Epoch 059, Loss: 1.4812
Epoch 060, Loss: 1.5119
Epoch 061, Loss: 1.7292
Epoch 062, Loss: 1.5231
Epoch 063, Loss: 1.4087
Epoch 064, Loss: 1.4955
Epoch 065, Loss: 1.4204
Epoch 066, Loss: 1.5189
Epoch 067, Loss: 1.5529
Epoch 068, Loss: 1.4305
Epoch 069, Loss: 1.4196
Epoch 070, Loss: 1.5681
Epoch 071, Loss: 1.3148
Epoch 072, Loss: 1.3870
Epoch 073, Loss: 1.4243
Epoch 074, Loss: 1.5325
Epoch 075, Loss: 1.2540
Epoch 076, Loss: 1.4629
Epoch 077, Loss: 1.2220
Epoch 078, Loss: 1.3006
Epoch 079, Loss: 1.5170
Epoch 080, Loss: 1.3045
Epoch 081, Loss: 1.0880
Epoch 082, Loss: 1.3356
Epoch 083, Loss: 1.0580
Epoch 084, Loss: 1.1657
Epoch 085, Loss: 1.0439
Epoch 086, Loss: 1.0573
Epoch 087, Loss: 1.0572
Epoch 088, Loss: 1.0926
Epoch 089, Loss: 1.0233
Epoch 090, Loss: 1.1939
Epoch 091, Loss: 1.1433
Epoch 092, Loss: 0.9862
Epoch 093, Loss: 1.0315
Epoch 094, Loss: 0.9298
Epoch 095, Loss: 0.9553
Epoch 096, Loss: 0.8989
Epoch 097, Loss: 0.9224
Epoch 098, Loss: 0.9225
Epoch 099, Loss: 1.0203
Epoch 100, Loss: 0.9066

Test RMSE: 1.6493
Test MAPE: 0.2352
Training time: 8.72 seconds
Model saved to Models/GCN_model_25.pkl

 Training on dataset_full.csv...
Total rows in CSV: 250
25 325
25 325
25 325
25 325
25 325
25 325
25 325
25 325
25 325
25 325
25 325
25 325
25 325
25 325
25 325
25 325
25 325
25 325
25 325
25 325
25 325
25 325
25 325
25 325
25 325
25 325
25 325
25 325
25 325
25 325
25 325
25 325
25 325
25 325
25 325
25 325
25 325
25 325
25 325
25 325
25 325
25 325
25 325
25 325
25 325
25 325
25 325
25 325
25 325
25 325
25 325
25 325
25 325
25 325
25 325
25 325
25 325
25 325
25 325
25 325
25 325
25 325
25 325
25 325
25 325
25 325
25 325
25 325
25 325
25 325
25 325
25 325
25 325
25 325
25 325
25 325
25 325
25 325
25 325
25 325
25 325
25 325
25 325
25 325
25 325
25 325
25 325
25 325
25 325
25 325
25 325
25 325
25 325
25 325
25 325
25 325
25 325
25 325
25 325
25 325
25 325
25 325
25 325
25 325
25 325
25 325
25 325
25 325
25 325
25 325
25 325
25 325
25 325
25 325
25 325
25 325
25 325
25 325
25 325
25 325
25 325
25 325
25 325
25 325
25 325
25 325
25 325
25 325
25 325
25 325
25 325
25 325
25 325
25 325
25 325
25 325
25 325
25 325
25 325
25 325
25 325
25 325
25 325
25 325
25 325
25 325
25 325
25 325
25 325
25 325
25 325
25 325
25 325
25 325
25 325
25 325
25 325
25 325
25 325
25 325
25 325
25 325
25 325
25 325
25 325
25 325
25 325
25 325
25 325
25 325
25 325
25 325
25 325
25 325
25 325
25 325
25 325
25 325
25 325
25 325
25 325
25 325
25 325
25 325
25 325
25 325
25 325
25 325
25 325
25 325
25 325
25 325
25 325
25 325
25 325
25 325
25 325
25 325
25 325
25 325
25 325
25 325
25 325
25 325
25 325
25 325
25 325
25 325
25 325
25 325
25 325
25 325
25 325
25 325
25 325
25 325
25 325
25 325
25 325
25 325
25 325
25 325
25 325
25 325
25 325
25 325
25 325
25 325
25 325
25 325
25 325
25 325
25 325
25 325
25 325
25 325
25 325
25 325
25 325
25 325
25 325
25 325
25 325
25 325
25 325
25 325
25 325
25 325
25 325
25 325
Loaded 250 valid graphs.
Epoch 001, Loss: 3.8563
Epoch 002, Loss: 3.0924
Epoch 003, Loss: 1.4877
Epoch 004, Loss: 0.8252
Epoch 005, Loss: 0.7050
Epoch 006, Loss: 0.7255
Epoch 007, Loss: 0.6875
Epoch 008, Loss: 0.6645
Epoch 009, Loss: 0.6970
Epoch 010, Loss: 0.6588
Epoch 011, Loss: 0.7417
Epoch 012, Loss: 0.6875
Epoch 013, Loss: 0.6481
Epoch 014, Loss: 0.6622
Epoch 015, Loss: 0.6491
Epoch 016, Loss: 0.6583
Epoch 017, Loss: 0.6285
Epoch 018, Loss: 0.7270
Epoch 019, Loss: 0.6196
Epoch 020, Loss: 0.6614
Epoch 021, Loss: 0.6073
Epoch 022, Loss: 0.6060
Epoch 023, Loss: 0.5857
Epoch 024, Loss: 0.6045
Epoch 025, Loss: 0.6276
Epoch 026, Loss: 0.6217
Epoch 027, Loss: 0.5820
Epoch 028, Loss: 0.6645
Epoch 029, Loss: 0.6476
Epoch 030, Loss: 0.5831
Epoch 031, Loss: 0.6068
Epoch 032, Loss: 0.5945
Epoch 033, Loss: 0.5826
Epoch 034, Loss: 0.5921
Epoch 035, Loss: 0.5600
Epoch 036, Loss: 0.6790
Epoch 037, Loss: 0.6234
Epoch 038, Loss: 0.5579
Epoch 039, Loss: 0.5499
Epoch 040, Loss: 0.5540
Epoch 041, Loss: 0.5879
Epoch 042, Loss: 0.5845
Epoch 043, Loss: 0.5442
Epoch 044, Loss: 0.5429
Epoch 045, Loss: 0.5385
Epoch 046, Loss: 0.5579
Epoch 047, Loss: 0.5745
Epoch 048, Loss: 0.5572
Epoch 049, Loss: 0.5237
Epoch 050, Loss: 0.5543
Epoch 051, Loss: 0.5797
Epoch 052, Loss: 0.5562
Epoch 053, Loss: 0.5455
Epoch 054, Loss: 0.5321
Epoch 055, Loss: 0.5605
Epoch 056, Loss: 0.5446
Epoch 057, Loss: 0.5437
Epoch 058, Loss: 0.5181
Epoch 059, Loss: 0.5320
Epoch 060, Loss: 0.5257
Epoch 061, Loss: 0.5067
Epoch 062, Loss: 0.6008
Epoch 063, Loss: 0.5714
Epoch 064, Loss: 0.5378
Epoch 065, Loss: 0.5326
Epoch 066, Loss: 0.5299
Epoch 067, Loss: 0.5240
Epoch 068, Loss: 0.5321
Epoch 069, Loss: 0.5573
Epoch 070, Loss: 0.5182
Epoch 071, Loss: 0.5819
Epoch 072, Loss: 0.5171
Epoch 073, Loss: 0.5107
Epoch 074, Loss: 0.6084
Epoch 075, Loss: 0.5337
Epoch 076, Loss: 0.5330
Epoch 077, Loss: 0.5718
Epoch 078, Loss: 0.5716
Epoch 079, Loss: 0.5126
Epoch 080, Loss: 0.5353
Epoch 081, Loss: 0.5344
Epoch 082, Loss: 0.5742
Epoch 083, Loss: 0.5793
Epoch 084, Loss: 0.5163
Epoch 085, Loss: 0.5354
Epoch 086, Loss: 0.4977
Epoch 087, Loss: 0.5136
Epoch 088, Loss: 0.5486
Epoch 089, Loss: 0.5049
Epoch 090, Loss: 0.5023
Epoch 091, Loss: 0.5695
Epoch 092, Loss: 0.5084
Epoch 093, Loss: 0.5302
Epoch 094, Loss: 0.4904
Epoch 095, Loss: 0.5112
Epoch 096, Loss: 0.5036
Epoch 097, Loss: 0.4968
Epoch 098, Loss: 0.4940
Epoch 099, Loss: 0.4937
Epoch 100, Loss: 0.5156

Test RMSE: 0.6733
Test MAPE: 288296861171712.0000
Training time: 43.56 seconds
Model saved to Models/GCN_model_full.pkl

Metrics saved to Models/Graph_Neural_Training_metrics.csv

 **Final Training Results:**
node_size model_type  test_size     rmse         mape  training_time         model_file
       10   Q_values        0.2 0.639416 2.130936e-01      10.521170   GNN_model_10.pkl
       12   Q_values        0.2 0.647916 1.802124e-01       8.392456   GNN_model_12.pkl
       15   Q_values        0.2 0.843111 1.806157e-01       8.686025   GNN_model_15.pkl
       20   Q_values        0.2 0.931070 2.454991e-01       9.020960   GNN_model_20.pkl
       25   Q_values        0.2 1.649316 2.351854e-01       8.715345   GNN_model_25.pkl
     full   Q_values        0.2 0.673252 2.882969e+14      43.558617 GNN_model_full.pkl

 Training complete for all datasets!
  adding: Models/ (stored 0%)
  adding: Models/GCN_model_20.pkl (deflated 21%)
  adding: Models/GCN_model_12.pkl (deflated 23%)
  adding: Models/Graph_Neural_Training_results.txt (deflated 59%)
  adding: Models/Graph_Neural_Training_metrics.csv (deflated 50%)
  adding: Models/GCN_model_10.pkl (deflated 24%)
  adding: Models/GCN_model_15.pkl (deflated 24%)
  adding: Models/GCN_model_full.pkl (deflated 22%)
  adding: Models/GCN_model_25.pkl (deflated 21%)
