
 Training on dataset_10_nodes.csv...
Total rows in CSV: 50
10 55
10 55
10 55
10 55
10 55
10 55
10 55
10 55
10 55
10 55
10 55
10 55
10 55
10 55
10 55
10 55
10 55
10 55
10 55
10 55
10 55
10 55
10 55
10 55
10 55
10 55
10 55
10 55
10 55
10 55
10 55
10 55
10 55
10 55
10 55
10 55
10 55
10 55
10 55
10 55
10 55
10 55
10 55
10 55
10 55
10 55
10 55
10 55
10 55
10 55
Loaded 50 valid graphs.
Epoch 001, Loss: 2.5534
Epoch 002, Loss: 0.5965
Epoch 003, Loss: 0.6070
Epoch 004, Loss: 0.6043
Epoch 005, Loss: 0.6125
Epoch 006, Loss: 0.6120
Epoch 007, Loss: 0.5778
Epoch 008, Loss: 0.6002
Epoch 009, Loss: 0.5921
Epoch 010, Loss: 0.5614
Epoch 011, Loss: 0.5851
Epoch 012, Loss: 0.5603
Epoch 013, Loss: 0.5724
Epoch 014, Loss: 0.5799
Epoch 015, Loss: 0.5584
Epoch 016, Loss: 0.5614
Epoch 017, Loss: 0.5597
Epoch 018, Loss: 0.5696
Epoch 019, Loss: 0.5686
Epoch 020, Loss: 0.5795
Epoch 021, Loss: 0.6228
Epoch 022, Loss: 0.5631
Epoch 023, Loss: 0.6035
Epoch 024, Loss: 0.5503
Epoch 025, Loss: 0.5444
Epoch 026, Loss: 0.5566
Epoch 027, Loss: 0.5896
Epoch 028, Loss: 0.5477
Epoch 029, Loss: 0.5865
Epoch 030, Loss: 0.5730
Epoch 031, Loss: 0.5530
Epoch 032, Loss: 0.5293
Epoch 033, Loss: 0.5778
Epoch 034, Loss: 0.5750
Epoch 035, Loss: 0.5239
Epoch 036, Loss: 0.5140
Epoch 037, Loss: 0.5328
Epoch 038, Loss: 0.5581
Epoch 039, Loss: 0.5343
Epoch 040, Loss: 0.5502
Epoch 041, Loss: 0.5258
Epoch 042, Loss: 0.5028
Epoch 043, Loss: 0.5030
Epoch 044, Loss: 0.5158
Epoch 045, Loss: 0.5132
Epoch 046, Loss: 0.5186
Epoch 047, Loss: 0.5065
Epoch 048, Loss: 0.5454
Epoch 049, Loss: 0.5208
Epoch 050, Loss: 0.5070
Epoch 051, Loss: 0.5464
Epoch 052, Loss: 0.5137
Epoch 053, Loss: 0.4851
Epoch 054, Loss: 0.4990
Epoch 055, Loss: 0.5001
Epoch 056, Loss: 0.5056
Epoch 057, Loss: 0.5018
Epoch 058, Loss: 0.5621
Epoch 059, Loss: 0.5106
Epoch 060, Loss: 0.5330
Epoch 061, Loss: 0.4912
Epoch 062, Loss: 0.5284
Epoch 063, Loss: 0.5885
Epoch 064, Loss: 0.5143
Epoch 065, Loss: 0.4851
Epoch 066, Loss: 0.5029
Epoch 067, Loss: 0.4863
Epoch 068, Loss: 0.4964
Epoch 069, Loss: 0.4984
Epoch 070, Loss: 0.4734
Epoch 071, Loss: 0.4691
Epoch 072, Loss: 0.4827
Epoch 073, Loss: 0.4877
Epoch 074, Loss: 0.5060
Epoch 075, Loss: 0.4754
Epoch 076, Loss: 0.4689
Epoch 077, Loss: 0.4846
Epoch 078, Loss: 0.4516
Epoch 079, Loss: 0.4794
Epoch 080, Loss: 0.4604
Epoch 081, Loss: 0.4813
Epoch 082, Loss: 0.4621
Epoch 083, Loss: 0.4749
Epoch 084, Loss: 0.4652
Epoch 085, Loss: 0.4658
Epoch 086, Loss: 0.4498
Epoch 087, Loss: 0.4526
Epoch 088, Loss: 0.4814
Epoch 089, Loss: 0.4658
Epoch 090, Loss: 0.4813
Epoch 091, Loss: 0.4477
Epoch 092, Loss: 0.4285
Epoch 093, Loss: 0.4397
Epoch 094, Loss: 0.4392
Epoch 095, Loss: 0.4461
Epoch 096, Loss: 0.4389
Epoch 097, Loss: 0.4318
Epoch 098, Loss: 0.4292
Epoch 099, Loss: 0.4102
Epoch 100, Loss: 0.4602

Test RMSE: 0.6116
Test MAPE: 0.2141
Training time: 9.51 seconds
Model saved to Models/GCN_model_10.pkl

 Training on dataset_12_nodes.csv...
Total rows in CSV: 50
12 78
12 78
12 78
12 78
12 78
12 78
12 78
12 78
12 78
12 78
12 78
12 78
12 78
12 78
12 78
12 78
12 78
12 78
12 78
12 78
12 78
12 78
12 78
12 78
12 78
12 78
12 78
12 78
12 78
12 78
12 78
12 78
12 78
12 78
12 78
12 78
12 78
12 78
12 78
12 78
12 78
12 78
12 78
12 78
12 78
12 78
12 78
12 78
12 78
12 78
Loaded 50 valid graphs.
Epoch 001, Loss: 3.5263
Epoch 002, Loss: 0.9148
Epoch 003, Loss: 0.8986
Epoch 004, Loss: 0.8397
Epoch 005, Loss: 0.8605
Epoch 006, Loss: 0.8401
Epoch 007, Loss: 0.8540
Epoch 008, Loss: 0.8657
Epoch 009, Loss: 0.9094
Epoch 010, Loss: 0.8591
Epoch 011, Loss: 0.8203
Epoch 012, Loss: 0.8804
Epoch 013, Loss: 0.8586
Epoch 014, Loss: 0.8492
Epoch 015, Loss: 0.9063
Epoch 016, Loss: 0.8234
Epoch 017, Loss: 0.8475
Epoch 018, Loss: 0.9168
Epoch 019, Loss: 0.8831
Epoch 020, Loss: 0.8278
Epoch 021, Loss: 0.8560
Epoch 022, Loss: 0.9032
Epoch 023, Loss: 0.8065
Epoch 024, Loss: 0.8147
Epoch 025, Loss: 0.8549
Epoch 026, Loss: 0.8825
Epoch 027, Loss: 0.8712
Epoch 028, Loss: 0.8211
Epoch 029, Loss: 0.8709
Epoch 030, Loss: 0.8031
Epoch 031, Loss: 0.8363
Epoch 032, Loss: 0.8073
Epoch 033, Loss: 0.8656
Epoch 034, Loss: 0.8173
Epoch 035, Loss: 0.8515
Epoch 036, Loss: 0.8311
Epoch 037, Loss: 0.8669
Epoch 038, Loss: 0.8342
Epoch 039, Loss: 0.8279
Epoch 040, Loss: 0.7823
Epoch 041, Loss: 0.8343
Epoch 042, Loss: 0.8515
Epoch 043, Loss: 0.7979
Epoch 044, Loss: 0.8542
Epoch 045, Loss: 0.8124
Epoch 046, Loss: 0.8263
Epoch 047, Loss: 0.8256
Epoch 048, Loss: 0.8146
Epoch 049, Loss: 0.8469
Epoch 050, Loss: 0.8390
Epoch 051, Loss: 0.8516
Epoch 052, Loss: 0.8122
Epoch 053, Loss: 0.8022
Epoch 054, Loss: 0.8166
Epoch 055, Loss: 0.8360
Epoch 056, Loss: 0.8507
Epoch 057, Loss: 0.7805
Epoch 058, Loss: 0.7754
Epoch 059, Loss: 0.8069
Epoch 060, Loss: 0.7939
Epoch 061, Loss: 0.8320
Epoch 062, Loss: 0.7443
Epoch 063, Loss: 0.8135
Epoch 064, Loss: 0.7622
Epoch 065, Loss: 0.7491
Epoch 066, Loss: 0.7623
Epoch 067, Loss: 0.7011
Epoch 068, Loss: 0.7180
Epoch 069, Loss: 0.7131
Epoch 070, Loss: 0.7010
Epoch 071, Loss: 0.7172
Epoch 072, Loss: 0.6843
Epoch 073, Loss: 0.6864
Epoch 074, Loss: 0.7214
Epoch 075, Loss: 0.6937
Epoch 076, Loss: 0.7150
Epoch 077, Loss: 0.7129
Epoch 078, Loss: 0.6752
Epoch 079, Loss: 0.6583
Epoch 080, Loss: 0.6735
Epoch 081, Loss: 0.6956
Epoch 082, Loss: 0.6796
Epoch 083, Loss: 0.6422
Epoch 084, Loss: 0.6597
Epoch 085, Loss: 0.6888
Epoch 086, Loss: 0.6736
Epoch 087, Loss: 0.6737
Epoch 088, Loss: 0.6817
Epoch 089, Loss: 0.6257
Epoch 090, Loss: 0.6181
Epoch 091, Loss: 0.6525
Epoch 092, Loss: 0.6536
Epoch 093, Loss: 0.6379
Epoch 094, Loss: 0.6053
Epoch 095, Loss: 0.6850
Epoch 096, Loss: 0.6007
Epoch 097, Loss: 0.6602
Epoch 098, Loss: 0.6391
Epoch 099, Loss: 0.5778
Epoch 100, Loss: 0.6695

Test RMSE: 0.6763
Test MAPE: 0.2175
Training time: 8.74 seconds
Model saved to Models/GCN_model_12.pkl

 Training on dataset_15_nodes.csv...
Total rows in CSV: 50
15 120
15 120
15 120
15 120
15 120
15 120
15 120
15 120
15 120
15 120
15 120
15 120
15 120
15 120
15 120
15 120
15 120
15 120
15 120
15 120
15 120
15 120
15 120
15 120
15 120
15 120
15 120
15 120
15 120
15 120
15 120
15 120
15 120
15 120
15 120
15 120
15 120
15 120
15 120
15 120
15 120
15 120
15 120
15 120
15 120
15 120
15 120
15 120
15 120
15 120
Loaded 50 valid graphs.
Epoch 001, Loss: 5.2502
Epoch 002, Loss: 1.0898
Epoch 003, Loss: 0.8955
Epoch 004, Loss: 1.0168
Epoch 005, Loss: 1.0373
Epoch 006, Loss: 0.9866
Epoch 007, Loss: 0.9697
Epoch 008, Loss: 0.9818
Epoch 009, Loss: 0.9144
Epoch 010, Loss: 0.9844
Epoch 011, Loss: 0.9354
Epoch 012, Loss: 0.9277
Epoch 013, Loss: 0.9015
Epoch 014, Loss: 0.9100
Epoch 015, Loss: 0.9217
Epoch 016, Loss: 0.9372
Epoch 017, Loss: 0.9045
Epoch 018, Loss: 0.9124
Epoch 019, Loss: 0.9103
Epoch 020, Loss: 0.9858
Epoch 021, Loss: 1.0029
Epoch 022, Loss: 0.8930
Epoch 023, Loss: 0.8547
Epoch 024, Loss: 0.8274
Epoch 025, Loss: 0.8294
Epoch 026, Loss: 0.8606
Epoch 027, Loss: 0.8377
Epoch 028, Loss: 0.8116
Epoch 029, Loss: 0.8397
Epoch 030, Loss: 0.8847
Epoch 031, Loss: 0.8819
Epoch 032, Loss: 0.8574
Epoch 033, Loss: 0.7774
Epoch 034, Loss: 0.8203
Epoch 035, Loss: 0.7852
Epoch 036, Loss: 0.7807
Epoch 037, Loss: 0.7902
Epoch 038, Loss: 0.8667
Epoch 039, Loss: 0.7742
Epoch 040, Loss: 0.7531
Epoch 041, Loss: 0.9056
Epoch 042, Loss: 0.7484
Epoch 043, Loss: 0.7425
Epoch 044, Loss: 0.7687
Epoch 045, Loss: 0.7070
Epoch 046, Loss: 0.7297
Epoch 047, Loss: 0.7009
Epoch 048, Loss: 0.6784
Epoch 049, Loss: 0.6824
Epoch 050, Loss: 0.6810
Epoch 051, Loss: 0.6665
Epoch 052, Loss: 0.7072
Epoch 053, Loss: 0.7162
Epoch 054, Loss: 0.6747
Epoch 055, Loss: 0.6392
Epoch 056, Loss: 0.6065
Epoch 057, Loss: 0.7116
Epoch 058, Loss: 0.6123
Epoch 059, Loss: 0.6249
Epoch 060, Loss: 0.6188
Epoch 061, Loss: 0.6609
Epoch 062, Loss: 0.6440
Epoch 063, Loss: 0.7049
Epoch 064, Loss: 0.6284
Epoch 065, Loss: 0.6086
Epoch 066, Loss: 0.5957
Epoch 067, Loss: 0.6190
Epoch 068, Loss: 0.6377
Epoch 069, Loss: 0.6358
Epoch 070, Loss: 0.5777
Epoch 071, Loss: 0.7229
Epoch 072, Loss: 0.6069
Epoch 073, Loss: 0.6474
Epoch 074, Loss: 0.5926
Epoch 075, Loss: 0.5714
Epoch 076, Loss: 0.6206
Epoch 077, Loss: 0.5874
Epoch 078, Loss: 0.5560
Epoch 079, Loss: 0.5635
Epoch 080, Loss: 0.5210
Epoch 081, Loss: 0.6556
Epoch 082, Loss: 0.6354
Epoch 083, Loss: 0.5760
Epoch 084, Loss: 0.5948
Epoch 085, Loss: 0.5736
Epoch 086, Loss: 0.5550
Epoch 087, Loss: 0.5609
Epoch 088, Loss: 0.5507
Epoch 089, Loss: 0.5258
Epoch 090, Loss: 0.6179
Epoch 091, Loss: 0.5219
Epoch 092, Loss: 0.5071
Epoch 093, Loss: 0.5286
Epoch 094, Loss: 0.4856
Epoch 095, Loss: 0.6232
Epoch 096, Loss: 0.5100
Epoch 097, Loss: 0.4982
Epoch 098, Loss: 0.4966
Epoch 099, Loss: 0.6124
Epoch 100, Loss: 0.5992

Test RMSE: 0.7828
Test MAPE: 0.2189
Training time: 8.82 seconds
Model saved to Models/GCN_model_15.pkl

 Training on dataset_20_nodes.csv...
Total rows in CSV: 50
20 210
20 210
20 210
20 210
20 210
20 210
20 210
20 210
20 210
20 210
20 210
20 210
20 210
20 210
20 210
20 210
20 210
20 210
20 210
20 210
20 210
20 210
20 210
20 210
20 210
20 210
20 210
20 210
20 210
20 210
20 210
20 210
20 210
20 210
20 210
20 210
20 210
20 210
20 210
20 210
20 210
20 210
20 210
20 210
20 210
20 210
20 210
20 210
20 210
20 210
Loaded 50 valid graphs.
Epoch 001, Loss: 7.5658
Epoch 002, Loss: 1.2405
Epoch 003, Loss: 1.2299
Epoch 004, Loss: 1.2001
Epoch 005, Loss: 1.1967
Epoch 006, Loss: 1.3542
Epoch 007, Loss: 1.2457
Epoch 008, Loss: 1.2641
Epoch 009, Loss: 1.2820
Epoch 010, Loss: 1.2971
Epoch 011, Loss: 1.1944
Epoch 012, Loss: 1.2419
Epoch 013, Loss: 1.2899
Epoch 014, Loss: 1.3816
Epoch 015, Loss: 1.2296
Epoch 016, Loss: 1.1870
Epoch 017, Loss: 1.2724
Epoch 018, Loss: 1.2154
Epoch 019, Loss: 1.2114
Epoch 020, Loss: 1.3150
Epoch 021, Loss: 1.2622
Epoch 022, Loss: 1.1933
Epoch 023, Loss: 1.1252
Epoch 024, Loss: 1.0875
Epoch 025, Loss: 1.0934
Epoch 026, Loss: 1.1279
Epoch 027, Loss: 1.1501
Epoch 028, Loss: 1.0399
Epoch 029, Loss: 1.0296
Epoch 030, Loss: 1.0229
Epoch 031, Loss: 0.9802
Epoch 032, Loss: 1.1333
Epoch 033, Loss: 1.0479
Epoch 034, Loss: 0.9722
Epoch 035, Loss: 1.0051
Epoch 036, Loss: 0.8970
Epoch 037, Loss: 1.0798
Epoch 038, Loss: 0.8746
Epoch 039, Loss: 0.9194
Epoch 040, Loss: 0.8909
Epoch 041, Loss: 1.0388
Epoch 042, Loss: 0.9107
Epoch 043, Loss: 0.8777
Epoch 044, Loss: 0.8040
Epoch 045, Loss: 0.8488
Epoch 046, Loss: 0.8669
Epoch 047, Loss: 0.8652
Epoch 048, Loss: 0.8538
Epoch 049, Loss: 0.8320
Epoch 050, Loss: 0.8030
Epoch 051, Loss: 0.7678
Epoch 052, Loss: 0.7721
Epoch 053, Loss: 0.8823
Epoch 054, Loss: 0.7673
Epoch 055, Loss: 0.9001
Epoch 056, Loss: 0.7568
Epoch 057, Loss: 0.7767
Epoch 058, Loss: 0.7881
Epoch 059, Loss: 0.7520
Epoch 060, Loss: 0.8132
Epoch 061, Loss: 0.7336
Epoch 062, Loss: 0.7102
Epoch 063, Loss: 0.8350
Epoch 064, Loss: 0.7420
Epoch 065, Loss: 0.7318
Epoch 066, Loss: 0.7381
Epoch 067, Loss: 0.7465
Epoch 068, Loss: 0.6755
Epoch 069, Loss: 0.7163
Epoch 070, Loss: 0.8062
Epoch 071, Loss: 0.8356
Epoch 072, Loss: 0.7294
Epoch 073, Loss: 0.7425
Epoch 074, Loss: 0.7415
Epoch 075, Loss: 0.7392
Epoch 076, Loss: 0.7732
Epoch 077, Loss: 0.7227
Epoch 078, Loss: 0.6703
Epoch 079, Loss: 0.6863
Epoch 080, Loss: 0.7071
Epoch 081, Loss: 0.7377
Epoch 082, Loss: 0.6840
Epoch 083, Loss: 0.6834
Epoch 084, Loss: 0.6858
Epoch 085, Loss: 0.6363
Epoch 086, Loss: 0.6839
Epoch 087, Loss: 0.6409
Epoch 088, Loss: 0.6285
Epoch 089, Loss: 0.6890
Epoch 090, Loss: 0.6888
Epoch 091, Loss: 0.6516
Epoch 092, Loss: 0.6163
Epoch 093, Loss: 0.6449
Epoch 094, Loss: 0.6553
Epoch 095, Loss: 0.6462
Epoch 096, Loss: 0.6245
Epoch 097, Loss: 0.6308
Epoch 098, Loss: 0.6315
Epoch 099, Loss: 0.7856
Epoch 100, Loss: 0.7075

Test RMSE: 0.9171
Test MAPE: 0.2539
Training time: 9.14 seconds
Model saved to Models/GCN_model_20.pkl

 Training on dataset_25_nodes.csv...
Total rows in CSV: 50
25 325
25 325
25 325
25 325
25 325
25 325
25 325
25 325
25 325
25 325
25 325
25 325
25 325
25 325
25 325
25 325
25 325
25 325
25 325
25 325
25 325
25 325
25 325
25 325
25 325
25 325
25 325
25 325
25 325
25 325
25 325
25 325
25 325
25 325
25 325
25 325
25 325
25 325
25 325
25 325
25 325
25 325
25 325
25 325
25 325
25 325
25 325
25 325
25 325
25 325
Loaded 50 valid graphs.
Epoch 001, Loss: 10.0039
Epoch 002, Loss: 1.8324
Epoch 003, Loss: 1.5562
Epoch 004, Loss: 1.9639
Epoch 005, Loss: 1.7356
Epoch 006, Loss: 1.5984
Epoch 007, Loss: 1.6463
Epoch 008, Loss: 2.0539
Epoch 009, Loss: 1.5763
Epoch 010, Loss: 1.9499
Epoch 011, Loss: 1.6163
Epoch 012, Loss: 1.6186
Epoch 013, Loss: 1.8219
Epoch 014, Loss: 1.5813
Epoch 015, Loss: 1.4726
Epoch 016, Loss: 1.4803
Epoch 017, Loss: 1.5413
Epoch 018, Loss: 1.5253
Epoch 019, Loss: 1.5756
Epoch 020, Loss: 1.6623
Epoch 021, Loss: 1.5235
Epoch 022, Loss: 1.4430
Epoch 023, Loss: 1.5823
Epoch 024, Loss: 1.5948
Epoch 025, Loss: 1.5513
Epoch 026, Loss: 1.4860
Epoch 027, Loss: 1.6442
Epoch 028, Loss: 1.5748
Epoch 029, Loss: 1.6001
Epoch 030, Loss: 1.4475
Epoch 031, Loss: 1.6509
Epoch 032, Loss: 1.5567
Epoch 033, Loss: 1.5366
Epoch 034, Loss: 1.6321
Epoch 035, Loss: 1.7974
Epoch 036, Loss: 1.4208
Epoch 037, Loss: 1.9006
Epoch 038, Loss: 1.5886
Epoch 039, Loss: 1.7285
Epoch 040, Loss: 1.4522
Epoch 041, Loss: 1.5237
Epoch 042, Loss: 1.5333
Epoch 043, Loss: 1.5685
Epoch 044, Loss: 1.5563
Epoch 045, Loss: 1.4219
Epoch 046, Loss: 1.3862
Epoch 047, Loss: 1.5591
Epoch 048, Loss: 1.6500
Epoch 049, Loss: 1.5051
Epoch 050, Loss: 1.2604
Epoch 051, Loss: 1.6021
Epoch 052, Loss: 1.5340
Epoch 053, Loss: 1.4315
Epoch 054, Loss: 1.5349
Epoch 055, Loss: 1.6004
Epoch 056, Loss: 1.6174
Epoch 057, Loss: 1.4208
Epoch 058, Loss: 1.4688
Epoch 059, Loss: 1.3493
Epoch 060, Loss: 1.3679
Epoch 061, Loss: 1.5637
Epoch 062, Loss: 1.4552
Epoch 063, Loss: 1.4542
Epoch 064, Loss: 1.6393
Epoch 065, Loss: 1.5490
Epoch 066, Loss: 1.4782
Epoch 067, Loss: 1.5623
Epoch 068, Loss: 1.4673
Epoch 069, Loss: 1.4426
Epoch 070, Loss: 1.4888
Epoch 071, Loss: 1.4908
Epoch 072, Loss: 1.4857
Epoch 073, Loss: 1.4001
Epoch 074, Loss: 1.3701
Epoch 075, Loss: 1.4463
Epoch 076, Loss: 1.6075
Epoch 077, Loss: 1.4890
Epoch 078, Loss: 1.4264
Epoch 079, Loss: 1.4756
Epoch 080, Loss: 1.4602
Epoch 081, Loss: 1.4190
Epoch 082, Loss: 1.5404
Epoch 083, Loss: 1.4508
Epoch 084, Loss: 1.4185
Epoch 085, Loss: 1.3573
Epoch 086, Loss: 1.4793
Epoch 087, Loss: 1.4033
Epoch 088, Loss: 1.3858
Epoch 089, Loss: 1.4339
Epoch 090, Loss: 1.4035
Epoch 091, Loss: 1.4074
Epoch 092, Loss: 1.3186
Epoch 093, Loss: 1.3421
Epoch 094, Loss: 1.4721
Epoch 095, Loss: 1.4467
Epoch 096, Loss: 1.4387
Epoch 097, Loss: 1.6052
Epoch 098, Loss: 1.4700
Epoch 099, Loss: 1.5069
Epoch 100, Loss: 1.4754

Test RMSE: 1.5597
Test MAPE: 0.2438
Training time: 9.13 seconds
Model saved to Models/GCN_model_25.pkl

 Training on dataset_full.csv...
Total rows in CSV: 250
25 325
25 325
25 325
25 325
25 325
25 325
25 325
25 325
25 325
25 325
25 325
25 325
25 325
25 325
25 325
25 325
25 325
25 325
25 325
25 325
25 325
25 325
25 325
25 325
25 325
25 325
25 325
25 325
25 325
25 325
25 325
25 325
25 325
25 325
25 325
25 325
25 325
25 325
25 325
25 325
25 325
25 325
25 325
25 325
25 325
25 325
25 325
25 325
25 325
25 325
25 325
25 325
25 325
25 325
25 325
25 325
25 325
25 325
25 325
25 325
25 325
25 325
25 325
25 325
25 325
25 325
25 325
25 325
25 325
25 325
25 325
25 325
25 325
25 325
25 325
25 325
25 325
25 325
25 325
25 325
25 325
25 325
25 325
25 325
25 325
25 325
25 325
25 325
25 325
25 325
25 325
25 325
25 325
25 325
25 325
25 325
25 325
25 325
25 325
25 325
25 325
25 325
25 325
25 325
25 325
25 325
25 325
25 325
25 325
25 325
25 325
25 325
25 325
25 325
25 325
25 325
25 325
25 325
25 325
25 325
25 325
25 325
25 325
25 325
25 325
25 325
25 325
25 325
25 325
25 325
25 325
25 325
25 325
25 325
25 325
25 325
25 325
25 325
25 325
25 325
25 325
25 325
25 325
25 325
25 325
25 325
25 325
25 325
25 325
25 325
25 325
25 325
25 325
25 325
25 325
25 325
25 325
25 325
25 325
25 325
25 325
25 325
25 325
25 325
25 325
25 325
25 325
25 325
25 325
25 325
25 325
25 325
25 325
25 325
25 325
25 325
25 325
25 325
25 325
25 325
25 325
25 325
25 325
25 325
25 325
25 325
25 325
25 325
25 325
25 325
25 325
25 325
25 325
25 325
25 325
25 325
25 325
25 325
25 325
25 325
25 325
25 325
25 325
25 325
25 325
25 325
25 325
25 325
25 325
25 325
25 325
25 325
25 325
25 325
25 325
25 325
25 325
25 325
25 325
25 325
25 325
25 325
25 325
25 325
25 325
25 325
25 325
25 325
25 325
25 325
25 325
25 325
25 325
25 325
25 325
25 325
25 325
25 325
25 325
25 325
25 325
25 325
25 325
25 325
25 325
25 325
25 325
25 325
25 325
25 325
Loaded 250 valid graphs.
Epoch 001, Loss: 3.8784
Epoch 002, Loss: 3.3780
Epoch 003, Loss: 2.8486
Epoch 004, Loss: 1.2193
Epoch 005, Loss: 0.8009
Epoch 006, Loss: 0.7292
Epoch 007, Loss: 0.6834
Epoch 008, Loss: 0.6697
Epoch 009, Loss: 0.6705
Epoch 010, Loss: 0.6825
Epoch 011, Loss: 0.6783
Epoch 012, Loss: 0.6601
Epoch 013, Loss: 0.6892
Epoch 014, Loss: 0.6012
Epoch 015, Loss: 0.6035
Epoch 016, Loss: 0.6062
Epoch 017, Loss: 0.6527
Epoch 018, Loss: 0.6937
Epoch 019, Loss: 0.6733
Epoch 020, Loss: 0.6768
Epoch 021, Loss: 0.6315
Epoch 022, Loss: 0.5739
Epoch 023, Loss: 0.6246
Epoch 024, Loss: 0.5777
Epoch 025, Loss: 0.6215
Epoch 026, Loss: 0.5714
Epoch 027, Loss: 0.6076
Epoch 028, Loss: 0.5951
Epoch 029, Loss: 0.6067
Epoch 030, Loss: 0.6056
Epoch 031, Loss: 0.5907
Epoch 032, Loss: 0.5766
Epoch 033, Loss: 0.6020
Epoch 034, Loss: 0.5392
Epoch 035, Loss: 0.6069
Epoch 036, Loss: 0.5795
Epoch 037, Loss: 0.5679
Epoch 038, Loss: 0.5746
Epoch 039, Loss: 0.5600
Epoch 040, Loss: 0.5594
Epoch 041, Loss: 0.5664
Epoch 042, Loss: 0.5787
Epoch 043, Loss: 0.5667
Epoch 044, Loss: 0.5789
Epoch 045, Loss: 0.5400
Epoch 046, Loss: 0.5759
Epoch 047, Loss: 0.5501
Epoch 048, Loss: 0.5491
Epoch 049, Loss: 0.5345
Epoch 050, Loss: 0.5650
Epoch 051, Loss: 0.5744
Epoch 052, Loss: 0.5557
Epoch 053, Loss: 0.5333
Epoch 054, Loss: 0.5651
Epoch 055, Loss: 0.5514
Epoch 056, Loss: 0.5579
Epoch 057, Loss: 0.5253
Epoch 058, Loss: 0.5247
Epoch 059, Loss: 0.5412
Epoch 060, Loss: 0.5428
Epoch 061, Loss: 0.5510
Epoch 062, Loss: 0.5129
Epoch 063, Loss: 0.5104
Epoch 064, Loss: 0.5547
Epoch 065, Loss: 0.5363
Epoch 066, Loss: 0.5533
Epoch 067, Loss: 0.5187
Epoch 068, Loss: 0.5314
Epoch 069, Loss: 0.5279
Epoch 070, Loss: 0.5047
Epoch 071, Loss: 0.5330
Epoch 072, Loss: 0.5358
Epoch 073, Loss: 0.5205
Epoch 074, Loss: 0.5166
Epoch 075, Loss: 0.4855
Epoch 076, Loss: 0.5092
Epoch 077, Loss: 0.5521
Epoch 078, Loss: 0.5127
Epoch 079, Loss: 0.5175
Epoch 080, Loss: 0.5198
Epoch 081, Loss: 0.4911
Epoch 082, Loss: 0.4852
Epoch 083, Loss: 0.5174
Epoch 084, Loss: 0.4747
Epoch 085, Loss: 0.5256
Epoch 086, Loss: 0.5312
Epoch 087, Loss: 0.4887
Epoch 088, Loss: 0.4480
Epoch 089, Loss: 0.4813
Epoch 090, Loss: 0.5396
Epoch 091, Loss: 0.4786
Epoch 092, Loss: 0.5062
Epoch 093, Loss: 0.4706
Epoch 094, Loss: 0.5580
Epoch 095, Loss: 0.4910
Epoch 096, Loss: 0.4583
Epoch 097, Loss: 0.4853
Epoch 098, Loss: 0.5262
Epoch 099, Loss: 0.5008
Epoch 100, Loss: 0.4615

Test RMSE: 0.7581
Test MAPE: 229945787809792.0000
Training time: 44.04 seconds
Model saved to Models/GCN_model_full.pkl

Metrics saved to Models/Graph_Neural_Training_metrics.csv

 **Final Training Results:**
node_size model_type  test_size     rmse         mape  training_time         model_file
       10   Q_values        0.2 0.611583 2.140530e-01       9.509104   GNN_model_10.pkl
       12   Q_values        0.2 0.676324 2.175152e-01       8.741048   GNN_model_12.pkl
       15   Q_values        0.2 0.782764 2.188813e-01       8.820116   GNN_model_15.pkl
       20   Q_values        0.2 0.917121 2.538929e-01       9.139390   GNN_model_20.pkl
       25   Q_values        0.2 1.559663 2.437683e-01       9.130302   GNN_model_25.pkl
     full   Q_values        0.2 0.758107 2.299458e+14      44.042581 GNN_model_full.pkl

 Training complete for all datasets!
  adding: Models/ (stored 0%)
  adding: Models/GCN_model_12.pkl (deflated 22%)
  adding: Models/GCN_model_full.pkl (deflated 21%)
  adding: Models/GCN_model_20.pkl (deflated 23%)
  adding: Models/Graph_Neural_Training_results.txt (deflated 60%)
  adding: Models/GCN_model_15.pkl (deflated 22%)
  adding: Models/Graph_Neural_Training_metrics.csv (deflated 50%)
  adding: Models/GCN_model_25.pkl (deflated 20%)
  adding: Models/GCN_model_10.pkl (deflated 23%)
