
 Training on dataset_10_nodes.csv...
Total rows in CSV: 50
10 55
10 55
10 55
10 55
10 55
10 55
10 55
10 55
10 55
10 55
10 55
10 55
10 55
10 55
10 55
10 55
10 55
10 55
10 55
10 55
10 55
10 55
10 55
10 55
10 55
10 55
10 55
10 55
10 55
10 55
10 55
10 55
10 55
10 55
10 55
10 55
10 55
10 55
10 55
10 55
10 55
10 55
10 55
10 55
10 55
10 55
10 55
10 55
10 55
10 55
Loaded 50 valid graphs.
Epoch 001, Loss: 3.0221
Epoch 002, Loss: 0.6501
Epoch 003, Loss: 0.5672
Epoch 004, Loss: 0.6134
Epoch 005, Loss: 0.6271
Epoch 006, Loss: 0.5756
Epoch 007, Loss: 0.5929
Epoch 008, Loss: 0.5472
Epoch 009, Loss: 0.5820
Epoch 010, Loss: 0.5967
Epoch 011, Loss: 0.5737
Epoch 012, Loss: 0.5264
Epoch 013, Loss: 0.6049
Epoch 014, Loss: 0.5402
Epoch 015, Loss: 0.5615
Epoch 016, Loss: 0.5435
Epoch 017, Loss: 0.5540
Epoch 018, Loss: 0.5778
Epoch 019, Loss: 0.6374
Epoch 020, Loss: 0.5800
Epoch 021, Loss: 0.5580
Epoch 022, Loss: 0.5700
Epoch 023, Loss: 0.5918
Epoch 024, Loss: 0.5647
Epoch 025, Loss: 0.5734
Epoch 026, Loss: 0.5954
Epoch 027, Loss: 0.5898
Epoch 028, Loss: 0.5618
Epoch 029, Loss: 0.5484
Epoch 030, Loss: 0.5784
Epoch 031, Loss: 0.5890
Epoch 032, Loss: 0.6445
Epoch 033, Loss: 0.5919
Epoch 034, Loss: 0.5435
Epoch 035, Loss: 0.5563
Epoch 036, Loss: 0.5432
Epoch 037, Loss: 0.5562
Epoch 038, Loss: 0.5510
Epoch 039, Loss: 0.5458
Epoch 040, Loss: 0.5958
Epoch 041, Loss: 0.5836
Epoch 042, Loss: 0.5761
Epoch 043, Loss: 0.5429
Epoch 044, Loss: 0.5470
Epoch 045, Loss: 0.5457
Epoch 046, Loss: 0.5462
Epoch 047, Loss: 0.5451
Epoch 048, Loss: 0.5492
Epoch 049, Loss: 0.5717
Epoch 050, Loss: 0.5873
Epoch 051, Loss: 0.5491
Epoch 052, Loss: 0.5362
Epoch 053, Loss: 0.5518
Epoch 054, Loss: 0.5360
Epoch 055, Loss: 0.5521
Epoch 056, Loss: 0.5719
Epoch 057, Loss: 0.5234
Epoch 058, Loss: 0.5113
Epoch 059, Loss: 0.5164
Epoch 060, Loss: 0.5278
Epoch 061, Loss: 0.5151
Epoch 062, Loss: 0.5166
Epoch 063, Loss: 0.5042
Epoch 064, Loss: 0.5531
Epoch 065, Loss: 0.5078
Epoch 066, Loss: 0.5413
Epoch 067, Loss: 0.5166
Epoch 068, Loss: 0.5002
Epoch 069, Loss: 0.5147
Epoch 070, Loss: 0.5144
Epoch 071, Loss: 0.5003
Epoch 072, Loss: 0.5056
Epoch 073, Loss: 0.5018
Epoch 074, Loss: 0.4908
Epoch 075, Loss: 0.5340
Epoch 076, Loss: 0.5095
Epoch 077, Loss: 0.5005
Epoch 078, Loss: 0.5031
Epoch 079, Loss: 0.4988
Epoch 080, Loss: 0.4923
Epoch 081, Loss: 0.4930
Epoch 082, Loss: 0.4933
Epoch 083, Loss: 0.4854
Epoch 084, Loss: 0.4908
Epoch 085, Loss: 0.4871
Epoch 086, Loss: 0.4959
Epoch 087, Loss: 0.4807
Epoch 088, Loss: 0.4799
Epoch 089, Loss: 0.4850
Epoch 090, Loss: 0.4756
Epoch 091, Loss: 0.4808
Epoch 092, Loss: 0.4729
Epoch 093, Loss: 0.4819
Epoch 094, Loss: 0.4704
Epoch 095, Loss: 0.4713
Epoch 096, Loss: 0.4621
Epoch 097, Loss: 0.4856
Epoch 098, Loss: 0.4682
Epoch 099, Loss: 0.4434
Epoch 100, Loss: 0.4538

Test RMSE: 0.6406
Test MAPE: 0.2362
Training time: 10.38 seconds
Model saved to Models/GCN_model_10.pkl

 Training on dataset_12_nodes.csv...
Total rows in CSV: 50
12 78
12 78
12 78
12 78
12 78
12 78
12 78
12 78
12 78
12 78
12 78
12 78
12 78
12 78
12 78
12 78
12 78
12 78
12 78
12 78
12 78
12 78
12 78
12 78
12 78
12 78
12 78
12 78
12 78
12 78
12 78
12 78
12 78
12 78
12 78
12 78
12 78
12 78
12 78
12 78
12 78
12 78
12 78
12 78
12 78
12 78
12 78
12 78
12 78
12 78
Loaded 50 valid graphs.
Epoch 001, Loss: 3.6640
Epoch 002, Loss: 0.8432
Epoch 003, Loss: 0.8537
Epoch 004, Loss: 0.9481
Epoch 005, Loss: 0.8633
Epoch 006, Loss: 0.8544
Epoch 007, Loss: 0.8956
Epoch 008, Loss: 0.8683
Epoch 009, Loss: 0.8129
Epoch 010, Loss: 0.9468
Epoch 011, Loss: 0.8648
Epoch 012, Loss: 0.8305
Epoch 013, Loss: 0.8597
Epoch 014, Loss: 0.9092
Epoch 015, Loss: 0.8795
Epoch 016, Loss: 0.8571
Epoch 017, Loss: 0.8602
Epoch 018, Loss: 0.8423
Epoch 019, Loss: 0.8528
Epoch 020, Loss: 0.8316
Epoch 021, Loss: 0.8330
Epoch 022, Loss: 0.8187
Epoch 023, Loss: 0.8214
Epoch 024, Loss: 0.8238
Epoch 025, Loss: 0.8228
Epoch 026, Loss: 0.8356
Epoch 027, Loss: 0.8264
Epoch 028, Loss: 0.8817
Epoch 029, Loss: 0.8311
Epoch 030, Loss: 0.8255
Epoch 031, Loss: 0.8180
Epoch 032, Loss: 0.8946
Epoch 033, Loss: 0.8435
Epoch 034, Loss: 0.8504
Epoch 035, Loss: 0.8754
Epoch 036, Loss: 0.7628
Epoch 037, Loss: 0.8351
Epoch 038, Loss: 0.7889
Epoch 039, Loss: 0.8227
Epoch 040, Loss: 0.8203
Epoch 041, Loss: 0.7701
Epoch 042, Loss: 0.7919
Epoch 043, Loss: 0.9083
Epoch 044, Loss: 0.8546
Epoch 045, Loss: 0.7987
Epoch 046, Loss: 0.8288
Epoch 047, Loss: 0.7942
Epoch 048, Loss: 0.7767
Epoch 049, Loss: 0.7917
Epoch 050, Loss: 0.7878
Epoch 051, Loss: 0.7814
Epoch 052, Loss: 0.7935
Epoch 053, Loss: 0.8249
Epoch 054, Loss: 0.7432
Epoch 055, Loss: 0.7684
Epoch 056, Loss: 0.7556
Epoch 057, Loss: 0.7623
Epoch 058, Loss: 0.7336
Epoch 059, Loss: 0.7397
Epoch 060, Loss: 0.7847
Epoch 061, Loss: 0.7304
Epoch 062, Loss: 0.7144
Epoch 063, Loss: 0.7132
Epoch 064, Loss: 0.7206
Epoch 065, Loss: 0.7007
Epoch 066, Loss: 0.7592
Epoch 067, Loss: 0.7318
Epoch 068, Loss: 0.6992
Epoch 069, Loss: 0.7207
Epoch 070, Loss: 0.7493
Epoch 071, Loss: 0.6886
Epoch 072, Loss: 0.7184
Epoch 073, Loss: 0.6526
Epoch 074, Loss: 0.6753
Epoch 075, Loss: 0.6619
Epoch 076, Loss: 0.6681
Epoch 077, Loss: 0.6838
Epoch 078, Loss: 0.6331
Epoch 079, Loss: 0.6558
Epoch 080, Loss: 0.6293
Epoch 081, Loss: 0.6677
Epoch 082, Loss: 0.6204
Epoch 083, Loss: 0.6373
Epoch 084, Loss: 0.6770
Epoch 085, Loss: 0.6245
Epoch 086, Loss: 0.6119
Epoch 087, Loss: 0.6113
Epoch 088, Loss: 0.6261
Epoch 089, Loss: 0.6208
Epoch 090, Loss: 0.5964
Epoch 091, Loss: 0.5848
Epoch 092, Loss: 0.5946
Epoch 093, Loss: 0.6171
Epoch 094, Loss: 0.5885
Epoch 095, Loss: 0.5929
Epoch 096, Loss: 0.5650
Epoch 097, Loss: 0.6004
Epoch 098, Loss: 0.5839
Epoch 099, Loss: 0.5798
Epoch 100, Loss: 0.5765

Test RMSE: 0.7221
Test MAPE: 0.2190
Training time: 9.56 seconds
Model saved to Models/GCN_model_12.pkl

 Training on dataset_15_nodes.csv...
Total rows in CSV: 50
15 120
15 120
15 120
15 120
15 120
15 120
15 120
15 120
15 120
15 120
15 120
15 120
15 120
15 120
15 120
15 120
15 120
15 120
15 120
15 120
15 120
15 120
15 120
15 120
15 120
15 120
15 120
15 120
15 120
15 120
15 120
15 120
15 120
15 120
15 120
15 120
15 120
15 120
15 120
15 120
15 120
15 120
15 120
15 120
15 120
15 120
15 120
15 120
15 120
15 120
Loaded 50 valid graphs.
Epoch 001, Loss: 4.8395
Epoch 002, Loss: 0.9203
Epoch 003, Loss: 0.9509
Epoch 004, Loss: 0.9108
Epoch 005, Loss: 0.9639
Epoch 006, Loss: 0.9312
Epoch 007, Loss: 1.0075
Epoch 008, Loss: 0.9301
Epoch 009, Loss: 0.9641
Epoch 010, Loss: 0.9679
Epoch 011, Loss: 0.9382
Epoch 012, Loss: 1.1760
Epoch 013, Loss: 0.9777
Epoch 014, Loss: 0.9143
Epoch 015, Loss: 0.8868
Epoch 016, Loss: 0.9347
Epoch 017, Loss: 0.9614
Epoch 018, Loss: 0.9585
Epoch 019, Loss: 0.9143
Epoch 020, Loss: 0.9035
Epoch 021, Loss: 0.9475
Epoch 022, Loss: 1.0376
Epoch 023, Loss: 0.9119
Epoch 024, Loss: 0.8960
Epoch 025, Loss: 0.9438
Epoch 026, Loss: 0.9633
Epoch 027, Loss: 0.8938
Epoch 028, Loss: 0.9594
Epoch 029, Loss: 0.8730
Epoch 030, Loss: 0.9836
Epoch 031, Loss: 0.8784
Epoch 032, Loss: 1.0055
Epoch 033, Loss: 1.0178
Epoch 034, Loss: 0.8764
Epoch 035, Loss: 0.8723
Epoch 036, Loss: 0.9192
Epoch 037, Loss: 0.9833
Epoch 038, Loss: 0.8971
Epoch 039, Loss: 0.9357
Epoch 040, Loss: 0.8842
Epoch 041, Loss: 0.8706
Epoch 042, Loss: 0.9776
Epoch 043, Loss: 0.8870
Epoch 044, Loss: 0.8808
Epoch 045, Loss: 0.9145
Epoch 046, Loss: 0.9237
Epoch 047, Loss: 0.8850
Epoch 048, Loss: 0.8589
Epoch 049, Loss: 0.9540
Epoch 050, Loss: 0.8954
Epoch 051, Loss: 0.8843
Epoch 052, Loss: 0.9620
Epoch 053, Loss: 0.8799
Epoch 054, Loss: 0.9020
Epoch 055, Loss: 0.8972
Epoch 056, Loss: 0.9188
Epoch 057, Loss: 0.9961
Epoch 058, Loss: 0.9380
Epoch 059, Loss: 0.9036
Epoch 060, Loss: 0.9336
Epoch 061, Loss: 0.8540
Epoch 062, Loss: 0.8727
Epoch 063, Loss: 0.8221
Epoch 064, Loss: 0.8759
Epoch 065, Loss: 0.8816
Epoch 066, Loss: 0.8563
Epoch 067, Loss: 0.8452
Epoch 068, Loss: 0.8134
Epoch 069, Loss: 0.7944
Epoch 070, Loss: 0.8461
Epoch 071, Loss: 0.8134
Epoch 072, Loss: 0.7446
Epoch 073, Loss: 0.8633
Epoch 074, Loss: 0.7894
Epoch 075, Loss: 0.7944
Epoch 076, Loss: 0.7576
Epoch 077, Loss: 0.8213
Epoch 078, Loss: 0.7895
Epoch 079, Loss: 0.7875
Epoch 080, Loss: 0.8577
Epoch 081, Loss: 0.7685
Epoch 082, Loss: 0.7313
Epoch 083, Loss: 0.7506
Epoch 084, Loss: 0.7149
Epoch 085, Loss: 0.7089
Epoch 086, Loss: 0.7558
Epoch 087, Loss: 0.7472
Epoch 088, Loss: 0.6967
Epoch 089, Loss: 0.7528
Epoch 090, Loss: 0.6846
Epoch 091, Loss: 0.6798
Epoch 092, Loss: 0.6979
Epoch 093, Loss: 0.6338
Epoch 094, Loss: 0.6187
Epoch 095, Loss: 0.7297
Epoch 096, Loss: 0.6538
Epoch 097, Loss: 0.6533
Epoch 098, Loss: 0.6272
Epoch 099, Loss: 0.6517
Epoch 100, Loss: 0.6313

Test RMSE: 0.7896
Test MAPE: 0.2066
Training time: 9.75 seconds
Model saved to Models/GCN_model_15.pkl

 Training on dataset_20_nodes.csv...
Total rows in CSV: 50
20 210
20 210
20 210
20 210
20 210
20 210
20 210
20 210
20 210
20 210
20 210
20 210
20 210
20 210
20 210
20 210
20 210
20 210
20 210
20 210
20 210
20 210
20 210
20 210
20 210
20 210
20 210
20 210
20 210
20 210
20 210
20 210
20 210
20 210
20 210
20 210
20 210
20 210
20 210
20 210
20 210
20 210
20 210
20 210
20 210
20 210
20 210
20 210
20 210
20 210
Loaded 50 valid graphs.
Epoch 001, Loss: 6.3560
Epoch 002, Loss: 1.3020
Epoch 003, Loss: 1.2771
Epoch 004, Loss: 1.4465
Epoch 005, Loss: 1.2827
Epoch 006, Loss: 1.2242
Epoch 007, Loss: 1.2128
Epoch 008, Loss: 1.3890
Epoch 009, Loss: 1.2396
Epoch 010, Loss: 1.2021
Epoch 011, Loss: 1.3876
Epoch 012, Loss: 1.2717
Epoch 013, Loss: 1.4617
Epoch 014, Loss: 1.1383
Epoch 015, Loss: 1.2831
Epoch 016, Loss: 1.2377
Epoch 017, Loss: 1.2401
Epoch 018, Loss: 1.2809
Epoch 019, Loss: 1.2140
Epoch 020, Loss: 1.3264
Epoch 021, Loss: 1.2008
Epoch 022, Loss: 1.2004
Epoch 023, Loss: 1.1589
Epoch 024, Loss: 1.2535
Epoch 025, Loss: 1.2208
Epoch 026, Loss: 1.4254
Epoch 027, Loss: 1.2071
Epoch 028, Loss: 1.2312
Epoch 029, Loss: 1.1673
Epoch 030, Loss: 1.2530
Epoch 031, Loss: 1.1589
Epoch 032, Loss: 1.0349
Epoch 033, Loss: 1.1854
Epoch 034, Loss: 1.0224
Epoch 035, Loss: 1.0433
Epoch 036, Loss: 1.0938
Epoch 037, Loss: 1.1461
Epoch 038, Loss: 1.2821
Epoch 039, Loss: 1.0063
Epoch 040, Loss: 0.9889
Epoch 041, Loss: 0.9025
Epoch 042, Loss: 0.9302
Epoch 043, Loss: 0.9048
Epoch 044, Loss: 1.0009
Epoch 045, Loss: 0.9457
Epoch 046, Loss: 1.0376
Epoch 047, Loss: 0.8918
Epoch 048, Loss: 0.9511
Epoch 049, Loss: 0.9570
Epoch 050, Loss: 0.8085
Epoch 051, Loss: 0.8729
Epoch 052, Loss: 0.7959
Epoch 053, Loss: 0.7758
Epoch 054, Loss: 0.7263
Epoch 055, Loss: 0.7842
Epoch 056, Loss: 0.7634
Epoch 057, Loss: 0.7680
Epoch 058, Loss: 0.8256
Epoch 059, Loss: 0.7934
Epoch 060, Loss: 0.8057
Epoch 061, Loss: 0.7551
Epoch 062, Loss: 0.7606
Epoch 063, Loss: 0.7358
Epoch 064, Loss: 0.6978
Epoch 065, Loss: 0.6967
Epoch 066, Loss: 0.7181
Epoch 067, Loss: 0.7089
Epoch 068, Loss: 0.6660
Epoch 069, Loss: 0.7216
Epoch 070, Loss: 0.6832
Epoch 071, Loss: 0.7078
Epoch 072, Loss: 0.6708
Epoch 073, Loss: 0.6636
Epoch 074, Loss: 0.6818
Epoch 075, Loss: 0.6875
Epoch 076, Loss: 0.6702
Epoch 077, Loss: 0.7326
Epoch 078, Loss: 0.6221
Epoch 079, Loss: 0.6564
Epoch 080, Loss: 0.7446
Epoch 081, Loss: 0.6799
Epoch 082, Loss: 0.7160
Epoch 083, Loss: 0.6292
Epoch 084, Loss: 0.6160
Epoch 085, Loss: 0.6607
Epoch 086, Loss: 0.6626
Epoch 087, Loss: 0.6478
Epoch 088, Loss: 0.7277
Epoch 089, Loss: 0.7032
Epoch 090, Loss: 0.6254
Epoch 091, Loss: 0.6047
Epoch 092, Loss: 0.6071
Epoch 093, Loss: 0.6145
Epoch 094, Loss: 0.5843
Epoch 095, Loss: 0.6533
Epoch 096, Loss: 0.8360
Epoch 097, Loss: 0.6052
Epoch 098, Loss: 0.6749
Epoch 099, Loss: 0.6125
Epoch 100, Loss: 0.6193

Test RMSE: 1.0846
Test MAPE: 0.2939
Training time: 10.00 seconds
Model saved to Models/GCN_model_20.pkl

 Training on dataset_25_nodes.csv...
Total rows in CSV: 50
25 325
25 325
25 325
25 325
25 325
25 325
25 325
25 325
25 325
25 325
25 325
25 325
25 325
25 325
25 325
25 325
25 325
25 325
25 325
25 325
25 325
25 325
25 325
25 325
25 325
25 325
25 325
25 325
25 325
25 325
25 325
25 325
25 325
25 325
25 325
25 325
25 325
25 325
25 325
25 325
25 325
25 325
25 325
25 325
25 325
25 325
25 325
25 325
25 325
25 325
Loaded 50 valid graphs.
Epoch 001, Loss: 10.9437
Epoch 002, Loss: 1.7048
Epoch 003, Loss: 1.5105
Epoch 004, Loss: 1.6451
Epoch 005, Loss: 1.5849
Epoch 006, Loss: 1.5104
Epoch 007, Loss: 1.4846
Epoch 008, Loss: 1.6557
Epoch 009, Loss: 1.5900
Epoch 010, Loss: 1.6475
Epoch 011, Loss: 1.7457
Epoch 012, Loss: 1.7711
Epoch 013, Loss: 1.6487
Epoch 014, Loss: 1.5227
Epoch 015, Loss: 1.6155
Epoch 016, Loss: 1.7648
Epoch 017, Loss: 1.5995
Epoch 018, Loss: 1.7179
Epoch 019, Loss: 1.5159
Epoch 020, Loss: 1.6484
Epoch 021, Loss: 1.5266
Epoch 022, Loss: 1.6237
Epoch 023, Loss: 1.8309
Epoch 024, Loss: 1.5801
Epoch 025, Loss: 1.7971
Epoch 026, Loss: 1.4319
Epoch 027, Loss: 1.5476
Epoch 028, Loss: 1.4692
Epoch 029, Loss: 1.6647
Epoch 030, Loss: 1.4737
Epoch 031, Loss: 1.7568
Epoch 032, Loss: 1.7071
Epoch 033, Loss: 1.5092
Epoch 034, Loss: 1.6788
Epoch 035, Loss: 1.5322
Epoch 036, Loss: 1.5019
Epoch 037, Loss: 1.5334
Epoch 038, Loss: 1.5136
Epoch 039, Loss: 1.6137
Epoch 040, Loss: 1.4968
Epoch 041, Loss: 1.4349
Epoch 042, Loss: 1.4109
Epoch 043, Loss: 1.5423
Epoch 044, Loss: 1.4794
Epoch 045, Loss: 1.4577
Epoch 046, Loss: 1.6265
Epoch 047, Loss: 1.6001
Epoch 048, Loss: 1.5337
Epoch 049, Loss: 1.5590
Epoch 050, Loss: 1.4170
Epoch 051, Loss: 1.3988
Epoch 052, Loss: 1.4573
Epoch 053, Loss: 1.4046
Epoch 054, Loss: 1.4468
Epoch 055, Loss: 1.3693
Epoch 056, Loss: 1.5054
Epoch 057, Loss: 1.4045
Epoch 058, Loss: 1.2938
Epoch 059, Loss: 1.3012
Epoch 060, Loss: 1.4529
Epoch 061, Loss: 1.2060
Epoch 062, Loss: 1.2375
Epoch 063, Loss: 1.2473
Epoch 064, Loss: 1.1961
Epoch 065, Loss: 1.1148
Epoch 066, Loss: 1.1137
Epoch 067, Loss: 1.1095
Epoch 068, Loss: 1.0794
Epoch 069, Loss: 1.2102
Epoch 070, Loss: 0.9482
Epoch 071, Loss: 0.9835
Epoch 072, Loss: 1.1774
Epoch 073, Loss: 1.1792
Epoch 074, Loss: 1.1088
Epoch 075, Loss: 0.9130
Epoch 076, Loss: 0.9154
Epoch 077, Loss: 1.0038
Epoch 078, Loss: 0.9202
Epoch 079, Loss: 1.0009
Epoch 080, Loss: 0.9264
Epoch 081, Loss: 0.8884
Epoch 082, Loss: 0.8864
Epoch 083, Loss: 0.9068
Epoch 084, Loss: 0.8805
Epoch 085, Loss: 0.8680
Epoch 086, Loss: 0.8900
Epoch 087, Loss: 0.8491
Epoch 088, Loss: 0.9785
Epoch 089, Loss: 0.6986
Epoch 090, Loss: 0.7425
Epoch 091, Loss: 0.8644
Epoch 092, Loss: 0.7554
Epoch 093, Loss: 0.7371
Epoch 094, Loss: 0.6942
Epoch 095, Loss: 0.7775
Epoch 096, Loss: 0.8599
Epoch 097, Loss: 0.7340
Epoch 098, Loss: 0.7371
Epoch 099, Loss: 0.7837
Epoch 100, Loss: 0.8248

Test RMSE: 1.2944
Test MAPE: 0.2081
Training time: 10.43 seconds
Model saved to Models/GCN_model_25.pkl

 Training on dataset_full.csv...
Total rows in CSV: 250
25 325
25 325
25 325
25 325
25 325
25 325
25 325
25 325
25 325
25 325
25 325
25 325
25 325
25 325
25 325
25 325
25 325
25 325
25 325
25 325
25 325
25 325
25 325
25 325
25 325
25 325
25 325
25 325
25 325
25 325
25 325
25 325
25 325
25 325
25 325
25 325
25 325
25 325
25 325
25 325
25 325
25 325
25 325
25 325
25 325
25 325
25 325
25 325
25 325
25 325
25 325
25 325
25 325
25 325
25 325
25 325
25 325
25 325
25 325
25 325
25 325
25 325
25 325
25 325
25 325
25 325
25 325
25 325
25 325
25 325
25 325
25 325
25 325
25 325
25 325
25 325
25 325
25 325
25 325
25 325
25 325
25 325
25 325
25 325
25 325
25 325
25 325
25 325
25 325
25 325
25 325
25 325
25 325
25 325
25 325
25 325
25 325
25 325
25 325
25 325
25 325
25 325
25 325
25 325
25 325
25 325
25 325
25 325
25 325
25 325
25 325
25 325
25 325
25 325
25 325
25 325
25 325
25 325
25 325
25 325
25 325
25 325
25 325
25 325
25 325
25 325
25 325
25 325
25 325
25 325
25 325
25 325
25 325
25 325
25 325
25 325
25 325
25 325
25 325
25 325
25 325
25 325
25 325
25 325
25 325
25 325
25 325
25 325
25 325
25 325
25 325
25 325
25 325
25 325
25 325
25 325
25 325
25 325
25 325
25 325
25 325
25 325
25 325
25 325
25 325
25 325
25 325
25 325
25 325
25 325
25 325
25 325
25 325
25 325
25 325
25 325
25 325
25 325
25 325
25 325
25 325
25 325
25 325
25 325
25 325
25 325
25 325
25 325
25 325
25 325
25 325
25 325
25 325
25 325
25 325
25 325
25 325
25 325
25 325
25 325
25 325
25 325
25 325
25 325
25 325
25 325
25 325
25 325
25 325
25 325
25 325
25 325
25 325
25 325
25 325
25 325
25 325
25 325
25 325
25 325
25 325
25 325
25 325
25 325
25 325
25 325
25 325
25 325
25 325
25 325
25 325
25 325
25 325
25 325
25 325
25 325
25 325
25 325
25 325
25 325
25 325
25 325
25 325
25 325
25 325
25 325
25 325
25 325
25 325
25 325
Loaded 250 valid graphs.
Epoch 001, Loss: 3.8142
Epoch 002, Loss: 3.2779
Epoch 003, Loss: 2.9286
Epoch 004, Loss: 1.3539
Epoch 005, Loss: 0.7970
Epoch 006, Loss: 0.8231
Epoch 007, Loss: 0.7866
Epoch 008, Loss: 0.7105
Epoch 009, Loss: 0.6683
Epoch 010, Loss: 0.6892
Epoch 011, Loss: 0.6634
Epoch 012, Loss: 0.6566
Epoch 013, Loss: 0.6509
Epoch 014, Loss: 0.5964
Epoch 015, Loss: 0.7362
Epoch 016, Loss: 0.6481
Epoch 017, Loss: 0.6450
Epoch 018, Loss: 0.6563
Epoch 019, Loss: 0.6769
Epoch 020, Loss: 0.6061
Epoch 021, Loss: 0.5809
Epoch 022, Loss: 0.6834
Epoch 023, Loss: 0.6158
Epoch 024, Loss: 0.6037
Epoch 025, Loss: 0.6025
Epoch 026, Loss: 0.5827
Epoch 027, Loss: 0.5752
Epoch 028, Loss: 0.5735
Epoch 029, Loss: 0.5619
Epoch 030, Loss: 0.6163
Epoch 031, Loss: 0.5806
Epoch 032, Loss: 0.6013
Epoch 033, Loss: 0.5931
Epoch 034, Loss: 0.6133
Epoch 035, Loss: 0.5730
Epoch 036, Loss: 0.5899
Epoch 037, Loss: 0.5916
Epoch 038, Loss: 0.5598
Epoch 039, Loss: 0.5469
Epoch 040, Loss: 0.6212
Epoch 041, Loss: 0.5636
Epoch 042, Loss: 0.5612
Epoch 043, Loss: 0.6114
Epoch 044, Loss: 0.5969
Epoch 045, Loss: 0.5582
Epoch 046, Loss: 0.6455
Epoch 047, Loss: 0.5485
Epoch 048, Loss: 0.6056
Epoch 049, Loss: 0.5694
Epoch 050, Loss: 0.5418
Epoch 051, Loss: 0.5418
Epoch 052, Loss: 0.5323
Epoch 053, Loss: 0.5258
Epoch 054, Loss: 0.5538
Epoch 055, Loss: 0.5410
Epoch 056, Loss: 0.5535
Epoch 057, Loss: 0.5498
Epoch 058, Loss: 0.5415
Epoch 059, Loss: 0.5753
Epoch 060, Loss: 0.5520
Epoch 061, Loss: 0.5628
Epoch 062, Loss: 0.5384
Epoch 063, Loss: 0.5632
Epoch 064, Loss: 0.5524
Epoch 065, Loss: 0.5387
Epoch 066, Loss: 0.5387
Epoch 067, Loss: 0.5316
Epoch 068, Loss: 0.5534
Epoch 069, Loss: 0.5655
Epoch 070, Loss: 0.5019
Epoch 071, Loss: 0.5717
Epoch 072, Loss: 0.5381
Epoch 073, Loss: 0.5480
Epoch 074, Loss: 0.5445
Epoch 075, Loss: 0.5031
Epoch 076, Loss: 0.5449
Epoch 077, Loss: 0.5278
Epoch 078, Loss: 0.5584
Epoch 079, Loss: 0.4883
Epoch 080, Loss: 0.5154
Epoch 081, Loss: 0.5503
Epoch 082, Loss: 0.5325
Epoch 083, Loss: 0.5132
Epoch 084, Loss: 0.5334
Epoch 085, Loss: 0.5240
Epoch 086, Loss: 0.5549
Epoch 087, Loss: 0.5460
Epoch 088, Loss: 0.5100
Epoch 089, Loss: 0.5280
Epoch 090, Loss: 0.5419
Epoch 091, Loss: 0.5389
Epoch 092, Loss: 0.5065
Epoch 093, Loss: 0.4927
Epoch 094, Loss: 0.5157
Epoch 095, Loss: 0.5042
Epoch 096, Loss: 0.5510
Epoch 097, Loss: 0.5462
Epoch 098, Loss: 0.5172
Epoch 099, Loss: 0.5090
Epoch 100, Loss: 0.5267

Test RMSE: 0.7066
Test MAPE: 254544189587456.0000
Training time: 48.42 seconds
Model saved to Models/GCN_model_full.pkl

Metrics saved to Models/Graph_Neural_Training_metrics.csv

 **Final Training Results:**
node_size model_type  test_size     rmse         mape  training_time         model_file
       10   Q_values        0.2 0.640571 2.361975e-01      10.383963   GNN_model_10.pkl
       12   Q_values        0.2 0.722070 2.190392e-01       9.560801   GNN_model_12.pkl
       15   Q_values        0.2 0.789608 2.066371e-01       9.751828   GNN_model_15.pkl
       20   Q_values        0.2 1.084586 2.938863e-01      10.000883   GNN_model_20.pkl
       25   Q_values        0.2 1.294370 2.081380e-01      10.432606   GNN_model_25.pkl
     full   Q_values        0.2 0.706596 2.545442e+14      48.415266 GNN_model_full.pkl

 Training complete for all datasets!
  adding: Models/ (stored 0%)
  adding: Models/GCN_model_20.pkl (deflated 22%)
  adding: Models/GCN_model_12.pkl (deflated 23%)
  adding: Models/Graph_Neural_Training_results.txt (deflated 60%)
  adding: Models/Graph_Neural_Training_metrics.csv (deflated 50%)
  adding: Models/GCN_model_10.pkl (deflated 24%)
  adding: Models/GCN_model_15.pkl (deflated 23%)
  adding: Models/GCN_model_full.pkl (deflated 22%)
  adding: Models/GCN_model_25.pkl (deflated 20%)
