

Classical 10 nodes - Time: 2.1930s, Cut: 10.388042746242151/12.385458612855059
Graph Size:10
Execution N°:27
Model:xgboost
xgboost 10 nodes - Time: 0.0985s, Cut: 8.037120225339248/12.385458612855059
Graph Size:10
Execution N°:27
Model:MLP
MLP 10 nodes - Time: 0.0173s, Cut: 9.553039315066819/12.385458612855059
Classical 12 nodes - Time: 2.5084s, Cut: 13.317830816946538/19.22992547472932
Graph Size:12
Execution N°:27
Model:xgboost
xgboost 12 nodes - Time: 0.0453s, Cut: 11.842378758535178/19.22992547472932
Graph Size:12
Execution N°:27
Model:MLP
MLP 12 nodes - Time: 0.0196s, Cut: 14.628052773982109/19.22992547472932
Classical 15 nodes - Time: 2.4117s, Cut: 14.315818133820006/21.415965659184195
Graph Size:15
Execution N°:27
Model:xgboost
xgboost 15 nodes - Time: 0.0662s, Cut: 12.409223305221179/21.415965659184195
Graph Size:15
Execution N°:27
Model:MLP
MLP 15 nodes - Time: 0.0496s, Cut: 17.668987545896517/21.415965659184195
Classical 20 nodes - Time: 16.8522s, Cut: 34.30413303738368/42.361607256786776
Graph Size:20
Execution N°:27
Model:xgboost
xgboost 20 nodes - Time: 0.5426s, Cut: 36.003854847800135/42.361607256786776
Graph Size:20
Execution N°:27
Model:MLP
MLP 20 nodes - Time: 0.5490s, Cut: 27.636426996328602/42.361607256786776
Classical 25 nodes - Time: 510.5367s, Cut: 40.263540703548564/45.48550558250541
Graph Size:25
Execution N°:27
Model:xgboost
xgboost 25 nodes - Time: 18.1322s, Cut: 37.170127569765164/45.48550558250541
Graph Size:25
Execution N°:27
Model:MLP
MLP 25 nodes - Time: 18.1380s, Cut: 40.61138594671155/45.48550558250541

======================================================================
COMPREHENSIVE COMPARISON SUMMARY
======================================================================

======================================================================
Node Size: 10 | Optimal Cut: 12.385458612855059
======================================================================

Classical QAOA:
  Time: 2.1930s
  Cut: 10.388042746242151/12.385458612855059 (83.87%)

xgboost Model:
  Time: 0.0985s (speedup: 22.3x)
  Cut: 8.037120225339248/12.385458612855059 (64.89%)
  Quality vs Classical: -18.98%

MLP Model:
  Time: 0.0173s (speedup: 126.7x)
  Cut: 9.553039315066819/12.385458612855059 (77.13%)
  Quality vs Classical: -6.74%

======================================================================
Node Size: 12 | Optimal Cut: 19.22992547472932
======================================================================

Classical QAOA:
  Time: 2.5084s
  Cut: 13.317830816946538/19.22992547472932 (69.26%)

xgboost Model:
  Time: 0.0453s (speedup: 55.4x)
  Cut: 11.842378758535178/19.22992547472932 (61.58%)
  Quality vs Classical: -7.67%

MLP Model:
  Time: 0.0196s (speedup: 128.1x)
  Cut: 14.628052773982109/19.22992547472932 (76.07%)
  Quality vs Classical: +6.81%

======================================================================
Node Size: 15 | Optimal Cut: 21.415965659184195
======================================================================

Classical QAOA:
  Time: 2.4117s
  Cut: 14.315818133820006/21.415965659184195 (66.85%)

xgboost Model:
  Time: 0.0662s (speedup: 36.5x)
  Cut: 12.409223305221179/21.415965659184195 (57.94%)
  Quality vs Classical: -8.90%

MLP Model:
  Time: 0.0496s (speedup: 48.6x)
  Cut: 17.668987545896517/21.415965659184195 (82.50%)
  Quality vs Classical: +15.66%

======================================================================
Node Size: 20 | Optimal Cut: 42.361607256786776
======================================================================

Classical QAOA:
  Time: 16.8522s
  Cut: 34.30413303738368/42.361607256786776 (80.98%)

xgboost Model:
  Time: 0.5426s (speedup: 31.1x)
  Cut: 36.003854847800135/42.361607256786776 (84.99%)
  Quality vs Classical: +4.01%

MLP Model:
  Time: 0.5490s (speedup: 30.7x)
  Cut: 27.636426996328602/42.361607256786776 (65.24%)
  Quality vs Classical: -15.74%

======================================================================
Node Size: 25 | Optimal Cut: 45.48550558250541
======================================================================

Classical QAOA:
  Time: 510.5367s
  Cut: 40.263540703548564/45.48550558250541 (88.52%)

xgboost Model:
  Time: 18.1322s (speedup: 28.2x)
  Cut: 37.170127569765164/45.48550558250541 (81.72%)
  Quality vs Classical: -6.80%

MLP Model:
  Time: 18.1380s (speedup: 28.1x)
  Cut: 40.61138594671155/45.48550558250541 (89.28%)
  Quality vs Classical: +0.76%

======================================================================
OVERALL AVERAGES
======================================================================

Classical QAOA:
  Avg Time: 106.9004s
  Avg Approximation Ratio: 77.89%

xgboost Model:
  Avg Time: 3.7770s (avg speedup: 28.3x)
  Avg Approximation Ratio: 70.23%
  Quality Difference: -7.67%

MLP Model:
  Avg Time: 3.7547s (avg speedup: 28.5x)
  Avg Approximation Ratio: 78.05%
  Quality Difference: +0.15%
  adding: Models/qaoa_vs_ml/V1/execution_27/comparison_comprehensive.png (deflated 14%)
  adding: Models/qaoa_vs_ml/V1/execution_27/detailed_timing_analysis.png (deflated 18%)
  adding: Models/qaoa_vs_ml/V1/execution_27/MLP_model_10_Circuit.pkl (deflated 5%)
  adding: Models/qaoa_vs_ml/V1/execution_27/MLP_model_10.pkl (deflated 5%)
  adding: Models/qaoa_vs_ml/V1/execution_27/MLP_model_12_Circuit.pkl (deflated 5%)
  adding: Models/qaoa_vs_ml/V1/execution_27/MLP_model_12.pkl (deflated 5%)
  adding: Models/qaoa_vs_ml/V1/execution_27/MLP_model_15_Circuit.pkl (deflated 5%)
  adding: Models/qaoa_vs_ml/V1/execution_27/MLP_model_15.pkl (deflated 5%)
  adding: Models/qaoa_vs_ml/V1/execution_27/MLP_model_20_Circuit.pkl (deflated 5%)
  adding: Models/qaoa_vs_ml/V1/execution_27/MLP_model_20.pkl (deflated 5%)
  adding: Models/qaoa_vs_ml/V1/execution_27/MLP_model_25_Circuit.pkl (deflated 5%)
  adding: Models/qaoa_vs_ml/V1/execution_27/MLP_model_25.pkl (deflated 4%)
  adding: Models/qaoa_vs_ml/V1/execution_27/MLP_model_full_Circuit.pkl (deflated 5%)
  adding: Models/qaoa_vs_ml/V1/execution_27/MLP_model_full.pkl (deflated 4%)
  adding: Models/qaoa_vs_ml/V1/execution_27/vanila_vs_ml.csv (deflated 51%)
  adding: Models/qaoa_vs_ml/V1/execution_27/xgboost_model_10_Circuit.pkl (deflated 83%)
  adding: Models/qaoa_vs_ml/V1/execution_27/xgboost_model_10.pkl (deflated 86%)
  adding: Models/qaoa_vs_ml/V1/execution_27/xgboost_model_12_Circuit.pkl (deflated 83%)
  adding: Models/qaoa_vs_ml/V1/execution_27/xgboost_model_12.pkl (deflated 86%)
  adding: Models/qaoa_vs_ml/V1/execution_27/xgboost_model_15_Circuit.pkl (deflated 83%)
  adding: Models/qaoa_vs_ml/V1/execution_27/xgboost_model_15.pkl (deflated 87%)
  adding: Models/qaoa_vs_ml/V1/execution_27/xgboost_model_20_Circuit.pkl (deflated 83%)
  adding: Models/qaoa_vs_ml/V1/execution_27/xgboost_model_20.pkl (deflated 87%)
  adding: Models/qaoa_vs_ml/V1/execution_27/xgboost_model_25_Circuit.pkl (deflated 83%)
  adding: Models/qaoa_vs_ml/V1/execution_27/xgboost_model_25.pkl (deflated 87%)
  adding: Models/qaoa_vs_ml/V1/execution_27/xgboost_model_full_Circuit.pkl (deflated 81%)
  adding: Models/qaoa_vs_ml/V1/execution_27/xgboost_model_full.pkl (deflated 79%)
