
 Training on dataset_10_nodes.csv...
Total rows in CSV: 50
10 55
10 55
10 55
10 55
10 55
10 55
10 55
10 55
10 55
10 55
10 55
10 55
10 55
10 55
10 55
10 55
10 55
10 55
10 55
10 55
10 55
10 55
10 55
10 55
10 55
10 55
10 55
10 55
10 55
10 55
10 55
10 55
10 55
10 55
10 55
10 55
10 55
10 55
10 55
10 55
10 55
10 55
10 55
10 55
10 55
10 55
10 55
10 55
10 55
10 55
Loaded 50 valid graphs.
Epoch 001, Loss: 3.6213
Epoch 002, Loss: 0.6933
Epoch 003, Loss: 0.5564
Epoch 004, Loss: 0.5391
Epoch 005, Loss: 0.5980
Epoch 006, Loss: 0.5500
Epoch 007, Loss: 0.5630
Epoch 008, Loss: 0.5622
Epoch 009, Loss: 0.6032
Epoch 010, Loss: 0.6126
Epoch 011, Loss: 0.5704
Epoch 012, Loss: 0.5597
Epoch 013, Loss: 0.6097
Epoch 014, Loss: 0.5156
Epoch 015, Loss: 0.5717
Epoch 016, Loss: 0.5641
Epoch 017, Loss: 0.5386
Epoch 018, Loss: 0.5550
Epoch 019, Loss: 0.6102
Epoch 020, Loss: 0.5737
Epoch 021, Loss: 0.5555
Epoch 022, Loss: 0.6023
Epoch 023, Loss: 0.7072
Epoch 024, Loss: 0.5618
Epoch 025, Loss: 0.5789
Epoch 026, Loss: 0.5758
Epoch 027, Loss: 0.5526
Epoch 028, Loss: 0.5414
Epoch 029, Loss: 0.5704
Epoch 030, Loss: 0.5689
Epoch 031, Loss: 0.5447
Epoch 032, Loss: 0.5342
Epoch 033, Loss: 0.5622
Epoch 034, Loss: 0.5754
Epoch 035, Loss: 0.5646
Epoch 036, Loss: 0.5475
Epoch 037, Loss: 0.5644
Epoch 038, Loss: 0.5584
Epoch 039, Loss: 0.5408
Epoch 040, Loss: 0.5293
Epoch 041, Loss: 0.5346
Epoch 042, Loss: 0.5607
Epoch 043, Loss: 0.5579
Epoch 044, Loss: 0.5757
Epoch 045, Loss: 0.5635
Epoch 046, Loss: 0.5690
Epoch 047, Loss: 0.5617
Epoch 048, Loss: 0.5312
Epoch 049, Loss: 0.5549
Epoch 050, Loss: 0.5426
Epoch 051, Loss: 0.5326
Epoch 052, Loss: 0.5385
Epoch 053, Loss: 0.5609
Epoch 054, Loss: 0.5371
Epoch 055, Loss: 0.5518
Epoch 056, Loss: 0.5258
Epoch 057, Loss: 0.5468
Epoch 058, Loss: 0.5481
Epoch 059, Loss: 0.5807
Epoch 060, Loss: 0.5626
Epoch 061, Loss: 0.5226
Epoch 062, Loss: 0.5346
Epoch 063, Loss: 0.5537
Epoch 064, Loss: 0.5477
Epoch 065, Loss: 0.5419
Epoch 066, Loss: 0.5315
Epoch 067, Loss: 0.5450
Epoch 068, Loss: 0.5225
Epoch 069, Loss: 0.5219
Epoch 070, Loss: 0.5291
Epoch 071, Loss: 0.5135
Epoch 072, Loss: 0.5179
Epoch 073, Loss: 0.5794
Epoch 074, Loss: 0.5468
Epoch 075, Loss: 0.5583
Epoch 076, Loss: 0.5431
Epoch 077, Loss: 0.5212
Epoch 078, Loss: 0.5542
Epoch 079, Loss: 0.5616
Epoch 080, Loss: 0.5509
Epoch 081, Loss: 0.5346
Epoch 082, Loss: 0.5160
Epoch 083, Loss: 0.5320
Epoch 084, Loss: 0.5339
Epoch 085, Loss: 0.5272
Epoch 086, Loss: 0.5528
Epoch 087, Loss: 0.5202
Epoch 088, Loss: 0.5194
Epoch 089, Loss: 0.5092
Epoch 090, Loss: 0.5452
Epoch 091, Loss: 0.4995
Epoch 092, Loss: 0.5523
Epoch 093, Loss: 0.5035
Epoch 094, Loss: 0.4930
Epoch 095, Loss: 0.4979
Epoch 096, Loss: 0.4967
Epoch 097, Loss: 0.5179
Epoch 098, Loss: 0.5083
Epoch 099, Loss: 0.5162
Epoch 100, Loss: 0.4976

Test RMSE: 0.6386
Test MAPE: 0.2127
Training time: 9.69 seconds
Model saved to Models/GCN_model_10.pkl

 Training on dataset_12_nodes.csv...
Total rows in CSV: 50
12 78
12 78
12 78
12 78
12 78
12 78
12 78
12 78
12 78
12 78
12 78
12 78
12 78
12 78
12 78
12 78
12 78
12 78
12 78
12 78
12 78
12 78
12 78
12 78
12 78
12 78
12 78
12 78
12 78
12 78
12 78
12 78
12 78
12 78
12 78
12 78
12 78
12 78
12 78
12 78
12 78
12 78
12 78
12 78
12 78
12 78
12 78
12 78
12 78
12 78
Loaded 50 valid graphs.
Epoch 001, Loss: 3.1095
Epoch 002, Loss: 0.9683
Epoch 003, Loss: 0.8644
Epoch 004, Loss: 0.8980
Epoch 005, Loss: 0.8218
Epoch 006, Loss: 0.9076
Epoch 007, Loss: 0.9008
Epoch 008, Loss: 0.8506
Epoch 009, Loss: 0.8552
Epoch 010, Loss: 0.8480
Epoch 011, Loss: 0.8750
Epoch 012, Loss: 0.9015
Epoch 013, Loss: 0.9374
Epoch 014, Loss: 0.8853
Epoch 015, Loss: 0.8751
Epoch 016, Loss: 0.8447
Epoch 017, Loss: 0.8934
Epoch 018, Loss: 0.8115
Epoch 019, Loss: 0.8600
Epoch 020, Loss: 0.8084
Epoch 021, Loss: 0.8174
Epoch 022, Loss: 0.8424
Epoch 023, Loss: 0.8234
Epoch 024, Loss: 0.8797
Epoch 025, Loss: 0.7856
Epoch 026, Loss: 0.7996
Epoch 027, Loss: 0.9001
Epoch 028, Loss: 0.8998
Epoch 029, Loss: 0.7805
Epoch 030, Loss: 0.8853
Epoch 031, Loss: 0.7575
Epoch 032, Loss: 0.9106
Epoch 033, Loss: 0.7584
Epoch 034, Loss: 0.8170
Epoch 035, Loss: 0.7409
Epoch 036, Loss: 0.7598
Epoch 037, Loss: 0.7809
Epoch 038, Loss: 0.7724
Epoch 039, Loss: 0.7505
Epoch 040, Loss: 0.8423
Epoch 041, Loss: 0.7554
Epoch 042, Loss: 0.7440
Epoch 043, Loss: 0.7522
Epoch 044, Loss: 0.7172
Epoch 045, Loss: 0.7175
Epoch 046, Loss: 0.7273
Epoch 047, Loss: 0.7170
Epoch 048, Loss: 0.7224
Epoch 049, Loss: 0.7098
Epoch 050, Loss: 0.7487
Epoch 051, Loss: 0.6971
Epoch 052, Loss: 0.6894
Epoch 053, Loss: 0.7109
Epoch 054, Loss: 0.6778
Epoch 055, Loss: 0.6861
Epoch 056, Loss: 0.7084
Epoch 057, Loss: 0.6935
Epoch 058, Loss: 0.7068
Epoch 059, Loss: 0.7062
Epoch 060, Loss: 0.6652
Epoch 061, Loss: 0.7493
Epoch 062, Loss: 0.6811
Epoch 063, Loss: 0.7079
Epoch 064, Loss: 0.7095
Epoch 065, Loss: 0.6998
Epoch 066, Loss: 0.6807
Epoch 067, Loss: 0.6880
Epoch 068, Loss: 0.7169
Epoch 069, Loss: 0.6548
Epoch 070, Loss: 0.6668
Epoch 071, Loss: 0.7108
Epoch 072, Loss: 0.6423
Epoch 073, Loss: 0.6279
Epoch 074, Loss: 0.6180
Epoch 075, Loss: 0.6305
Epoch 076, Loss: 0.6136
Epoch 077, Loss: 0.6456
Epoch 078, Loss: 0.6212
Epoch 079, Loss: 0.6446
Epoch 080, Loss: 0.5791
Epoch 081, Loss: 0.6644
Epoch 082, Loss: 0.6212
Epoch 083, Loss: 0.5978
Epoch 084, Loss: 0.5839
Epoch 085, Loss: 0.6677
Epoch 086, Loss: 0.5991
Epoch 087, Loss: 0.6067
Epoch 088, Loss: 0.5962
Epoch 089, Loss: 0.6077
Epoch 090, Loss: 0.5931
Epoch 091, Loss: 0.5614
Epoch 092, Loss: 0.6050
Epoch 093, Loss: 0.6843
Epoch 094, Loss: 0.5975
Epoch 095, Loss: 0.5806
Epoch 096, Loss: 0.6010
Epoch 097, Loss: 0.5673
Epoch 098, Loss: 0.5892
Epoch 099, Loss: 0.5858
Epoch 100, Loss: 0.6002

Test RMSE: 0.6043
Test MAPE: 0.2191
Training time: 8.65 seconds
Model saved to Models/GCN_model_12.pkl

 Training on dataset_15_nodes.csv...
Total rows in CSV: 50
15 120
15 120
15 120
15 120
15 120
15 120
15 120
15 120
15 120
15 120
15 120
15 120
15 120
15 120
15 120
15 120
15 120
15 120
15 120
15 120
15 120
15 120
15 120
15 120
15 120
15 120
15 120
15 120
15 120
15 120
15 120
15 120
15 120
15 120
15 120
15 120
15 120
15 120
15 120
15 120
15 120
15 120
15 120
15 120
15 120
15 120
15 120
15 120
15 120
15 120
Loaded 50 valid graphs.
Epoch 001, Loss: 4.9749
Epoch 002, Loss: 0.9843
Epoch 003, Loss: 0.9463
Epoch 004, Loss: 0.9950
Epoch 005, Loss: 1.0366
Epoch 006, Loss: 0.9253
Epoch 007, Loss: 0.8875
Epoch 008, Loss: 0.9313
Epoch 009, Loss: 0.9308
Epoch 010, Loss: 0.8806
Epoch 011, Loss: 1.0022
Epoch 012, Loss: 0.8994
Epoch 013, Loss: 0.9848
Epoch 014, Loss: 0.9165
Epoch 015, Loss: 0.9693
Epoch 016, Loss: 0.9012
Epoch 017, Loss: 0.9159
Epoch 018, Loss: 0.9082
Epoch 019, Loss: 0.9177
Epoch 020, Loss: 1.0151
Epoch 021, Loss: 0.8846
Epoch 022, Loss: 0.9599
Epoch 023, Loss: 0.9481
Epoch 024, Loss: 0.9479
Epoch 025, Loss: 0.9867
Epoch 026, Loss: 1.0958
Epoch 027, Loss: 0.8853
Epoch 028, Loss: 0.9367
Epoch 029, Loss: 0.9015
Epoch 030, Loss: 0.9594
Epoch 031, Loss: 0.9557
Epoch 032, Loss: 0.8781
Epoch 033, Loss: 0.9299
Epoch 034, Loss: 0.9149
Epoch 035, Loss: 0.9515
Epoch 036, Loss: 0.8908
Epoch 037, Loss: 0.9131
Epoch 038, Loss: 0.9556
Epoch 039, Loss: 0.9228
Epoch 040, Loss: 0.9318
Epoch 041, Loss: 0.9393
Epoch 042, Loss: 0.8642
Epoch 043, Loss: 0.9116
Epoch 044, Loss: 0.8650
Epoch 045, Loss: 0.8651
Epoch 046, Loss: 0.8660
Epoch 047, Loss: 0.8805
Epoch 048, Loss: 0.8919
Epoch 049, Loss: 0.9546
Epoch 050, Loss: 0.8594
Epoch 051, Loss: 0.8783
Epoch 052, Loss: 0.8894
Epoch 053, Loss: 0.7944
Epoch 054, Loss: 0.7981
Epoch 055, Loss: 0.8356
Epoch 056, Loss: 0.8277
Epoch 057, Loss: 0.7845
Epoch 058, Loss: 0.7579
Epoch 059, Loss: 0.8623
Epoch 060, Loss: 0.8206
Epoch 061, Loss: 0.7731
Epoch 062, Loss: 0.8358
Epoch 063, Loss: 0.7767
Epoch 064, Loss: 0.7538
Epoch 065, Loss: 0.8316
Epoch 066, Loss: 0.7985
Epoch 067, Loss: 0.7189
Epoch 068, Loss: 0.7542
Epoch 069, Loss: 0.6906
Epoch 070, Loss: 0.7518
Epoch 071, Loss: 0.6938
Epoch 072, Loss: 0.7533
Epoch 073, Loss: 0.6952
Epoch 074, Loss: 0.7225
Epoch 075, Loss: 0.6893
Epoch 076, Loss: 0.7288
Epoch 077, Loss: 0.6846
Epoch 078, Loss: 0.7130
Epoch 079, Loss: 0.7072
Epoch 080, Loss: 0.6777
Epoch 081, Loss: 0.6661
Epoch 082, Loss: 0.6566
Epoch 083, Loss: 0.7042
Epoch 084, Loss: 0.6535
Epoch 085, Loss: 0.6789
Epoch 086, Loss: 0.6728
Epoch 087, Loss: 0.6798
Epoch 088, Loss: 0.6715
Epoch 089, Loss: 0.6957
Epoch 090, Loss: 0.7017
Epoch 091, Loss: 0.6868
Epoch 092, Loss: 0.6370
Epoch 093, Loss: 0.6409
Epoch 094, Loss: 0.6135
Epoch 095, Loss: 0.6280
Epoch 096, Loss: 0.6851
Epoch 097, Loss: 0.6070
Epoch 098, Loss: 0.5977
Epoch 099, Loss: 0.5761
Epoch 100, Loss: 0.6092

Test RMSE: 0.7845
Test MAPE: 0.2079
Training time: 8.82 seconds
Model saved to Models/GCN_model_15.pkl

 Training on dataset_20_nodes.csv...
Total rows in CSV: 50
20 210
20 210
20 210
20 210
20 210
20 210
20 210
20 210
20 210
20 210
20 210
20 210
20 210
20 210
20 210
20 210
20 210
20 210
20 210
20 210
20 210
20 210
20 210
20 210
20 210
20 210
20 210
20 210
20 210
20 210
20 210
20 210
20 210
20 210
20 210
20 210
20 210
20 210
20 210
20 210
20 210
20 210
20 210
20 210
20 210
20 210
20 210
20 210
20 210
20 210
Loaded 50 valid graphs.
Epoch 001, Loss: 6.9908
Epoch 002, Loss: 1.4983
Epoch 003, Loss: 1.1687
Epoch 004, Loss: 1.2554
Epoch 005, Loss: 1.4112
Epoch 006, Loss: 1.3282
Epoch 007, Loss: 1.3219
Epoch 008, Loss: 1.4109
Epoch 009, Loss: 1.2392
Epoch 010, Loss: 1.4155
Epoch 011, Loss: 1.3662
Epoch 012, Loss: 1.3001
Epoch 013, Loss: 1.6057
Epoch 014, Loss: 1.3761
Epoch 015, Loss: 1.2671
Epoch 016, Loss: 1.3858
Epoch 017, Loss: 1.4006
Epoch 018, Loss: 1.2864
Epoch 019, Loss: 1.1945
Epoch 020, Loss: 1.4409
Epoch 021, Loss: 1.2713
Epoch 022, Loss: 1.3379
Epoch 023, Loss: 1.2571
Epoch 024, Loss: 1.3834
Epoch 025, Loss: 1.2114
Epoch 026, Loss: 1.1868
Epoch 027, Loss: 1.1131
Epoch 028, Loss: 1.2653
Epoch 029, Loss: 1.2177
Epoch 030, Loss: 1.2328
Epoch 031, Loss: 1.1739
Epoch 032, Loss: 1.1547
Epoch 033, Loss: 1.1603
Epoch 034, Loss: 1.2996
Epoch 035, Loss: 1.3666
Epoch 036, Loss: 1.3828
Epoch 037, Loss: 1.2971
Epoch 038, Loss: 1.0915
Epoch 039, Loss: 1.1976
Epoch 040, Loss: 1.0828
Epoch 041, Loss: 1.0861
Epoch 042, Loss: 1.2055
Epoch 043, Loss: 1.0114
Epoch 044, Loss: 0.9863
Epoch 045, Loss: 0.9648
Epoch 046, Loss: 1.0544
Epoch 047, Loss: 1.0104
Epoch 048, Loss: 0.8683
Epoch 049, Loss: 0.9945
Epoch 050, Loss: 0.8465
Epoch 051, Loss: 0.8071
Epoch 052, Loss: 0.8778
Epoch 053, Loss: 0.7736
Epoch 054, Loss: 0.8368
Epoch 055, Loss: 0.9332
Epoch 056, Loss: 0.7712
Epoch 057, Loss: 0.8273
Epoch 058, Loss: 0.7051
Epoch 059, Loss: 0.7906
Epoch 060, Loss: 0.8828
Epoch 061, Loss: 0.7283
Epoch 062, Loss: 0.7812
Epoch 063, Loss: 0.7371
Epoch 064, Loss: 0.7640
Epoch 065, Loss: 0.7047
Epoch 066, Loss: 0.7182
Epoch 067, Loss: 0.6847
Epoch 068, Loss: 0.5990
Epoch 069, Loss: 0.9265
Epoch 070, Loss: 0.7495
Epoch 071, Loss: 0.6430
Epoch 072, Loss: 0.6895
Epoch 073, Loss: 0.6566
Epoch 074, Loss: 0.6198
Epoch 075, Loss: 0.6651
Epoch 076, Loss: 0.6339
Epoch 077, Loss: 0.6396
Epoch 078, Loss: 0.6271
Epoch 079, Loss: 0.6127
Epoch 080, Loss: 0.6082
Epoch 081, Loss: 0.7372
Epoch 082, Loss: 0.6542
Epoch 083, Loss: 0.5685
Epoch 084, Loss: 0.6343
Epoch 085, Loss: 0.5508
Epoch 086, Loss: 0.6627
Epoch 087, Loss: 0.5725
Epoch 088, Loss: 0.6102
Epoch 089, Loss: 0.5176
Epoch 090, Loss: 0.5759
Epoch 091, Loss: 0.5926
Epoch 092, Loss: 0.5614
Epoch 093, Loss: 0.5833
Epoch 094, Loss: 0.5536
Epoch 095, Loss: 0.5718
Epoch 096, Loss: 0.6255
Epoch 097, Loss: 0.5846
Epoch 098, Loss: 0.5543
Epoch 099, Loss: 0.5539
Epoch 100, Loss: 0.6298

Test RMSE: 0.8109
Test MAPE: 0.2204
Training time: 9.09 seconds
Model saved to Models/GCN_model_20.pkl

 Training on dataset_25_nodes.csv...
Total rows in CSV: 50
25 325
25 325
25 325
25 325
25 325
25 325
25 325
25 325
25 325
25 325
25 325
25 325
25 325
25 325
25 325
25 325
25 325
25 325
25 325
25 325
25 325
25 325
25 325
25 325
25 325
25 325
25 325
25 325
25 325
25 325
25 325
25 325
25 325
25 325
25 325
25 325
25 325
25 325
25 325
25 325
25 325
25 325
25 325
25 325
25 325
25 325
25 325
25 325
25 325
25 325
Loaded 50 valid graphs.
Epoch 001, Loss: 11.7904
Epoch 002, Loss: 1.9096
Epoch 003, Loss: 1.5531
Epoch 004, Loss: 1.6757
Epoch 005, Loss: 1.7160
Epoch 006, Loss: 1.6205
Epoch 007, Loss: 1.7230
Epoch 008, Loss: 1.7005
Epoch 009, Loss: 1.5318
Epoch 010, Loss: 1.5801
Epoch 011, Loss: 1.6420
Epoch 012, Loss: 1.5104
Epoch 013, Loss: 1.4252
Epoch 014, Loss: 1.5245
Epoch 015, Loss: 1.5220
Epoch 016, Loss: 1.7195
Epoch 017, Loss: 1.6746
Epoch 018, Loss: 1.5343
Epoch 019, Loss: 1.5278
Epoch 020, Loss: 1.5760
Epoch 021, Loss: 1.7649
Epoch 022, Loss: 1.6703
Epoch 023, Loss: 1.5517
Epoch 024, Loss: 1.4826
Epoch 025, Loss: 1.4456
Epoch 026, Loss: 1.4179
Epoch 027, Loss: 1.5337
Epoch 028, Loss: 1.6091
Epoch 029, Loss: 1.5766
Epoch 030, Loss: 1.6444
Epoch 031, Loss: 1.4944
Epoch 032, Loss: 1.4851
Epoch 033, Loss: 1.6584
Epoch 034, Loss: 1.5415
Epoch 035, Loss: 1.4913
Epoch 036, Loss: 1.4373
Epoch 037, Loss: 1.5228
Epoch 038, Loss: 1.5072
Epoch 039, Loss: 1.8428
Epoch 040, Loss: 1.8508
Epoch 041, Loss: 1.5459
Epoch 042, Loss: 1.5084
Epoch 043, Loss: 1.6119
Epoch 044, Loss: 1.5523
Epoch 045, Loss: 1.4341
Epoch 046, Loss: 1.5253
Epoch 047, Loss: 1.4568
Epoch 048, Loss: 1.5229
Epoch 049, Loss: 1.5885
Epoch 050, Loss: 1.6339
Epoch 051, Loss: 1.4828
Epoch 052, Loss: 1.6493
Epoch 053, Loss: 1.4406
Epoch 054, Loss: 1.6173
Epoch 055, Loss: 1.5463
Epoch 056, Loss: 1.4428
Epoch 057, Loss: 1.4345
Epoch 058, Loss: 1.4848
Epoch 059, Loss: 1.4203
Epoch 060, Loss: 1.4722
Epoch 061, Loss: 1.5236
Epoch 062, Loss: 1.4520
Epoch 063, Loss: 1.5316
Epoch 064, Loss: 1.4563
Epoch 065, Loss: 1.5069
Epoch 066, Loss: 1.5933
Epoch 067, Loss: 1.4941
Epoch 068, Loss: 1.6360
Epoch 069, Loss: 1.4961
Epoch 070, Loss: 1.4328
Epoch 071, Loss: 1.4886
Epoch 072, Loss: 1.4730
Epoch 073, Loss: 1.5563
Epoch 074, Loss: 1.5238
Epoch 075, Loss: 1.4887
Epoch 076, Loss: 1.4103
Epoch 077, Loss: 1.5083
Epoch 078, Loss: 1.3996
Epoch 079, Loss: 1.3769
Epoch 080, Loss: 1.4810
Epoch 081, Loss: 1.4194
Epoch 082, Loss: 1.3317
Epoch 083, Loss: 1.6470
Epoch 084, Loss: 1.5345
Epoch 085, Loss: 1.3551
Epoch 086, Loss: 1.4198
Epoch 087, Loss: 1.4694
Epoch 088, Loss: 1.3596
Epoch 089, Loss: 1.4153
Epoch 090, Loss: 1.5103
Epoch 091, Loss: 1.5029
Epoch 092, Loss: 1.4273
Epoch 093, Loss: 1.5983
Epoch 094, Loss: 1.3285
Epoch 095, Loss: 1.4184
Epoch 096, Loss: 1.3593
Epoch 097, Loss: 1.4179
Epoch 098, Loss: 1.4708
Epoch 099, Loss: 1.4614
Epoch 100, Loss: 1.3583

Test RMSE: 1.5933
Test MAPE: 0.2157
Training time: 9.06 seconds
Model saved to Models/GCN_model_25.pkl

 Training on dataset_full.csv...
Total rows in CSV: 250
25 325
25 325
25 325
25 325
25 325
25 325
25 325
25 325
25 325
25 325
25 325
25 325
25 325
25 325
25 325
25 325
25 325
25 325
25 325
25 325
25 325
25 325
25 325
25 325
25 325
25 325
25 325
25 325
25 325
25 325
25 325
25 325
25 325
25 325
25 325
25 325
25 325
25 325
25 325
25 325
25 325
25 325
25 325
25 325
25 325
25 325
25 325
25 325
25 325
25 325
25 325
25 325
25 325
25 325
25 325
25 325
25 325
25 325
25 325
25 325
25 325
25 325
25 325
25 325
25 325
25 325
25 325
25 325
25 325
25 325
25 325
25 325
25 325
25 325
25 325
25 325
25 325
25 325
25 325
25 325
25 325
25 325
25 325
25 325
25 325
25 325
25 325
25 325
25 325
25 325
25 325
25 325
25 325
25 325
25 325
25 325
25 325
25 325
25 325
25 325
25 325
25 325
25 325
25 325
25 325
25 325
25 325
25 325
25 325
25 325
25 325
25 325
25 325
25 325
25 325
25 325
25 325
25 325
25 325
25 325
25 325
25 325
25 325
25 325
25 325
25 325
25 325
25 325
25 325
25 325
25 325
25 325
25 325
25 325
25 325
25 325
25 325
25 325
25 325
25 325
25 325
25 325
25 325
25 325
25 325
25 325
25 325
25 325
25 325
25 325
25 325
25 325
25 325
25 325
25 325
25 325
25 325
25 325
25 325
25 325
25 325
25 325
25 325
25 325
25 325
25 325
25 325
25 325
25 325
25 325
25 325
25 325
25 325
25 325
25 325
25 325
25 325
25 325
25 325
25 325
25 325
25 325
25 325
25 325
25 325
25 325
25 325
25 325
25 325
25 325
25 325
25 325
25 325
25 325
25 325
25 325
25 325
25 325
25 325
25 325
25 325
25 325
25 325
25 325
25 325
25 325
25 325
25 325
25 325
25 325
25 325
25 325
25 325
25 325
25 325
25 325
25 325
25 325
25 325
25 325
25 325
25 325
25 325
25 325
25 325
25 325
25 325
25 325
25 325
25 325
25 325
25 325
25 325
25 325
25 325
25 325
25 325
25 325
25 325
25 325
25 325
25 325
25 325
25 325
25 325
25 325
25 325
25 325
25 325
25 325
Loaded 250 valid graphs.
Epoch 001, Loss: 3.8071
Epoch 002, Loss: 3.3035
Epoch 003, Loss: 2.6416
Epoch 004, Loss: 1.0970
Epoch 005, Loss: 0.8599
Epoch 006, Loss: 0.8575
Epoch 007, Loss: 0.7348
Epoch 008, Loss: 0.7557
Epoch 009, Loss: 0.7543
Epoch 010, Loss: 0.7098
Epoch 011, Loss: 0.6746
Epoch 012, Loss: 0.7501
Epoch 013, Loss: 0.6565
Epoch 014, Loss: 0.5999
Epoch 015, Loss: 0.6765
Epoch 016, Loss: 0.6586
Epoch 017, Loss: 0.6593
Epoch 018, Loss: 0.5976
Epoch 019, Loss: 0.6779
Epoch 020, Loss: 0.5959
Epoch 021, Loss: 0.6248
Epoch 022, Loss: 0.5869
Epoch 023, Loss: 0.6228
Epoch 024, Loss: 0.6045
Epoch 025, Loss: 0.6527
Epoch 026, Loss: 0.6662
Epoch 027, Loss: 0.6210
Epoch 028, Loss: 0.5929
Epoch 029, Loss: 0.7236
Epoch 030, Loss: 0.6162
Epoch 031, Loss: 0.6299
Epoch 032, Loss: 0.6245
Epoch 033, Loss: 0.5914
Epoch 034, Loss: 0.5783
Epoch 035, Loss: 0.5927
Epoch 036, Loss: 0.5822
Epoch 037, Loss: 0.5794
Epoch 038, Loss: 0.5735
Epoch 039, Loss: 0.6306
Epoch 040, Loss: 0.6328
Epoch 041, Loss: 0.5908
Epoch 042, Loss: 0.5659
Epoch 043, Loss: 0.5878
Epoch 044, Loss: 0.6413
Epoch 045, Loss: 0.5399
Epoch 046, Loss: 0.6055
Epoch 047, Loss: 0.5175
Epoch 048, Loss: 0.5467
Epoch 049, Loss: 0.5519
Epoch 050, Loss: 0.6009
Epoch 051, Loss: 0.5255
Epoch 052, Loss: 0.5651
Epoch 053, Loss: 0.5754
Epoch 054, Loss: 0.5601
Epoch 055, Loss: 0.5308
Epoch 056, Loss: 0.5017
Epoch 057, Loss: 0.5276
Epoch 058, Loss: 0.5808
Epoch 059, Loss: 0.5411
Epoch 060, Loss: 0.5919
Epoch 061, Loss: 0.5576
Epoch 062, Loss: 0.5554
Epoch 063, Loss: 0.5317
Epoch 064, Loss: 0.4960
Epoch 065, Loss: 0.5578
Epoch 066, Loss: 0.5137
Epoch 067, Loss: 0.5065
Epoch 068, Loss: 0.5505
Epoch 069, Loss: 0.5121
Epoch 070, Loss: 0.5271
Epoch 071, Loss: 0.5000
Epoch 072, Loss: 0.5344
Epoch 073, Loss: 0.5528
Epoch 074, Loss: 0.5309
Epoch 075, Loss: 0.5140
Epoch 076, Loss: 0.5071
Epoch 077, Loss: 0.5498
Epoch 078, Loss: 0.5343
Epoch 079, Loss: 0.5091
Epoch 080, Loss: 0.4898
Epoch 081, Loss: 0.5175
Epoch 082, Loss: 0.4816
Epoch 083, Loss: 0.5650
Epoch 084, Loss: 0.4745
Epoch 085, Loss: 0.5545
Epoch 086, Loss: 0.4835
Epoch 087, Loss: 0.5417
Epoch 088, Loss: 0.5096
Epoch 089, Loss: 0.4982
Epoch 090, Loss: 0.5250
Epoch 091, Loss: 0.5254
Epoch 092, Loss: 0.5470
Epoch 093, Loss: 0.5143
Epoch 094, Loss: 0.5007
Epoch 095, Loss: 0.4862
Epoch 096, Loss: 0.4901
Epoch 097, Loss: 0.5115
Epoch 098, Loss: 0.4687
Epoch 099, Loss: 0.4710
Epoch 100, Loss: 0.4939

Test RMSE: 0.6647
Test MAPE: 342231953178624.0000
Training time: 44.19 seconds
Model saved to Models/GCN_model_full.pkl

Metrics saved to Models/Graph_Neural_Training_metrics.csv

 **Final Training Results:**
node_size model_type  test_size     rmse         mape  training_time         model_file
       10   Q_values        0.2 0.638585 2.127064e-01       9.692629   GNN_model_10.pkl
       12   Q_values        0.2 0.604271 2.190930e-01       8.654743   GNN_model_12.pkl
       15   Q_values        0.2 0.784491 2.079473e-01       8.815016   GNN_model_15.pkl
       20   Q_values        0.2 0.810912 2.204319e-01       9.093490   GNN_model_20.pkl
       25   Q_values        0.2 1.593305 2.157337e-01       9.063034   GNN_model_25.pkl
     full   Q_values        0.2 0.664711 3.422320e+14      44.190107 GNN_model_full.pkl

 Training complete for all datasets!
  adding: Models/ (stored 0%)
  adding: Models/GCN_model_12.pkl (deflated 23%)
  adding: Models/GCN_model_full.pkl (deflated 22%)
  adding: Models/GCN_model_20.pkl (deflated 20%)
  adding: Models/Graph_Neural_Training_results.txt (deflated 60%)
  adding: Models/GCN_model_15.pkl (deflated 22%)
  adding: Models/Graph_Neural_Training_metrics.csv (deflated 50%)
  adding: Models/GCN_model_25.pkl (deflated 22%)
  adding: Models/GCN_model_10.pkl (deflated 24%)
