

Classical 10 nodes - Time: 1.8136s, Cut: 9.16635926806922/11.89542687912485
Graph Size:10
Execution N°:25
Model:MLP_NAS
MLP_NAS 10 nodes - Time: 0.0860s, Cut: 9.009248848193854/11.89542687912485
Graph Size:10
Execution N°:25
Model:xgboost
xgboost 10 nodes - Time: 0.5821s, Cut: 10.586331337409733/11.89542687912485
Graph Size:10
Execution N°:25
Model:MLP
MLP 10 nodes - Time: 0.0188s, Cut: 9.009248848193854/11.89542687912485
Classical 12 nodes - Time: 2.0599s, Cut: 12.975720363794773/17.04410029813103
Graph Size:12
Execution N°:25
Model:MLP_NAS
MLP_NAS 12 nodes - Time: 0.0243s, Cut: 10.838418984417334/17.04410029813103
Graph Size:12
Execution N°:25
Model:xgboost
xgboost 12 nodes - Time: 0.0533s, Cut: 10.410997771027962/17.04410029813103
Graph Size:12
Execution N°:25
Model:MLP
MLP 12 nodes - Time: 0.0173s, Cut: 12.80910119204157/17.04410029813103
Classical 15 nodes - Time: 3.5176s, Cut: 17.659686038844587/29.665255809115646
Graph Size:15
Execution N°:25
Model:MLP_NAS
MLP_NAS 15 nodes - Time: 0.0430s, Cut: 23.541287996021182/29.665255809115646
Graph Size:15
Execution N°:25
Model:xgboost
xgboost 15 nodes - Time: 0.0760s, Cut: 20.852383134448644/29.665255809115646
Graph Size:15
Execution N°:25
Model:MLP
MLP 15 nodes - Time: 0.0448s, Cut: 22.259896188118685/29.665255809115646
Classical 20 nodes - Time: 12.2038s, Cut: 34.89521100208839/38.01567137857725
Graph Size:20
Execution N°:25
Model:MLP_NAS
MLP_NAS 20 nodes - Time: 0.4262s, Cut: 32.557440665640684/38.01567137857725
Graph Size:20
Execution N°:25
Model:xgboost
xgboost 20 nodes - Time: 0.4013s, Cut: 32.69034597062672/38.01567137857725
Graph Size:20
Execution N°:25
Model:MLP
MLP 20 nodes - Time: 0.4135s, Cut: 29.02845747636398/38.01567137857725
Classical 25 nodes - Time: 355.3497s, Cut: 34.8742431569911/44.41659206604786
Graph Size:25
Execution N°:25
Model:MLP_NAS
MLP_NAS 25 nodes - Time: 14.7622s, Cut: 36.97631092426083/44.41659206604786
Graph Size:25
Execution N°:25
Model:xgboost
xgboost 25 nodes - Time: 14.7318s, Cut: 38.14947124853741/44.41659206604786
Graph Size:25
Execution N°:25
Model:MLP
MLP 25 nodes - Time: 14.8474s, Cut: 34.79384072393965/44.41659206604786

======================================================================
COMPREHENSIVE COMPARISON SUMMARY
======================================================================

======================================================================
Node Size: 10 | Optimal Cut: 11.89542687912485
======================================================================

Classical QAOA:
  Time: 1.8136s
  Cut: 9.16635926806922/11.89542687912485 (77.06%)

MLP_NAS Model:
  Time: 0.0860s (speedup: 21.1x)
  Cut: 9.009248848193854/11.89542687912485 (75.74%)
  Quality vs Classical: -1.32%

xgboost Model:
  Time: 0.5821s (speedup: 3.1x)
  Cut: 10.586331337409733/11.89542687912485 (88.99%)
  Quality vs Classical: +11.94%

MLP Model:
  Time: 0.0188s (speedup: 96.3x)
  Cut: 9.009248848193854/11.89542687912485 (75.74%)
  Quality vs Classical: -1.32%

======================================================================
Node Size: 12 | Optimal Cut: 17.04410029813103
======================================================================

Classical QAOA:
  Time: 2.0599s
  Cut: 12.975720363794773/17.04410029813103 (76.13%)

MLP_NAS Model:
  Time: 0.0243s (speedup: 84.6x)
  Cut: 10.838418984417334/17.04410029813103 (63.59%)
  Quality vs Classical: -12.54%

xgboost Model:
  Time: 0.0533s (speedup: 38.6x)
  Cut: 10.410997771027962/17.04410029813103 (61.08%)
  Quality vs Classical: -15.05%

MLP Model:
  Time: 0.0173s (speedup: 119.1x)
  Cut: 12.80910119204157/17.04410029813103 (75.15%)
  Quality vs Classical: -0.98%

======================================================================
Node Size: 15 | Optimal Cut: 29.665255809115646
======================================================================

Classical QAOA:
  Time: 3.5176s
  Cut: 17.659686038844587/29.665255809115646 (59.53%)

MLP_NAS Model:
  Time: 0.0430s (speedup: 81.9x)
  Cut: 23.541287996021182/29.665255809115646 (79.36%)
  Quality vs Classical: +19.83%

xgboost Model:
  Time: 0.0760s (speedup: 46.3x)
  Cut: 20.852383134448644/29.665255809115646 (70.29%)
  Quality vs Classical: +10.76%

MLP Model:
  Time: 0.0448s (speedup: 78.5x)
  Cut: 22.259896188118685/29.665255809115646 (75.04%)
  Quality vs Classical: +15.51%

======================================================================
Node Size: 20 | Optimal Cut: 38.01567137857725
======================================================================

Classical QAOA:
  Time: 12.2038s
  Cut: 34.89521100208839/38.01567137857725 (91.79%)

MLP_NAS Model:
  Time: 0.4262s (speedup: 28.6x)
  Cut: 32.557440665640684/38.01567137857725 (85.64%)
  Quality vs Classical: -6.15%

xgboost Model:
  Time: 0.4013s (speedup: 30.4x)
  Cut: 32.69034597062672/38.01567137857725 (85.99%)
  Quality vs Classical: -5.80%

MLP Model:
  Time: 0.4135s (speedup: 29.5x)
  Cut: 29.02845747636398/38.01567137857725 (76.36%)
  Quality vs Classical: -15.43%

======================================================================
Node Size: 25 | Optimal Cut: 44.41659206604786
======================================================================

Classical QAOA:
  Time: 355.3497s
  Cut: 34.8742431569911/44.41659206604786 (78.52%)

MLP_NAS Model:
  Time: 14.7622s (speedup: 24.1x)
  Cut: 36.97631092426083/44.41659206604786 (83.25%)
  Quality vs Classical: +4.73%

xgboost Model:
  Time: 14.7318s (speedup: 24.1x)
  Cut: 38.14947124853741/44.41659206604786 (85.89%)
  Quality vs Classical: +7.37%

MLP Model:
  Time: 14.8474s (speedup: 23.9x)
  Cut: 34.79384072393965/44.41659206604786 (78.34%)
  Quality vs Classical: -0.18%

======================================================================
OVERALL AVERAGES
======================================================================

Classical QAOA:
  Avg Time: 74.9889s
  Avg Approximation Ratio: 76.61%

MLP_NAS Model:
  Avg Time: 3.0683s (avg speedup: 24.4x)
  Avg Approximation Ratio: 77.51%
  Quality Difference: +0.91%

xgboost Model:
  Avg Time: 3.1689s (avg speedup: 23.7x)
  Avg Approximation Ratio: 78.45%
  Quality Difference: +1.85%

MLP Model:
  Avg Time: 3.0684s (avg speedup: 24.4x)
  Avg Approximation Ratio: 76.12%
  Quality Difference: -0.48%
  adding: Models/qaoa_vs_ml/V3/execution_25/comparison_comprehensive.png (deflated 13%)
  adding: Models/qaoa_vs_ml/V3/execution_25/detailed_timing_analysis.png (deflated 15%)
  adding: Models/qaoa_vs_ml/V3/execution_25/MLP_model_10_Circuit.pkl (deflated 5%)
  adding: Models/qaoa_vs_ml/V3/execution_25/MLP_model_10.pkl (deflated 5%)
  adding: Models/qaoa_vs_ml/V3/execution_25/MLP_model_12_Circuit.pkl (deflated 5%)
  adding: Models/qaoa_vs_ml/V3/execution_25/MLP_model_12.pkl (deflated 5%)
  adding: Models/qaoa_vs_ml/V3/execution_25/MLP_model_15_Circuit.pkl (deflated 5%)
  adding: Models/qaoa_vs_ml/V3/execution_25/MLP_model_15.pkl (deflated 5%)
  adding: Models/qaoa_vs_ml/V3/execution_25/MLP_model_20_Circuit.pkl (deflated 5%)
  adding: Models/qaoa_vs_ml/V3/execution_25/MLP_model_20.pkl (deflated 4%)
  adding: Models/qaoa_vs_ml/V3/execution_25/MLP_model_25_Circuit.pkl (deflated 5%)
  adding: Models/qaoa_vs_ml/V3/execution_25/MLP_model_25.pkl (deflated 4%)
  adding: Models/qaoa_vs_ml/V3/execution_25/MLP_model_full_Circuit.pkl (deflated 5%)
  adding: Models/qaoa_vs_ml/V3/execution_25/MLP_model_full.pkl (deflated 4%)
  adding: Models/qaoa_vs_ml/V3/execution_25/MLP_model_nas_10.pkl (deflated 5%)
  adding: Models/qaoa_vs_ml/V3/execution_25/MLP_model_nas_12.pkl (deflated 5%)
  adding: Models/qaoa_vs_ml/V3/execution_25/MLP_model_nas_15.pkl (deflated 4%)
  adding: Models/qaoa_vs_ml/V3/execution_25/MLP_model_nas_25.pkl (deflated 4%)
  adding: Models/qaoa_vs_ml/V3/execution_25/MLP_model_nas_full.pkl (deflated 4%)
  adding: Models/qaoa_vs_ml/V3/execution_25/vanila_vs_ml.csv (deflated 53%)
  adding: Models/qaoa_vs_ml/V3/execution_25/xgboost_model_10_Circuit.pkl (deflated 83%)
  adding: Models/qaoa_vs_ml/V3/execution_25/xgboost_model_10.pkl (deflated 86%)
  adding: Models/qaoa_vs_ml/V3/execution_25/xgboost_model_12_Circuit.pkl (deflated 83%)
  adding: Models/qaoa_vs_ml/V3/execution_25/xgboost_model_12.pkl (deflated 87%)
  adding: Models/qaoa_vs_ml/V3/execution_25/xgboost_model_15_Circuit.pkl (deflated 83%)
  adding: Models/qaoa_vs_ml/V3/execution_25/xgboost_model_15.pkl (deflated 87%)
  adding: Models/qaoa_vs_ml/V3/execution_25/xgboost_model_20_Circuit.pkl (deflated 83%)
  adding: Models/qaoa_vs_ml/V3/execution_25/xgboost_model_20.pkl (deflated 87%)
  adding: Models/qaoa_vs_ml/V3/execution_25/xgboost_model_25_Circuit.pkl (deflated 83%)
  adding: Models/qaoa_vs_ml/V3/execution_25/xgboost_model_25.pkl (deflated 87%)
  adding: Models/qaoa_vs_ml/V3/execution_25/xgboost_model_full_Circuit.pkl (deflated 81%)
  adding: Models/qaoa_vs_ml/V3/execution_25/xgboost_model_full.pkl (deflated 79%)
