

Classical 10 nodes - Time: 2.0761s, Cut: 11.428171110504975/15.135764784999811
Graph Size:10
Execution N°:29
Model:xgboost
xgboost 10 nodes - Time: 0.0928s, Cut: 9.29861020955214/15.135764784999811
Graph Size:10
Execution N°:29
Model:MLP
MLP 10 nodes - Time: 0.0198s, Cut: 12.307806631839336/15.135764784999811
Classical 12 nodes - Time: 2.3978s, Cut: 11.663278734550113/14.491802442715786
Graph Size:12
Execution N°:29
Model:xgboost
xgboost 12 nodes - Time: 0.0460s, Cut: 5.177402348531378/14.491802442715786
Graph Size:12
Execution N°:29
Model:MLP
MLP 12 nodes - Time: 0.0177s, Cut: 9.542204308145141/14.491802442715786
Classical 15 nodes - Time: 2.5492s, Cut: 13.023321625960468/22.95753589374799
Graph Size:15
Execution N°:29
Model:xgboost
xgboost 15 nodes - Time: 0.0787s, Cut: 17.91239286372828/22.95753589374799
Graph Size:15
Execution N°:29
Model:MLP
MLP 15 nodes - Time: 0.0622s, Cut: 14.969405621237204/22.95753589374799
Classical 20 nodes - Time: 17.0976s, Cut: 45.447961488669584/46.50064771737176
Graph Size:20
Execution N°:29
Model:xgboost
xgboost 20 nodes - Time: 0.5614s, Cut: 47.51834718623735/46.50064771737176
Graph Size:20
Execution N°:29
Model:MLP
MLP 20 nodes - Time: 0.5810s, Cut: 47.370022391852274/46.50064771737176
Classical 25 nodes - Time: 608.9804s, Cut: 65.50855011472431/76.0729579053286
Graph Size:25
Execution N°:29
Model:xgboost
xgboost 25 nodes - Time: 17.0115s, Cut: 71.15873206498699/76.0729579053286
Graph Size:25
Execution N°:29
Model:MLP
MLP 25 nodes - Time: 17.3296s, Cut: 65.75613702028305/76.0729579053286

======================================================================
COMPREHENSIVE COMPARISON SUMMARY
======================================================================

======================================================================
Node Size: 10 | Optimal Cut: 15.135764784999811
======================================================================

Classical QAOA:
  Time: 2.0761s
  Cut: 11.428171110504975/15.135764784999811 (75.50%)

xgboost Model:
  Time: 0.0928s (speedup: 22.4x)
  Cut: 9.29861020955214/15.135764784999811 (61.43%)
  Quality vs Classical: -14.07%

MLP Model:
  Time: 0.0198s (speedup: 105.0x)
  Cut: 12.307806631839336/15.135764784999811 (81.32%)
  Quality vs Classical: +5.81%

======================================================================
Node Size: 12 | Optimal Cut: 14.491802442715786
======================================================================

Classical QAOA:
  Time: 2.3978s
  Cut: 11.663278734550113/14.491802442715786 (80.48%)

xgboost Model:
  Time: 0.0460s (speedup: 52.2x)
  Cut: 5.177402348531378/14.491802442715786 (35.73%)
  Quality vs Classical: -44.76%

MLP Model:
  Time: 0.0177s (speedup: 135.2x)
  Cut: 9.542204308145141/14.491802442715786 (65.85%)
  Quality vs Classical: -14.64%

======================================================================
Node Size: 15 | Optimal Cut: 22.95753589374799
======================================================================

Classical QAOA:
  Time: 2.5492s
  Cut: 13.023321625960468/22.95753589374799 (56.73%)

xgboost Model:
  Time: 0.0787s (speedup: 32.4x)
  Cut: 17.91239286372828/22.95753589374799 (78.02%)
  Quality vs Classical: +21.30%

MLP Model:
  Time: 0.0622s (speedup: 41.0x)
  Cut: 14.969405621237204/22.95753589374799 (65.20%)
  Quality vs Classical: +8.48%

======================================================================
Node Size: 20 | Optimal Cut: 46.50064771737176
======================================================================

Classical QAOA:
  Time: 17.0976s
  Cut: 45.447961488669584/46.50064771737176 (97.74%)

xgboost Model:
  Time: 0.5614s (speedup: 30.5x)
  Cut: 47.51834718623735/46.50064771737176 (102.19%)
  Quality vs Classical: +4.45%

MLP Model:
  Time: 0.5810s (speedup: 29.4x)
  Cut: 47.370022391852274/46.50064771737176 (101.87%)
  Quality vs Classical: +4.13%

======================================================================
Node Size: 25 | Optimal Cut: 76.0729579053286
======================================================================

Classical QAOA:
  Time: 608.9804s
  Cut: 65.50855011472431/76.0729579053286 (86.11%)

xgboost Model:
  Time: 17.0115s (speedup: 35.8x)
  Cut: 71.15873206498699/76.0729579053286 (93.54%)
  Quality vs Classical: +7.43%

MLP Model:
  Time: 17.3296s (speedup: 35.1x)
  Cut: 65.75613702028305/76.0729579053286 (86.44%)
  Quality vs Classical: +0.33%

======================================================================
OVERALL AVERAGES
======================================================================

Classical QAOA:
  Avg Time: 126.6202s
  Avg Approximation Ratio: 79.31%

xgboost Model:
  Avg Time: 3.5581s (avg speedup: 35.6x)
  Avg Approximation Ratio: 74.18%
  Quality Difference: -5.13%

MLP Model:
  Avg Time: 3.6020s (avg speedup: 35.2x)
  Avg Approximation Ratio: 80.13%
  Quality Difference: +0.82%
  adding: Models/qaoa_vs_ml/V1/execution_29/comparison_comprehensive.png (deflated 13%)
  adding: Models/qaoa_vs_ml/V1/execution_29/detailed_timing_analysis.png (deflated 18%)
  adding: Models/qaoa_vs_ml/V1/execution_29/MLP_model_10_Circuit.pkl (deflated 5%)
  adding: Models/qaoa_vs_ml/V1/execution_29/MLP_model_10.pkl (deflated 5%)
  adding: Models/qaoa_vs_ml/V1/execution_29/MLP_model_12_Circuit.pkl (deflated 5%)
  adding: Models/qaoa_vs_ml/V1/execution_29/MLP_model_12.pkl (deflated 5%)
  adding: Models/qaoa_vs_ml/V1/execution_29/MLP_model_15_Circuit.pkl (deflated 5%)
  adding: Models/qaoa_vs_ml/V1/execution_29/MLP_model_15.pkl (deflated 5%)
  adding: Models/qaoa_vs_ml/V1/execution_29/MLP_model_20_Circuit.pkl (deflated 5%)
  adding: Models/qaoa_vs_ml/V1/execution_29/MLP_model_20.pkl (deflated 5%)
  adding: Models/qaoa_vs_ml/V1/execution_29/MLP_model_25_Circuit.pkl (deflated 5%)
  adding: Models/qaoa_vs_ml/V1/execution_29/MLP_model_25.pkl (deflated 4%)
  adding: Models/qaoa_vs_ml/V1/execution_29/MLP_model_full_Circuit.pkl (deflated 5%)
  adding: Models/qaoa_vs_ml/V1/execution_29/MLP_model_full.pkl (deflated 4%)
  adding: Models/qaoa_vs_ml/V1/execution_29/vanila_vs_ml.csv (deflated 51%)
  adding: Models/qaoa_vs_ml/V1/execution_29/xgboost_model_10_Circuit.pkl (deflated 83%)
  adding: Models/qaoa_vs_ml/V1/execution_29/xgboost_model_10.pkl (deflated 85%)
  adding: Models/qaoa_vs_ml/V1/execution_29/xgboost_model_12_Circuit.pkl (deflated 83%)
  adding: Models/qaoa_vs_ml/V1/execution_29/xgboost_model_12.pkl (deflated 86%)
  adding: Models/qaoa_vs_ml/V1/execution_29/xgboost_model_15_Circuit.pkl (deflated 83%)
  adding: Models/qaoa_vs_ml/V1/execution_29/xgboost_model_15.pkl (deflated 87%)
  adding: Models/qaoa_vs_ml/V1/execution_29/xgboost_model_20_Circuit.pkl (deflated 83%)
  adding: Models/qaoa_vs_ml/V1/execution_29/xgboost_model_20.pkl (deflated 87%)
  adding: Models/qaoa_vs_ml/V1/execution_29/xgboost_model_25_Circuit.pkl (deflated 83%)
  adding: Models/qaoa_vs_ml/V1/execution_29/xgboost_model_25.pkl (deflated 87%)
  adding: Models/qaoa_vs_ml/V1/execution_29/xgboost_model_full_Circuit.pkl (deflated 81%)
  adding: Models/qaoa_vs_ml/V1/execution_29/xgboost_model_full.pkl (deflated 79%)
