
 Training on dataset_10_nodes.csv...
Total rows in CSV: 50
10 55
10 55
10 55
10 55
10 55
10 55
10 55
10 55
10 55
10 55
10 55
10 55
10 55
10 55
10 55
10 55
10 55
10 55
10 55
10 55
10 55
10 55
10 55
10 55
10 55
10 55
10 55
10 55
10 55
10 55
10 55
10 55
10 55
10 55
10 55
10 55
10 55
10 55
10 55
10 55
10 55
10 55
10 55
10 55
10 55
10 55
10 55
10 55
10 55
10 55
Loaded 50 valid graphs.
Epoch 001, Loss: 2.8512
Epoch 002, Loss: 0.5725
Epoch 003, Loss: 0.6035
Epoch 004, Loss: 0.5404
Epoch 005, Loss: 0.5676
Epoch 006, Loss: 0.6027
Epoch 007, Loss: 0.6211
Epoch 008, Loss: 0.5722
Epoch 009, Loss: 0.5890
Epoch 010, Loss: 0.6066
Epoch 011, Loss: 0.6153
Epoch 012, Loss: 0.5435
Epoch 013, Loss: 0.5670
Epoch 014, Loss: 0.6040
Epoch 015, Loss: 0.5511
Epoch 016, Loss: 0.5506
Epoch 017, Loss: 0.5500
Epoch 018, Loss: 0.5949
Epoch 019, Loss: 0.6415
Epoch 020, Loss: 0.5886
Epoch 021, Loss: 0.5595
Epoch 022, Loss: 0.5466
Epoch 023, Loss: 0.5827
Epoch 024, Loss: 0.5298
Epoch 025, Loss: 0.5390
Epoch 026, Loss: 0.5695
Epoch 027, Loss: 0.5780
Epoch 028, Loss: 0.5735
Epoch 029, Loss: 0.5348
Epoch 030, Loss: 0.5465
Epoch 031, Loss: 0.5319
Epoch 032, Loss: 0.5631
Epoch 033, Loss: 0.5484
Epoch 034, Loss: 0.5253
Epoch 035, Loss: 0.5515
Epoch 036, Loss: 0.5331
Epoch 037, Loss: 0.5488
Epoch 038, Loss: 0.5317
Epoch 039, Loss: 0.5356
Epoch 040, Loss: 0.5309
Epoch 041, Loss: 0.5236
Epoch 042, Loss: 0.5023
Epoch 043, Loss: 0.4845
Epoch 044, Loss: 0.5443
Epoch 045, Loss: 0.4975
Epoch 046, Loss: 0.5264
Epoch 047, Loss: 0.5051
Epoch 048, Loss: 0.4912
Epoch 049, Loss: 0.5344
Epoch 050, Loss: 0.5276
Epoch 051, Loss: 0.5065
Epoch 052, Loss: 0.5261
Epoch 053, Loss: 0.5234
Epoch 054, Loss: 0.5013
Epoch 055, Loss: 0.5172
Epoch 056, Loss: 0.4746
Epoch 057, Loss: 0.5139
Epoch 058, Loss: 0.4866
Epoch 059, Loss: 0.5541
Epoch 060, Loss: 0.5051
Epoch 061, Loss: 0.4907
Epoch 062, Loss: 0.5015
Epoch 063, Loss: 0.4892
Epoch 064, Loss: 0.5093
Epoch 065, Loss: 0.5134
Epoch 066, Loss: 0.4863
Epoch 067, Loss: 0.4829
Epoch 068, Loss: 0.4868
Epoch 069, Loss: 0.4816
Epoch 070, Loss: 0.4639
Epoch 071, Loss: 0.4853
Epoch 072, Loss: 0.5037
Epoch 073, Loss: 0.4611
Epoch 074, Loss: 0.4618
Epoch 075, Loss: 0.4563
Epoch 076, Loss: 0.4967
Epoch 077, Loss: 0.4499
Epoch 078, Loss: 0.4619
Epoch 079, Loss: 0.4404
Epoch 080, Loss: 0.4566
Epoch 081, Loss: 0.4650
Epoch 082, Loss: 0.4538
Epoch 083, Loss: 0.4605
Epoch 084, Loss: 0.4586
Epoch 085, Loss: 0.4552
Epoch 086, Loss: 0.4303
Epoch 087, Loss: 0.4447
Epoch 088, Loss: 0.4592
Epoch 089, Loss: 0.4556
Epoch 090, Loss: 0.4450
Epoch 091, Loss: 0.4351
Epoch 092, Loss: 0.4161
Epoch 093, Loss: 0.4353
Epoch 094, Loss: 0.4375
Epoch 095, Loss: 0.4282
Epoch 096, Loss: 0.4255
Epoch 097, Loss: 0.4194
Epoch 098, Loss: 0.4062
Epoch 099, Loss: 0.4200
Epoch 100, Loss: 0.4096

Test RMSE: 0.6167
Test MAPE: 0.2135
Training time: 15.82 seconds
Model saved to Models/GCN_model_10.pkl

 Training on dataset_12_nodes.csv...
Total rows in CSV: 50
12 78
12 78
12 78
12 78
12 78
12 78
12 78
12 78
12 78
12 78
12 78
12 78
12 78
12 78
12 78
12 78
12 78
12 78
12 78
12 78
12 78
12 78
12 78
12 78
12 78
12 78
12 78
12 78
12 78
12 78
12 78
12 78
12 78
12 78
12 78
12 78
12 78
12 78
12 78
12 78
12 78
12 78
12 78
12 78
12 78
12 78
12 78
12 78
12 78
12 78
Loaded 50 valid graphs.
Epoch 001, Loss: 3.3776
Epoch 002, Loss: 0.9526
Epoch 003, Loss: 0.8924
Epoch 004, Loss: 0.8636
Epoch 005, Loss: 0.8313
Epoch 006, Loss: 0.9440
Epoch 007, Loss: 0.9685
Epoch 008, Loss: 0.9138
Epoch 009, Loss: 0.8581
Epoch 010, Loss: 0.8527
Epoch 011, Loss: 0.8845
Epoch 012, Loss: 0.8914
Epoch 013, Loss: 0.8394
Epoch 014, Loss: 0.8763
Epoch 015, Loss: 0.8567
Epoch 016, Loss: 0.8474
Epoch 017, Loss: 0.8468
Epoch 018, Loss: 0.8323
Epoch 019, Loss: 0.8927
Epoch 020, Loss: 0.8972
Epoch 021, Loss: 0.8869
Epoch 022, Loss: 0.8726
Epoch 023, Loss: 0.9783
Epoch 024, Loss: 0.9052
Epoch 025, Loss: 0.7580
Epoch 026, Loss: 0.8627
Epoch 027, Loss: 0.8276
Epoch 028, Loss: 0.8676
Epoch 029, Loss: 0.9005
Epoch 030, Loss: 0.9102
Epoch 031, Loss: 0.8351
Epoch 032, Loss: 0.8329
Epoch 033, Loss: 0.8034
Epoch 034, Loss: 0.7993
Epoch 035, Loss: 0.8113
Epoch 036, Loss: 0.8102
Epoch 037, Loss: 0.8137
Epoch 038, Loss: 0.8482
Epoch 039, Loss: 0.8269
Epoch 040, Loss: 0.8920
Epoch 041, Loss: 0.8241
Epoch 042, Loss: 0.8232
Epoch 043, Loss: 0.7986
Epoch 044, Loss: 0.7938
Epoch 045, Loss: 0.7434
Epoch 046, Loss: 0.7894
Epoch 047, Loss: 0.8171
Epoch 048, Loss: 0.7489
Epoch 049, Loss: 0.7399
Epoch 050, Loss: 0.8036
Epoch 051, Loss: 0.7400
Epoch 052, Loss: 0.7298
Epoch 053, Loss: 0.7116
Epoch 054, Loss: 0.7974
Epoch 055, Loss: 0.7499
Epoch 056, Loss: 0.6900
Epoch 057, Loss: 0.7108
Epoch 058, Loss: 0.6649
Epoch 059, Loss: 0.6954
Epoch 060, Loss: 0.7108
Epoch 061, Loss: 0.6774
Epoch 062, Loss: 0.7327
Epoch 063, Loss: 0.6375
Epoch 064, Loss: 0.6136
Epoch 065, Loss: 0.6606
Epoch 066, Loss: 0.6581
Epoch 067, Loss: 0.6357
Epoch 068, Loss: 0.6159
Epoch 069, Loss: 0.6479
Epoch 070, Loss: 0.6298
Epoch 071, Loss: 0.6493
Epoch 072, Loss: 0.6182
Epoch 073, Loss: 0.5960
Epoch 074, Loss: 0.5989
Epoch 075, Loss: 0.6093
Epoch 076, Loss: 0.6117
Epoch 077, Loss: 0.5816
Epoch 078, Loss: 0.5885
Epoch 079, Loss: 0.6035
Epoch 080, Loss: 0.5804
Epoch 081, Loss: 0.5911
Epoch 082, Loss: 0.6139
Epoch 083, Loss: 0.5751
Epoch 084, Loss: 0.5965
Epoch 085, Loss: 0.6078
Epoch 086, Loss: 0.6139
Epoch 087, Loss: 0.5790
Epoch 088, Loss: 0.5819
Epoch 089, Loss: 0.5834
Epoch 090, Loss: 0.5684
Epoch 091, Loss: 0.5649
Epoch 092, Loss: 0.5889
Epoch 093, Loss: 0.5741
Epoch 094, Loss: 0.5519
Epoch 095, Loss: 0.5802
Epoch 096, Loss: 0.5516
Epoch 097, Loss: 0.5574
Epoch 098, Loss: 0.5597
Epoch 099, Loss: 0.5492
Epoch 100, Loss: 0.5546

Test RMSE: 0.7523
Test MAPE: 0.2251
Training time: 15.53 seconds
Model saved to Models/GCN_model_12.pkl

 Training on dataset_15_nodes.csv...
Total rows in CSV: 50
15 120
15 120
15 120
15 120
15 120
15 120
15 120
15 120
15 120
15 120
15 120
15 120
15 120
15 120
15 120
15 120
15 120
15 120
15 120
15 120
15 120
15 120
15 120
15 120
15 120
15 120
15 120
15 120
15 120
15 120
15 120
15 120
15 120
15 120
15 120
15 120
15 120
15 120
15 120
15 120
15 120
15 120
15 120
15 120
15 120
15 120
15 120
15 120
15 120
15 120
Loaded 50 valid graphs.
Epoch 001, Loss: 4.8574
Epoch 002, Loss: 0.9962
Epoch 003, Loss: 0.9811
Epoch 004, Loss: 0.9870
Epoch 005, Loss: 0.9560
Epoch 006, Loss: 1.0056
Epoch 007, Loss: 0.9362
Epoch 008, Loss: 0.9005
Epoch 009, Loss: 1.0392
Epoch 010, Loss: 1.0278
Epoch 011, Loss: 1.0126
Epoch 012, Loss: 0.9279
Epoch 013, Loss: 0.9185
Epoch 014, Loss: 0.9139
Epoch 015, Loss: 0.9441
Epoch 016, Loss: 1.0184
Epoch 017, Loss: 0.9123
Epoch 018, Loss: 0.9907
Epoch 019, Loss: 0.9664
Epoch 020, Loss: 0.9111
Epoch 021, Loss: 0.9924
Epoch 022, Loss: 1.0343
Epoch 023, Loss: 0.9202
Epoch 024, Loss: 0.9510
Epoch 025, Loss: 0.9187
Epoch 026, Loss: 0.9776
Epoch 027, Loss: 0.9506
Epoch 028, Loss: 0.9736
Epoch 029, Loss: 0.9480
Epoch 030, Loss: 0.9202
Epoch 031, Loss: 0.9574
Epoch 032, Loss: 0.9721
Epoch 033, Loss: 0.9206
Epoch 034, Loss: 0.8623
Epoch 035, Loss: 0.9364
Epoch 036, Loss: 0.8957
Epoch 037, Loss: 0.9357
Epoch 038, Loss: 0.8467
Epoch 039, Loss: 0.8844
Epoch 040, Loss: 0.8003
Epoch 041, Loss: 0.8380
Epoch 042, Loss: 0.9116
Epoch 043, Loss: 0.8205
Epoch 044, Loss: 0.7914
Epoch 045, Loss: 0.7789
Epoch 046, Loss: 0.8134
Epoch 047, Loss: 0.7934
Epoch 048, Loss: 0.8025
Epoch 049, Loss: 0.8226
Epoch 050, Loss: 0.8401
Epoch 051, Loss: 0.7932
Epoch 052, Loss: 0.7609
Epoch 053, Loss: 0.7883
Epoch 054, Loss: 0.7988
Epoch 055, Loss: 0.7590
Epoch 056, Loss: 0.7702
Epoch 057, Loss: 0.8540
Epoch 058, Loss: 0.7635
Epoch 059, Loss: 0.7194
Epoch 060, Loss: 0.7059
Epoch 061, Loss: 0.6619
Epoch 062, Loss: 0.6958
Epoch 063, Loss: 0.6558
Epoch 064, Loss: 0.6965
Epoch 065, Loss: 0.6773
Epoch 066, Loss: 0.6539
Epoch 067, Loss: 0.6317
Epoch 068, Loss: 0.6947
Epoch 069, Loss: 0.6546
Epoch 070, Loss: 0.6081
Epoch 071, Loss: 0.6030
Epoch 072, Loss: 0.6246
Epoch 073, Loss: 0.6100
Epoch 074, Loss: 0.5849
Epoch 075, Loss: 0.5834
Epoch 076, Loss: 0.5825
Epoch 077, Loss: 0.5766
Epoch 078, Loss: 0.6434
Epoch 079, Loss: 0.5802
Epoch 080, Loss: 0.6131
Epoch 081, Loss: 0.5575
Epoch 082, Loss: 0.6075
Epoch 083, Loss: 0.5831
Epoch 084, Loss: 0.5574
Epoch 085, Loss: 0.6109
Epoch 086, Loss: 0.5749
Epoch 087, Loss: 0.5688
Epoch 088, Loss: 0.6513
Epoch 089, Loss: 0.5326
Epoch 090, Loss: 0.5572
Epoch 091, Loss: 0.5729
Epoch 092, Loss: 0.5110
Epoch 093, Loss: 0.5260
Epoch 094, Loss: 0.5299
Epoch 095, Loss: 0.4862
Epoch 096, Loss: 0.5571
Epoch 097, Loss: 0.6100
Epoch 098, Loss: 0.5103
Epoch 099, Loss: 0.4879
Epoch 100, Loss: 0.5071

Test RMSE: 0.7750
Test MAPE: 0.2000
Training time: 15.72 seconds
Model saved to Models/GCN_model_15.pkl

 Training on dataset_20_nodes.csv...
Total rows in CSV: 50
20 210
20 210
20 210
20 210
20 210
20 210
20 210
20 210
20 210
20 210
20 210
20 210
20 210
20 210
20 210
20 210
20 210
20 210
20 210
20 210
20 210
20 210
20 210
20 210
20 210
20 210
20 210
20 210
20 210
20 210
20 210
20 210
20 210
20 210
20 210
20 210
20 210
20 210
20 210
20 210
20 210
20 210
20 210
20 210
20 210
20 210
20 210
20 210
20 210
20 210
Loaded 50 valid graphs.
Epoch 001, Loss: 8.5407
Epoch 002, Loss: 1.3834
Epoch 003, Loss: 1.3127
Epoch 004, Loss: 1.3500
Epoch 005, Loss: 1.1327
Epoch 006, Loss: 1.3004
Epoch 007, Loss: 1.2501
Epoch 008, Loss: 1.2816
Epoch 009, Loss: 1.2122
Epoch 010, Loss: 1.3613
Epoch 011, Loss: 1.4784
Epoch 012, Loss: 1.2743
Epoch 013, Loss: 1.2892
Epoch 014, Loss: 1.1857
Epoch 015, Loss: 1.2960
Epoch 016, Loss: 1.1597
Epoch 017, Loss: 1.4074
Epoch 018, Loss: 1.4474
Epoch 019, Loss: 1.2398
Epoch 020, Loss: 1.2906
Epoch 021, Loss: 1.1806
Epoch 022, Loss: 1.2216
Epoch 023, Loss: 1.2331
Epoch 024, Loss: 1.0320
Epoch 025, Loss: 1.4437
Epoch 026, Loss: 1.1892
Epoch 027, Loss: 1.2357
Epoch 028, Loss: 1.2395
Epoch 029, Loss: 1.2426
Epoch 030, Loss: 1.1355
Epoch 031, Loss: 1.2275
Epoch 032, Loss: 1.2545
Epoch 033, Loss: 1.0921
Epoch 034, Loss: 1.3401
Epoch 035, Loss: 1.2226
Epoch 036, Loss: 1.2106
Epoch 037, Loss: 1.1676
Epoch 038, Loss: 1.1118
Epoch 039, Loss: 1.1115
Epoch 040, Loss: 1.0070
Epoch 041, Loss: 1.0337
Epoch 042, Loss: 1.0384
Epoch 043, Loss: 1.0213
Epoch 044, Loss: 1.0940
Epoch 045, Loss: 1.1486
Epoch 046, Loss: 0.8394
Epoch 047, Loss: 0.8893
Epoch 048, Loss: 0.8898
Epoch 049, Loss: 0.8545
Epoch 050, Loss: 0.8290
Epoch 051, Loss: 1.0626
Epoch 052, Loss: 1.1005
Epoch 053, Loss: 0.7994
Epoch 054, Loss: 0.7973
Epoch 055, Loss: 0.8870
Epoch 056, Loss: 0.8067
Epoch 057, Loss: 0.8402
Epoch 058, Loss: 0.7513
Epoch 059, Loss: 0.7487
Epoch 060, Loss: 0.7492
Epoch 061, Loss: 0.7704
Epoch 062, Loss: 0.7360
Epoch 063, Loss: 0.7992
Epoch 064, Loss: 0.6900
Epoch 065, Loss: 0.7644
Epoch 066, Loss: 0.7241
Epoch 067, Loss: 0.6462
Epoch 068, Loss: 0.7990
Epoch 069, Loss: 0.6657
Epoch 070, Loss: 0.7293
Epoch 071, Loss: 0.6947
Epoch 072, Loss: 0.7261
Epoch 073, Loss: 0.7547
Epoch 074, Loss: 0.8181
Epoch 075, Loss: 0.6749
Epoch 076, Loss: 0.6234
Epoch 077, Loss: 0.5809
Epoch 078, Loss: 0.7086
Epoch 079, Loss: 0.5989
Epoch 080, Loss: 0.6718
Epoch 081, Loss: 0.6391
Epoch 082, Loss: 0.6833
Epoch 083, Loss: 0.6499
Epoch 084, Loss: 0.7090
Epoch 085, Loss: 0.6640
Epoch 086, Loss: 0.6623
Epoch 087, Loss: 0.7766
Epoch 088, Loss: 0.5808
Epoch 089, Loss: 0.6691
Epoch 090, Loss: 0.5976
Epoch 091, Loss: 0.5707
Epoch 092, Loss: 0.6282
Epoch 093, Loss: 0.6361
Epoch 094, Loss: 0.5837
Epoch 095, Loss: 0.5557
Epoch 096, Loss: 0.6071
Epoch 097, Loss: 0.7786
Epoch 098, Loss: 0.8260
Epoch 099, Loss: 0.6810
Epoch 100, Loss: 0.5697

Test RMSE: 1.0748
Test MAPE: 0.3075
Training time: 16.25 seconds
Model saved to Models/GCN_model_20.pkl

 Training on dataset_25_nodes.csv...
Total rows in CSV: 50
25 325
25 325
25 325
25 325
25 325
25 325
25 325
25 325
25 325
25 325
25 325
25 325
25 325
25 325
25 325
25 325
25 325
25 325
25 325
25 325
25 325
25 325
25 325
25 325
25 325
25 325
25 325
25 325
25 325
25 325
25 325
25 325
25 325
25 325
25 325
25 325
25 325
25 325
25 325
25 325
25 325
25 325
25 325
25 325
25 325
25 325
25 325
25 325
25 325
25 325
Loaded 50 valid graphs.
Epoch 001, Loss: 11.3711
Epoch 002, Loss: 1.6714
Epoch 003, Loss: 1.4708
Epoch 004, Loss: 1.7482
Epoch 005, Loss: 1.7214
Epoch 006, Loss: 1.8383
Epoch 007, Loss: 1.5089
Epoch 008, Loss: 1.6263
Epoch 009, Loss: 1.7767
Epoch 010, Loss: 1.6352
Epoch 011, Loss: 1.6715
Epoch 012, Loss: 1.7584
Epoch 013, Loss: 1.6793
Epoch 014, Loss: 1.6204
Epoch 015, Loss: 1.6175
Epoch 016, Loss: 1.7456
Epoch 017, Loss: 1.5369
Epoch 018, Loss: 1.6008
Epoch 019, Loss: 1.8366
Epoch 020, Loss: 1.9051
Epoch 021, Loss: 1.6328
Epoch 022, Loss: 1.4485
Epoch 023, Loss: 1.6418
Epoch 024, Loss: 1.5443
Epoch 025, Loss: 1.5545
Epoch 026, Loss: 1.5647
Epoch 027, Loss: 1.6707
Epoch 028, Loss: 1.7340
Epoch 029, Loss: 1.4540
Epoch 030, Loss: 1.5926
Epoch 031, Loss: 1.4929
Epoch 032, Loss: 1.5065
Epoch 033, Loss: 1.4725
Epoch 034, Loss: 1.7520
Epoch 035, Loss: 1.7631
Epoch 036, Loss: 1.5596
Epoch 037, Loss: 1.5456
Epoch 038, Loss: 1.5162
Epoch 039, Loss: 1.4492
Epoch 040, Loss: 1.5853
Epoch 041, Loss: 1.6141
Epoch 042, Loss: 1.3761
Epoch 043, Loss: 1.4776
Epoch 044, Loss: 1.5462
Epoch 045, Loss: 1.4890
Epoch 046, Loss: 1.7860
Epoch 047, Loss: 1.4724
Epoch 048, Loss: 1.4926
Epoch 049, Loss: 1.4922
Epoch 050, Loss: 1.7198
Epoch 051, Loss: 1.3662
Epoch 052, Loss: 1.5670
Epoch 053, Loss: 1.5262
Epoch 054, Loss: 1.5903
Epoch 055, Loss: 1.5438
Epoch 056, Loss: 1.4588
Epoch 057, Loss: 1.6830
Epoch 058, Loss: 1.5368
Epoch 059, Loss: 1.3629
Epoch 060, Loss: 1.4402
Epoch 061, Loss: 1.4000
Epoch 062, Loss: 1.3405
Epoch 063, Loss: 1.3549
Epoch 064, Loss: 1.3594
Epoch 065, Loss: 1.4108
Epoch 066, Loss: 1.4479
Epoch 067, Loss: 1.3100
Epoch 068, Loss: 1.2516
Epoch 069, Loss: 1.1216
Epoch 070, Loss: 1.2797
Epoch 071, Loss: 1.1609
Epoch 072, Loss: 1.1038
Epoch 073, Loss: 1.1282
Epoch 074, Loss: 1.1312
Epoch 075, Loss: 1.2279
Epoch 076, Loss: 1.0956
Epoch 077, Loss: 1.1172
Epoch 078, Loss: 1.0123
Epoch 079, Loss: 1.0821
Epoch 080, Loss: 1.0432
Epoch 081, Loss: 0.9440
Epoch 082, Loss: 0.9552
Epoch 083, Loss: 0.9420
Epoch 084, Loss: 0.9156
Epoch 085, Loss: 0.8661
Epoch 086, Loss: 0.9110
Epoch 087, Loss: 0.8954
Epoch 088, Loss: 0.8505
Epoch 089, Loss: 0.8884
Epoch 090, Loss: 0.8658
Epoch 091, Loss: 0.8661
Epoch 092, Loss: 0.9186
Epoch 093, Loss: 0.8035
Epoch 094, Loss: 0.8407
Epoch 095, Loss: 0.7971
Epoch 096, Loss: 0.7905
Epoch 097, Loss: 0.7988
Epoch 098, Loss: 0.8000
Epoch 099, Loss: 0.9566
Epoch 100, Loss: 0.8503

Test RMSE: 1.2358
Test MAPE: 0.1917
Training time: 16.61 seconds
Model saved to Models/GCN_model_25.pkl

 Training on dataset_full.csv...
Total rows in CSV: 250
25 325
25 325
25 325
25 325
25 325
25 325
25 325
25 325
25 325
25 325
25 325
25 325
25 325
25 325
25 325
25 325
25 325
25 325
25 325
25 325
25 325
25 325
25 325
25 325
25 325
25 325
25 325
25 325
25 325
25 325
25 325
25 325
25 325
25 325
25 325
25 325
25 325
25 325
25 325
25 325
25 325
25 325
25 325
25 325
25 325
25 325
25 325
25 325
25 325
25 325
25 325
25 325
25 325
25 325
25 325
25 325
25 325
25 325
25 325
25 325
25 325
25 325
25 325
25 325
25 325
25 325
25 325
25 325
25 325
25 325
25 325
25 325
25 325
25 325
25 325
25 325
25 325
25 325
25 325
25 325
25 325
25 325
25 325
25 325
25 325
25 325
25 325
25 325
25 325
25 325
25 325
25 325
25 325
25 325
25 325
25 325
25 325
25 325
25 325
25 325
25 325
25 325
25 325
25 325
25 325
25 325
25 325
25 325
25 325
25 325
25 325
25 325
25 325
25 325
25 325
25 325
25 325
25 325
25 325
25 325
25 325
25 325
25 325
25 325
25 325
25 325
25 325
25 325
25 325
25 325
25 325
25 325
25 325
25 325
25 325
25 325
25 325
25 325
25 325
25 325
25 325
25 325
25 325
25 325
25 325
25 325
25 325
25 325
25 325
25 325
25 325
25 325
25 325
25 325
25 325
25 325
25 325
25 325
25 325
25 325
25 325
25 325
25 325
25 325
25 325
25 325
25 325
25 325
25 325
25 325
25 325
25 325
25 325
25 325
25 325
25 325
25 325
25 325
25 325
25 325
25 325
25 325
25 325
25 325
25 325
25 325
25 325
25 325
25 325
25 325
25 325
25 325
25 325
25 325
25 325
25 325
25 325
25 325
25 325
25 325
25 325
25 325
25 325
25 325
25 325
25 325
25 325
25 325
25 325
25 325
25 325
25 325
25 325
25 325
25 325
25 325
25 325
25 325
25 325
25 325
25 325
25 325
25 325
25 325
25 325
25 325
25 325
25 325
25 325
25 325
25 325
25 325
25 325
25 325
25 325
25 325
25 325
25 325
25 325
25 325
25 325
25 325
25 325
25 325
25 325
25 325
25 325
25 325
25 325
25 325
Loaded 250 valid graphs.
Epoch 001, Loss: 3.7399
Epoch 002, Loss: 3.3408
Epoch 003, Loss: 2.0694
Epoch 004, Loss: 1.1107
Epoch 005, Loss: 0.7867
Epoch 006, Loss: 0.8306
Epoch 007, Loss: 0.7017
Epoch 008, Loss: 0.7960
Epoch 009, Loss: 0.7026
Epoch 010, Loss: 0.6547
Epoch 011, Loss: 0.7420
Epoch 012, Loss: 0.6581
Epoch 013, Loss: 0.7338
Epoch 014, Loss: 0.6560
Epoch 015, Loss: 0.6934
Epoch 016, Loss: 0.6804
Epoch 017, Loss: 0.6092
Epoch 018, Loss: 0.6065
Epoch 019, Loss: 0.6332
Epoch 020, Loss: 0.7146
Epoch 021, Loss: 0.6541
Epoch 022, Loss: 0.6227
Epoch 023, Loss: 0.6559
Epoch 024, Loss: 0.6514
Epoch 025, Loss: 0.5990
Epoch 026, Loss: 0.7007
Epoch 027, Loss: 0.6023
Epoch 028, Loss: 0.6261
Epoch 029, Loss: 0.6504
Epoch 030, Loss: 0.5543
Epoch 031, Loss: 0.5589
Epoch 032, Loss: 0.6507
Epoch 033, Loss: 0.6119
Epoch 034, Loss: 0.5510
Epoch 035, Loss: 0.5914
Epoch 036, Loss: 0.5791
Epoch 037, Loss: 0.6255
Epoch 038, Loss: 0.5506
Epoch 039, Loss: 0.5566
Epoch 040, Loss: 0.5672
Epoch 041, Loss: 0.6192
Epoch 042, Loss: 0.5888
Epoch 043, Loss: 0.6336
Epoch 044, Loss: 0.5895
Epoch 045, Loss: 0.5909
Epoch 046, Loss: 0.5577
Epoch 047, Loss: 0.5927
Epoch 048, Loss: 0.5876
Epoch 049, Loss: 0.5890
Epoch 050, Loss: 0.5390
Epoch 051, Loss: 0.5826
Epoch 052, Loss: 0.5288
Epoch 053, Loss: 0.5255
Epoch 054, Loss: 0.5356
Epoch 055, Loss: 0.5537
Epoch 056, Loss: 0.5514
Epoch 057, Loss: 0.5887
Epoch 058, Loss: 0.6138
Epoch 059, Loss: 0.6045
Epoch 060, Loss: 0.5613
Epoch 061, Loss: 0.5523
Epoch 062, Loss: 0.5834
Epoch 063, Loss: 0.5697
Epoch 064, Loss: 0.5545
Epoch 065, Loss: 0.5866
Epoch 066, Loss: 0.5292
Epoch 067, Loss: 0.5310
Epoch 068, Loss: 0.5411
Epoch 069, Loss: 0.4906
Epoch 070, Loss: 0.5250
Epoch 071, Loss: 0.5388
Epoch 072, Loss: 0.5913
Epoch 073, Loss: 0.5559
Epoch 074, Loss: 0.5669
Epoch 075, Loss: 0.6177
Epoch 076, Loss: 0.4916
Epoch 077, Loss: 0.5185
Epoch 078, Loss: 0.5094
Epoch 079, Loss: 0.5573
Epoch 080, Loss: 0.5515
Epoch 081, Loss: 0.5254
Epoch 082, Loss: 0.5152
Epoch 083, Loss: 0.5114
Epoch 084, Loss: 0.5420
Epoch 085, Loss: 0.5307
Epoch 086, Loss: 0.5212
Epoch 087, Loss: 0.5371
Epoch 088, Loss: 0.5287
Epoch 089, Loss: 0.5143
Epoch 090, Loss: 0.5160
Epoch 091, Loss: 0.5451
Epoch 092, Loss: 0.5221
Epoch 093, Loss: 0.5195
Epoch 094, Loss: 0.5326
Epoch 095, Loss: 0.5053
Epoch 096, Loss: 0.5150
Epoch 097, Loss: 0.5276
Epoch 098, Loss: 0.5040
Epoch 099, Loss: 0.5444
Epoch 100, Loss: 0.4964

Test RMSE: 0.7104
Test MAPE: 345091965190144.0000
Training time: 80.81 seconds
Model saved to Models/GCN_model_full.pkl

Metrics saved to Models/Graph_Neural_Training_metrics.csv

 **Final Training Results:**
node_size model_type  test_size     rmse         mape  training_time         model_file
       10   Q_values        0.2 0.616655 2.135178e-01      15.816847   GNN_model_10.pkl
       12   Q_values        0.2 0.752307 2.251200e-01      15.530422   GNN_model_12.pkl
       15   Q_values        0.2 0.775001 1.999723e-01      15.723696   GNN_model_15.pkl
       20   Q_values        0.2 1.074785 3.074757e-01      16.254264   GNN_model_20.pkl
       25   Q_values        0.2 1.235816 1.917198e-01      16.608598   GNN_model_25.pkl
     full   Q_values        0.2 0.710359 3.450920e+14      80.807689 GNN_model_full.pkl

 Training complete for all datasets!
  adding: Models/ (stored 0%)
  adding: Models/Graph_Neural_Training_results.txt (deflated 60%)
  adding: Models/GCN_model_12.pkl (deflated 24%)
  adding: Models/Graph_Neural_Training_metrics.csv (deflated 50%)
  adding: Models/GCN_model_20.pkl (deflated 22%)
  adding: Models/GCN_model_25.pkl (deflated 21%)
  adding: Models/GCN_model_10.pkl (deflated 22%)
  adding: Models/GCN_model_full.pkl (deflated 21%)
  adding: Models/GCN_model_15.pkl (deflated 21%)
