
 Training on dataset_10_nodes.csv...
Total rows in CSV: 50
10 55
10 55
10 55
10 55
10 55
10 55
10 55
10 55
10 55
10 55
10 55
10 55
10 55
10 55
10 55
10 55
10 55
10 55
10 55
10 55
10 55
10 55
10 55
10 55
10 55
10 55
10 55
10 55
10 55
10 55
10 55
10 55
10 55
10 55
10 55
10 55
10 55
10 55
10 55
10 55
10 55
10 55
10 55
10 55
10 55
10 55
10 55
10 55
10 55
10 55
Loaded 50 valid graphs.
Epoch 001, Loss: 3.0355
Epoch 002, Loss: 0.5902
Epoch 003, Loss: 0.5748
Epoch 004, Loss: 0.5554
Epoch 005, Loss: 0.6351
Epoch 006, Loss: 0.5961
Epoch 007, Loss: 0.5998
Epoch 008, Loss: 0.6389
Epoch 009, Loss: 0.6067
Epoch 010, Loss: 0.5558
Epoch 011, Loss: 0.5789
Epoch 012, Loss: 0.7184
Epoch 013, Loss: 0.5709
Epoch 014, Loss: 0.5923
Epoch 015, Loss: 0.6130
Epoch 016, Loss: 0.5946
Epoch 017, Loss: 0.5307
Epoch 018, Loss: 0.5673
Epoch 019, Loss: 0.5616
Epoch 020, Loss: 0.5735
Epoch 021, Loss: 0.5589
Epoch 022, Loss: 0.6024
Epoch 023, Loss: 0.5649
Epoch 024, Loss: 0.5397
Epoch 025, Loss: 0.5957
Epoch 026, Loss: 0.5283
Epoch 027, Loss: 0.5584
Epoch 028, Loss: 0.5562
Epoch 029, Loss: 0.5606
Epoch 030, Loss: 0.5656
Epoch 031, Loss: 0.5379
Epoch 032, Loss: 0.5888
Epoch 033, Loss: 0.5425
Epoch 034, Loss: 0.5497
Epoch 035, Loss: 0.5692
Epoch 036, Loss: 0.5662
Epoch 037, Loss: 0.5447
Epoch 038, Loss: 0.5467
Epoch 039, Loss: 0.5360
Epoch 040, Loss: 0.5244
Epoch 041, Loss: 0.5433
Epoch 042, Loss: 0.5525
Epoch 043, Loss: 0.5260
Epoch 044, Loss: 0.5146
Epoch 045, Loss: 0.5322
Epoch 046, Loss: 0.5111
Epoch 047, Loss: 0.5384
Epoch 048, Loss: 0.5175
Epoch 049, Loss: 0.5085
Epoch 050, Loss: 0.5040
Epoch 051, Loss: 0.5178
Epoch 052, Loss: 0.5284
Epoch 053, Loss: 0.5113
Epoch 054, Loss: 0.5016
Epoch 055, Loss: 0.5261
Epoch 056, Loss: 0.5041
Epoch 057, Loss: 0.5710
Epoch 058, Loss: 0.5010
Epoch 059, Loss: 0.5058
Epoch 060, Loss: 0.5009
Epoch 061, Loss: 0.5373
Epoch 062, Loss: 0.4995
Epoch 063, Loss: 0.5344
Epoch 064, Loss: 0.5153
Epoch 065, Loss: 0.5034
Epoch 066, Loss: 0.4953
Epoch 067, Loss: 0.5097
Epoch 068, Loss: 0.4936
Epoch 069, Loss: 0.5076
Epoch 070, Loss: 0.4904
Epoch 071, Loss: 0.4874
Epoch 072, Loss: 0.4900
Epoch 073, Loss: 0.5393
Epoch 074, Loss: 0.4862
Epoch 075, Loss: 0.4695
Epoch 076, Loss: 0.4798
Epoch 077, Loss: 0.5397
Epoch 078, Loss: 0.5094
Epoch 079, Loss: 0.4780
Epoch 080, Loss: 0.4878
Epoch 081, Loss: 0.4777
Epoch 082, Loss: 0.4703
Epoch 083, Loss: 0.4616
Epoch 084, Loss: 0.4717
Epoch 085, Loss: 0.4909
Epoch 086, Loss: 0.4536
Epoch 087, Loss: 0.4929
Epoch 088, Loss: 0.4663
Epoch 089, Loss: 0.4552
Epoch 090, Loss: 0.4587
Epoch 091, Loss: 0.4570
Epoch 092, Loss: 0.4708
Epoch 093, Loss: 0.4698
Epoch 094, Loss: 0.4671
Epoch 095, Loss: 0.4554
Epoch 096, Loss: 0.4459
Epoch 097, Loss: 0.4559
Epoch 098, Loss: 0.4353
Epoch 099, Loss: 0.4502
Epoch 100, Loss: 0.4225

Test RMSE: 0.6589
Test MAPE: 0.2145
Training time: 14.77 seconds
Model saved to Models/GCN_model_10.pkl

 Training on dataset_12_nodes.csv...
Total rows in CSV: 50
12 78
12 78
12 78
12 78
12 78
12 78
12 78
12 78
12 78
12 78
12 78
12 78
12 78
12 78
12 78
12 78
12 78
12 78
12 78
12 78
12 78
12 78
12 78
12 78
12 78
12 78
12 78
12 78
12 78
12 78
12 78
12 78
12 78
12 78
12 78
12 78
12 78
12 78
12 78
12 78
12 78
12 78
12 78
12 78
12 78
12 78
12 78
12 78
12 78
12 78
Loaded 50 valid graphs.
Epoch 001, Loss: 4.1170
Epoch 002, Loss: 0.9467
Epoch 003, Loss: 0.9021
Epoch 004, Loss: 0.8399
Epoch 005, Loss: 0.9405
Epoch 006, Loss: 0.8537
Epoch 007, Loss: 0.8522
Epoch 008, Loss: 0.8445
Epoch 009, Loss: 0.8505
Epoch 010, Loss: 0.9395
Epoch 011, Loss: 0.9073
Epoch 012, Loss: 0.8987
Epoch 013, Loss: 0.8635
Epoch 014, Loss: 0.9404
Epoch 015, Loss: 0.8567
Epoch 016, Loss: 0.8292
Epoch 017, Loss: 0.8355
Epoch 018, Loss: 0.8037
Epoch 019, Loss: 0.8607
Epoch 020, Loss: 0.8900
Epoch 021, Loss: 0.8870
Epoch 022, Loss: 0.8209
Epoch 023, Loss: 0.8405
Epoch 024, Loss: 0.8596
Epoch 025, Loss: 0.8389
Epoch 026, Loss: 0.8014
Epoch 027, Loss: 0.8546
Epoch 028, Loss: 0.8571
Epoch 029, Loss: 0.8638
Epoch 030, Loss: 0.7809
Epoch 031, Loss: 0.8839
Epoch 032, Loss: 0.7715
Epoch 033, Loss: 0.8412
Epoch 034, Loss: 0.7899
Epoch 035, Loss: 0.8271
Epoch 036, Loss: 0.8464
Epoch 037, Loss: 0.7381
Epoch 038, Loss: 0.8278
Epoch 039, Loss: 0.7740
Epoch 040, Loss: 0.7397
Epoch 041, Loss: 0.7483
Epoch 042, Loss: 0.7225
Epoch 043, Loss: 0.7391
Epoch 044, Loss: 0.7090
Epoch 045, Loss: 0.7019
Epoch 046, Loss: 0.7373
Epoch 047, Loss: 0.7109
Epoch 048, Loss: 0.6839
Epoch 049, Loss: 0.7376
Epoch 050, Loss: 0.6671
Epoch 051, Loss: 0.7262
Epoch 052, Loss: 0.7624
Epoch 053, Loss: 0.6931
Epoch 054, Loss: 0.6840
Epoch 055, Loss: 0.6905
Epoch 056, Loss: 0.6277
Epoch 057, Loss: 0.6936
Epoch 058, Loss: 0.6408
Epoch 059, Loss: 0.6281
Epoch 060, Loss: 0.6739
Epoch 061, Loss: 0.6687
Epoch 062, Loss: 0.6536
Epoch 063, Loss: 0.6268
Epoch 064, Loss: 0.6123
Epoch 065, Loss: 0.6016
Epoch 066, Loss: 0.6659
Epoch 067, Loss: 0.7172
Epoch 068, Loss: 0.6311
Epoch 069, Loss: 0.6639
Epoch 070, Loss: 0.5992
Epoch 071, Loss: 0.5738
Epoch 072, Loss: 0.6252
Epoch 073, Loss: 0.6194
Epoch 074, Loss: 0.5540
Epoch 075, Loss: 0.5908
Epoch 076, Loss: 0.5717
Epoch 077, Loss: 0.5612
Epoch 078, Loss: 0.5979
Epoch 079, Loss: 0.6083
Epoch 080, Loss: 0.5838
Epoch 081, Loss: 0.5731
Epoch 082, Loss: 0.5876
Epoch 083, Loss: 0.5730
Epoch 084, Loss: 0.5466
Epoch 085, Loss: 0.5493
Epoch 086, Loss: 0.5631
Epoch 087, Loss: 0.5496
Epoch 088, Loss: 0.5326
Epoch 089, Loss: 0.5921
Epoch 090, Loss: 0.5761
Epoch 091, Loss: 0.5516
Epoch 092, Loss: 0.5472
Epoch 093, Loss: 0.5503
Epoch 094, Loss: 0.5704
Epoch 095, Loss: 0.5575
Epoch 096, Loss: 0.5573
Epoch 097, Loss: 0.5315
Epoch 098, Loss: 0.5520
Epoch 099, Loss: 0.5484
Epoch 100, Loss: 0.5435

Test RMSE: 0.6957
Test MAPE: 0.2200
Training time: 14.27 seconds
Model saved to Models/GCN_model_12.pkl

 Training on dataset_15_nodes.csv...
Total rows in CSV: 50
15 120
15 120
15 120
15 120
15 120
15 120
15 120
15 120
15 120
15 120
15 120
15 120
15 120
15 120
15 120
15 120
15 120
15 120
15 120
15 120
15 120
15 120
15 120
15 120
15 120
15 120
15 120
15 120
15 120
15 120
15 120
15 120
15 120
15 120
15 120
15 120
15 120
15 120
15 120
15 120
15 120
15 120
15 120
15 120
15 120
15 120
15 120
15 120
15 120
15 120
Loaded 50 valid graphs.
Epoch 001, Loss: 4.9132
Epoch 002, Loss: 0.9702
Epoch 003, Loss: 0.9865
Epoch 004, Loss: 0.9334
Epoch 005, Loss: 1.0074
Epoch 006, Loss: 1.0223
Epoch 007, Loss: 0.9870
Epoch 008, Loss: 0.9125
Epoch 009, Loss: 0.9427
Epoch 010, Loss: 1.0499
Epoch 011, Loss: 0.9288
Epoch 012, Loss: 0.9985
Epoch 013, Loss: 0.9138
Epoch 014, Loss: 0.9167
Epoch 015, Loss: 0.9588
Epoch 016, Loss: 0.9426
Epoch 017, Loss: 0.9592
Epoch 018, Loss: 0.9254
Epoch 019, Loss: 0.9883
Epoch 020, Loss: 0.9049
Epoch 021, Loss: 0.9376
Epoch 022, Loss: 0.9568
Epoch 023, Loss: 0.9153
Epoch 024, Loss: 0.9577
Epoch 025, Loss: 0.9221
Epoch 026, Loss: 0.9679
Epoch 027, Loss: 0.8953
Epoch 028, Loss: 0.9231
Epoch 029, Loss: 0.8654
Epoch 030, Loss: 0.9246
Epoch 031, Loss: 1.0091
Epoch 032, Loss: 0.8981
Epoch 033, Loss: 0.9028
Epoch 034, Loss: 0.9273
Epoch 035, Loss: 0.8979
Epoch 036, Loss: 0.8810
Epoch 037, Loss: 0.9544
Epoch 038, Loss: 0.8966
Epoch 039, Loss: 0.9174
Epoch 040, Loss: 0.8564
Epoch 041, Loss: 0.9511
Epoch 042, Loss: 0.8946
Epoch 043, Loss: 0.9150
Epoch 044, Loss: 0.9069
Epoch 045, Loss: 0.9698
Epoch 046, Loss: 0.9330
Epoch 047, Loss: 0.8886
Epoch 048, Loss: 0.8861
Epoch 049, Loss: 1.0209
Epoch 050, Loss: 0.9483
Epoch 051, Loss: 0.8517
Epoch 052, Loss: 0.8982
Epoch 053, Loss: 0.8737
Epoch 054, Loss: 0.9342
Epoch 055, Loss: 0.8487
Epoch 056, Loss: 0.8477
Epoch 057, Loss: 0.9513
Epoch 058, Loss: 0.9128
Epoch 059, Loss: 0.8578
Epoch 060, Loss: 0.8774
Epoch 061, Loss: 0.8907
Epoch 062, Loss: 0.8341
Epoch 063, Loss: 0.8653
Epoch 064, Loss: 0.8743
Epoch 065, Loss: 0.8128
Epoch 066, Loss: 0.8298
Epoch 067, Loss: 0.8187
Epoch 068, Loss: 0.8120
Epoch 069, Loss: 0.7724
Epoch 070, Loss: 0.9114
Epoch 071, Loss: 0.8261
Epoch 072, Loss: 0.8511
Epoch 073, Loss: 0.7414
Epoch 074, Loss: 0.7716
Epoch 075, Loss: 0.7384
Epoch 076, Loss: 0.7723
Epoch 077, Loss: 0.7757
Epoch 078, Loss: 0.7466
Epoch 079, Loss: 0.7625
Epoch 080, Loss: 0.6956
Epoch 081, Loss: 0.8023
Epoch 082, Loss: 0.6864
Epoch 083, Loss: 0.6806
Epoch 084, Loss: 0.6928
Epoch 085, Loss: 0.6256
Epoch 086, Loss: 0.6871
Epoch 087, Loss: 0.6292
Epoch 088, Loss: 0.6712
Epoch 089, Loss: 0.6408
Epoch 090, Loss: 0.6565
Epoch 091, Loss: 0.6154
Epoch 092, Loss: 0.6141
Epoch 093, Loss: 0.5993
Epoch 094, Loss: 0.6284
Epoch 095, Loss: 0.5837
Epoch 096, Loss: 0.6041
Epoch 097, Loss: 0.6220
Epoch 098, Loss: 0.5819
Epoch 099, Loss: 0.6120
Epoch 100, Loss: 0.5873

Test RMSE: 0.7420
Test MAPE: 0.1994
Training time: 14.62 seconds
Model saved to Models/GCN_model_15.pkl

 Training on dataset_20_nodes.csv...
Total rows in CSV: 50
20 210
20 210
20 210
20 210
20 210
20 210
20 210
20 210
20 210
20 210
20 210
20 210
20 210
20 210
20 210
20 210
20 210
20 210
20 210
20 210
20 210
20 210
20 210
20 210
20 210
20 210
20 210
20 210
20 210
20 210
20 210
20 210
20 210
20 210
20 210
20 210
20 210
20 210
20 210
20 210
20 210
20 210
20 210
20 210
20 210
20 210
20 210
20 210
20 210
20 210
Loaded 50 valid graphs.
Epoch 001, Loss: 8.4076
Epoch 002, Loss: 1.2684
Epoch 003, Loss: 1.1255
Epoch 004, Loss: 1.2248
Epoch 005, Loss: 1.2524
Epoch 006, Loss: 1.2921
Epoch 007, Loss: 1.5345
Epoch 008, Loss: 1.2684
Epoch 009, Loss: 1.2678
Epoch 010, Loss: 1.2616
Epoch 011, Loss: 1.6561
Epoch 012, Loss: 1.2186
Epoch 013, Loss: 1.2121
Epoch 014, Loss: 1.2437
Epoch 015, Loss: 1.3023
Epoch 016, Loss: 1.2735
Epoch 017, Loss: 1.1863
Epoch 018, Loss: 1.3053
Epoch 019, Loss: 1.2701
Epoch 020, Loss: 1.4607
Epoch 021, Loss: 1.3620
Epoch 022, Loss: 1.2788
Epoch 023, Loss: 1.1843
Epoch 024, Loss: 1.1873
Epoch 025, Loss: 1.2681
Epoch 026, Loss: 1.2958
Epoch 027, Loss: 1.3042
Epoch 028, Loss: 1.1903
Epoch 029, Loss: 1.2554
Epoch 030, Loss: 1.2238
Epoch 031, Loss: 1.2550
Epoch 032, Loss: 1.3258
Epoch 033, Loss: 1.2416
Epoch 034, Loss: 1.2741
Epoch 035, Loss: 1.1342
Epoch 036, Loss: 1.2165
Epoch 037, Loss: 1.2855
Epoch 038, Loss: 1.2440
Epoch 039, Loss: 1.1834
Epoch 040, Loss: 1.4930
Epoch 041, Loss: 1.1719
Epoch 042, Loss: 1.5016
Epoch 043, Loss: 1.4209
Epoch 044, Loss: 1.2504
Epoch 045, Loss: 1.1553
Epoch 046, Loss: 1.1408
Epoch 047, Loss: 1.1013
Epoch 048, Loss: 1.0742
Epoch 049, Loss: 1.1329
Epoch 050, Loss: 1.0810
Epoch 051, Loss: 1.0829
Epoch 052, Loss: 1.0353
Epoch 053, Loss: 1.0104
Epoch 054, Loss: 0.9431
Epoch 055, Loss: 0.8402
Epoch 056, Loss: 0.9524
Epoch 057, Loss: 0.9813
Epoch 058, Loss: 0.8895
Epoch 059, Loss: 0.9611
Epoch 060, Loss: 0.8746
Epoch 061, Loss: 0.8582
Epoch 062, Loss: 0.9180
Epoch 063, Loss: 0.9022
Epoch 064, Loss: 0.8410
Epoch 065, Loss: 0.8476
Epoch 066, Loss: 0.8217
Epoch 067, Loss: 0.7990
Epoch 068, Loss: 0.8733
Epoch 069, Loss: 0.8116
Epoch 070, Loss: 0.7858
Epoch 071, Loss: 0.7915
Epoch 072, Loss: 0.7511
Epoch 073, Loss: 0.7045
Epoch 074, Loss: 0.8108
Epoch 075, Loss: 0.7794
Epoch 076, Loss: 0.6663
Epoch 077, Loss: 0.6405
Epoch 078, Loss: 0.6715
Epoch 079, Loss: 0.6824
Epoch 080, Loss: 0.7016
Epoch 081, Loss: 0.6806
Epoch 082, Loss: 0.7390
Epoch 083, Loss: 0.8326
Epoch 084, Loss: 0.6620
Epoch 085, Loss: 0.6564
Epoch 086, Loss: 0.6524
Epoch 087, Loss: 0.6863
Epoch 088, Loss: 0.6476
Epoch 089, Loss: 0.6151
Epoch 090, Loss: 0.6102
Epoch 091, Loss: 0.6333
Epoch 092, Loss: 0.5958
Epoch 093, Loss: 0.7268
Epoch 094, Loss: 0.7932
Epoch 095, Loss: 0.7362
Epoch 096, Loss: 0.5817
Epoch 097, Loss: 0.6474
Epoch 098, Loss: 0.6861
Epoch 099, Loss: 0.6466
Epoch 100, Loss: 0.6069

Test RMSE: 1.0472
Test MAPE: 0.2409
Training time: 15.03 seconds
Model saved to Models/GCN_model_20.pkl

 Training on dataset_25_nodes.csv...
Total rows in CSV: 50
25 325
25 325
25 325
25 325
25 325
25 325
25 325
25 325
25 325
25 325
25 325
25 325
25 325
25 325
25 325
25 325
25 325
25 325
25 325
25 325
25 325
25 325
25 325
25 325
25 325
25 325
25 325
25 325
25 325
25 325
25 325
25 325
25 325
25 325
25 325
25 325
25 325
25 325
25 325
25 325
25 325
25 325
25 325
25 325
25 325
25 325
25 325
25 325
25 325
25 325
Loaded 50 valid graphs.
Epoch 001, Loss: 9.4522
Epoch 002, Loss: 1.7212
Epoch 003, Loss: 2.2303
Epoch 004, Loss: 1.6465
Epoch 005, Loss: 1.6287
Epoch 006, Loss: 1.5961
Epoch 007, Loss: 1.5807
Epoch 008, Loss: 1.5923
Epoch 009, Loss: 1.7130
Epoch 010, Loss: 1.5874
Epoch 011, Loss: 1.6597
Epoch 012, Loss: 1.6693
Epoch 013, Loss: 1.6080
Epoch 014, Loss: 1.5840
Epoch 015, Loss: 1.5713
Epoch 016, Loss: 1.4763
Epoch 017, Loss: 1.4961
Epoch 018, Loss: 1.6310
Epoch 019, Loss: 1.5950
Epoch 020, Loss: 1.7285
Epoch 021, Loss: 1.7308
Epoch 022, Loss: 1.5180
Epoch 023, Loss: 1.6069
Epoch 024, Loss: 1.6700
Epoch 025, Loss: 1.5438
Epoch 026, Loss: 1.8262
Epoch 027, Loss: 1.5421
Epoch 028, Loss: 1.4328
Epoch 029, Loss: 1.9356
Epoch 030, Loss: 1.5142
Epoch 031, Loss: 1.4680
Epoch 032, Loss: 1.5127
Epoch 033, Loss: 1.5125
Epoch 034, Loss: 1.5660
Epoch 035, Loss: 1.5587
Epoch 036, Loss: 1.4847
Epoch 037, Loss: 1.6680
Epoch 038, Loss: 1.4150
Epoch 039, Loss: 1.4062
Epoch 040, Loss: 1.2791
Epoch 041, Loss: 1.7325
Epoch 042, Loss: 1.4671
Epoch 043, Loss: 1.3443
Epoch 044, Loss: 1.3076
Epoch 045, Loss: 1.5209
Epoch 046, Loss: 1.5452
Epoch 047, Loss: 1.3065
Epoch 048, Loss: 1.1775
Epoch 049, Loss: 1.1302
Epoch 050, Loss: 1.1822
Epoch 051, Loss: 1.1029
Epoch 052, Loss: 1.0635
Epoch 053, Loss: 1.0530
Epoch 054, Loss: 0.9696
Epoch 055, Loss: 1.2158
Epoch 056, Loss: 1.0168
Epoch 057, Loss: 1.0209
Epoch 058, Loss: 1.0143
Epoch 059, Loss: 1.1256
Epoch 060, Loss: 1.1924
Epoch 061, Loss: 0.9710
Epoch 062, Loss: 0.8526
Epoch 063, Loss: 1.3741
Epoch 064, Loss: 0.9724
Epoch 065, Loss: 1.0075
Epoch 066, Loss: 0.9561
Epoch 067, Loss: 0.9337
Epoch 068, Loss: 0.9188
Epoch 069, Loss: 1.0318
Epoch 070, Loss: 0.9285
Epoch 071, Loss: 1.0471
Epoch 072, Loss: 0.9339
Epoch 073, Loss: 1.0020
Epoch 074, Loss: 1.1907
Epoch 075, Loss: 0.8864
Epoch 076, Loss: 1.2399
Epoch 077, Loss: 0.9181
Epoch 078, Loss: 1.0557
Epoch 079, Loss: 0.9228
Epoch 080, Loss: 0.9257
Epoch 081, Loss: 0.8864
Epoch 082, Loss: 0.8246
Epoch 083, Loss: 1.1825
Epoch 084, Loss: 0.9161
Epoch 085, Loss: 0.8926
Epoch 086, Loss: 0.8123
Epoch 087, Loss: 1.0105
Epoch 088, Loss: 0.8900
Epoch 089, Loss: 0.8733
Epoch 090, Loss: 0.8073
Epoch 091, Loss: 0.8782
Epoch 092, Loss: 0.8746
Epoch 093, Loss: 0.8611
Epoch 094, Loss: 0.9050
Epoch 095, Loss: 0.7900
Epoch 096, Loss: 0.8106
Epoch 097, Loss: 0.8674
Epoch 098, Loss: 0.7986
Epoch 099, Loss: 0.8509
Epoch 100, Loss: 0.7924

Test RMSE: 1.7135
Test MAPE: 0.2702
Training time: 15.77 seconds
Model saved to Models/GCN_model_25.pkl

 Training on dataset_full.csv...
Total rows in CSV: 250
25 325
25 325
25 325
25 325
25 325
25 325
25 325
25 325
25 325
25 325
25 325
25 325
25 325
25 325
25 325
25 325
25 325
25 325
25 325
25 325
25 325
25 325
25 325
25 325
25 325
25 325
25 325
25 325
25 325
25 325
25 325
25 325
25 325
25 325
25 325
25 325
25 325
25 325
25 325
25 325
25 325
25 325
25 325
25 325
25 325
25 325
25 325
25 325
25 325
25 325
25 325
25 325
25 325
25 325
25 325
25 325
25 325
25 325
25 325
25 325
25 325
25 325
25 325
25 325
25 325
25 325
25 325
25 325
25 325
25 325
25 325
25 325
25 325
25 325
25 325
25 325
25 325
25 325
25 325
25 325
25 325
25 325
25 325
25 325
25 325
25 325
25 325
25 325
25 325
25 325
25 325
25 325
25 325
25 325
25 325
25 325
25 325
25 325
25 325
25 325
25 325
25 325
25 325
25 325
25 325
25 325
25 325
25 325
25 325
25 325
25 325
25 325
25 325
25 325
25 325
25 325
25 325
25 325
25 325
25 325
25 325
25 325
25 325
25 325
25 325
25 325
25 325
25 325
25 325
25 325
25 325
25 325
25 325
25 325
25 325
25 325
25 325
25 325
25 325
25 325
25 325
25 325
25 325
25 325
25 325
25 325
25 325
25 325
25 325
25 325
25 325
25 325
25 325
25 325
25 325
25 325
25 325
25 325
25 325
25 325
25 325
25 325
25 325
25 325
25 325
25 325
25 325
25 325
25 325
25 325
25 325
25 325
25 325
25 325
25 325
25 325
25 325
25 325
25 325
25 325
25 325
25 325
25 325
25 325
25 325
25 325
25 325
25 325
25 325
25 325
25 325
25 325
25 325
25 325
25 325
25 325
25 325
25 325
25 325
25 325
25 325
25 325
25 325
25 325
25 325
25 325
25 325
25 325
25 325
25 325
25 325
25 325
25 325
25 325
25 325
25 325
25 325
25 325
25 325
25 325
25 325
25 325
25 325
25 325
25 325
25 325
25 325
25 325
25 325
25 325
25 325
25 325
25 325
25 325
25 325
25 325
25 325
25 325
25 325
25 325
25 325
25 325
25 325
25 325
25 325
25 325
25 325
25 325
25 325
25 325
Loaded 250 valid graphs.
Epoch 001, Loss: 3.9111
Epoch 002, Loss: 3.3062
Epoch 003, Loss: 3.1076
Epoch 004, Loss: 1.9947
Epoch 005, Loss: 0.8538
Epoch 006, Loss: 0.7979
Epoch 007, Loss: 0.7916
Epoch 008, Loss: 0.7171
Epoch 009, Loss: 0.7059
Epoch 010, Loss: 0.6986
Epoch 011, Loss: 0.6667
Epoch 012, Loss: 0.7177
Epoch 013, Loss: 0.7018
Epoch 014, Loss: 0.6477
Epoch 015, Loss: 0.6483
Epoch 016, Loss: 0.6049
Epoch 017, Loss: 0.6518
Epoch 018, Loss: 0.6601
Epoch 019, Loss: 0.6668
Epoch 020, Loss: 0.7270
Epoch 021, Loss: 0.6862
Epoch 022, Loss: 0.6183
Epoch 023, Loss: 0.6984
Epoch 024, Loss: 0.6244
Epoch 025, Loss: 0.6702
Epoch 026, Loss: 0.6363
Epoch 027, Loss: 0.6157
Epoch 028, Loss: 0.6447
Epoch 029, Loss: 0.5951
Epoch 030, Loss: 0.5666
Epoch 031, Loss: 0.6104
Epoch 032, Loss: 0.5824
Epoch 033, Loss: 0.5768
Epoch 034, Loss: 0.6361
Epoch 035, Loss: 0.5903
Epoch 036, Loss: 0.5802
Epoch 037, Loss: 0.5914
Epoch 038, Loss: 0.6112
Epoch 039, Loss: 0.6338
Epoch 040, Loss: 0.5933
Epoch 041, Loss: 0.5673
Epoch 042, Loss: 0.6167
Epoch 043, Loss: 0.6201
Epoch 044, Loss: 0.5781
Epoch 045, Loss: 0.5723
Epoch 046, Loss: 0.5647
Epoch 047, Loss: 0.5571
Epoch 048, Loss: 0.5682
Epoch 049, Loss: 0.5782
Epoch 050, Loss: 0.5594
Epoch 051, Loss: 0.5914
Epoch 052, Loss: 0.6703
Epoch 053, Loss: 0.5629
Epoch 054, Loss: 0.5509
Epoch 055, Loss: 0.5476
Epoch 056, Loss: 0.5646
Epoch 057, Loss: 0.5699
Epoch 058, Loss: 0.5735
Epoch 059, Loss: 0.5405
Epoch 060, Loss: 0.5834
Epoch 061, Loss: 0.5718
Epoch 062, Loss: 0.6111
Epoch 063, Loss: 0.5705
Epoch 064, Loss: 0.5489
Epoch 065, Loss: 0.5763
Epoch 066, Loss: 0.6138
Epoch 067, Loss: 0.5304
Epoch 068, Loss: 0.5466
Epoch 069, Loss: 0.5509
Epoch 070, Loss: 0.5164
Epoch 071, Loss: 0.5227
Epoch 072, Loss: 0.5422
Epoch 073, Loss: 0.5402
Epoch 074, Loss: 0.5298
Epoch 075, Loss: 0.5182
Epoch 076, Loss: 0.5616
Epoch 077, Loss: 0.5968
Epoch 078, Loss: 0.5664
Epoch 079, Loss: 0.5406
Epoch 080, Loss: 0.5268
Epoch 081, Loss: 0.5264
Epoch 082, Loss: 0.5864
Epoch 083, Loss: 0.5381
Epoch 084, Loss: 0.5174
Epoch 085, Loss: 0.5487
Epoch 086, Loss: 0.5253
Epoch 087, Loss: 0.5320
Epoch 088, Loss: 0.5467
Epoch 089, Loss: 0.5227
Epoch 090, Loss: 0.5211
Epoch 091, Loss: 0.5621
Epoch 092, Loss: 0.5536
Epoch 093, Loss: 0.5237
Epoch 094, Loss: 0.5326
Epoch 095, Loss: 0.5513
Epoch 096, Loss: 0.5787
Epoch 097, Loss: 0.5110
Epoch 098, Loss: 0.5051
Epoch 099, Loss: 0.5450
Epoch 100, Loss: 0.5505

Test RMSE: 0.7020
Test MAPE: 232843598888960.0000
Training time: 75.73 seconds
Model saved to Models/GCN_model_full.pkl

Metrics saved to Models/Graph_Neural_Training_metrics.csv

 **Final Training Results:**
node_size model_type  test_size     rmse         mape  training_time         model_file
       10   Q_values        0.2 0.658910 2.145039e-01      14.767681   GNN_model_10.pkl
       12   Q_values        0.2 0.695704 2.199631e-01      14.272300   GNN_model_12.pkl
       15   Q_values        0.2 0.742036 1.994130e-01      14.615464   GNN_model_15.pkl
       20   Q_values        0.2 1.047249 2.409333e-01      15.026199   GNN_model_20.pkl
       25   Q_values        0.2 1.713459 2.702343e-01      15.766849   GNN_model_25.pkl
     full   Q_values        0.2 0.701982 2.328436e+14      75.731317 GNN_model_full.pkl

 Training complete for all datasets!
  adding: Models/ (stored 0%)
  adding: Models/GCN_model_20.pkl (deflated 22%)
  adding: Models/Graph_Neural_Training_results.txt (deflated 60%)
  adding: Models/GCN_model_12.pkl (deflated 23%)
  adding: Models/GCN_model_25.pkl (deflated 19%)
  adding: Models/GCN_model_15.pkl (deflated 22%)
  adding: Models/GCN_model_full.pkl (deflated 22%)
  adding: Models/GCN_model_10.pkl (deflated 23%)
  adding: Models/Graph_Neural_Training_metrics.csv (deflated 51%)
