
 Training on dataset_10_nodes.csv...
Total rows in CSV: 50
10 55
10 55
10 55
10 55
10 55
10 55
10 55
10 55
10 55
10 55
10 55
10 55
10 55
10 55
10 55
10 55
10 55
10 55
10 55
10 55
10 55
10 55
10 55
10 55
10 55
10 55
10 55
10 55
10 55
10 55
10 55
10 55
10 55
10 55
10 55
10 55
10 55
10 55
10 55
10 55
10 55
10 55
10 55
10 55
10 55
10 55
10 55
10 55
10 55
10 55
Loaded 50 valid graphs.
Epoch 001, Loss: 2.9385
Epoch 002, Loss: 0.5852
Epoch 003, Loss: 0.5391
Epoch 004, Loss: 0.6077
Epoch 005, Loss: 0.5841
Epoch 006, Loss: 0.6097
Epoch 007, Loss: 0.5838
Epoch 008, Loss: 0.5757
Epoch 009, Loss: 0.5828
Epoch 010, Loss: 0.5546
Epoch 011, Loss: 0.5993
Epoch 012, Loss: 0.5627
Epoch 013, Loss: 0.5709
Epoch 014, Loss: 0.5846
Epoch 015, Loss: 0.6026
Epoch 016, Loss: 0.5489
Epoch 017, Loss: 0.5700
Epoch 018, Loss: 0.5713
Epoch 019, Loss: 0.5761
Epoch 020, Loss: 0.5245
Epoch 021, Loss: 0.5799
Epoch 022, Loss: 0.5704
Epoch 023, Loss: 0.5690
Epoch 024, Loss: 0.5400
Epoch 025, Loss: 0.6292
Epoch 026, Loss: 0.5240
Epoch 027, Loss: 0.5552
Epoch 028, Loss: 0.5879
Epoch 029, Loss: 0.5235
Epoch 030, Loss: 0.5294
Epoch 031, Loss: 0.5364
Epoch 032, Loss: 0.5302
Epoch 033, Loss: 0.5125
Epoch 034, Loss: 0.5104
Epoch 035, Loss: 0.5672
Epoch 036, Loss: 0.5456
Epoch 037, Loss: 0.5479
Epoch 038, Loss: 0.5083
Epoch 039, Loss: 0.5126
Epoch 040, Loss: 0.4878
Epoch 041, Loss: 0.4797
Epoch 042, Loss: 0.5084
Epoch 043, Loss: 0.4856
Epoch 044, Loss: 0.5026
Epoch 045, Loss: 0.4794
Epoch 046, Loss: 0.4868
Epoch 047, Loss: 0.5132
Epoch 048, Loss: 0.4693
Epoch 049, Loss: 0.4996
Epoch 050, Loss: 0.4825
Epoch 051, Loss: 0.4619
Epoch 052, Loss: 0.4492
Epoch 053, Loss: 0.4475
Epoch 054, Loss: 0.4425
Epoch 055, Loss: 0.4576
Epoch 056, Loss: 0.4538
Epoch 057, Loss: 0.4332
Epoch 058, Loss: 0.4224
Epoch 059, Loss: 0.4510
Epoch 060, Loss: 0.4343
Epoch 061, Loss: 0.4293
Epoch 062, Loss: 0.4226
Epoch 063, Loss: 0.4030
Epoch 064, Loss: 0.4280
Epoch 065, Loss: 0.4348
Epoch 066, Loss: 0.4263
Epoch 067, Loss: 0.4161
Epoch 068, Loss: 0.4012
Epoch 069, Loss: 0.4013
Epoch 070, Loss: 0.4214
Epoch 071, Loss: 0.3962
Epoch 072, Loss: 0.4201
Epoch 073, Loss: 0.3795
Epoch 074, Loss: 0.3905
Epoch 075, Loss: 0.3871
Epoch 076, Loss: 0.3942
Epoch 077, Loss: 0.3838
Epoch 078, Loss: 0.4101
Epoch 079, Loss: 0.3908
Epoch 080, Loss: 0.3905
Epoch 081, Loss: 0.4043
Epoch 082, Loss: 0.3691
Epoch 083, Loss: 0.3801
Epoch 084, Loss: 0.3967
Epoch 085, Loss: 0.3792
Epoch 086, Loss: 0.3834
Epoch 087, Loss: 0.3843
Epoch 088, Loss: 0.3692
Epoch 089, Loss: 0.3786
Epoch 090, Loss: 0.3766
Epoch 091, Loss: 0.3872
Epoch 092, Loss: 0.3987
Epoch 093, Loss: 0.3816
Epoch 094, Loss: 0.3727
Epoch 095, Loss: 0.3817
Epoch 096, Loss: 0.3712
Epoch 097, Loss: 0.3776
Epoch 098, Loss: 0.3674
Epoch 099, Loss: 0.3647
Epoch 100, Loss: 0.3733

Test RMSE: 0.6057
Test MAPE: 0.1887
Training time: 9.60 seconds
Model saved to Models/GCN_model_10.pkl

 Training on dataset_12_nodes.csv...
Total rows in CSV: 50
12 78
12 78
12 78
12 78
12 78
12 78
12 78
12 78
12 78
12 78
12 78
12 78
12 78
12 78
12 78
12 78
12 78
12 78
12 78
12 78
12 78
12 78
12 78
12 78
12 78
12 78
12 78
12 78
12 78
12 78
12 78
12 78
12 78
12 78
12 78
12 78
12 78
12 78
12 78
12 78
12 78
12 78
12 78
12 78
12 78
12 78
12 78
12 78
12 78
12 78
Loaded 50 valid graphs.
Epoch 001, Loss: 3.7071
Epoch 002, Loss: 0.9139
Epoch 003, Loss: 0.8654
Epoch 004, Loss: 0.8662
Epoch 005, Loss: 0.8373
Epoch 006, Loss: 0.9165
Epoch 007, Loss: 0.8583
Epoch 008, Loss: 0.9220
Epoch 009, Loss: 0.8605
Epoch 010, Loss: 0.8393
Epoch 011, Loss: 0.8198
Epoch 012, Loss: 0.8575
Epoch 013, Loss: 0.8310
Epoch 014, Loss: 0.9292
Epoch 015, Loss: 0.8296
Epoch 016, Loss: 0.8077
Epoch 017, Loss: 0.8534
Epoch 018, Loss: 0.8576
Epoch 019, Loss: 0.8434
Epoch 020, Loss: 0.8590
Epoch 021, Loss: 0.8451
Epoch 022, Loss: 0.9099
Epoch 023, Loss: 0.8915
Epoch 024, Loss: 0.8192
Epoch 025, Loss: 0.8616
Epoch 026, Loss: 0.8671
Epoch 027, Loss: 0.8544
Epoch 028, Loss: 0.7895
Epoch 029, Loss: 0.8433
Epoch 030, Loss: 0.8091
Epoch 031, Loss: 0.8794
Epoch 032, Loss: 0.9018
Epoch 033, Loss: 0.8784
Epoch 034, Loss: 0.8057
Epoch 035, Loss: 0.8137
Epoch 036, Loss: 0.8100
Epoch 037, Loss: 0.7850
Epoch 038, Loss: 0.9009
Epoch 039, Loss: 0.8892
Epoch 040, Loss: 0.8080
Epoch 041, Loss: 0.8165
Epoch 042, Loss: 0.7985
Epoch 043, Loss: 0.8350
Epoch 044, Loss: 0.7986
Epoch 045, Loss: 0.8039
Epoch 046, Loss: 0.7687
Epoch 047, Loss: 0.8357
Epoch 048, Loss: 0.7856
Epoch 049, Loss: 0.7635
Epoch 050, Loss: 0.8257
Epoch 051, Loss: 0.8314
Epoch 052, Loss: 0.7695
Epoch 053, Loss: 0.7385
Epoch 054, Loss: 0.7619
Epoch 055, Loss: 0.7610
Epoch 056, Loss: 0.7658
Epoch 057, Loss: 0.7806
Epoch 058, Loss: 0.7814
Epoch 059, Loss: 0.8150
Epoch 060, Loss: 0.7384
Epoch 061, Loss: 0.7586
Epoch 062, Loss: 0.7877
Epoch 063, Loss: 0.7727
Epoch 064, Loss: 0.7269
Epoch 065, Loss: 0.7469
Epoch 066, Loss: 0.7394
Epoch 067, Loss: 0.7167
Epoch 068, Loss: 0.8039
Epoch 069, Loss: 0.8100
Epoch 070, Loss: 0.7753
Epoch 071, Loss: 0.7600
Epoch 072, Loss: 0.7635
Epoch 073, Loss: 0.7440
Epoch 074, Loss: 0.7393
Epoch 075, Loss: 0.7454
Epoch 076, Loss: 0.7256
Epoch 077, Loss: 0.7489
Epoch 078, Loss: 0.7799
Epoch 079, Loss: 0.7563
Epoch 080, Loss: 0.7758
Epoch 081, Loss: 0.7254
Epoch 082, Loss: 0.7163
Epoch 083, Loss: 0.7341
Epoch 084, Loss: 0.7672
Epoch 085, Loss: 0.7537
Epoch 086, Loss: 0.7376
Epoch 087, Loss: 0.7130
Epoch 088, Loss: 0.7101
Epoch 089, Loss: 0.7074
Epoch 090, Loss: 0.7400
Epoch 091, Loss: 0.7110
Epoch 092, Loss: 0.7042
Epoch 093, Loss: 0.7094
Epoch 094, Loss: 0.7586
Epoch 095, Loss: 0.7318
Epoch 096, Loss: 0.7200
Epoch 097, Loss: 0.7088
Epoch 098, Loss: 0.7036
Epoch 099, Loss: 0.6889
Epoch 100, Loss: 0.6880

Test RMSE: 0.6878
Test MAPE: 0.1848
Training time: 8.72 seconds
Model saved to Models/GCN_model_12.pkl

 Training on dataset_15_nodes.csv...
Total rows in CSV: 50
15 120
15 120
15 120
15 120
15 120
15 120
15 120
15 120
15 120
15 120
15 120
15 120
15 120
15 120
15 120
15 120
15 120
15 120
15 120
15 120
15 120
15 120
15 120
15 120
15 120
15 120
15 120
15 120
15 120
15 120
15 120
15 120
15 120
15 120
15 120
15 120
15 120
15 120
15 120
15 120
15 120
15 120
15 120
15 120
15 120
15 120
15 120
15 120
15 120
15 120
Loaded 50 valid graphs.
Epoch 001, Loss: 4.7466
Epoch 002, Loss: 1.0151
Epoch 003, Loss: 0.9822
Epoch 004, Loss: 1.0331
Epoch 005, Loss: 0.9192
Epoch 006, Loss: 0.8963
Epoch 007, Loss: 0.9789
Epoch 008, Loss: 0.9087
Epoch 009, Loss: 0.9979
Epoch 010, Loss: 0.9257
Epoch 011, Loss: 0.9066
Epoch 012, Loss: 1.0439
Epoch 013, Loss: 0.9694
Epoch 014, Loss: 1.0096
Epoch 015, Loss: 0.9455
Epoch 016, Loss: 1.0359
Epoch 017, Loss: 0.9501
Epoch 018, Loss: 0.9979
Epoch 019, Loss: 1.0777
Epoch 020, Loss: 0.8889
Epoch 021, Loss: 0.9226
Epoch 022, Loss: 0.9139
Epoch 023, Loss: 0.9532
Epoch 024, Loss: 0.9641
Epoch 025, Loss: 1.0292
Epoch 026, Loss: 1.0531
Epoch 027, Loss: 0.9425
Epoch 028, Loss: 0.9031
Epoch 029, Loss: 0.8528
Epoch 030, Loss: 0.9167
Epoch 031, Loss: 0.9762
Epoch 032, Loss: 0.9375
Epoch 033, Loss: 0.9291
Epoch 034, Loss: 0.9447
Epoch 035, Loss: 0.9624
Epoch 036, Loss: 0.9896
Epoch 037, Loss: 0.9132
Epoch 038, Loss: 1.1173
Epoch 039, Loss: 0.9445
Epoch 040, Loss: 0.9536
Epoch 041, Loss: 0.9649
Epoch 042, Loss: 0.9062
Epoch 043, Loss: 0.8548
Epoch 044, Loss: 0.8969
Epoch 045, Loss: 0.9148
Epoch 046, Loss: 0.8323
Epoch 047, Loss: 0.8849
Epoch 048, Loss: 1.0300
Epoch 049, Loss: 0.9324
Epoch 050, Loss: 0.9328
Epoch 051, Loss: 0.9047
Epoch 052, Loss: 0.8174
Epoch 053, Loss: 0.8486
Epoch 054, Loss: 0.8232
Epoch 055, Loss: 0.8720
Epoch 056, Loss: 0.8208
Epoch 057, Loss: 1.0160
Epoch 058, Loss: 0.8121
Epoch 059, Loss: 0.7785
Epoch 060, Loss: 0.8603
Epoch 061, Loss: 0.7995
Epoch 062, Loss: 0.7968
Epoch 063, Loss: 0.7563
Epoch 064, Loss: 0.7634
Epoch 065, Loss: 0.7345
Epoch 066, Loss: 0.7037
Epoch 067, Loss: 0.6851
Epoch 068, Loss: 0.7877
Epoch 069, Loss: 0.6844
Epoch 070, Loss: 0.6794
Epoch 071, Loss: 0.6663
Epoch 072, Loss: 0.6379
Epoch 073, Loss: 0.6536
Epoch 074, Loss: 0.5991
Epoch 075, Loss: 0.6642
Epoch 076, Loss: 0.6862
Epoch 077, Loss: 0.6402
Epoch 078, Loss: 0.5955
Epoch 079, Loss: 0.6177
Epoch 080, Loss: 0.5816
Epoch 081, Loss: 0.6467
Epoch 082, Loss: 0.6141
Epoch 083, Loss: 0.6623
Epoch 084, Loss: 0.5597
Epoch 085, Loss: 0.6458
Epoch 086, Loss: 0.6204
Epoch 087, Loss: 0.6000
Epoch 088, Loss: 0.6952
Epoch 089, Loss: 0.6201
Epoch 090, Loss: 0.5675
Epoch 091, Loss: 0.5701
Epoch 092, Loss: 0.5181
Epoch 093, Loss: 0.5634
Epoch 094, Loss: 0.6072
Epoch 095, Loss: 0.5395
Epoch 096, Loss: 0.5459
Epoch 097, Loss: 0.5909
Epoch 098, Loss: 0.5582
Epoch 099, Loss: 0.5843
Epoch 100, Loss: 0.5732

Test RMSE: 0.7985
Test MAPE: 0.2182
Training time: 8.90 seconds
Model saved to Models/GCN_model_15.pkl

 Training on dataset_20_nodes.csv...
Total rows in CSV: 50
20 210
20 210
20 210
20 210
20 210
20 210
20 210
20 210
20 210
20 210
20 210
20 210
20 210
20 210
20 210
20 210
20 210
20 210
20 210
20 210
20 210
20 210
20 210
20 210
20 210
20 210
20 210
20 210
20 210
20 210
20 210
20 210
20 210
20 210
20 210
20 210
20 210
20 210
20 210
20 210
20 210
20 210
20 210
20 210
20 210
20 210
20 210
20 210
20 210
20 210
Loaded 50 valid graphs.
Epoch 001, Loss: 8.8320
Epoch 002, Loss: 1.2688
Epoch 003, Loss: 1.1863
Epoch 004, Loss: 1.2224
Epoch 005, Loss: 1.2227
Epoch 006, Loss: 1.3934
Epoch 007, Loss: 1.2531
Epoch 008, Loss: 1.3624
Epoch 009, Loss: 1.2726
Epoch 010, Loss: 1.2154
Epoch 011, Loss: 1.2259
Epoch 012, Loss: 1.3074
Epoch 013, Loss: 1.2646
Epoch 014, Loss: 1.2112
Epoch 015, Loss: 1.1989
Epoch 016, Loss: 1.1229
Epoch 017, Loss: 1.1546
Epoch 018, Loss: 1.2826
Epoch 019, Loss: 1.1879
Epoch 020, Loss: 1.2548
Epoch 021, Loss: 1.2943
Epoch 022, Loss: 1.2026
Epoch 023, Loss: 1.1306
Epoch 024, Loss: 1.1670
Epoch 025, Loss: 1.3175
Epoch 026, Loss: 1.1877
Epoch 027, Loss: 1.1239
Epoch 028, Loss: 1.1554
Epoch 029, Loss: 1.0964
Epoch 030, Loss: 1.0514
Epoch 031, Loss: 1.2642
Epoch 032, Loss: 1.0149
Epoch 033, Loss: 1.1823
Epoch 034, Loss: 1.1119
Epoch 035, Loss: 1.0399
Epoch 036, Loss: 1.0331
Epoch 037, Loss: 1.0948
Epoch 038, Loss: 1.0512
Epoch 039, Loss: 0.9671
Epoch 040, Loss: 1.0377
Epoch 041, Loss: 0.9146
Epoch 042, Loss: 0.8653
Epoch 043, Loss: 0.8752
Epoch 044, Loss: 0.8481
Epoch 045, Loss: 0.9520
Epoch 046, Loss: 0.9249
Epoch 047, Loss: 0.8782
Epoch 048, Loss: 0.8521
Epoch 049, Loss: 0.8089
Epoch 050, Loss: 0.8100
Epoch 051, Loss: 0.7910
Epoch 052, Loss: 0.8448
Epoch 053, Loss: 0.8437
Epoch 054, Loss: 0.8462
Epoch 055, Loss: 0.7604
Epoch 056, Loss: 0.8375
Epoch 057, Loss: 0.7723
Epoch 058, Loss: 0.9031
Epoch 059, Loss: 0.7823
Epoch 060, Loss: 0.7393
Epoch 061, Loss: 0.6792
Epoch 062, Loss: 0.6546
Epoch 063, Loss: 0.6989
Epoch 064, Loss: 0.7493
Epoch 065, Loss: 0.6934
Epoch 066, Loss: 0.6744
Epoch 067, Loss: 0.7758
Epoch 068, Loss: 0.6853
Epoch 069, Loss: 0.7003
Epoch 070, Loss: 0.6266
Epoch 071, Loss: 0.7827
Epoch 072, Loss: 0.6316
Epoch 073, Loss: 0.6769
Epoch 074, Loss: 0.7134
Epoch 075, Loss: 0.6023
Epoch 076, Loss: 0.6836
Epoch 077, Loss: 0.5986
Epoch 078, Loss: 0.6543
Epoch 079, Loss: 0.6981
Epoch 080, Loss: 0.6522
Epoch 081, Loss: 0.6026
Epoch 082, Loss: 0.6917
Epoch 083, Loss: 0.6695
Epoch 084, Loss: 0.6348
Epoch 085, Loss: 0.5724
Epoch 086, Loss: 0.5706
Epoch 087, Loss: 0.6965
Epoch 088, Loss: 0.6432
Epoch 089, Loss: 0.6566
Epoch 090, Loss: 0.6209
Epoch 091, Loss: 0.6308
Epoch 092, Loss: 0.5658
Epoch 093, Loss: 0.5745
Epoch 094, Loss: 0.5722
Epoch 095, Loss: 0.5531
Epoch 096, Loss: 0.5489
Epoch 097, Loss: 0.5632
Epoch 098, Loss: 0.5579
Epoch 099, Loss: 0.5817
Epoch 100, Loss: 0.5186

Test RMSE: 1.2262
Test MAPE: 0.2599
Training time: 9.33 seconds
Model saved to Models/GCN_model_20.pkl

 Training on dataset_25_nodes.csv...
Total rows in CSV: 50
25 325
25 325
25 325
25 325
25 325
25 325
25 325
25 325
25 325
25 325
25 325
25 325
25 325
25 325
25 325
25 325
25 325
25 325
25 325
25 325
25 325
25 325
25 325
25 325
25 325
25 325
25 325
25 325
25 325
25 325
25 325
25 325
25 325
25 325
25 325
25 325
25 325
25 325
25 325
25 325
25 325
25 325
25 325
25 325
25 325
25 325
25 325
25 325
25 325
25 325
Loaded 50 valid graphs.
Epoch 001, Loss: 9.8850
Epoch 002, Loss: 2.1498
Epoch 003, Loss: 1.7624
Epoch 004, Loss: 1.7055
Epoch 005, Loss: 1.7083
Epoch 006, Loss: 1.6232
Epoch 007, Loss: 1.6832
Epoch 008, Loss: 1.6562
Epoch 009, Loss: 1.5610
Epoch 010, Loss: 1.8438
Epoch 011, Loss: 1.9168
Epoch 012, Loss: 1.7321
Epoch 013, Loss: 1.7489
Epoch 014, Loss: 1.5434
Epoch 015, Loss: 1.8105
Epoch 016, Loss: 1.5532
Epoch 017, Loss: 1.6632
Epoch 018, Loss: 1.7115
Epoch 019, Loss: 1.8526
Epoch 020, Loss: 1.6179
Epoch 021, Loss: 1.4165
Epoch 022, Loss: 1.8767
Epoch 023, Loss: 1.5774
Epoch 024, Loss: 1.8039
Epoch 025, Loss: 1.5392
Epoch 026, Loss: 1.5074
Epoch 027, Loss: 1.4340
Epoch 028, Loss: 1.5352
Epoch 029, Loss: 1.5209
Epoch 030, Loss: 1.5394
Epoch 031, Loss: 1.4809
Epoch 032, Loss: 1.4090
Epoch 033, Loss: 1.4473
Epoch 034, Loss: 1.3848
Epoch 035, Loss: 1.3467
Epoch 036, Loss: 1.4227
Epoch 037, Loss: 1.2098
Epoch 038, Loss: 1.2779
Epoch 039, Loss: 1.3377
Epoch 040, Loss: 1.1866
Epoch 041, Loss: 1.2094
Epoch 042, Loss: 1.2055
Epoch 043, Loss: 1.0552
Epoch 044, Loss: 1.1258
Epoch 045, Loss: 1.0215
Epoch 046, Loss: 1.0825
Epoch 047, Loss: 1.0113
Epoch 048, Loss: 1.2115
Epoch 049, Loss: 1.1671
Epoch 050, Loss: 0.9968
Epoch 051, Loss: 1.0370
Epoch 052, Loss: 0.9206
Epoch 053, Loss: 1.2022
Epoch 054, Loss: 1.1566
Epoch 055, Loss: 1.1654
Epoch 056, Loss: 1.1445
Epoch 057, Loss: 0.9294
Epoch 058, Loss: 1.0243
Epoch 059, Loss: 1.1443
Epoch 060, Loss: 0.9659
Epoch 061, Loss: 1.0828
Epoch 062, Loss: 0.8526
Epoch 063, Loss: 0.9114
Epoch 064, Loss: 1.0497
Epoch 065, Loss: 0.8566
Epoch 066, Loss: 0.8930
Epoch 067, Loss: 0.8843
Epoch 068, Loss: 1.0717
Epoch 069, Loss: 0.8629
Epoch 070, Loss: 0.7921
Epoch 071, Loss: 0.9796
Epoch 072, Loss: 0.8619
Epoch 073, Loss: 0.8758
Epoch 074, Loss: 0.8558
Epoch 075, Loss: 0.8180
Epoch 076, Loss: 0.7629
Epoch 077, Loss: 0.7367
Epoch 078, Loss: 0.8170
Epoch 079, Loss: 0.9752
Epoch 080, Loss: 0.9892
Epoch 081, Loss: 0.9430
Epoch 082, Loss: 0.9599
Epoch 083, Loss: 0.7883
Epoch 084, Loss: 0.7724
Epoch 085, Loss: 0.7765
Epoch 086, Loss: 0.7483
Epoch 087, Loss: 0.7453
Epoch 088, Loss: 0.7730
Epoch 089, Loss: 0.7984
Epoch 090, Loss: 0.7960
Epoch 091, Loss: 0.9824
Epoch 092, Loss: 0.7225
Epoch 093, Loss: 0.6904
Epoch 094, Loss: 0.7118
Epoch 095, Loss: 0.7771
Epoch 096, Loss: 0.7942
Epoch 097, Loss: 0.7653
Epoch 098, Loss: 0.6435
Epoch 099, Loss: 0.7313
Epoch 100, Loss: 0.7575

Test RMSE: 1.3941
Test MAPE: 0.2262
Training time: 9.36 seconds
Model saved to Models/GCN_model_25.pkl

 Training on dataset_full.csv...
Total rows in CSV: 250
25 325
25 325
25 325
25 325
25 325
25 325
25 325
25 325
25 325
25 325
25 325
25 325
25 325
25 325
25 325
25 325
25 325
25 325
25 325
25 325
25 325
25 325
25 325
25 325
25 325
25 325
25 325
25 325
25 325
25 325
25 325
25 325
25 325
25 325
25 325
25 325
25 325
25 325
25 325
25 325
25 325
25 325
25 325
25 325
25 325
25 325
25 325
25 325
25 325
25 325
25 325
25 325
25 325
25 325
25 325
25 325
25 325
25 325
25 325
25 325
25 325
25 325
25 325
25 325
25 325
25 325
25 325
25 325
25 325
25 325
25 325
25 325
25 325
25 325
25 325
25 325
25 325
25 325
25 325
25 325
25 325
25 325
25 325
25 325
25 325
25 325
25 325
25 325
25 325
25 325
25 325
25 325
25 325
25 325
25 325
25 325
25 325
25 325
25 325
25 325
25 325
25 325
25 325
25 325
25 325
25 325
25 325
25 325
25 325
25 325
25 325
25 325
25 325
25 325
25 325
25 325
25 325
25 325
25 325
25 325
25 325
25 325
25 325
25 325
25 325
25 325
25 325
25 325
25 325
25 325
25 325
25 325
25 325
25 325
25 325
25 325
25 325
25 325
25 325
25 325
25 325
25 325
25 325
25 325
25 325
25 325
25 325
25 325
25 325
25 325
25 325
25 325
25 325
25 325
25 325
25 325
25 325
25 325
25 325
25 325
25 325
25 325
25 325
25 325
25 325
25 325
25 325
25 325
25 325
25 325
25 325
25 325
25 325
25 325
25 325
25 325
25 325
25 325
25 325
25 325
25 325
25 325
25 325
25 325
25 325
25 325
25 325
25 325
25 325
25 325
25 325
25 325
25 325
25 325
25 325
25 325
25 325
25 325
25 325
25 325
25 325
25 325
25 325
25 325
25 325
25 325
25 325
25 325
25 325
25 325
25 325
25 325
25 325
25 325
25 325
25 325
25 325
25 325
25 325
25 325
25 325
25 325
25 325
25 325
25 325
25 325
25 325
25 325
25 325
25 325
25 325
25 325
25 325
25 325
25 325
25 325
25 325
25 325
25 325
25 325
25 325
25 325
25 325
25 325
25 325
25 325
25 325
25 325
25 325
25 325
Loaded 250 valid graphs.
Epoch 001, Loss: 3.7862
Epoch 002, Loss: 3.2995
Epoch 003, Loss: 3.2259
Epoch 004, Loss: 2.5340
Epoch 005, Loss: 1.2785
Epoch 006, Loss: 0.8475
Epoch 007, Loss: 0.7221
Epoch 008, Loss: 0.7863
Epoch 009, Loss: 0.7213
Epoch 010, Loss: 0.7287
Epoch 011, Loss: 0.6506
Epoch 012, Loss: 0.6687
Epoch 013, Loss: 0.6408
Epoch 014, Loss: 0.6409
Epoch 015, Loss: 0.6285
Epoch 016, Loss: 0.6213
Epoch 017, Loss: 0.6338
Epoch 018, Loss: 0.6346
Epoch 019, Loss: 0.5972
Epoch 020, Loss: 0.6593
Epoch 021, Loss: 0.6150
Epoch 022, Loss: 0.6025
Epoch 023, Loss: 0.6004
Epoch 024, Loss: 0.5894
Epoch 025, Loss: 0.6173
Epoch 026, Loss: 0.5810
Epoch 027, Loss: 0.5945
Epoch 028, Loss: 0.6108
Epoch 029, Loss: 0.5709
Epoch 030, Loss: 0.5878
Epoch 031, Loss: 0.6089
Epoch 032, Loss: 0.6001
Epoch 033, Loss: 0.5774
Epoch 034, Loss: 0.6241
Epoch 035, Loss: 0.5464
Epoch 036, Loss: 0.5575
Epoch 037, Loss: 0.5832
Epoch 038, Loss: 0.6171
Epoch 039, Loss: 0.5574
Epoch 040, Loss: 0.5571
Epoch 041, Loss: 0.5610
Epoch 042, Loss: 0.5680
Epoch 043, Loss: 0.5502
Epoch 044, Loss: 0.5403
Epoch 045, Loss: 0.5442
Epoch 046, Loss: 0.5785
Epoch 047, Loss: 0.5444
Epoch 048, Loss: 0.5843
Epoch 049, Loss: 0.5392
Epoch 050, Loss: 0.5293
Epoch 051, Loss: 0.5479
Epoch 052, Loss: 0.6294
Epoch 053, Loss: 0.5711
Epoch 054, Loss: 0.5538
Epoch 055, Loss: 0.5624
Epoch 056, Loss: 0.5532
Epoch 057, Loss: 0.5303
Epoch 058, Loss: 0.5169
Epoch 059, Loss: 0.5897
Epoch 060, Loss: 0.5522
Epoch 061, Loss: 0.5132
Epoch 062, Loss: 0.5338
Epoch 063, Loss: 0.5367
Epoch 064, Loss: 0.5369
Epoch 065, Loss: 0.5014
Epoch 066, Loss: 0.5783
Epoch 067, Loss: 0.5453
Epoch 068, Loss: 0.5563
Epoch 069, Loss: 0.5366
Epoch 070, Loss: 0.5890
Epoch 071, Loss: 0.5813
Epoch 072, Loss: 0.5259
Epoch 073, Loss: 0.5275
Epoch 074, Loss: 0.5202
Epoch 075, Loss: 0.5158
Epoch 076, Loss: 0.5284
Epoch 077, Loss: 0.5353
Epoch 078, Loss: 0.5305
Epoch 079, Loss: 0.5250
Epoch 080, Loss: 0.5534
Epoch 081, Loss: 0.5553
Epoch 082, Loss: 0.5508
Epoch 083, Loss: 0.5469
Epoch 084, Loss: 0.5394
Epoch 085, Loss: 0.5233
Epoch 086, Loss: 0.5070
Epoch 087, Loss: 0.4871
Epoch 088, Loss: 0.4921
Epoch 089, Loss: 0.5665
Epoch 090, Loss: 0.5149
Epoch 091, Loss: 0.5139
Epoch 092, Loss: 0.5104
Epoch 093, Loss: 0.4783
Epoch 094, Loss: 0.5196
Epoch 095, Loss: 0.5284
Epoch 096, Loss: 0.5208
Epoch 097, Loss: 0.5197
Epoch 098, Loss: 0.5152
Epoch 099, Loss: 0.4932
Epoch 100, Loss: 0.4841

Test RMSE: 0.7134
Test MAPE: 258136225087488.0000
Training time: 45.26 seconds
Model saved to Models/GCN_model_full.pkl

Metrics saved to Models/Graph_Neural_Training_metrics.csv

 **Final Training Results:**
node_size model_type  test_size     rmse         mape  training_time         model_file
       10   Q_values        0.2 0.605713 1.887004e-01       9.598299   GNN_model_10.pkl
       12   Q_values        0.2 0.687796 1.847992e-01       8.722137   GNN_model_12.pkl
       15   Q_values        0.2 0.798472 2.181998e-01       8.896332   GNN_model_15.pkl
       20   Q_values        0.2 1.226220 2.598682e-01       9.327522   GNN_model_20.pkl
       25   Q_values        0.2 1.394095 2.262187e-01       9.357723   GNN_model_25.pkl
     full   Q_values        0.2 0.713434 2.581362e+14      45.255794 GNN_model_full.pkl

 Training complete for all datasets!
  adding: Models/ (stored 0%)
  adding: Models/GCN_model_12.pkl (deflated 24%)
  adding: Models/GCN_model_10.pkl (deflated 22%)
  adding: Models/GCN_model_15.pkl (deflated 21%)
  adding: Models/Graph_Neural_Training_metrics.csv (deflated 50%)
  adding: Models/GCN_model_25.pkl (deflated 20%)
  adding: Models/Graph_Neural_Training_results.txt (deflated 61%)
  adding: Models/GCN_model_20.pkl (deflated 22%)
  adding: Models/GCN_model_full.pkl (deflated 21%)
