
 Training on dataset_10_nodes.csv...
Total rows in CSV: 50
10 55
10 55
10 55
10 55
10 55
10 55
10 55
10 55
10 55
10 55
10 55
10 55
10 55
10 55
10 55
10 55
10 55
10 55
10 55
10 55
10 55
10 55
10 55
10 55
10 55
10 55
10 55
10 55
10 55
10 55
10 55
10 55
10 55
10 55
10 55
10 55
10 55
10 55
10 55
10 55
10 55
10 55
10 55
10 55
10 55
10 55
10 55
10 55
10 55
10 55
Loaded 50 valid graphs.
Epoch 001, Loss: 3.2072
Epoch 002, Loss: 0.6134
Epoch 003, Loss: 0.5984
Epoch 004, Loss: 0.5629
Epoch 005, Loss: 0.6024
Epoch 006, Loss: 0.5619
Epoch 007, Loss: 0.6368
Epoch 008, Loss: 0.6130
Epoch 009, Loss: 0.5715
Epoch 010, Loss: 0.5931
Epoch 011, Loss: 0.5389
Epoch 012, Loss: 0.5636
Epoch 013, Loss: 0.5594
Epoch 014, Loss: 0.5332
Epoch 015, Loss: 0.5544
Epoch 016, Loss: 0.5622
Epoch 017, Loss: 0.5591
Epoch 018, Loss: 0.6583
Epoch 019, Loss: 0.6260
Epoch 020, Loss: 0.5322
Epoch 021, Loss: 0.5356
Epoch 022, Loss: 0.5409
Epoch 023, Loss: 0.6381
Epoch 024, Loss: 0.5335
Epoch 025, Loss: 0.5609
Epoch 026, Loss: 0.5998
Epoch 027, Loss: 0.5647
Epoch 028, Loss: 0.5301
Epoch 029, Loss: 0.5130
Epoch 030, Loss: 0.5145
Epoch 031, Loss: 0.5323
Epoch 032, Loss: 0.5051
Epoch 033, Loss: 0.5667
Epoch 034, Loss: 0.5398
Epoch 035, Loss: 0.4968
Epoch 036, Loss: 0.5515
Epoch 037, Loss: 0.5424
Epoch 038, Loss: 0.5942
Epoch 039, Loss: 0.5395
Epoch 040, Loss: 0.5245
Epoch 041, Loss: 0.5285
Epoch 042, Loss: 0.5098
Epoch 043, Loss: 0.5079
Epoch 044, Loss: 0.5884
Epoch 045, Loss: 0.5115
Epoch 046, Loss: 0.5090
Epoch 047, Loss: 0.5000
Epoch 048, Loss: 0.4882
Epoch 049, Loss: 0.4992
Epoch 050, Loss: 0.4840
Epoch 051, Loss: 0.5109
Epoch 052, Loss: 0.4768
Epoch 053, Loss: 0.4954
Epoch 054, Loss: 0.5089
Epoch 055, Loss: 0.4779
Epoch 056, Loss: 0.4880
Epoch 057, Loss: 0.5055
Epoch 058, Loss: 0.5134
Epoch 059, Loss: 0.4758
Epoch 060, Loss: 0.4770
Epoch 061, Loss: 0.5132
Epoch 062, Loss: 0.4869
Epoch 063, Loss: 0.4769
Epoch 064, Loss: 0.4831
Epoch 065, Loss: 0.4654
Epoch 066, Loss: 0.4607
Epoch 067, Loss: 0.4437
Epoch 068, Loss: 0.4690
Epoch 069, Loss: 0.4534
Epoch 070, Loss: 0.4403
Epoch 071, Loss: 0.4436
Epoch 072, Loss: 0.4558
Epoch 073, Loss: 0.4365
Epoch 074, Loss: 0.4417
Epoch 075, Loss: 0.4493
Epoch 076, Loss: 0.4415
Epoch 077, Loss: 0.4436
Epoch 078, Loss: 0.4287
Epoch 079, Loss: 0.4255
Epoch 080, Loss: 0.4237
Epoch 081, Loss: 0.4564
Epoch 082, Loss: 0.4379
Epoch 083, Loss: 0.4112
Epoch 084, Loss: 0.4298
Epoch 085, Loss: 0.4172
Epoch 086, Loss: 0.4162
Epoch 087, Loss: 0.4073
Epoch 088, Loss: 0.3942
Epoch 089, Loss: 0.4153
Epoch 090, Loss: 0.3952
Epoch 091, Loss: 0.3967
Epoch 092, Loss: 0.3916
Epoch 093, Loss: 0.4128
Epoch 094, Loss: 0.4248
Epoch 095, Loss: 0.4175
Epoch 096, Loss: 0.3733
Epoch 097, Loss: 0.4131
Epoch 098, Loss: 0.3897
Epoch 099, Loss: 0.3828
Epoch 100, Loss: 0.3972

Test RMSE: 0.5851
Test MAPE: 0.1958
Training time: 12.51 seconds
Model saved to Models/GCN_model_10.pkl

 Training on dataset_12_nodes.csv...
Total rows in CSV: 50
12 78
12 78
12 78
12 78
12 78
12 78
12 78
12 78
12 78
12 78
12 78
12 78
12 78
12 78
12 78
12 78
12 78
12 78
12 78
12 78
12 78
12 78
12 78
12 78
12 78
12 78
12 78
12 78
12 78
12 78
12 78
12 78
12 78
12 78
12 78
12 78
12 78
12 78
12 78
12 78
12 78
12 78
12 78
12 78
12 78
12 78
12 78
12 78
12 78
12 78
Loaded 50 valid graphs.
Epoch 001, Loss: 3.9589
Epoch 002, Loss: 0.9074
Epoch 003, Loss: 0.9423
Epoch 004, Loss: 0.8986
Epoch 005, Loss: 0.8459
Epoch 006, Loss: 0.8815
Epoch 007, Loss: 0.9003
Epoch 008, Loss: 0.9799
Epoch 009, Loss: 0.8327
Epoch 010, Loss: 0.8988
Epoch 011, Loss: 0.9088
Epoch 012, Loss: 0.8761
Epoch 013, Loss: 0.8312
Epoch 014, Loss: 0.8756
Epoch 015, Loss: 0.9146
Epoch 016, Loss: 0.8922
Epoch 017, Loss: 0.8774
Epoch 018, Loss: 0.9190
Epoch 019, Loss: 0.8219
Epoch 020, Loss: 0.9090
Epoch 021, Loss: 0.8129
Epoch 022, Loss: 0.8135
Epoch 023, Loss: 0.8456
Epoch 024, Loss: 0.8433
Epoch 025, Loss: 0.8096
Epoch 026, Loss: 0.8377
Epoch 027, Loss: 0.8745
Epoch 028, Loss: 0.8982
Epoch 029, Loss: 0.8636
Epoch 030, Loss: 0.8340
Epoch 031, Loss: 0.8515
Epoch 032, Loss: 0.8703
Epoch 033, Loss: 0.7950
Epoch 034, Loss: 0.8400
Epoch 035, Loss: 0.7953
Epoch 036, Loss: 0.8103
Epoch 037, Loss: 0.8230
Epoch 038, Loss: 0.8857
Epoch 039, Loss: 0.8503
Epoch 040, Loss: 0.8133
Epoch 041, Loss: 0.8223
Epoch 042, Loss: 0.8352
Epoch 043, Loss: 0.7946
Epoch 044, Loss: 0.8233
Epoch 045, Loss: 0.8427
Epoch 046, Loss: 0.8029
Epoch 047, Loss: 0.8636
Epoch 048, Loss: 0.8615
Epoch 049, Loss: 0.8618
Epoch 050, Loss: 0.8497
Epoch 051, Loss: 0.8052
Epoch 052, Loss: 0.7967
Epoch 053, Loss: 0.8173
Epoch 054, Loss: 0.7994
Epoch 055, Loss: 0.7996
Epoch 056, Loss: 0.8124
Epoch 057, Loss: 0.8440
Epoch 058, Loss: 0.8128
Epoch 059, Loss: 0.8356
Epoch 060, Loss: 0.7914
Epoch 061, Loss: 0.7776
Epoch 062, Loss: 0.8652
Epoch 063, Loss: 0.8253
Epoch 064, Loss: 0.8117
Epoch 065, Loss: 0.7828
Epoch 066, Loss: 0.7879
Epoch 067, Loss: 0.8171
Epoch 068, Loss: 0.8448
Epoch 069, Loss: 0.7545
Epoch 070, Loss: 0.7887
Epoch 071, Loss: 0.7847
Epoch 072, Loss: 0.8181
Epoch 073, Loss: 0.7484
Epoch 074, Loss: 0.7569
Epoch 075, Loss: 0.7363
Epoch 076, Loss: 0.7403
Epoch 077, Loss: 0.7653
Epoch 078, Loss: 0.7644
Epoch 079, Loss: 0.7296
Epoch 080, Loss: 0.7078
Epoch 081, Loss: 0.7166
Epoch 082, Loss: 0.6892
Epoch 083, Loss: 0.7070
Epoch 084, Loss: 0.6957
Epoch 085, Loss: 0.7002
Epoch 086, Loss: 0.6823
Epoch 087, Loss: 0.6841
Epoch 088, Loss: 0.7360
Epoch 089, Loss: 0.6718
Epoch 090, Loss: 0.6641
Epoch 091, Loss: 0.6500
Epoch 092, Loss: 0.6901
Epoch 093, Loss: 0.6795
Epoch 094, Loss: 0.6414
Epoch 095, Loss: 0.6612
Epoch 096, Loss: 0.6627
Epoch 097, Loss: 0.6417
Epoch 098, Loss: 0.6253
Epoch 099, Loss: 0.6473
Epoch 100, Loss: 0.6280

Test RMSE: 0.6288
Test MAPE: 0.1730
Training time: 11.87 seconds
Model saved to Models/GCN_model_12.pkl

 Training on dataset_15_nodes.csv...
Total rows in CSV: 50
15 120
15 120
15 120
15 120
15 120
15 120
15 120
15 120
15 120
15 120
15 120
15 120
15 120
15 120
15 120
15 120
15 120
15 120
15 120
15 120
15 120
15 120
15 120
15 120
15 120
15 120
15 120
15 120
15 120
15 120
15 120
15 120
15 120
15 120
15 120
15 120
15 120
15 120
15 120
15 120
15 120
15 120
15 120
15 120
15 120
15 120
15 120
15 120
15 120
15 120
Loaded 50 valid graphs.
Epoch 001, Loss: 5.4535
Epoch 002, Loss: 1.1344
Epoch 003, Loss: 1.1519
Epoch 004, Loss: 1.1278
Epoch 005, Loss: 0.9594
Epoch 006, Loss: 0.9479
Epoch 007, Loss: 0.9275
Epoch 008, Loss: 0.9494
Epoch 009, Loss: 0.9346
Epoch 010, Loss: 1.0240
Epoch 011, Loss: 1.1022
Epoch 012, Loss: 0.9095
Epoch 013, Loss: 0.9764
Epoch 014, Loss: 0.9775
Epoch 015, Loss: 0.8949
Epoch 016, Loss: 0.9711
Epoch 017, Loss: 0.9924
Epoch 018, Loss: 0.9436
Epoch 019, Loss: 0.9499
Epoch 020, Loss: 0.9245
Epoch 021, Loss: 1.0105
Epoch 022, Loss: 0.9618
Epoch 023, Loss: 0.8687
Epoch 024, Loss: 0.8802
Epoch 025, Loss: 1.0538
Epoch 026, Loss: 0.8738
Epoch 027, Loss: 0.9899
Epoch 028, Loss: 0.9297
Epoch 029, Loss: 0.9268
Epoch 030, Loss: 0.9235
Epoch 031, Loss: 0.9209
Epoch 032, Loss: 0.9061
Epoch 033, Loss: 0.9236
Epoch 034, Loss: 0.9114
Epoch 035, Loss: 0.9254
Epoch 036, Loss: 0.9343
Epoch 037, Loss: 0.9060
Epoch 038, Loss: 0.8941
Epoch 039, Loss: 0.9435
Epoch 040, Loss: 0.9087
Epoch 041, Loss: 0.8981
Epoch 042, Loss: 0.8673
Epoch 043, Loss: 1.0243
Epoch 044, Loss: 0.9789
Epoch 045, Loss: 0.9303
Epoch 046, Loss: 0.8442
Epoch 047, Loss: 0.8284
Epoch 048, Loss: 0.8813
Epoch 049, Loss: 0.8823
Epoch 050, Loss: 0.8575
Epoch 051, Loss: 0.8966
Epoch 052, Loss: 0.8942
Epoch 053, Loss: 0.8377
Epoch 054, Loss: 0.8555
Epoch 055, Loss: 0.8185
Epoch 056, Loss: 0.7762
Epoch 057, Loss: 0.7478
Epoch 058, Loss: 0.8099
Epoch 059, Loss: 0.8700
Epoch 060, Loss: 0.8191
Epoch 061, Loss: 0.7620
Epoch 062, Loss: 0.7529
Epoch 063, Loss: 0.7563
Epoch 064, Loss: 0.6974
Epoch 065, Loss: 0.6773
Epoch 066, Loss: 0.6881
Epoch 067, Loss: 0.8180
Epoch 068, Loss: 0.6959
Epoch 069, Loss: 0.6948
Epoch 070, Loss: 0.7382
Epoch 071, Loss: 0.7640
Epoch 072, Loss: 0.6641
Epoch 073, Loss: 0.6374
Epoch 074, Loss: 0.6302
Epoch 075, Loss: 0.5928
Epoch 076, Loss: 0.6360
Epoch 077, Loss: 0.6464
Epoch 078, Loss: 0.5866
Epoch 079, Loss: 0.6318
Epoch 080, Loss: 0.5745
Epoch 081, Loss: 0.6380
Epoch 082, Loss: 0.6099
Epoch 083, Loss: 0.6149
Epoch 084, Loss: 0.6129
Epoch 085, Loss: 0.6247
Epoch 086, Loss: 0.6120
Epoch 087, Loss: 0.6504
Epoch 088, Loss: 0.7029
Epoch 089, Loss: 0.5405
Epoch 090, Loss: 0.6022
Epoch 091, Loss: 0.5761
Epoch 092, Loss: 0.5777
Epoch 093, Loss: 0.5341
Epoch 094, Loss: 0.5844
Epoch 095, Loss: 0.5720
Epoch 096, Loss: 0.5244
Epoch 097, Loss: 0.5471
Epoch 098, Loss: 0.5445
Epoch 099, Loss: 0.5531
Epoch 100, Loss: 0.5505

Test RMSE: 0.9196
Test MAPE: 0.2073
Training time: 11.97 seconds
Model saved to Models/GCN_model_15.pkl

 Training on dataset_20_nodes.csv...
Total rows in CSV: 50
20 210
20 210
20 210
20 210
20 210
20 210
20 210
20 210
20 210
20 210
20 210
20 210
20 210
20 210
20 210
20 210
20 210
20 210
20 210
20 210
20 210
20 210
20 210
20 210
20 210
20 210
20 210
20 210
20 210
20 210
20 210
20 210
20 210
20 210
20 210
20 210
20 210
20 210
20 210
20 210
20 210
20 210
20 210
20 210
20 210
20 210
20 210
20 210
20 210
20 210
Loaded 50 valid graphs.
Epoch 001, Loss: 7.9192
Epoch 002, Loss: 1.3480
Epoch 003, Loss: 1.2411
Epoch 004, Loss: 1.2229
Epoch 005, Loss: 1.2626
Epoch 006, Loss: 1.5356
Epoch 007, Loss: 1.2511
Epoch 008, Loss: 1.2410
Epoch 009, Loss: 1.3253
Epoch 010, Loss: 1.2324
Epoch 011, Loss: 1.3672
Epoch 012, Loss: 1.1294
Epoch 013, Loss: 1.3939
Epoch 014, Loss: 1.3074
Epoch 015, Loss: 1.2582
Epoch 016, Loss: 1.1749
Epoch 017, Loss: 1.1669
Epoch 018, Loss: 1.2506
Epoch 019, Loss: 1.3759
Epoch 020, Loss: 1.2902
Epoch 021, Loss: 1.2534
Epoch 022, Loss: 1.1400
Epoch 023, Loss: 1.2032
Epoch 024, Loss: 1.2266
Epoch 025, Loss: 1.1967
Epoch 026, Loss: 1.1606
Epoch 027, Loss: 1.4734
Epoch 028, Loss: 1.3269
Epoch 029, Loss: 1.1212
Epoch 030, Loss: 1.2035
Epoch 031, Loss: 1.1508
Epoch 032, Loss: 1.1970
Epoch 033, Loss: 1.2132
Epoch 034, Loss: 1.2307
Epoch 035, Loss: 1.5398
Epoch 036, Loss: 1.2522
Epoch 037, Loss: 1.2515
Epoch 038, Loss: 1.1454
Epoch 039, Loss: 1.1044
Epoch 040, Loss: 1.3050
Epoch 041, Loss: 1.3218
Epoch 042, Loss: 1.1505
Epoch 043, Loss: 1.1075
Epoch 044, Loss: 1.1781
Epoch 045, Loss: 1.2481
Epoch 046, Loss: 1.1528
Epoch 047, Loss: 1.0619
Epoch 048, Loss: 1.2513
Epoch 049, Loss: 1.0409
Epoch 050, Loss: 1.0438
Epoch 051, Loss: 1.0255
Epoch 052, Loss: 0.9673
Epoch 053, Loss: 1.1005
Epoch 054, Loss: 1.0065
Epoch 055, Loss: 1.0351
Epoch 056, Loss: 1.0281
Epoch 057, Loss: 0.9626
Epoch 058, Loss: 1.0301
Epoch 059, Loss: 0.8822
Epoch 060, Loss: 0.9282
Epoch 061, Loss: 0.8316
Epoch 062, Loss: 0.9381
Epoch 063, Loss: 0.8816
Epoch 064, Loss: 0.8696
Epoch 065, Loss: 0.9557
Epoch 066, Loss: 0.7965
Epoch 067, Loss: 0.7963
Epoch 068, Loss: 0.7919
Epoch 069, Loss: 0.8051
Epoch 070, Loss: 0.8232
Epoch 071, Loss: 0.8030
Epoch 072, Loss: 0.7861
Epoch 073, Loss: 0.7396
Epoch 074, Loss: 0.6735
Epoch 075, Loss: 0.7500
Epoch 076, Loss: 0.8668
Epoch 077, Loss: 0.7244
Epoch 078, Loss: 0.7404
Epoch 079, Loss: 0.7305
Epoch 080, Loss: 0.6678
Epoch 081, Loss: 0.7237
Epoch 082, Loss: 0.6755
Epoch 083, Loss: 0.7002
Epoch 084, Loss: 0.8089
Epoch 085, Loss: 0.9580
Epoch 086, Loss: 0.9182
Epoch 087, Loss: 0.6514
Epoch 088, Loss: 0.6618
Epoch 089, Loss: 0.6799
Epoch 090, Loss: 0.7377
Epoch 091, Loss: 0.6969
Epoch 092, Loss: 0.6027
Epoch 093, Loss: 0.6009
Epoch 094, Loss: 0.6070
Epoch 095, Loss: 0.6434
Epoch 096, Loss: 0.6748
Epoch 097, Loss: 0.6140
Epoch 098, Loss: 0.6591
Epoch 099, Loss: 0.6915
Epoch 100, Loss: 0.6348

Test RMSE: 0.8532
Test MAPE: 0.2161
Training time: 12.56 seconds
Model saved to Models/GCN_model_20.pkl

 Training on dataset_25_nodes.csv...
Total rows in CSV: 50
25 325
25 325
25 325
25 325
25 325
25 325
25 325
25 325
25 325
25 325
25 325
25 325
25 325
25 325
25 325
25 325
25 325
25 325
25 325
25 325
25 325
25 325
25 325
25 325
25 325
25 325
25 325
25 325
25 325
25 325
25 325
25 325
25 325
25 325
25 325
25 325
25 325
25 325
25 325
25 325
25 325
25 325
25 325
25 325
25 325
25 325
25 325
25 325
25 325
25 325
Loaded 50 valid graphs.
Epoch 001, Loss: 9.4643
Epoch 002, Loss: 1.5462
Epoch 003, Loss: 1.7033
Epoch 004, Loss: 1.5707
Epoch 005, Loss: 1.7571
Epoch 006, Loss: 1.6917
Epoch 007, Loss: 1.6243
Epoch 008, Loss: 1.5171
Epoch 009, Loss: 1.6890
Epoch 010, Loss: 1.8866
Epoch 011, Loss: 1.5153
Epoch 012, Loss: 1.6818
Epoch 013, Loss: 1.4839
Epoch 014, Loss: 1.6512
Epoch 015, Loss: 1.5991
Epoch 016, Loss: 1.5657
Epoch 017, Loss: 1.6356
Epoch 018, Loss: 1.4810
Epoch 019, Loss: 1.4918
Epoch 020, Loss: 1.4674
Epoch 021, Loss: 1.5893
Epoch 022, Loss: 1.7737
Epoch 023, Loss: 1.6089
Epoch 024, Loss: 1.5184
Epoch 025, Loss: 1.5692
Epoch 026, Loss: 1.4416
Epoch 027, Loss: 1.4876
Epoch 028, Loss: 1.4825
Epoch 029, Loss: 1.5970
Epoch 030, Loss: 1.5656
Epoch 031, Loss: 1.4823
Epoch 032, Loss: 1.5444
Epoch 033, Loss: 1.4581
Epoch 034, Loss: 1.5209
Epoch 035, Loss: 1.3591
Epoch 036, Loss: 1.5401
Epoch 037, Loss: 1.5612
Epoch 038, Loss: 1.5573
Epoch 039, Loss: 1.4863
Epoch 040, Loss: 1.4153
Epoch 041, Loss: 1.4841
Epoch 042, Loss: 1.3130
Epoch 043, Loss: 1.2816
Epoch 044, Loss: 1.4614
Epoch 045, Loss: 1.2963
Epoch 046, Loss: 1.2909
Epoch 047, Loss: 1.1970
Epoch 048, Loss: 1.1311
Epoch 049, Loss: 1.2655
Epoch 050, Loss: 1.3352
Epoch 051, Loss: 1.0150
Epoch 052, Loss: 0.9195
Epoch 053, Loss: 0.8963
Epoch 054, Loss: 1.1213
Epoch 055, Loss: 0.9057
Epoch 056, Loss: 1.0241
Epoch 057, Loss: 1.0698
Epoch 058, Loss: 0.8387
Epoch 059, Loss: 1.0013
Epoch 060, Loss: 0.8809
Epoch 061, Loss: 0.9304
Epoch 062, Loss: 0.8349
Epoch 063, Loss: 0.8186
Epoch 064, Loss: 0.7358
Epoch 065, Loss: 0.7943
Epoch 066, Loss: 0.8352
Epoch 067, Loss: 0.8597
Epoch 068, Loss: 0.7430
Epoch 069, Loss: 0.6533
Epoch 070, Loss: 0.8234
Epoch 071, Loss: 0.7615
Epoch 072, Loss: 0.8547
Epoch 073, Loss: 0.7474
Epoch 074, Loss: 0.7440
Epoch 075, Loss: 0.8023
Epoch 076, Loss: 0.8250
Epoch 077, Loss: 0.7911
Epoch 078, Loss: 0.8261
Epoch 079, Loss: 0.7915
Epoch 080, Loss: 0.7677
Epoch 081, Loss: 0.7516
Epoch 082, Loss: 0.7343
Epoch 083, Loss: 0.6926
Epoch 084, Loss: 0.7530
Epoch 085, Loss: 0.8254
Epoch 086, Loss: 0.7890
Epoch 087, Loss: 0.7673
Epoch 088, Loss: 0.8178
Epoch 089, Loss: 0.7017
Epoch 090, Loss: 0.7000
Epoch 091, Loss: 0.6815
Epoch 092, Loss: 0.6864
Epoch 093, Loss: 0.8825
Epoch 094, Loss: 0.6816
Epoch 095, Loss: 0.6223
Epoch 096, Loss: 0.7265
Epoch 097, Loss: 0.6809
Epoch 098, Loss: 0.6431
Epoch 099, Loss: 0.6531
Epoch 100, Loss: 0.7532

Test RMSE: 1.2615
Test MAPE: 0.2267
Training time: 12.83 seconds
Model saved to Models/GCN_model_25.pkl

 Training on dataset_full.csv...
Total rows in CSV: 250
25 325
25 325
25 325
25 325
25 325
25 325
25 325
25 325
25 325
25 325
25 325
25 325
25 325
25 325
25 325
25 325
25 325
25 325
25 325
25 325
25 325
25 325
25 325
25 325
25 325
25 325
25 325
25 325
25 325
25 325
25 325
25 325
25 325
25 325
25 325
25 325
25 325
25 325
25 325
25 325
25 325
25 325
25 325
25 325
25 325
25 325
25 325
25 325
25 325
25 325
25 325
25 325
25 325
25 325
25 325
25 325
25 325
25 325
25 325
25 325
25 325
25 325
25 325
25 325
25 325
25 325
25 325
25 325
25 325
25 325
25 325
25 325
25 325
25 325
25 325
25 325
25 325
25 325
25 325
25 325
25 325
25 325
25 325
25 325
25 325
25 325
25 325
25 325
25 325
25 325
25 325
25 325
25 325
25 325
25 325
25 325
25 325
25 325
25 325
25 325
25 325
25 325
25 325
25 325
25 325
25 325
25 325
25 325
25 325
25 325
25 325
25 325
25 325
25 325
25 325
25 325
25 325
25 325
25 325
25 325
25 325
25 325
25 325
25 325
25 325
25 325
25 325
25 325
25 325
25 325
25 325
25 325
25 325
25 325
25 325
25 325
25 325
25 325
25 325
25 325
25 325
25 325
25 325
25 325
25 325
25 325
25 325
25 325
25 325
25 325
25 325
25 325
25 325
25 325
25 325
25 325
25 325
25 325
25 325
25 325
25 325
25 325
25 325
25 325
25 325
25 325
25 325
25 325
25 325
25 325
25 325
25 325
25 325
25 325
25 325
25 325
25 325
25 325
25 325
25 325
25 325
25 325
25 325
25 325
25 325
25 325
25 325
25 325
25 325
25 325
25 325
25 325
25 325
25 325
25 325
25 325
25 325
25 325
25 325
25 325
25 325
25 325
25 325
25 325
25 325
25 325
25 325
25 325
25 325
25 325
25 325
25 325
25 325
25 325
25 325
25 325
25 325
25 325
25 325
25 325
25 325
25 325
25 325
25 325
25 325
25 325
25 325
25 325
25 325
25 325
25 325
25 325
25 325
25 325
25 325
25 325
25 325
25 325
25 325
25 325
25 325
25 325
25 325
25 325
25 325
25 325
25 325
25 325
25 325
25 325
Loaded 250 valid graphs.
Epoch 001, Loss: 3.7192
Epoch 002, Loss: 3.3212
Epoch 003, Loss: 2.8635
Epoch 004, Loss: 1.3225
Epoch 005, Loss: 0.7962
Epoch 006, Loss: 0.8405
Epoch 007, Loss: 0.7684
Epoch 008, Loss: 0.7794
Epoch 009, Loss: 0.7545
Epoch 010, Loss: 0.6995
Epoch 011, Loss: 0.6584
Epoch 012, Loss: 0.6992
Epoch 013, Loss: 0.6269
Epoch 014, Loss: 0.6661
Epoch 015, Loss: 0.6405
Epoch 016, Loss: 0.6457
Epoch 017, Loss: 0.6786
Epoch 018, Loss: 0.7149
Epoch 019, Loss: 0.6112
Epoch 020, Loss: 0.6228
Epoch 021, Loss: 0.6705
Epoch 022, Loss: 0.6168
Epoch 023, Loss: 0.6939
Epoch 024, Loss: 0.6632
Epoch 025, Loss: 0.6017
Epoch 026, Loss: 0.6001
Epoch 027, Loss: 0.6237
Epoch 028, Loss: 0.5573
Epoch 029, Loss: 0.6398
Epoch 030, Loss: 0.5798
Epoch 031, Loss: 0.5886
Epoch 032, Loss: 0.6462
Epoch 033, Loss: 0.5363
Epoch 034, Loss: 0.5821
Epoch 035, Loss: 0.5766
Epoch 036, Loss: 0.6119
Epoch 037, Loss: 0.6199
Epoch 038, Loss: 0.5761
Epoch 039, Loss: 0.6046
Epoch 040, Loss: 0.6128
Epoch 041, Loss: 0.5510
Epoch 042, Loss: 0.6101
Epoch 043, Loss: 0.5750
Epoch 044, Loss: 0.5633
Epoch 045, Loss: 0.5362
Epoch 046, Loss: 0.5917
Epoch 047, Loss: 0.5405
Epoch 048, Loss: 0.5669
Epoch 049, Loss: 0.5422
Epoch 050, Loss: 0.5308
Epoch 051, Loss: 0.5706
Epoch 052, Loss: 0.5473
Epoch 053, Loss: 0.5350
Epoch 054, Loss: 0.5595
Epoch 055, Loss: 0.6216
Epoch 056, Loss: 0.6129
Epoch 057, Loss: 0.5513
Epoch 058, Loss: 0.5408
Epoch 059, Loss: 0.5536
Epoch 060, Loss: 0.5179
Epoch 061, Loss: 0.5302
Epoch 062, Loss: 0.5117
Epoch 063, Loss: 0.5399
Epoch 064, Loss: 0.5304
Epoch 065, Loss: 0.5763
Epoch 066, Loss: 0.5248
Epoch 067, Loss: 0.4978
Epoch 068, Loss: 0.5779
Epoch 069, Loss: 0.4962
Epoch 070, Loss: 0.5536
Epoch 071, Loss: 0.5451
Epoch 072, Loss: 0.5306
Epoch 073, Loss: 0.5066
Epoch 074, Loss: 0.5112
Epoch 075, Loss: 0.5184
Epoch 076, Loss: 0.6393
Epoch 077, Loss: 0.5569
Epoch 078, Loss: 0.5713
Epoch 079, Loss: 0.5282
Epoch 080, Loss: 0.5240
Epoch 081, Loss: 0.5005
Epoch 082, Loss: 0.4958
Epoch 083, Loss: 0.5806
Epoch 084, Loss: 0.4917
Epoch 085, Loss: 0.5032
Epoch 086, Loss: 0.5103
Epoch 087, Loss: 0.5329
Epoch 088, Loss: 0.4815
Epoch 089, Loss: 0.5047
Epoch 090, Loss: 0.4726
Epoch 091, Loss: 0.4819
Epoch 092, Loss: 0.4998
Epoch 093, Loss: 0.4818
Epoch 094, Loss: 0.5098
Epoch 095, Loss: 0.4907
Epoch 096, Loss: 0.5004
Epoch 097, Loss: 0.4992
Epoch 098, Loss: 0.4918
Epoch 099, Loss: 0.4742
Epoch 100, Loss: 0.5448

Test RMSE: 0.7312
Test MAPE: 164460085903360.0000
Training time: 62.36 seconds
Model saved to Models/GCN_model_full.pkl

Metrics saved to Models/Graph_Neural_Training_metrics.csv

 **Final Training Results:**
node_size model_type  test_size     rmse         mape  training_time         model_file
       10   Q_values        0.2 0.585053 1.958143e-01      12.508646   GNN_model_10.pkl
       12   Q_values        0.2 0.628825 1.729573e-01      11.873282   GNN_model_12.pkl
       15   Q_values        0.2 0.919606 2.072759e-01      11.967315   GNN_model_15.pkl
       20   Q_values        0.2 0.853199 2.160863e-01      12.558581   GNN_model_20.pkl
       25   Q_values        0.2 1.261481 2.267362e-01      12.830391   GNN_model_25.pkl
     full   Q_values        0.2 0.731179 1.644601e+14      62.357733 GNN_model_full.pkl

 Training complete for all datasets!
  adding: Models/ (stored 0%)
  adding: Models/GCN_model_15.pkl (deflated 21%)
  adding: Models/Graph_Neural_Training_results.txt (deflated 60%)
  adding: Models/GCN_model_12.pkl (deflated 23%)
  adding: Models/GCN_model_25.pkl (deflated 21%)
  adding: Models/Graph_Neural_Training_metrics.csv (deflated 50%)
  adding: Models/GCN_model_20.pkl (deflated 21%)
  adding: Models/GCN_model_10.pkl (deflated 23%)
  adding: Models/GCN_model_full.pkl (deflated 20%)
