
 Training on dataset_10_nodes.csv...
Total rows in CSV: 50
10 55
10 55
10 55
10 55
10 55
10 55
10 55
10 55
10 55
10 55
10 55
10 55
10 55
10 55
10 55
10 55
10 55
10 55
10 55
10 55
10 55
10 55
10 55
10 55
10 55
10 55
10 55
10 55
10 55
10 55
10 55
10 55
10 55
10 55
10 55
10 55
10 55
10 55
10 55
10 55
10 55
10 55
10 55
10 55
10 55
10 55
10 55
10 55
10 55
10 55
Loaded 50 valid graphs.
Epoch 001, Loss: 2.5645
Epoch 002, Loss: 0.6587
Epoch 003, Loss: 0.5698
Epoch 004, Loss: 0.6006
Epoch 005, Loss: 0.6203
Epoch 006, Loss: 0.6008
Epoch 007, Loss: 0.6033
Epoch 008, Loss: 0.6077
Epoch 009, Loss: 0.5808
Epoch 010, Loss: 0.5858
Epoch 011, Loss: 0.5798
Epoch 012, Loss: 0.5602
Epoch 013, Loss: 0.5862
Epoch 014, Loss: 0.5620
Epoch 015, Loss: 0.5729
Epoch 016, Loss: 0.5877
Epoch 017, Loss: 0.5312
Epoch 018, Loss: 0.5519
Epoch 019, Loss: 0.6084
Epoch 020, Loss: 0.5492
Epoch 021, Loss: 0.5722
Epoch 022, Loss: 0.6750
Epoch 023, Loss: 0.5561
Epoch 024, Loss: 0.5322
Epoch 025, Loss: 0.5884
Epoch 026, Loss: 0.5606
Epoch 027, Loss: 0.5485
Epoch 028, Loss: 0.5317
Epoch 029, Loss: 0.5285
Epoch 030, Loss: 0.5334
Epoch 031, Loss: 0.5500
Epoch 032, Loss: 0.5257
Epoch 033, Loss: 0.5600
Epoch 034, Loss: 0.5088
Epoch 035, Loss: 0.5293
Epoch 036, Loss: 0.5613
Epoch 037, Loss: 0.5783
Epoch 038, Loss: 0.5563
Epoch 039, Loss: 0.5068
Epoch 040, Loss: 0.5427
Epoch 041, Loss: 0.5634
Epoch 042, Loss: 0.5201
Epoch 043, Loss: 0.5204
Epoch 044, Loss: 0.5160
Epoch 045, Loss: 0.4916
Epoch 046, Loss: 0.5034
Epoch 047, Loss: 0.5424
Epoch 048, Loss: 0.5010
Epoch 049, Loss: 0.5092
Epoch 050, Loss: 0.5097
Epoch 051, Loss: 0.5203
Epoch 052, Loss: 0.5131
Epoch 053, Loss: 0.4937
Epoch 054, Loss: 0.4999
Epoch 055, Loss: 0.4946
Epoch 056, Loss: 0.5075
Epoch 057, Loss: 0.4862
Epoch 058, Loss: 0.4733
Epoch 059, Loss: 0.4816
Epoch 060, Loss: 0.5445
Epoch 061, Loss: 0.5297
Epoch 062, Loss: 0.4865
Epoch 063, Loss: 0.4614
Epoch 064, Loss: 0.4745
Epoch 065, Loss: 0.4631
Epoch 066, Loss: 0.4766
Epoch 067, Loss: 0.4881
Epoch 068, Loss: 0.4916
Epoch 069, Loss: 0.4655
Epoch 070, Loss: 0.4563
Epoch 071, Loss: 0.4561
Epoch 072, Loss: 0.4706
Epoch 073, Loss: 0.4584
Epoch 074, Loss: 0.4447
Epoch 075, Loss: 0.4284
Epoch 076, Loss: 0.4685
Epoch 077, Loss: 0.4292
Epoch 078, Loss: 0.4180
Epoch 079, Loss: 0.4456
Epoch 080, Loss: 0.4507
Epoch 081, Loss: 0.4300
Epoch 082, Loss: 0.4283
Epoch 083, Loss: 0.4401
Epoch 084, Loss: 0.4344
Epoch 085, Loss: 0.4365
Epoch 086, Loss: 0.4380
Epoch 087, Loss: 0.4311
Epoch 088, Loss: 0.4339
Epoch 089, Loss: 0.4068
Epoch 090, Loss: 0.4037
Epoch 091, Loss: 0.4147
Epoch 092, Loss: 0.4249
Epoch 093, Loss: 0.3847
Epoch 094, Loss: 0.3982
Epoch 095, Loss: 0.4076
Epoch 096, Loss: 0.4089
Epoch 097, Loss: 0.4221
Epoch 098, Loss: 0.3985
Epoch 099, Loss: 0.3980
Epoch 100, Loss: 0.3964

Test RMSE: 0.6146
Test MAPE: 0.2110
Training time: 11.28 seconds
Model saved to Models/GCN_model_10.pkl

 Training on dataset_12_nodes.csv...
Total rows in CSV: 50
12 78
12 78
12 78
12 78
12 78
12 78
12 78
12 78
12 78
12 78
12 78
12 78
12 78
12 78
12 78
12 78
12 78
12 78
12 78
12 78
12 78
12 78
12 78
12 78
12 78
12 78
12 78
12 78
12 78
12 78
12 78
12 78
12 78
12 78
12 78
12 78
12 78
12 78
12 78
12 78
12 78
12 78
12 78
12 78
12 78
12 78
12 78
12 78
12 78
12 78
Loaded 50 valid graphs.
Epoch 001, Loss: 3.9987
Epoch 002, Loss: 1.0123
Epoch 003, Loss: 0.9222
Epoch 004, Loss: 0.8752
Epoch 005, Loss: 0.8762
Epoch 006, Loss: 0.9247
Epoch 007, Loss: 0.8935
Epoch 008, Loss: 0.8767
Epoch 009, Loss: 0.8901
Epoch 010, Loss: 0.9124
Epoch 011, Loss: 0.8533
Epoch 012, Loss: 0.8461
Epoch 013, Loss: 0.8654
Epoch 014, Loss: 0.8526
Epoch 015, Loss: 0.8289
Epoch 016, Loss: 0.8598
Epoch 017, Loss: 0.8902
Epoch 018, Loss: 0.8133
Epoch 019, Loss: 0.8409
Epoch 020, Loss: 0.9240
Epoch 021, Loss: 0.9737
Epoch 022, Loss: 0.8192
Epoch 023, Loss: 0.8569
Epoch 024, Loss: 0.8388
Epoch 025, Loss: 0.8917
Epoch 026, Loss: 0.8215
Epoch 027, Loss: 0.8287
Epoch 028, Loss: 0.8362
Epoch 029, Loss: 0.8665
Epoch 030, Loss: 0.8467
Epoch 031, Loss: 0.8851
Epoch 032, Loss: 0.8526
Epoch 033, Loss: 0.9331
Epoch 034, Loss: 0.8324
Epoch 035, Loss: 0.8594
Epoch 036, Loss: 0.7970
Epoch 037, Loss: 0.7878
Epoch 038, Loss: 0.8032
Epoch 039, Loss: 0.8076
Epoch 040, Loss: 0.7899
Epoch 041, Loss: 0.8081
Epoch 042, Loss: 0.8818
Epoch 043, Loss: 0.7834
Epoch 044, Loss: 0.8002
Epoch 045, Loss: 0.8176
Epoch 046, Loss: 0.8173
Epoch 047, Loss: 0.7610
Epoch 048, Loss: 0.7755
Epoch 049, Loss: 0.7826
Epoch 050, Loss: 0.7312
Epoch 051, Loss: 0.7276
Epoch 052, Loss: 0.7672
Epoch 053, Loss: 0.8008
Epoch 054, Loss: 0.7377
Epoch 055, Loss: 0.7205
Epoch 056, Loss: 0.7460
Epoch 057, Loss: 0.7405
Epoch 058, Loss: 0.6984
Epoch 059, Loss: 0.6771
Epoch 060, Loss: 0.7230
Epoch 061, Loss: 0.7001
Epoch 062, Loss: 0.7026
Epoch 063, Loss: 0.7119
Epoch 064, Loss: 0.6810
Epoch 065, Loss: 0.6313
Epoch 066, Loss: 0.6759
Epoch 067, Loss: 0.6699
Epoch 068, Loss: 0.6649
Epoch 069, Loss: 0.7009
Epoch 070, Loss: 0.7104
Epoch 071, Loss: 0.6324
Epoch 072, Loss: 0.5952
Epoch 073, Loss: 0.6205
Epoch 074, Loss: 0.6380
Epoch 075, Loss: 0.7055
Epoch 076, Loss: 0.6125
Epoch 077, Loss: 0.5937
Epoch 078, Loss: 0.5911
Epoch 079, Loss: 0.6221
Epoch 080, Loss: 0.6168
Epoch 081, Loss: 0.5987
Epoch 082, Loss: 0.5765
Epoch 083, Loss: 0.5933
Epoch 084, Loss: 0.6113
Epoch 085, Loss: 0.6527
Epoch 086, Loss: 0.5847
Epoch 087, Loss: 0.5850
Epoch 088, Loss: 0.6104
Epoch 089, Loss: 0.5503
Epoch 090, Loss: 0.5960
Epoch 091, Loss: 0.5822
Epoch 092, Loss: 0.5998
Epoch 093, Loss: 0.5687
Epoch 094, Loss: 0.5812
Epoch 095, Loss: 0.5683
Epoch 096, Loss: 0.5599
Epoch 097, Loss: 0.5826
Epoch 098, Loss: 0.5722
Epoch 099, Loss: 0.5519
Epoch 100, Loss: 0.5782

Test RMSE: 0.6705
Test MAPE: 0.1841
Training time: 11.09 seconds
Model saved to Models/GCN_model_12.pkl

 Training on dataset_15_nodes.csv...
Total rows in CSV: 50
15 120
15 120
15 120
15 120
15 120
15 120
15 120
15 120
15 120
15 120
15 120
15 120
15 120
15 120
15 120
15 120
15 120
15 120
15 120
15 120
15 120
15 120
15 120
15 120
15 120
15 120
15 120
15 120
15 120
15 120
15 120
15 120
15 120
15 120
15 120
15 120
15 120
15 120
15 120
15 120
15 120
15 120
15 120
15 120
15 120
15 120
15 120
15 120
15 120
15 120
Loaded 50 valid graphs.
Epoch 001, Loss: 4.4759
Epoch 002, Loss: 0.9728
Epoch 003, Loss: 0.9748
Epoch 004, Loss: 0.9873
Epoch 005, Loss: 1.0298
Epoch 006, Loss: 0.9421
Epoch 007, Loss: 0.9149
Epoch 008, Loss: 0.9810
Epoch 009, Loss: 0.9805
Epoch 010, Loss: 0.9474
Epoch 011, Loss: 0.9328
Epoch 012, Loss: 1.0312
Epoch 013, Loss: 0.9006
Epoch 014, Loss: 0.9328
Epoch 015, Loss: 0.9503
Epoch 016, Loss: 0.9715
Epoch 017, Loss: 0.8904
Epoch 018, Loss: 0.9740
Epoch 019, Loss: 1.0111
Epoch 020, Loss: 0.9499
Epoch 021, Loss: 0.9109
Epoch 022, Loss: 0.9697
Epoch 023, Loss: 0.9756
Epoch 024, Loss: 1.0188
Epoch 025, Loss: 0.8711
Epoch 026, Loss: 0.8995
Epoch 027, Loss: 0.8783
Epoch 028, Loss: 0.8662
Epoch 029, Loss: 0.8535
Epoch 030, Loss: 0.9611
Epoch 031, Loss: 0.9350
Epoch 032, Loss: 0.8976
Epoch 033, Loss: 0.8723
Epoch 034, Loss: 0.8798
Epoch 035, Loss: 0.8621
Epoch 036, Loss: 0.9195
Epoch 037, Loss: 0.9401
Epoch 038, Loss: 0.8559
Epoch 039, Loss: 0.7942
Epoch 040, Loss: 0.9070
Epoch 041, Loss: 0.7902
Epoch 042, Loss: 0.9120
Epoch 043, Loss: 0.7929
Epoch 044, Loss: 0.8585
Epoch 045, Loss: 0.7639
Epoch 046, Loss: 0.7808
Epoch 047, Loss: 0.8144
Epoch 048, Loss: 0.8610
Epoch 049, Loss: 0.8750
Epoch 050, Loss: 0.7550
Epoch 051, Loss: 0.7479
Epoch 052, Loss: 0.7584
Epoch 053, Loss: 0.8749
Epoch 054, Loss: 0.7445
Epoch 055, Loss: 0.7505
Epoch 056, Loss: 0.6978
Epoch 057, Loss: 0.7187
Epoch 058, Loss: 0.7068
Epoch 059, Loss: 0.8084
Epoch 060, Loss: 0.6853
Epoch 061, Loss: 0.8080
Epoch 062, Loss: 0.8175
Epoch 063, Loss: 0.6700
Epoch 064, Loss: 0.7286
Epoch 065, Loss: 0.6677
Epoch 066, Loss: 0.6539
Epoch 067, Loss: 0.6757
Epoch 068, Loss: 0.6379
Epoch 069, Loss: 0.6521
Epoch 070, Loss: 0.6634
Epoch 071, Loss: 0.6484
Epoch 072, Loss: 0.6543
Epoch 073, Loss: 0.6064
Epoch 074, Loss: 0.6399
Epoch 075, Loss: 0.5775
Epoch 076, Loss: 0.6132
Epoch 077, Loss: 0.6411
Epoch 078, Loss: 0.6490
Epoch 079, Loss: 0.6439
Epoch 080, Loss: 0.5716
Epoch 081, Loss: 0.6005
Epoch 082, Loss: 0.5670
Epoch 083, Loss: 0.6625
Epoch 084, Loss: 0.5431
Epoch 085, Loss: 0.6337
Epoch 086, Loss: 0.5906
Epoch 087, Loss: 0.6058
Epoch 088, Loss: 0.5711
Epoch 089, Loss: 0.5657
Epoch 090, Loss: 0.5850
Epoch 091, Loss: 0.5582
Epoch 092, Loss: 0.5723
Epoch 093, Loss: 0.5705
Epoch 094, Loss: 0.5889
Epoch 095, Loss: 0.5829
Epoch 096, Loss: 0.5803
Epoch 097, Loss: 0.5437
Epoch 098, Loss: 0.5530
Epoch 099, Loss: 0.5075
Epoch 100, Loss: 0.5525

Test RMSE: 0.8438
Test MAPE: 0.2227
Training time: 11.22 seconds
Model saved to Models/GCN_model_15.pkl

 Training on dataset_20_nodes.csv...
Total rows in CSV: 50
20 210
20 210
20 210
20 210
20 210
20 210
20 210
20 210
20 210
20 210
20 210
20 210
20 210
20 210
20 210
20 210
20 210
20 210
20 210
20 210
20 210
20 210
20 210
20 210
20 210
20 210
20 210
20 210
20 210
20 210
20 210
20 210
20 210
20 210
20 210
20 210
20 210
20 210
20 210
20 210
20 210
20 210
20 210
20 210
20 210
20 210
20 210
20 210
20 210
20 210
Loaded 50 valid graphs.
Epoch 001, Loss: 7.2577
Epoch 002, Loss: 1.3185
Epoch 003, Loss: 1.2868
Epoch 004, Loss: 1.2226
Epoch 005, Loss: 1.4104
Epoch 006, Loss: 1.2334
Epoch 007, Loss: 1.3429
Epoch 008, Loss: 1.3268
Epoch 009, Loss: 1.4410
Epoch 010, Loss: 1.2196
Epoch 011, Loss: 1.2355
Epoch 012, Loss: 1.2239
Epoch 013, Loss: 1.0887
Epoch 014, Loss: 1.2796
Epoch 015, Loss: 1.4246
Epoch 016, Loss: 1.3290
Epoch 017, Loss: 1.2073
Epoch 018, Loss: 1.1966
Epoch 019, Loss: 1.2960
Epoch 020, Loss: 1.2019
Epoch 021, Loss: 1.1695
Epoch 022, Loss: 1.2618
Epoch 023, Loss: 1.3111
Epoch 024, Loss: 1.1960
Epoch 025, Loss: 1.2664
Epoch 026, Loss: 1.3095
Epoch 027, Loss: 1.2371
Epoch 028, Loss: 1.1855
Epoch 029, Loss: 1.2211
Epoch 030, Loss: 1.1624
Epoch 031, Loss: 1.1341
Epoch 032, Loss: 1.2850
Epoch 033, Loss: 1.2187
Epoch 034, Loss: 1.1883
Epoch 035, Loss: 1.3586
Epoch 036, Loss: 1.3663
Epoch 037, Loss: 1.1178
Epoch 038, Loss: 1.2066
Epoch 039, Loss: 1.2117
Epoch 040, Loss: 1.1376
Epoch 041, Loss: 1.3818
Epoch 042, Loss: 1.2115
Epoch 043, Loss: 1.1554
Epoch 044, Loss: 1.1864
Epoch 045, Loss: 1.2644
Epoch 046, Loss: 1.1945
Epoch 047, Loss: 1.2900
Epoch 048, Loss: 1.1334
Epoch 049, Loss: 1.1014
Epoch 050, Loss: 1.1435
Epoch 051, Loss: 1.2327
Epoch 052, Loss: 1.1430
Epoch 053, Loss: 1.2589
Epoch 054, Loss: 1.1271
Epoch 055, Loss: 1.2520
Epoch 056, Loss: 1.2217
Epoch 057, Loss: 1.2376
Epoch 058, Loss: 1.2298
Epoch 059, Loss: 1.1109
Epoch 060, Loss: 1.1230
Epoch 061, Loss: 1.0588
Epoch 062, Loss: 1.0887
Epoch 063, Loss: 1.1471
Epoch 064, Loss: 1.0744
Epoch 065, Loss: 1.0586
Epoch 066, Loss: 1.0868
Epoch 067, Loss: 1.2338
Epoch 068, Loss: 0.9913
Epoch 069, Loss: 0.9315
Epoch 070, Loss: 0.8981
Epoch 071, Loss: 0.9853
Epoch 072, Loss: 0.9815
Epoch 073, Loss: 0.8526
Epoch 074, Loss: 0.8532
Epoch 075, Loss: 0.8736
Epoch 076, Loss: 0.8445
Epoch 077, Loss: 0.8466
Epoch 078, Loss: 0.8990
Epoch 079, Loss: 0.8174
Epoch 080, Loss: 0.7450
Epoch 081, Loss: 0.7503
Epoch 082, Loss: 0.7471
Epoch 083, Loss: 0.7299
Epoch 084, Loss: 0.7707
Epoch 085, Loss: 0.7321
Epoch 086, Loss: 0.7500
Epoch 087, Loss: 0.7098
Epoch 088, Loss: 0.7448
Epoch 089, Loss: 0.6084
Epoch 090, Loss: 0.6950
Epoch 091, Loss: 0.7327
Epoch 092, Loss: 0.6666
Epoch 093, Loss: 0.6774
Epoch 094, Loss: 0.6160
Epoch 095, Loss: 0.6571
Epoch 096, Loss: 0.6274
Epoch 097, Loss: 0.5904
Epoch 098, Loss: 0.7841
Epoch 099, Loss: 0.6096
Epoch 100, Loss: 0.5884

Test RMSE: 0.8569
Test MAPE: 0.2547
Training time: 11.82 seconds
Model saved to Models/GCN_model_20.pkl

 Training on dataset_25_nodes.csv...
Total rows in CSV: 50
25 325
25 325
25 325
25 325
25 325
25 325
25 325
25 325
25 325
25 325
25 325
25 325
25 325
25 325
25 325
25 325
25 325
25 325
25 325
25 325
25 325
25 325
25 325
25 325
25 325
25 325
25 325
25 325
25 325
25 325
25 325
25 325
25 325
25 325
25 325
25 325
25 325
25 325
25 325
25 325
25 325
25 325
25 325
25 325
25 325
25 325
25 325
25 325
25 325
25 325
Loaded 50 valid graphs.
Epoch 001, Loss: 11.9035
Epoch 002, Loss: 2.0067
Epoch 003, Loss: 1.6648
Epoch 004, Loss: 2.0117
Epoch 005, Loss: 1.7649
Epoch 006, Loss: 1.8043
Epoch 007, Loss: 1.6830
Epoch 008, Loss: 1.6055
Epoch 009, Loss: 1.5644
Epoch 010, Loss: 1.7215
Epoch 011, Loss: 1.6357
Epoch 012, Loss: 1.4958
Epoch 013, Loss: 1.6474
Epoch 014, Loss: 1.6599
Epoch 015, Loss: 1.6040
Epoch 016, Loss: 1.6094
Epoch 017, Loss: 1.6942
Epoch 018, Loss: 1.6242
Epoch 019, Loss: 1.6652
Epoch 020, Loss: 1.7689
Epoch 021, Loss: 1.6329
Epoch 022, Loss: 1.5968
Epoch 023, Loss: 1.6441
Epoch 024, Loss: 1.8379
Epoch 025, Loss: 1.5397
Epoch 026, Loss: 1.4639
Epoch 027, Loss: 1.5568
Epoch 028, Loss: 1.5419
Epoch 029, Loss: 1.5131
Epoch 030, Loss: 1.4899
Epoch 031, Loss: 1.4710
Epoch 032, Loss: 1.6039
Epoch 033, Loss: 1.5199
Epoch 034, Loss: 1.4911
Epoch 035, Loss: 1.6724
Epoch 036, Loss: 1.5037
Epoch 037, Loss: 1.5146
Epoch 038, Loss: 1.5679
Epoch 039, Loss: 1.5467
Epoch 040, Loss: 1.4809
Epoch 041, Loss: 1.5122
Epoch 042, Loss: 1.5564
Epoch 043, Loss: 1.5759
Epoch 044, Loss: 1.6296
Epoch 045, Loss: 1.6945
Epoch 046, Loss: 1.6022
Epoch 047, Loss: 1.4917
Epoch 048, Loss: 1.5965
Epoch 049, Loss: 1.4860
Epoch 050, Loss: 1.5217
Epoch 051, Loss: 1.5373
Epoch 052, Loss: 1.5026
Epoch 053, Loss: 1.4557
Epoch 054, Loss: 1.5282
Epoch 055, Loss: 1.6092
Epoch 056, Loss: 1.5952
Epoch 057, Loss: 1.6433
Epoch 058, Loss: 1.7038
Epoch 059, Loss: 1.6356
Epoch 060, Loss: 1.6876
Epoch 061, Loss: 1.5076
Epoch 062, Loss: 1.5054
Epoch 063, Loss: 1.4545
Epoch 064, Loss: 1.4286
Epoch 065, Loss: 1.4002
Epoch 066, Loss: 1.4546
Epoch 067, Loss: 1.5895
Epoch 068, Loss: 1.5077
Epoch 069, Loss: 1.4797
Epoch 070, Loss: 1.5660
Epoch 071, Loss: 1.5669
Epoch 072, Loss: 1.3363
Epoch 073, Loss: 1.4526
Epoch 074, Loss: 1.4114
Epoch 075, Loss: 1.5158
Epoch 076, Loss: 1.5108
Epoch 077, Loss: 1.4409
Epoch 078, Loss: 1.5193
Epoch 079, Loss: 1.4086
Epoch 080, Loss: 1.3878
Epoch 081, Loss: 1.3803
Epoch 082, Loss: 1.4625
Epoch 083, Loss: 1.3944
Epoch 084, Loss: 1.4721
Epoch 085, Loss: 1.4181
Epoch 086, Loss: 1.4961
Epoch 087, Loss: 1.3869
Epoch 088, Loss: 1.3815
Epoch 089, Loss: 1.3821
Epoch 090, Loss: 1.5649
Epoch 091, Loss: 1.3388
Epoch 092, Loss: 1.4862
Epoch 093, Loss: 1.5002
Epoch 094, Loss: 1.5177
Epoch 095, Loss: 1.5299
Epoch 096, Loss: 1.6001
Epoch 097, Loss: 1.4504
Epoch 098, Loss: 1.4424
Epoch 099, Loss: 1.5366
Epoch 100, Loss: 1.5638

Test RMSE: 1.7307
Test MAPE: 0.2831
Training time: 12.50 seconds
Model saved to Models/GCN_model_25.pkl

 Training on dataset_full.csv...
Total rows in CSV: 250
25 325
25 325
25 325
25 325
25 325
25 325
25 325
25 325
25 325
25 325
25 325
25 325
25 325
25 325
25 325
25 325
25 325
25 325
25 325
25 325
25 325
25 325
25 325
25 325
25 325
25 325
25 325
25 325
25 325
25 325
25 325
25 325
25 325
25 325
25 325
25 325
25 325
25 325
25 325
25 325
25 325
25 325
25 325
25 325
25 325
25 325
25 325
25 325
25 325
25 325
25 325
25 325
25 325
25 325
25 325
25 325
25 325
25 325
25 325
25 325
25 325
25 325
25 325
25 325
25 325
25 325
25 325
25 325
25 325
25 325
25 325
25 325
25 325
25 325
25 325
25 325
25 325
25 325
25 325
25 325
25 325
25 325
25 325
25 325
25 325
25 325
25 325
25 325
25 325
25 325
25 325
25 325
25 325
25 325
25 325
25 325
25 325
25 325
25 325
25 325
25 325
25 325
25 325
25 325
25 325
25 325
25 325
25 325
25 325
25 325
25 325
25 325
25 325
25 325
25 325
25 325
25 325
25 325
25 325
25 325
25 325
25 325
25 325
25 325
25 325
25 325
25 325
25 325
25 325
25 325
25 325
25 325
25 325
25 325
25 325
25 325
25 325
25 325
25 325
25 325
25 325
25 325
25 325
25 325
25 325
25 325
25 325
25 325
25 325
25 325
25 325
25 325
25 325
25 325
25 325
25 325
25 325
25 325
25 325
25 325
25 325
25 325
25 325
25 325
25 325
25 325
25 325
25 325
25 325
25 325
25 325
25 325
25 325
25 325
25 325
25 325
25 325
25 325
25 325
25 325
25 325
25 325
25 325
25 325
25 325
25 325
25 325
25 325
25 325
25 325
25 325
25 325
25 325
25 325
25 325
25 325
25 325
25 325
25 325
25 325
25 325
25 325
25 325
25 325
25 325
25 325
25 325
25 325
25 325
25 325
25 325
25 325
25 325
25 325
25 325
25 325
25 325
25 325
25 325
25 325
25 325
25 325
25 325
25 325
25 325
25 325
25 325
25 325
25 325
25 325
25 325
25 325
25 325
25 325
25 325
25 325
25 325
25 325
25 325
25 325
25 325
25 325
25 325
25 325
25 325
25 325
25 325
25 325
25 325
25 325
Loaded 250 valid graphs.
Epoch 001, Loss: 3.7571
Epoch 002, Loss: 3.3211
Epoch 003, Loss: 3.1520
Epoch 004, Loss: 2.5964
Epoch 005, Loss: 1.3868
Epoch 006, Loss: 1.0726
Epoch 007, Loss: 0.7902
Epoch 008, Loss: 0.8073
Epoch 009, Loss: 0.7088
Epoch 010, Loss: 0.8719
Epoch 011, Loss: 0.6209
Epoch 012, Loss: 0.7499
Epoch 013, Loss: 0.6676
Epoch 014, Loss: 0.6131
Epoch 015, Loss: 0.6435
Epoch 016, Loss: 0.7098
Epoch 017, Loss: 0.6274
Epoch 018, Loss: 0.6228
Epoch 019, Loss: 0.6042
Epoch 020, Loss: 0.6253
Epoch 021, Loss: 0.5308
Epoch 022, Loss: 0.6265
Epoch 023, Loss: 0.6385
Epoch 024, Loss: 0.6410
Epoch 025, Loss: 0.5813
Epoch 026, Loss: 0.5763
Epoch 027, Loss: 0.6605
Epoch 028, Loss: 0.6199
Epoch 029, Loss: 0.5687
Epoch 030, Loss: 0.5593
Epoch 031, Loss: 0.5627
Epoch 032, Loss: 0.5693
Epoch 033, Loss: 0.6725
Epoch 034, Loss: 0.5234
Epoch 035, Loss: 0.5951
Epoch 036, Loss: 0.5033
Epoch 037, Loss: 0.5716
Epoch 038, Loss: 0.5918
Epoch 039, Loss: 0.5102
Epoch 040, Loss: 0.5797
Epoch 041, Loss: 0.5678
Epoch 042, Loss: 0.5590
Epoch 043, Loss: 0.5494
Epoch 044, Loss: 0.5448
Epoch 045, Loss: 0.5325
Epoch 046, Loss: 0.5705
Epoch 047, Loss: 0.5119
Epoch 048, Loss: 0.5465
Epoch 049, Loss: 0.5536
Epoch 050, Loss: 0.5515
Epoch 051, Loss: 0.4718
Epoch 052, Loss: 0.5923
Epoch 053, Loss: 0.5746
Epoch 054, Loss: 0.4905
Epoch 055, Loss: 0.4704
Epoch 056, Loss: 0.5066
Epoch 057, Loss: 0.4713
Epoch 058, Loss: 0.4983
Epoch 059, Loss: 0.5672
Epoch 060, Loss: 0.4821
Epoch 061, Loss: 0.5583
Epoch 062, Loss: 0.5440
Epoch 063, Loss: 0.4944
Epoch 064, Loss: 0.4865
Epoch 065, Loss: 0.5477
Epoch 066, Loss: 0.5054
Epoch 067, Loss: 0.4885
Epoch 068, Loss: 0.5273
Epoch 069, Loss: 0.4595
Epoch 070, Loss: 0.5166
Epoch 071, Loss: 0.5400
Epoch 072, Loss: 0.5282
Epoch 073, Loss: 0.4730
Epoch 074, Loss: 0.4874
Epoch 075, Loss: 0.4653
Epoch 076, Loss: 0.4728
Epoch 077, Loss: 0.5790
Epoch 078, Loss: 0.4806
Epoch 079, Loss: 0.4489
Epoch 080, Loss: 0.4915
Epoch 081, Loss: 0.4629
Epoch 082, Loss: 0.5031
Epoch 083, Loss: 0.5739
Epoch 084, Loss: 0.4413
Epoch 085, Loss: 0.4514
Epoch 086, Loss: 0.4411
Epoch 087, Loss: 0.4817
Epoch 088, Loss: 0.4901
Epoch 089, Loss: 0.4434
Epoch 090, Loss: 0.4884
Epoch 091, Loss: 0.4425
Epoch 092, Loss: 0.5435
Epoch 093, Loss: 0.4376
Epoch 094, Loss: 0.5046
Epoch 095, Loss: 0.4112
Epoch 096, Loss: 0.4218
Epoch 097, Loss: 0.4799
Epoch 098, Loss: 0.4436
Epoch 099, Loss: 0.5627
Epoch 100, Loss: 0.4499

Test RMSE: 0.8216
Test MAPE: 112364976340992.0000
Training time: 57.35 seconds
Model saved to Models/GCN_model_full.pkl

Metrics saved to Models/Graph_Neural_Training_metrics.csv

 **Final Training Results:**
node_size model_type  test_size     rmse         mape  training_time         model_file
       10   Q_values        0.2 0.614569 2.110479e-01      11.281091   GNN_model_10.pkl
       12   Q_values        0.2 0.670500 1.840561e-01      11.094978   GNN_model_12.pkl
       15   Q_values        0.2 0.843763 2.226668e-01      11.219517   GNN_model_15.pkl
       20   Q_values        0.2 0.856869 2.546710e-01      11.820406   GNN_model_20.pkl
       25   Q_values        0.2 1.730717 2.831395e-01      12.503451   GNN_model_25.pkl
     full   Q_values        0.2 0.821636 1.123650e+14      57.353245 GNN_model_full.pkl

 Training complete for all datasets!
  adding: Models/ (stored 0%)
  adding: Models/GCN_model_12.pkl (deflated 23%)
  adding: Models/Graph_Neural_Training_results.txt (deflated 61%)
  adding: Models/Graph_Neural_Training_metrics.csv (deflated 50%)
  adding: Models/GCN_model_15.pkl (deflated 21%)
  adding: Models/GCN_model_full.pkl (deflated 22%)
  adding: Models/GCN_model_25.pkl (deflated 21%)
  adding: Models/GCN_model_20.pkl (deflated 21%)
  adding: Models/GCN_model_10.pkl (deflated 22%)
