

Classical 10 nodes - Time: 1.7728s, Cut: 14.368463370598116/15.79883205227509
Graph Size:10
Execution N°:28
Model:xgboost
xgboost 10 nodes - Time: 0.0939s, Cut: 12.688260802389369/15.79883205227509
Graph Size:10
Execution N°:28
Model:MLP
MLP 10 nodes - Time: 0.0202s, Cut: 11.90410771040227/15.79883205227509
Classical 12 nodes - Time: 2.2951s, Cut: 12.304434997092452/17.72190033374723
Graph Size:12
Execution N°:28
Model:xgboost
xgboost 12 nodes - Time: 0.0501s, Cut: 13.05893673761393/17.72190033374723
Graph Size:12
Execution N°:28
Model:MLP
MLP 12 nodes - Time: 0.0202s, Cut: 12.946337393474627/17.72190033374723
Classical 15 nodes - Time: 3.7309s, Cut: 18.245008065237286/28.889377697288136
Graph Size:15
Execution N°:28
Model:xgboost
xgboost 15 nodes - Time: 0.0901s, Cut: 24.043699222250474/28.889377697288136
Graph Size:15
Execution N°:28
Model:MLP
MLP 15 nodes - Time: 0.0849s, Cut: 21.415942368514855/28.889377697288136
Classical 20 nodes - Time: 16.4153s, Cut: 33.15735195158872/38.01567137857725
Graph Size:20
Execution N°:28
Model:xgboost
xgboost 20 nodes - Time: 0.4540s, Cut: 33.214163262324796/38.01567137857725
Graph Size:20
Execution N°:28
Model:MLP
MLP 20 nodes - Time: 0.5337s, Cut: 37.74793460924397/38.01567137857725
Classical 25 nodes - Time: 543.8241s, Cut: 50.107810827492436/57.56820893076297
Graph Size:25
Execution N°:28
Model:xgboost
xgboost 25 nodes - Time: 18.3330s, Cut: 46.514701172454224/57.56820893076297
Graph Size:25
Execution N°:28
Model:MLP
MLP 25 nodes - Time: 17.8160s, Cut: 45.345492572341435/57.56820893076297

======================================================================
COMPREHENSIVE COMPARISON SUMMARY
======================================================================

======================================================================
Node Size: 10 | Optimal Cut: 15.79883205227509
======================================================================

Classical QAOA:
  Time: 1.7728s
  Cut: 14.368463370598116/15.79883205227509 (90.95%)

xgboost Model:
  Time: 0.0939s (speedup: 18.9x)
  Cut: 12.688260802389369/15.79883205227509 (80.31%)
  Quality vs Classical: -10.63%

MLP Model:
  Time: 0.0202s (speedup: 88.0x)
  Cut: 11.90410771040227/15.79883205227509 (75.35%)
  Quality vs Classical: -15.60%

======================================================================
Node Size: 12 | Optimal Cut: 17.72190033374723
======================================================================

Classical QAOA:
  Time: 2.2951s
  Cut: 12.304434997092452/17.72190033374723 (69.43%)

xgboost Model:
  Time: 0.0501s (speedup: 45.8x)
  Cut: 13.05893673761393/17.72190033374723 (73.69%)
  Quality vs Classical: +4.26%

MLP Model:
  Time: 0.0202s (speedup: 113.6x)
  Cut: 12.946337393474627/17.72190033374723 (73.05%)
  Quality vs Classical: +3.62%

======================================================================
Node Size: 15 | Optimal Cut: 28.889377697288136
======================================================================

Classical QAOA:
  Time: 3.7309s
  Cut: 18.245008065237286/28.889377697288136 (63.15%)

xgboost Model:
  Time: 0.0901s (speedup: 41.4x)
  Cut: 24.043699222250474/28.889377697288136 (83.23%)
  Quality vs Classical: +20.07%

MLP Model:
  Time: 0.0849s (speedup: 44.0x)
  Cut: 21.415942368514855/28.889377697288136 (74.13%)
  Quality vs Classical: +10.98%

======================================================================
Node Size: 20 | Optimal Cut: 38.01567137857725
======================================================================

Classical QAOA:
  Time: 16.4153s
  Cut: 33.15735195158872/38.01567137857725 (87.22%)

xgboost Model:
  Time: 0.4540s (speedup: 36.2x)
  Cut: 33.214163262324796/38.01567137857725 (87.37%)
  Quality vs Classical: +0.15%

MLP Model:
  Time: 0.5337s (speedup: 30.8x)
  Cut: 37.74793460924397/38.01567137857725 (99.30%)
  Quality vs Classical: +12.08%

======================================================================
Node Size: 25 | Optimal Cut: 57.56820893076297
======================================================================

Classical QAOA:
  Time: 543.8241s
  Cut: 50.107810827492436/57.56820893076297 (87.04%)

xgboost Model:
  Time: 18.3330s (speedup: 29.7x)
  Cut: 46.514701172454224/57.56820893076297 (80.80%)
  Quality vs Classical: -6.24%

MLP Model:
  Time: 17.8160s (speedup: 30.5x)
  Cut: 45.345492572341435/57.56820893076297 (78.77%)
  Quality vs Classical: -8.27%

======================================================================
OVERALL AVERAGES
======================================================================

Classical QAOA:
  Avg Time: 113.6076s
  Avg Approximation Ratio: 79.56%

xgboost Model:
  Avg Time: 3.8042s (avg speedup: 29.9x)
  Avg Approximation Ratio: 81.08%
  Quality Difference: +1.52%

MLP Model:
  Avg Time: 3.6950s (avg speedup: 30.7x)
  Avg Approximation Ratio: 80.12%
  Quality Difference: +0.56%
  adding: Models/qaoa_vs_ml/V1/execution_28/comparison_comprehensive.png (deflated 14%)
  adding: Models/qaoa_vs_ml/V1/execution_28/detailed_timing_analysis.png (deflated 18%)
  adding: Models/qaoa_vs_ml/V1/execution_28/MLP_model_10_Circuit.pkl (deflated 5%)
  adding: Models/qaoa_vs_ml/V1/execution_28/MLP_model_10.pkl (deflated 5%)
  adding: Models/qaoa_vs_ml/V1/execution_28/MLP_model_12_Circuit.pkl (deflated 5%)
  adding: Models/qaoa_vs_ml/V1/execution_28/MLP_model_12.pkl (deflated 5%)
  adding: Models/qaoa_vs_ml/V1/execution_28/MLP_model_15_Circuit.pkl (deflated 5%)
  adding: Models/qaoa_vs_ml/V1/execution_28/MLP_model_15.pkl (deflated 5%)
  adding: Models/qaoa_vs_ml/V1/execution_28/MLP_model_20_Circuit.pkl (deflated 5%)
  adding: Models/qaoa_vs_ml/V1/execution_28/MLP_model_20.pkl (deflated 4%)
  adding: Models/qaoa_vs_ml/V1/execution_28/MLP_model_25_Circuit.pkl (deflated 5%)
  adding: Models/qaoa_vs_ml/V1/execution_28/MLP_model_25.pkl (deflated 4%)
  adding: Models/qaoa_vs_ml/V1/execution_28/MLP_model_full_Circuit.pkl (deflated 5%)
  adding: Models/qaoa_vs_ml/V1/execution_28/MLP_model_full.pkl (deflated 4%)
  adding: Models/qaoa_vs_ml/V1/execution_28/vanila_vs_ml.csv (deflated 51%)
  adding: Models/qaoa_vs_ml/V1/execution_28/xgboost_model_10_Circuit.pkl (deflated 83%)
  adding: Models/qaoa_vs_ml/V1/execution_28/xgboost_model_10.pkl (deflated 86%)
  adding: Models/qaoa_vs_ml/V1/execution_28/xgboost_model_12_Circuit.pkl (deflated 83%)
  adding: Models/qaoa_vs_ml/V1/execution_28/xgboost_model_12.pkl (deflated 86%)
  adding: Models/qaoa_vs_ml/V1/execution_28/xgboost_model_15_Circuit.pkl (deflated 83%)
  adding: Models/qaoa_vs_ml/V1/execution_28/xgboost_model_15.pkl (deflated 87%)
  adding: Models/qaoa_vs_ml/V1/execution_28/xgboost_model_20_Circuit.pkl (deflated 83%)
  adding: Models/qaoa_vs_ml/V1/execution_28/xgboost_model_20.pkl (deflated 87%)
  adding: Models/qaoa_vs_ml/V1/execution_28/xgboost_model_25_Circuit.pkl (deflated 83%)
  adding: Models/qaoa_vs_ml/V1/execution_28/xgboost_model_25.pkl (deflated 87%)
  adding: Models/qaoa_vs_ml/V1/execution_28/xgboost_model_full_Circuit.pkl (deflated 81%)
  adding: Models/qaoa_vs_ml/V1/execution_28/xgboost_model_full.pkl (deflated 79%)
