

Classical 10 nodes - Time: 1.8094s, Cut: 8.053440716260921/11.39756695611365
Graph Size:10
Execution N°:11
Model:xgboost
xgboost 10 nodes - Time: 0.1063s, Cut: 8.366028253572972/11.39756695611365
Graph Size:10
Execution N°:11
Model:MLP
MLP 10 nodes - Time: 0.0378s, Cut: 8.425170338385946/11.39756695611365
Classical 12 nodes - Time: 3.7206s, Cut: 13.306818482314963/19.87121072178364
Graph Size:12
Execution N°:11
Model:xgboost
xgboost 12 nodes - Time: 0.0810s, Cut: 17.52031327274321/19.87121072178364
Graph Size:12
Execution N°:11
Model:MLP
MLP 12 nodes - Time: 0.0449s, Cut: 14.542128598162106/19.87121072178364
Classical 15 nodes - Time: 3.0328s, Cut: 18.54754173893848/28.69053701707611
Graph Size:15
Execution N°:11
Model:xgboost
xgboost 15 nodes - Time: 0.0814s, Cut: 18.2445259553161/28.69053701707611
Graph Size:15
Execution N°:11
Model:MLP
MLP 15 nodes - Time: 0.0623s, Cut: 20.63723192121438/28.69053701707611
Classical 20 nodes - Time: 21.8667s, Cut: 41.69481606088352/52.29887187180951
Graph Size:20
Execution N°:11
Model:xgboost
xgboost 20 nodes - Time: 0.6236s, Cut: 48.702301155070614/52.29887187180951
Graph Size:20
Execution N°:11
Model:MLP
MLP 20 nodes - Time: 0.6327s, Cut: 49.11066104719449/52.29887187180951
Classical 25 nodes - Time: 478.9419s, Cut: 62.35312927491894/68.50138658440443
Graph Size:25
Execution N°:11
Model:xgboost
xgboost 25 nodes - Time: 20.5026s, Cut: 51.997244833341476/68.50138658440443
Graph Size:25
Execution N°:11
Model:MLP
MLP 25 nodes - Time: 20.5772s, Cut: 61.6463271951899/68.50138658440443

======================================================================
COMPREHENSIVE COMPARISON SUMMARY
======================================================================

======================================================================
Node Size: 10 | Optimal Cut: 11.39756695611365
======================================================================

Classical QAOA:
  Time: 1.8094s
  Cut: 8.053440716260921/11.39756695611365 (70.66%)

xgboost Model:
  Time: 0.1063s (speedup: 17.0x)
  Cut: 8.366028253572972/11.39756695611365 (73.40%)
  Quality vs Classical: +2.74%

MLP Model:
  Time: 0.0378s (speedup: 47.9x)
  Cut: 8.425170338385946/11.39756695611365 (73.92%)
  Quality vs Classical: +3.26%

======================================================================
Node Size: 12 | Optimal Cut: 19.87121072178364
======================================================================

Classical QAOA:
  Time: 3.7206s
  Cut: 13.306818482314963/19.87121072178364 (66.97%)

xgboost Model:
  Time: 0.0810s (speedup: 45.9x)
  Cut: 17.52031327274321/19.87121072178364 (88.17%)
  Quality vs Classical: +21.20%

MLP Model:
  Time: 0.0449s (speedup: 82.9x)
  Cut: 14.542128598162106/19.87121072178364 (73.18%)
  Quality vs Classical: +6.22%

======================================================================
Node Size: 15 | Optimal Cut: 28.69053701707611
======================================================================

Classical QAOA:
  Time: 3.0328s
  Cut: 18.54754173893848/28.69053701707611 (64.65%)

xgboost Model:
  Time: 0.0814s (speedup: 37.2x)
  Cut: 18.2445259553161/28.69053701707611 (63.59%)
  Quality vs Classical: -1.06%

MLP Model:
  Time: 0.0623s (speedup: 48.7x)
  Cut: 20.63723192121438/28.69053701707611 (71.93%)
  Quality vs Classical: +7.28%

======================================================================
Node Size: 20 | Optimal Cut: 52.29887187180951
======================================================================

Classical QAOA:
  Time: 21.8667s
  Cut: 41.69481606088352/52.29887187180951 (79.72%)

xgboost Model:
  Time: 0.6236s (speedup: 35.1x)
  Cut: 48.702301155070614/52.29887187180951 (93.12%)
  Quality vs Classical: +13.40%

MLP Model:
  Time: 0.6327s (speedup: 34.6x)
  Cut: 49.11066104719449/52.29887187180951 (93.90%)
  Quality vs Classical: +14.18%

======================================================================
Node Size: 25 | Optimal Cut: 68.50138658440443
======================================================================

Classical QAOA:
  Time: 478.9419s
  Cut: 62.35312927491894/68.50138658440443 (91.02%)

xgboost Model:
  Time: 20.5026s (speedup: 23.4x)
  Cut: 51.997244833341476/68.50138658440443 (75.91%)
  Quality vs Classical: -15.12%

MLP Model:
  Time: 20.5772s (speedup: 23.3x)
  Cut: 61.6463271951899/68.50138658440443 (89.99%)
  Quality vs Classical: -1.03%

======================================================================
OVERALL AVERAGES
======================================================================

Classical QAOA:
  Avg Time: 101.8743s
  Avg Approximation Ratio: 74.60%

xgboost Model:
  Avg Time: 4.2790s (avg speedup: 23.8x)
  Avg Approximation Ratio: 78.84%
  Quality Difference: +4.23%

MLP Model:
  Avg Time: 4.2710s (avg speedup: 23.9x)
  Avg Approximation Ratio: 80.59%
  Quality Difference: +5.98%
  adding: Models/qaoa_vs_ml/V1/execution_11/comparison_comprehensive.png (deflated 14%)
  adding: Models/qaoa_vs_ml/V1/execution_11/detailed_timing_analysis.png (deflated 17%)
  adding: Models/qaoa_vs_ml/V1/execution_11/MLP_model_10_Circuit.pkl (deflated 5%)
  adding: Models/qaoa_vs_ml/V1/execution_11/MLP_model_10.pkl (deflated 5%)
  adding: Models/qaoa_vs_ml/V1/execution_11/MLP_model_12_Circuit.pkl (deflated 5%)
  adding: Models/qaoa_vs_ml/V1/execution_11/MLP_model_12.pkl (deflated 5%)
  adding: Models/qaoa_vs_ml/V1/execution_11/MLP_model_15_Circuit.pkl (deflated 5%)
  adding: Models/qaoa_vs_ml/V1/execution_11/MLP_model_15.pkl (deflated 5%)
  adding: Models/qaoa_vs_ml/V1/execution_11/MLP_model_20_Circuit.pkl (deflated 5%)
  adding: Models/qaoa_vs_ml/V1/execution_11/MLP_model_20.pkl (deflated 5%)
  adding: Models/qaoa_vs_ml/V1/execution_11/MLP_model_25_Circuit.pkl (deflated 5%)
  adding: Models/qaoa_vs_ml/V1/execution_11/MLP_model_25.pkl (deflated 4%)
  adding: Models/qaoa_vs_ml/V1/execution_11/MLP_model_full_Circuit.pkl (deflated 5%)
  adding: Models/qaoa_vs_ml/V1/execution_11/MLP_model_full.pkl (deflated 4%)
  adding: Models/qaoa_vs_ml/V1/execution_11/vanila_vs_ml.csv (deflated 51%)
  adding: Models/qaoa_vs_ml/V1/execution_11/xgboost_model_10_Circuit.pkl (deflated 83%)
  adding: Models/qaoa_vs_ml/V1/execution_11/xgboost_model_10.pkl (deflated 85%)
  adding: Models/qaoa_vs_ml/V1/execution_11/xgboost_model_12_Circuit.pkl (deflated 83%)
  adding: Models/qaoa_vs_ml/V1/execution_11/xgboost_model_12.pkl (deflated 86%)
  adding: Models/qaoa_vs_ml/V1/execution_11/xgboost_model_15_Circuit.pkl (deflated 83%)
  adding: Models/qaoa_vs_ml/V1/execution_11/xgboost_model_15.pkl (deflated 87%)
  adding: Models/qaoa_vs_ml/V1/execution_11/xgboost_model_20_Circuit.pkl (deflated 83%)
  adding: Models/qaoa_vs_ml/V1/execution_11/xgboost_model_20.pkl (deflated 87%)
  adding: Models/qaoa_vs_ml/V1/execution_11/xgboost_model_25_Circuit.pkl (deflated 83%)
  adding: Models/qaoa_vs_ml/V1/execution_11/xgboost_model_25.pkl (deflated 87%)
  adding: Models/qaoa_vs_ml/V1/execution_11/xgboost_model_full_Circuit.pkl (deflated 81%)
  adding: Models/qaoa_vs_ml/V1/execution_11/xgboost_model_full.pkl (deflated 79%)
