
 Training on dataset_10_nodes.csv...
Total rows in CSV: 50
10 55
10 55
10 55
10 55
10 55
10 55
10 55
10 55
10 55
10 55
10 55
10 55
10 55
10 55
10 55
10 55
10 55
10 55
10 55
10 55
10 55
10 55
10 55
10 55
10 55
10 55
10 55
10 55
10 55
10 55
10 55
10 55
10 55
10 55
10 55
10 55
10 55
10 55
10 55
10 55
10 55
10 55
10 55
10 55
10 55
10 55
10 55
10 55
10 55
10 55
Loaded 50 valid graphs.
Epoch 001, Loss: 2.3273
Epoch 002, Loss: 0.5813
Epoch 003, Loss: 0.6240
Epoch 004, Loss: 0.5568
Epoch 005, Loss: 0.5849
Epoch 006, Loss: 0.5913
Epoch 007, Loss: 0.5579
Epoch 008, Loss: 0.5481
Epoch 009, Loss: 0.6025
Epoch 010, Loss: 0.5602
Epoch 011, Loss: 0.5627
Epoch 012, Loss: 0.5606
Epoch 013, Loss: 0.5992
Epoch 014, Loss: 0.5697
Epoch 015, Loss: 0.5758
Epoch 016, Loss: 0.5584
Epoch 017, Loss: 0.5922
Epoch 018, Loss: 0.5298
Epoch 019, Loss: 0.5817
Epoch 020, Loss: 0.5304
Epoch 021, Loss: 0.6133
Epoch 022, Loss: 0.6137
Epoch 023, Loss: 0.5728
Epoch 024, Loss: 0.5360
Epoch 025, Loss: 0.6085
Epoch 026, Loss: 0.5313
Epoch 027, Loss: 0.5392
Epoch 028, Loss: 0.5445
Epoch 029, Loss: 0.5369
Epoch 030, Loss: 0.5727
Epoch 031, Loss: 0.5457
Epoch 032, Loss: 0.5567
Epoch 033, Loss: 0.5535
Epoch 034, Loss: 0.5339
Epoch 035, Loss: 0.5379
Epoch 036, Loss: 0.5119
Epoch 037, Loss: 0.5282
Epoch 038, Loss: 0.5221
Epoch 039, Loss: 0.5634
Epoch 040, Loss: 0.5607
Epoch 041, Loss: 0.5266
Epoch 042, Loss: 0.5433
Epoch 043, Loss: 0.5123
Epoch 044, Loss: 0.5078
Epoch 045, Loss: 0.5090
Epoch 046, Loss: 0.4941
Epoch 047, Loss: 0.4946
Epoch 048, Loss: 0.5347
Epoch 049, Loss: 0.5001
Epoch 050, Loss: 0.5206
Epoch 051, Loss: 0.5110
Epoch 052, Loss: 0.5220
Epoch 053, Loss: 0.5060
Epoch 054, Loss: 0.4765
Epoch 055, Loss: 0.5408
Epoch 056, Loss: 0.5122
Epoch 057, Loss: 0.4775
Epoch 058, Loss: 0.5318
Epoch 059, Loss: 0.4795
Epoch 060, Loss: 0.4838
Epoch 061, Loss: 0.4829
Epoch 062, Loss: 0.4842
Epoch 063, Loss: 0.4961
Epoch 064, Loss: 0.4746
Epoch 065, Loss: 0.4688
Epoch 066, Loss: 0.4467
Epoch 067, Loss: 0.4518
Epoch 068, Loss: 0.4713
Epoch 069, Loss: 0.4848
Epoch 070, Loss: 0.4687
Epoch 071, Loss: 0.4901
Epoch 072, Loss: 0.4546
Epoch 073, Loss: 0.4759
Epoch 074, Loss: 0.4480
Epoch 075, Loss: 0.4449
Epoch 076, Loss: 0.4650
Epoch 077, Loss: 0.4282
Epoch 078, Loss: 0.4439
Epoch 079, Loss: 0.4495
Epoch 080, Loss: 0.4390
Epoch 081, Loss: 0.4519
Epoch 082, Loss: 0.4406
Epoch 083, Loss: 0.4423
Epoch 084, Loss: 0.4155
Epoch 085, Loss: 0.4508
Epoch 086, Loss: 0.4183
Epoch 087, Loss: 0.4159
Epoch 088, Loss: 0.4326
Epoch 089, Loss: 0.4229
Epoch 090, Loss: 0.4160
Epoch 091, Loss: 0.4145
Epoch 092, Loss: 0.4085
Epoch 093, Loss: 0.4035
Epoch 094, Loss: 0.3966
Epoch 095, Loss: 0.3976
Epoch 096, Loss: 0.4059
Epoch 097, Loss: 0.3860
Epoch 098, Loss: 0.4253
Epoch 099, Loss: 0.4022
Epoch 100, Loss: 0.3950

Test RMSE: 0.6395
Test MAPE: 0.2422
Training time: 12.75 seconds
Model saved to Models/GCN_model_10.pkl

 Training on dataset_12_nodes.csv...
Total rows in CSV: 50
12 78
12 78
12 78
12 78
12 78
12 78
12 78
12 78
12 78
12 78
12 78
12 78
12 78
12 78
12 78
12 78
12 78
12 78
12 78
12 78
12 78
12 78
12 78
12 78
12 78
12 78
12 78
12 78
12 78
12 78
12 78
12 78
12 78
12 78
12 78
12 78
12 78
12 78
12 78
12 78
12 78
12 78
12 78
12 78
12 78
12 78
12 78
12 78
12 78
12 78
Loaded 50 valid graphs.
Epoch 001, Loss: 3.1398
Epoch 002, Loss: 0.9106
Epoch 003, Loss: 0.9003
Epoch 004, Loss: 0.8869
Epoch 005, Loss: 0.9281
Epoch 006, Loss: 0.8500
Epoch 007, Loss: 0.9101
Epoch 008, Loss: 0.8725
Epoch 009, Loss: 0.8546
Epoch 010, Loss: 0.8457
Epoch 011, Loss: 0.8924
Epoch 012, Loss: 0.9290
Epoch 013, Loss: 0.8172
Epoch 014, Loss: 0.8677
Epoch 015, Loss: 0.8469
Epoch 016, Loss: 0.8615
Epoch 017, Loss: 0.9069
Epoch 018, Loss: 0.8191
Epoch 019, Loss: 0.8566
Epoch 020, Loss: 0.8694
Epoch 021, Loss: 0.9703
Epoch 022, Loss: 0.8261
Epoch 023, Loss: 0.8718
Epoch 024, Loss: 0.8427
Epoch 025, Loss: 0.8395
Epoch 026, Loss: 0.9303
Epoch 027, Loss: 0.8984
Epoch 028, Loss: 0.7998
Epoch 029, Loss: 0.7878
Epoch 030, Loss: 0.8575
Epoch 031, Loss: 0.7857
Epoch 032, Loss: 0.8608
Epoch 033, Loss: 0.7916
Epoch 034, Loss: 0.7727
Epoch 035, Loss: 0.7692
Epoch 036, Loss: 0.7772
Epoch 037, Loss: 0.8196
Epoch 038, Loss: 0.8154
Epoch 039, Loss: 0.7425
Epoch 040, Loss: 0.8072
Epoch 041, Loss: 0.7423
Epoch 042, Loss: 0.7577
Epoch 043, Loss: 0.7517
Epoch 044, Loss: 0.7263
Epoch 045, Loss: 0.6962
Epoch 046, Loss: 0.7281
Epoch 047, Loss: 0.7235
Epoch 048, Loss: 0.7284
Epoch 049, Loss: 0.7628
Epoch 050, Loss: 0.6729
Epoch 051, Loss: 0.7421
Epoch 052, Loss: 0.7421
Epoch 053, Loss: 0.7056
Epoch 054, Loss: 0.6959
Epoch 055, Loss: 0.6717
Epoch 056, Loss: 0.7411
Epoch 057, Loss: 0.7723
Epoch 058, Loss: 0.6688
Epoch 059, Loss: 0.6709
Epoch 060, Loss: 0.6576
Epoch 061, Loss: 0.6523
Epoch 062, Loss: 0.6529
Epoch 063, Loss: 0.6646
Epoch 064, Loss: 0.6634
Epoch 065, Loss: 0.6600
Epoch 066, Loss: 0.6632
Epoch 067, Loss: 0.6420
Epoch 068, Loss: 0.6374
Epoch 069, Loss: 0.6531
Epoch 070, Loss: 0.6552
Epoch 071, Loss: 0.6520
Epoch 072, Loss: 0.6433
Epoch 073, Loss: 0.6026
Epoch 074, Loss: 0.6392
Epoch 075, Loss: 0.6360
Epoch 076, Loss: 0.6505
Epoch 077, Loss: 0.6100
Epoch 078, Loss: 0.6376
Epoch 079, Loss: 0.6208
Epoch 080, Loss: 0.6178
Epoch 081, Loss: 0.6145
Epoch 082, Loss: 0.5991
Epoch 083, Loss: 0.6549
Epoch 084, Loss: 0.6044
Epoch 085, Loss: 0.6270
Epoch 086, Loss: 0.6080
Epoch 087, Loss: 0.6212
Epoch 088, Loss: 0.5916
Epoch 089, Loss: 0.5959
Epoch 090, Loss: 0.6072
Epoch 091, Loss: 0.5924
Epoch 092, Loss: 0.5603
Epoch 093, Loss: 0.6313
Epoch 094, Loss: 0.6304
Epoch 095, Loss: 0.5760
Epoch 096, Loss: 0.5993
Epoch 097, Loss: 0.5806
Epoch 098, Loss: 0.5744
Epoch 099, Loss: 0.6146
Epoch 100, Loss: 0.5745

Test RMSE: 0.6608
Test MAPE: 0.1931
Training time: 12.08 seconds
Model saved to Models/GCN_model_12.pkl

 Training on dataset_15_nodes.csv...
Total rows in CSV: 50
15 120
15 120
15 120
15 120
15 120
15 120
15 120
15 120
15 120
15 120
15 120
15 120
15 120
15 120
15 120
15 120
15 120
15 120
15 120
15 120
15 120
15 120
15 120
15 120
15 120
15 120
15 120
15 120
15 120
15 120
15 120
15 120
15 120
15 120
15 120
15 120
15 120
15 120
15 120
15 120
15 120
15 120
15 120
15 120
15 120
15 120
15 120
15 120
15 120
15 120
Loaded 50 valid graphs.
Epoch 001, Loss: 4.1748
Epoch 002, Loss: 1.0079
Epoch 003, Loss: 0.9263
Epoch 004, Loss: 0.9759
Epoch 005, Loss: 0.9180
Epoch 006, Loss: 0.9855
Epoch 007, Loss: 1.0454
Epoch 008, Loss: 0.9131
Epoch 009, Loss: 0.9842
Epoch 010, Loss: 0.9269
Epoch 011, Loss: 0.9368
Epoch 012, Loss: 0.9255
Epoch 013, Loss: 0.9341
Epoch 014, Loss: 1.0232
Epoch 015, Loss: 0.9545
Epoch 016, Loss: 0.8807
Epoch 017, Loss: 0.9426
Epoch 018, Loss: 0.9112
Epoch 019, Loss: 0.8980
Epoch 020, Loss: 0.8616
Epoch 021, Loss: 0.9446
Epoch 022, Loss: 0.9013
Epoch 023, Loss: 0.9905
Epoch 024, Loss: 0.9445
Epoch 025, Loss: 0.8983
Epoch 026, Loss: 0.8454
Epoch 027, Loss: 0.9722
Epoch 028, Loss: 0.9321
Epoch 029, Loss: 0.8787
Epoch 030, Loss: 0.8419
Epoch 031, Loss: 0.8324
Epoch 032, Loss: 0.8857
Epoch 033, Loss: 0.8326
Epoch 034, Loss: 0.8090
Epoch 035, Loss: 0.7987
Epoch 036, Loss: 0.7847
Epoch 037, Loss: 0.7490
Epoch 038, Loss: 0.7678
Epoch 039, Loss: 0.8442
Epoch 040, Loss: 0.7474
Epoch 041, Loss: 0.8377
Epoch 042, Loss: 0.7199
Epoch 043, Loss: 0.7549
Epoch 044, Loss: 0.6939
Epoch 045, Loss: 0.7819
Epoch 046, Loss: 0.7487
Epoch 047, Loss: 0.7091
Epoch 048, Loss: 0.8272
Epoch 049, Loss: 0.7116
Epoch 050, Loss: 0.6479
Epoch 051, Loss: 0.8422
Epoch 052, Loss: 0.7519
Epoch 053, Loss: 0.6260
Epoch 054, Loss: 0.6169
Epoch 055, Loss: 0.8026
Epoch 056, Loss: 0.6427
Epoch 057, Loss: 0.6639
Epoch 058, Loss: 0.6417
Epoch 059, Loss: 0.5830
Epoch 060, Loss: 0.6461
Epoch 061, Loss: 0.6482
Epoch 062, Loss: 0.5923
Epoch 063, Loss: 0.5892
Epoch 064, Loss: 0.5455
Epoch 065, Loss: 0.5365
Epoch 066, Loss: 0.5638
Epoch 067, Loss: 0.5592
Epoch 068, Loss: 0.5401
Epoch 069, Loss: 0.5266
Epoch 070, Loss: 0.5665
Epoch 071, Loss: 0.5705
Epoch 072, Loss: 0.5371
Epoch 073, Loss: 0.5146
Epoch 074, Loss: 0.5799
Epoch 075, Loss: 0.5284
Epoch 076, Loss: 0.5785
Epoch 077, Loss: 0.6349
Epoch 078, Loss: 0.5427
Epoch 079, Loss: 0.5359
Epoch 080, Loss: 0.5543
Epoch 081, Loss: 0.4899
Epoch 082, Loss: 0.4929
Epoch 083, Loss: 0.4850
Epoch 084, Loss: 0.4806
Epoch 085, Loss: 0.5891
Epoch 086, Loss: 0.4963
Epoch 087, Loss: 0.4780
Epoch 088, Loss: 0.5449
Epoch 089, Loss: 0.5078
Epoch 090, Loss: 0.5102
Epoch 091, Loss: 0.5009
Epoch 092, Loss: 0.4862
Epoch 093, Loss: 0.4594
Epoch 094, Loss: 0.4531
Epoch 095, Loss: 0.5091
Epoch 096, Loss: 0.5234
Epoch 097, Loss: 0.4842
Epoch 098, Loss: 0.4693
Epoch 099, Loss: 0.4972
Epoch 100, Loss: 0.5002

Test RMSE: 0.8673
Test MAPE: 0.1973
Training time: 12.33 seconds
Model saved to Models/GCN_model_15.pkl

 Training on dataset_20_nodes.csv...
Total rows in CSV: 50
20 210
20 210
20 210
20 210
20 210
20 210
20 210
20 210
20 210
20 210
20 210
20 210
20 210
20 210
20 210
20 210
20 210
20 210
20 210
20 210
20 210
20 210
20 210
20 210
20 210
20 210
20 210
20 210
20 210
20 210
20 210
20 210
20 210
20 210
20 210
20 210
20 210
20 210
20 210
20 210
20 210
20 210
20 210
20 210
20 210
20 210
20 210
20 210
20 210
20 210
Loaded 50 valid graphs.
Epoch 001, Loss: 6.9005
Epoch 002, Loss: 1.3117
Epoch 003, Loss: 1.2536
Epoch 004, Loss: 1.2273
Epoch 005, Loss: 1.3404
Epoch 006, Loss: 1.3192
Epoch 007, Loss: 1.3100
Epoch 008, Loss: 1.5637
Epoch 009, Loss: 1.4876
Epoch 010, Loss: 1.2585
Epoch 011, Loss: 1.2707
Epoch 012, Loss: 1.2512
Epoch 013, Loss: 1.1633
Epoch 014, Loss: 1.3504
Epoch 015, Loss: 1.4237
Epoch 016, Loss: 1.2509
Epoch 017, Loss: 1.2031
Epoch 018, Loss: 1.3015
Epoch 019, Loss: 1.2126
Epoch 020, Loss: 1.2801
Epoch 021, Loss: 1.2219
Epoch 022, Loss: 1.2080
Epoch 023, Loss: 1.2268
Epoch 024, Loss: 1.2882
Epoch 025, Loss: 1.4555
Epoch 026, Loss: 1.3125
Epoch 027, Loss: 1.2559
Epoch 028, Loss: 1.1405
Epoch 029, Loss: 1.1374
Epoch 030, Loss: 1.1342
Epoch 031, Loss: 1.4426
Epoch 032, Loss: 1.0651
Epoch 033, Loss: 1.1421
Epoch 034, Loss: 0.9602
Epoch 035, Loss: 1.2866
Epoch 036, Loss: 1.1271
Epoch 037, Loss: 1.0248
Epoch 038, Loss: 1.1805
Epoch 039, Loss: 1.0314
Epoch 040, Loss: 0.9858
Epoch 041, Loss: 0.9778
Epoch 042, Loss: 0.9285
Epoch 043, Loss: 1.0047
Epoch 044, Loss: 0.9616
Epoch 045, Loss: 0.8960
Epoch 046, Loss: 0.9566
Epoch 047, Loss: 0.9581
Epoch 048, Loss: 0.8905
Epoch 049, Loss: 0.8924
Epoch 050, Loss: 0.7799
Epoch 051, Loss: 0.8719
Epoch 052, Loss: 0.7870
Epoch 053, Loss: 0.9698
Epoch 054, Loss: 0.7805
Epoch 055, Loss: 0.7936
Epoch 056, Loss: 0.9025
Epoch 057, Loss: 0.7903
Epoch 058, Loss: 0.8021
Epoch 059, Loss: 0.8512
Epoch 060, Loss: 0.8696
Epoch 061, Loss: 0.7759
Epoch 062, Loss: 0.8148
Epoch 063, Loss: 0.8240
Epoch 064, Loss: 0.7594
Epoch 065, Loss: 0.7830
Epoch 066, Loss: 0.7091
Epoch 067, Loss: 0.6798
Epoch 068, Loss: 0.6561
Epoch 069, Loss: 0.8443
Epoch 070, Loss: 0.7245
Epoch 071, Loss: 0.7551
Epoch 072, Loss: 0.6693
Epoch 073, Loss: 0.6317
Epoch 074, Loss: 0.7201
Epoch 075, Loss: 0.6488
Epoch 076, Loss: 0.7834
Epoch 077, Loss: 0.7750
Epoch 078, Loss: 0.5869
Epoch 079, Loss: 0.7343
Epoch 080, Loss: 0.7593
Epoch 081, Loss: 0.6658
Epoch 082, Loss: 0.5937
Epoch 083, Loss: 0.6409
Epoch 084, Loss: 0.6531
Epoch 085, Loss: 0.6267
Epoch 086, Loss: 0.6009
Epoch 087, Loss: 0.6581
Epoch 088, Loss: 0.7216
Epoch 089, Loss: 0.6252
Epoch 090, Loss: 0.6002
Epoch 091, Loss: 0.6263
Epoch 092, Loss: 0.5663
Epoch 093, Loss: 0.5791
Epoch 094, Loss: 0.6237
Epoch 095, Loss: 0.5833
Epoch 096, Loss: 0.5858
Epoch 097, Loss: 0.5513
Epoch 098, Loss: 0.5697
Epoch 099, Loss: 0.5581
Epoch 100, Loss: 0.5827

Test RMSE: 1.0368
Test MAPE: 0.2222
Training time: 12.77 seconds
Model saved to Models/GCN_model_20.pkl

 Training on dataset_25_nodes.csv...
Total rows in CSV: 50
25 325
25 325
25 325
25 325
25 325
25 325
25 325
25 325
25 325
25 325
25 325
25 325
25 325
25 325
25 325
25 325
25 325
25 325
25 325
25 325
25 325
25 325
25 325
25 325
25 325
25 325
25 325
25 325
25 325
25 325
25 325
25 325
25 325
25 325
25 325
25 325
25 325
25 325
25 325
25 325
25 325
25 325
25 325
25 325
25 325
25 325
25 325
25 325
25 325
25 325
Loaded 50 valid graphs.
Epoch 001, Loss: 12.1850
Epoch 002, Loss: 1.6674
Epoch 003, Loss: 1.6764
Epoch 004, Loss: 1.6925
Epoch 005, Loss: 1.6260
Epoch 006, Loss: 1.5248
Epoch 007, Loss: 1.5244
Epoch 008, Loss: 1.5137
Epoch 009, Loss: 1.7567
Epoch 010, Loss: 1.6573
Epoch 011, Loss: 1.5761
Epoch 012, Loss: 1.6624
Epoch 013, Loss: 1.4268
Epoch 014, Loss: 2.0519
Epoch 015, Loss: 1.4501
Epoch 016, Loss: 1.7063
Epoch 017, Loss: 1.6334
Epoch 018, Loss: 1.4936
Epoch 019, Loss: 1.5435
Epoch 020, Loss: 1.5521
Epoch 021, Loss: 1.5681
Epoch 022, Loss: 1.6590
Epoch 023, Loss: 1.6008
Epoch 024, Loss: 2.2709
Epoch 025, Loss: 1.7715
Epoch 026, Loss: 1.6509
Epoch 027, Loss: 1.5088
Epoch 028, Loss: 1.6376
Epoch 029, Loss: 1.5852
Epoch 030, Loss: 1.4343
Epoch 031, Loss: 1.5163
Epoch 032, Loss: 1.5528
Epoch 033, Loss: 1.4622
Epoch 034, Loss: 1.4981
Epoch 035, Loss: 1.5421
Epoch 036, Loss: 1.4930
Epoch 037, Loss: 1.6199
Epoch 038, Loss: 1.5691
Epoch 039, Loss: 1.5297
Epoch 040, Loss: 1.9438
Epoch 041, Loss: 1.5889
Epoch 042, Loss: 1.5748
Epoch 043, Loss: 1.7432
Epoch 044, Loss: 1.4334
Epoch 045, Loss: 1.3630
Epoch 046, Loss: 1.5902
Epoch 047, Loss: 1.5497
Epoch 048, Loss: 1.3229
Epoch 049, Loss: 1.3051
Epoch 050, Loss: 1.4546
Epoch 051, Loss: 1.2567
Epoch 052, Loss: 1.5013
Epoch 053, Loss: 1.3333
Epoch 054, Loss: 1.2036
Epoch 055, Loss: 1.2819
Epoch 056, Loss: 1.0719
Epoch 057, Loss: 1.4765
Epoch 058, Loss: 1.2717
Epoch 059, Loss: 1.4801
Epoch 060, Loss: 1.0326
Epoch 061, Loss: 1.1302
Epoch 062, Loss: 1.0906
Epoch 063, Loss: 1.0326
Epoch 064, Loss: 1.2438
Epoch 065, Loss: 1.1291
Epoch 066, Loss: 0.9944
Epoch 067, Loss: 0.9644
Epoch 068, Loss: 0.9953
Epoch 069, Loss: 1.0168
Epoch 070, Loss: 0.9772
Epoch 071, Loss: 0.9029
Epoch 072, Loss: 0.9220
Epoch 073, Loss: 1.1264
Epoch 074, Loss: 0.9485
Epoch 075, Loss: 1.1150
Epoch 076, Loss: 0.8262
Epoch 077, Loss: 0.8671
Epoch 078, Loss: 0.9723
Epoch 079, Loss: 0.8313
Epoch 080, Loss: 1.0980
Epoch 081, Loss: 0.8653
Epoch 082, Loss: 0.8534
Epoch 083, Loss: 0.9100
Epoch 084, Loss: 0.8842
Epoch 085, Loss: 0.9177
Epoch 086, Loss: 0.7854
Epoch 087, Loss: 0.8247
Epoch 088, Loss: 0.7600
Epoch 089, Loss: 0.8779
Epoch 090, Loss: 0.8715
Epoch 091, Loss: 0.7797
Epoch 092, Loss: 0.8279
Epoch 093, Loss: 0.8946
Epoch 094, Loss: 0.8396
Epoch 095, Loss: 0.8184
Epoch 096, Loss: 0.9730
Epoch 097, Loss: 0.8207
Epoch 098, Loss: 0.8861
Epoch 099, Loss: 0.7971
Epoch 100, Loss: 0.7721

Test RMSE: 1.7079
Test MAPE: 0.2485
Training time: 12.96 seconds
Model saved to Models/GCN_model_25.pkl

 Training on dataset_full.csv...
Total rows in CSV: 250
25 325
25 325
25 325
25 325
25 325
25 325
25 325
25 325
25 325
25 325
25 325
25 325
25 325
25 325
25 325
25 325
25 325
25 325
25 325
25 325
25 325
25 325
25 325
25 325
25 325
25 325
25 325
25 325
25 325
25 325
25 325
25 325
25 325
25 325
25 325
25 325
25 325
25 325
25 325
25 325
25 325
25 325
25 325
25 325
25 325
25 325
25 325
25 325
25 325
25 325
25 325
25 325
25 325
25 325
25 325
25 325
25 325
25 325
25 325
25 325
25 325
25 325
25 325
25 325
25 325
25 325
25 325
25 325
25 325
25 325
25 325
25 325
25 325
25 325
25 325
25 325
25 325
25 325
25 325
25 325
25 325
25 325
25 325
25 325
25 325
25 325
25 325
25 325
25 325
25 325
25 325
25 325
25 325
25 325
25 325
25 325
25 325
25 325
25 325
25 325
25 325
25 325
25 325
25 325
25 325
25 325
25 325
25 325
25 325
25 325
25 325
25 325
25 325
25 325
25 325
25 325
25 325
25 325
25 325
25 325
25 325
25 325
25 325
25 325
25 325
25 325
25 325
25 325
25 325
25 325
25 325
25 325
25 325
25 325
25 325
25 325
25 325
25 325
25 325
25 325
25 325
25 325
25 325
25 325
25 325
25 325
25 325
25 325
25 325
25 325
25 325
25 325
25 325
25 325
25 325
25 325
25 325
25 325
25 325
25 325
25 325
25 325
25 325
25 325
25 325
25 325
25 325
25 325
25 325
25 325
25 325
25 325
25 325
25 325
25 325
25 325
25 325
25 325
25 325
25 325
25 325
25 325
25 325
25 325
25 325
25 325
25 325
25 325
25 325
25 325
25 325
25 325
25 325
25 325
25 325
25 325
25 325
25 325
25 325
25 325
25 325
25 325
25 325
25 325
25 325
25 325
25 325
25 325
25 325
25 325
25 325
25 325
25 325
25 325
25 325
25 325
25 325
25 325
25 325
25 325
25 325
25 325
25 325
25 325
25 325
25 325
25 325
25 325
25 325
25 325
25 325
25 325
25 325
25 325
25 325
25 325
25 325
25 325
25 325
25 325
25 325
25 325
25 325
25 325
25 325
25 325
25 325
25 325
25 325
25 325
Loaded 250 valid graphs.
Epoch 001, Loss: 3.7798
Epoch 002, Loss: 3.3621
Epoch 003, Loss: 3.1527
Epoch 004, Loss: 1.3706
Epoch 005, Loss: 0.8138
Epoch 006, Loss: 0.8434
Epoch 007, Loss: 0.6860
Epoch 008, Loss: 0.7567
Epoch 009, Loss: 0.7042
Epoch 010, Loss: 0.6806
Epoch 011, Loss: 0.6471
Epoch 012, Loss: 0.6582
Epoch 013, Loss: 0.6522
Epoch 014, Loss: 0.6768
Epoch 015, Loss: 0.6042
Epoch 016, Loss: 0.6421
Epoch 017, Loss: 0.6041
Epoch 018, Loss: 0.6849
Epoch 019, Loss: 0.5622
Epoch 020, Loss: 0.5940
Epoch 021, Loss: 0.6075
Epoch 022, Loss: 0.6444
Epoch 023, Loss: 0.5735
Epoch 024, Loss: 0.5741
Epoch 025, Loss: 0.5790
Epoch 026, Loss: 0.6012
Epoch 027, Loss: 0.5886
Epoch 028, Loss: 0.5590
Epoch 029, Loss: 0.5782
Epoch 030, Loss: 0.5808
Epoch 031, Loss: 0.6184
Epoch 032, Loss: 0.5525
Epoch 033, Loss: 0.5923
Epoch 034, Loss: 0.5528
Epoch 035, Loss: 0.5956
Epoch 036, Loss: 0.5484
Epoch 037, Loss: 0.5726
Epoch 038, Loss: 0.5950
Epoch 039, Loss: 0.5550
Epoch 040, Loss: 0.5442
Epoch 041, Loss: 0.5658
Epoch 042, Loss: 0.5519
Epoch 043, Loss: 0.5854
Epoch 044, Loss: 0.5363
Epoch 045, Loss: 0.5883
Epoch 046, Loss: 0.5658
Epoch 047, Loss: 0.5708
Epoch 048, Loss: 0.5314
Epoch 049, Loss: 0.5208
Epoch 050, Loss: 0.5877
Epoch 051, Loss: 0.5780
Epoch 052, Loss: 0.5757
Epoch 053, Loss: 0.5796
Epoch 054, Loss: 0.5559
Epoch 055, Loss: 0.5262
Epoch 056, Loss: 0.5274
Epoch 057, Loss: 0.4895
Epoch 058, Loss: 0.4947
Epoch 059, Loss: 0.5271
Epoch 060, Loss: 0.5183
Epoch 061, Loss: 0.5214
Epoch 062, Loss: 0.5602
Epoch 063, Loss: 0.5309
Epoch 064, Loss: 0.5291
Epoch 065, Loss: 0.5029
Epoch 066, Loss: 0.6000
Epoch 067, Loss: 0.4996
Epoch 068, Loss: 0.5034
Epoch 069, Loss: 0.5214
Epoch 070, Loss: 0.5413
Epoch 071, Loss: 0.5068
Epoch 072, Loss: 0.5314
Epoch 073, Loss: 0.4735
Epoch 074, Loss: 0.5740
Epoch 075, Loss: 0.5058
Epoch 076, Loss: 0.5015
Epoch 077, Loss: 0.5113
Epoch 078, Loss: 0.4772
Epoch 079, Loss: 0.5014
Epoch 080, Loss: 0.4818
Epoch 081, Loss: 0.4956
Epoch 082, Loss: 0.4661
Epoch 083, Loss: 0.5297
Epoch 084, Loss: 0.4684
Epoch 085, Loss: 0.4871
Epoch 086, Loss: 0.5144
Epoch 087, Loss: 0.4902
Epoch 088, Loss: 0.5142
Epoch 089, Loss: 0.4567
Epoch 090, Loss: 0.5409
Epoch 091, Loss: 0.4679
Epoch 092, Loss: 0.4922
Epoch 093, Loss: 0.4859
Epoch 094, Loss: 0.4907
Epoch 095, Loss: 0.4441
Epoch 096, Loss: 0.5142
Epoch 097, Loss: 0.4631
Epoch 098, Loss: 0.4906
Epoch 099, Loss: 0.4510
Epoch 100, Loss: 0.4578

Test RMSE: 0.6105
Test MAPE: 226278691045376.0000
Training time: 63.86 seconds
Model saved to Models/GCN_model_full.pkl

Metrics saved to Models/Graph_Neural_Training_metrics.csv

 **Final Training Results:**
node_size model_type  test_size     rmse         mape  training_time         model_file
       10   Q_values        0.2 0.639481 2.421876e-01      12.754823   GNN_model_10.pkl
       12   Q_values        0.2 0.660796 1.931123e-01      12.084201   GNN_model_12.pkl
       15   Q_values        0.2 0.867260 1.972882e-01      12.334449   GNN_model_15.pkl
       20   Q_values        0.2 1.036839 2.222126e-01      12.770548   GNN_model_20.pkl
       25   Q_values        0.2 1.707930 2.484680e-01      12.958238   GNN_model_25.pkl
     full   Q_values        0.2 0.610450 2.262787e+14      63.855414 GNN_model_full.pkl

 Training complete for all datasets!
  adding: Models/ (stored 0%)
  adding: Models/GCN_model_full.pkl (deflated 22%)
  adding: Models/GCN_model_10.pkl (deflated 23%)
  adding: Models/GCN_model_25.pkl (deflated 21%)
  adding: Models/Graph_Neural_Training_metrics.csv (deflated 50%)
  adding: Models/GCN_model_15.pkl (deflated 22%)
  adding: Models/Graph_Neural_Training_results.txt (deflated 61%)
  adding: Models/GCN_model_12.pkl (deflated 22%)
  adding: Models/GCN_model_20.pkl (deflated 21%)
