

Classical 10 nodes - Time: 2.5671s, Cut: 12.217299386561612/14.333437047923487
Graph Size:10
Execution N°:9
Model:MLP_NAS
MLP_NAS 10 nodes - Time: 0.0357s, Cut: 11.407641055158543/14.333437047923487
Graph Size:10
Execution N°:9
Model:xgboost
xgboost 10 nodes - Time: 0.1911s, Cut: 11.548192037581158/14.333437047923487
Graph Size:10
Execution N°:9
Model:MLP
MLP 10 nodes - Time: 0.0184s, Cut: 8.648431862129554/14.333437047923487
Classical 12 nodes - Time: 2.6378s, Cut: 16.340777171701934/18.050721430771894
Graph Size:12
Execution N°:9
Model:MLP_NAS
MLP_NAS 12 nodes - Time: 0.0337s, Cut: 13.041755110901775/18.050721430771894
Graph Size:12
Execution N°:9
Model:xgboost
xgboost 12 nodes - Time: 0.0468s, Cut: 11.810674808635861/18.050721430771894
Graph Size:12
Execution N°:9
Model:MLP
MLP 12 nodes - Time: 0.0190s, Cut: 8.741371919690422/18.050721430771894
Classical 15 nodes - Time: 3.0104s, Cut: 19.787381437710163/26.635464209558517
Graph Size:15
Execution N°:9
Model:MLP_NAS
MLP_NAS 15 nodes - Time: 0.0343s, Cut: 22.114719396822547/26.635464209558517
Graph Size:15
Execution N°:9
Model:xgboost
xgboost 15 nodes - Time: 0.0562s, Cut: 21.218575175346253/26.635464209558517
Graph Size:15
Execution N°:9
Model:MLP
MLP 15 nodes - Time: 0.0302s, Cut: 19.88835529746907/26.635464209558517
Classical 20 nodes - Time: 10.2591s, Cut: 29.858763615821236/30.360134544907314
Graph Size:20
Execution N°:9
Model:MLP_NAS
MLP_NAS 20 nodes - Time: 0.3542s, Cut: 21.50168039415638/30.360134544907314
Graph Size:20
Execution N°:9
Model:xgboost
xgboost 20 nodes - Time: 0.3209s, Cut: 27.826444640113184/30.360134544907314
Graph Size:20
Execution N°:9
Model:MLP
MLP 20 nodes - Time: 0.3525s, Cut: 23.33359364926624/30.360134544907314
Classical 25 nodes - Time: 371.9430s, Cut: 59.38135259003508/69.65790451536941
Graph Size:25
Execution N°:9
Model:MLP_NAS
MLP_NAS 25 nodes - Time: 14.1659s, Cut: 58.36794825972743/69.65790451536941
Graph Size:25
Execution N°:9
Model:xgboost
xgboost 25 nodes - Time: 14.1806s, Cut: 62.37538042188144/69.65790451536941
Graph Size:25
Execution N°:9
Model:MLP
MLP 25 nodes - Time: 14.2847s, Cut: 63.5011040521946/69.65790451536941

======================================================================
COMPREHENSIVE COMPARISON SUMMARY
======================================================================

======================================================================
Node Size: 10 | Optimal Cut: 14.333437047923487
======================================================================

Classical QAOA:
  Time: 2.5671s
  Cut: 12.217299386561612/14.333437047923487 (85.24%)

MLP_NAS Model:
  Time: 0.0357s (speedup: 71.8x)
  Cut: 11.407641055158543/14.333437047923487 (79.59%)
  Quality vs Classical: -5.65%

xgboost Model:
  Time: 0.1911s (speedup: 13.4x)
  Cut: 11.548192037581158/14.333437047923487 (80.57%)
  Quality vs Classical: -4.67%

MLP Model:
  Time: 0.0184s (speedup: 139.9x)
  Cut: 8.648431862129554/14.333437047923487 (60.34%)
  Quality vs Classical: -24.90%

======================================================================
Node Size: 12 | Optimal Cut: 18.050721430771894
======================================================================

Classical QAOA:
  Time: 2.6378s
  Cut: 16.340777171701934/18.050721430771894 (90.53%)

MLP_NAS Model:
  Time: 0.0337s (speedup: 78.2x)
  Cut: 13.041755110901775/18.050721430771894 (72.25%)
  Quality vs Classical: -18.28%

xgboost Model:
  Time: 0.0468s (speedup: 56.4x)
  Cut: 11.810674808635861/18.050721430771894 (65.43%)
  Quality vs Classical: -25.10%

MLP Model:
  Time: 0.0190s (speedup: 138.9x)
  Cut: 8.741371919690422/18.050721430771894 (48.43%)
  Quality vs Classical: -42.10%

======================================================================
Node Size: 15 | Optimal Cut: 26.635464209558517
======================================================================

Classical QAOA:
  Time: 3.0104s
  Cut: 19.787381437710163/26.635464209558517 (74.29%)

MLP_NAS Model:
  Time: 0.0343s (speedup: 87.7x)
  Cut: 22.114719396822547/26.635464209558517 (83.03%)
  Quality vs Classical: +8.74%

xgboost Model:
  Time: 0.0562s (speedup: 53.6x)
  Cut: 21.218575175346253/26.635464209558517 (79.66%)
  Quality vs Classical: +5.37%

MLP Model:
  Time: 0.0302s (speedup: 99.6x)
  Cut: 19.88835529746907/26.635464209558517 (74.67%)
  Quality vs Classical: +0.38%

======================================================================
Node Size: 20 | Optimal Cut: 30.360134544907314
======================================================================

Classical QAOA:
  Time: 10.2591s
  Cut: 29.858763615821236/30.360134544907314 (98.35%)

MLP_NAS Model:
  Time: 0.3542s (speedup: 29.0x)
  Cut: 21.50168039415638/30.360134544907314 (70.82%)
  Quality vs Classical: -27.53%

xgboost Model:
  Time: 0.3209s (speedup: 32.0x)
  Cut: 27.826444640113184/30.360134544907314 (91.65%)
  Quality vs Classical: -6.69%

MLP Model:
  Time: 0.3525s (speedup: 29.1x)
  Cut: 23.33359364926624/30.360134544907314 (76.86%)
  Quality vs Classical: -21.49%

======================================================================
Node Size: 25 | Optimal Cut: 69.65790451536941
======================================================================

Classical QAOA:
  Time: 371.9430s
  Cut: 59.38135259003508/69.65790451536941 (85.25%)

MLP_NAS Model:
  Time: 14.1659s (speedup: 26.3x)
  Cut: 58.36794825972743/69.65790451536941 (83.79%)
  Quality vs Classical: -1.45%

xgboost Model:
  Time: 14.1806s (speedup: 26.2x)
  Cut: 62.37538042188144/69.65790451536941 (89.55%)
  Quality vs Classical: +4.30%

MLP Model:
  Time: 14.2847s (speedup: 26.0x)
  Cut: 63.5011040521946/69.65790451536941 (91.16%)
  Quality vs Classical: +5.91%

======================================================================
OVERALL AVERAGES
======================================================================

Classical QAOA:
  Avg Time: 78.0835s
  Avg Approximation Ratio: 86.73%

MLP_NAS Model:
  Avg Time: 2.9248s (avg speedup: 26.7x)
  Avg Approximation Ratio: 77.90%
  Quality Difference: -8.83%

xgboost Model:
  Avg Time: 2.9591s (avg speedup: 26.4x)
  Avg Approximation Ratio: 81.37%
  Quality Difference: -5.36%

MLP Model:
  Avg Time: 2.9410s (avg speedup: 26.6x)
  Avg Approximation Ratio: 70.29%
  Quality Difference: -16.44%
  adding: Models/qaoa_vs_ml/V3/execution_9/comparison_comprehensive.png (deflated 13%)
  adding: Models/qaoa_vs_ml/V3/execution_9/detailed_timing_analysis.png (deflated 15%)
  adding: Models/qaoa_vs_ml/V3/execution_9/MLP_model_10_Circuit.pkl (deflated 5%)
  adding: Models/qaoa_vs_ml/V3/execution_9/MLP_model_10.pkl (deflated 5%)
  adding: Models/qaoa_vs_ml/V3/execution_9/MLP_model_12_Circuit.pkl (deflated 5%)
  adding: Models/qaoa_vs_ml/V3/execution_9/MLP_model_12.pkl (deflated 5%)
  adding: Models/qaoa_vs_ml/V3/execution_9/MLP_model_15_Circuit.pkl (deflated 5%)
  adding: Models/qaoa_vs_ml/V3/execution_9/MLP_model_15.pkl (deflated 5%)
  adding: Models/qaoa_vs_ml/V3/execution_9/MLP_model_20_Circuit.pkl (deflated 5%)
  adding: Models/qaoa_vs_ml/V3/execution_9/MLP_model_20.pkl (deflated 4%)
  adding: Models/qaoa_vs_ml/V3/execution_9/MLP_model_25_Circuit.pkl (deflated 5%)
  adding: Models/qaoa_vs_ml/V3/execution_9/MLP_model_25.pkl (deflated 4%)
  adding: Models/qaoa_vs_ml/V3/execution_9/MLP_model_full_Circuit.pkl (deflated 5%)
  adding: Models/qaoa_vs_ml/V3/execution_9/MLP_model_full.pkl (deflated 4%)
  adding: Models/qaoa_vs_ml/V3/execution_9/MLP_model_nas_10.pkl (deflated 5%)
  adding: Models/qaoa_vs_ml/V3/execution_9/MLP_model_nas_12.pkl (deflated 5%)
  adding: Models/qaoa_vs_ml/V3/execution_9/MLP_model_nas_15.pkl (deflated 5%)
  adding: Models/qaoa_vs_ml/V3/execution_9/MLP_model_nas_25.pkl (deflated 4%)
  adding: Models/qaoa_vs_ml/V3/execution_9/MLP_model_nas_full.pkl (deflated 5%)
  adding: Models/qaoa_vs_ml/V3/execution_9/vanila_vs_ml.csv (deflated 52%)
  adding: Models/qaoa_vs_ml/V3/execution_9/xgboost_model_10_Circuit.pkl (deflated 83%)
  adding: Models/qaoa_vs_ml/V3/execution_9/xgboost_model_10.pkl (deflated 86%)
  adding: Models/qaoa_vs_ml/V3/execution_9/xgboost_model_12_Circuit.pkl (deflated 83%)
  adding: Models/qaoa_vs_ml/V3/execution_9/xgboost_model_12.pkl (deflated 86%)
  adding: Models/qaoa_vs_ml/V3/execution_9/xgboost_model_15_Circuit.pkl (deflated 83%)
  adding: Models/qaoa_vs_ml/V3/execution_9/xgboost_model_15.pkl (deflated 87%)
  adding: Models/qaoa_vs_ml/V3/execution_9/xgboost_model_20_Circuit.pkl (deflated 83%)
  adding: Models/qaoa_vs_ml/V3/execution_9/xgboost_model_20.pkl (deflated 87%)
  adding: Models/qaoa_vs_ml/V3/execution_9/xgboost_model_25_Circuit.pkl (deflated 83%)
  adding: Models/qaoa_vs_ml/V3/execution_9/xgboost_model_25.pkl (deflated 87%)
  adding: Models/qaoa_vs_ml/V3/execution_9/xgboost_model_full_Circuit.pkl (deflated 81%)
  adding: Models/qaoa_vs_ml/V3/execution_9/xgboost_model_full.pkl (deflated 79%)
