
 Training on dataset_10_nodes.csv...
Total rows in CSV: 50
10 55
10 55
10 55
10 55
10 55
10 55
10 55
10 55
10 55
10 55
10 55
10 55
10 55
10 55
10 55
10 55
10 55
10 55
10 55
10 55
10 55
10 55
10 55
10 55
10 55
10 55
10 55
10 55
10 55
10 55
10 55
10 55
10 55
10 55
10 55
10 55
10 55
10 55
10 55
10 55
10 55
10 55
10 55
10 55
10 55
10 55
10 55
10 55
10 55
10 55
Loaded 50 valid graphs.
Epoch 001, Loss: 2.5516
Epoch 002, Loss: 0.6038
Epoch 003, Loss: 0.6409
Epoch 004, Loss: 0.5765
Epoch 005, Loss: 0.6100
Epoch 006, Loss: 0.6046
Epoch 007, Loss: 0.5622
Epoch 008, Loss: 0.5823
Epoch 009, Loss: 0.5625
Epoch 010, Loss: 0.6399
Epoch 011, Loss: 0.5707
Epoch 012, Loss: 0.6180
Epoch 013, Loss: 0.5681
Epoch 014, Loss: 0.5944
Epoch 015, Loss: 0.5570
Epoch 016, Loss: 0.6289
Epoch 017, Loss: 0.5871
Epoch 018, Loss: 0.5775
Epoch 019, Loss: 0.6335
Epoch 020, Loss: 0.5613
Epoch 021, Loss: 0.5345
Epoch 022, Loss: 0.5740
Epoch 023, Loss: 0.5424
Epoch 024, Loss: 0.5475
Epoch 025, Loss: 0.5426
Epoch 026, Loss: 0.5484
Epoch 027, Loss: 0.5741
Epoch 028, Loss: 0.6011
Epoch 029, Loss: 0.6012
Epoch 030, Loss: 0.5955
Epoch 031, Loss: 0.5767
Epoch 032, Loss: 0.5750
Epoch 033, Loss: 0.5418
Epoch 034, Loss: 0.5488
Epoch 035, Loss: 0.5326
Epoch 036, Loss: 0.5492
Epoch 037, Loss: 0.5378
Epoch 038, Loss: 0.5540
Epoch 039, Loss: 0.5801
Epoch 040, Loss: 0.5299
Epoch 041, Loss: 0.5563
Epoch 042, Loss: 0.5241
Epoch 043, Loss: 0.5407
Epoch 044, Loss: 0.5277
Epoch 045, Loss: 0.5426
Epoch 046, Loss: 0.5349
Epoch 047, Loss: 0.5488
Epoch 048, Loss: 0.5971
Epoch 049, Loss: 0.5550
Epoch 050, Loss: 0.6084
Epoch 051, Loss: 0.5582
Epoch 052, Loss: 0.5440
Epoch 053, Loss: 0.5342
Epoch 054, Loss: 0.5438
Epoch 055, Loss: 0.5574
Epoch 056, Loss: 0.5380
Epoch 057, Loss: 0.5347
Epoch 058, Loss: 0.5089
Epoch 059, Loss: 0.5682
Epoch 060, Loss: 0.5261
Epoch 061, Loss: 0.5715
Epoch 062, Loss: 0.5071
Epoch 063, Loss: 0.5383
Epoch 064, Loss: 0.5157
Epoch 065, Loss: 0.5244
Epoch 066, Loss: 0.5049
Epoch 067, Loss: 0.5249
Epoch 068, Loss: 0.4895
Epoch 069, Loss: 0.4966
Epoch 070, Loss: 0.4963
Epoch 071, Loss: 0.4876
Epoch 072, Loss: 0.5211
Epoch 073, Loss: 0.4837
Epoch 074, Loss: 0.4869
Epoch 075, Loss: 0.4960
Epoch 076, Loss: 0.4818
Epoch 077, Loss: 0.5001
Epoch 078, Loss: 0.4885
Epoch 079, Loss: 0.4793
Epoch 080, Loss: 0.5269
Epoch 081, Loss: 0.5177
Epoch 082, Loss: 0.4897
Epoch 083, Loss: 0.4859
Epoch 084, Loss: 0.4909
Epoch 085, Loss: 0.4653
Epoch 086, Loss: 0.4741
Epoch 087, Loss: 0.4985
Epoch 088, Loss: 0.5095
Epoch 089, Loss: 0.4929
Epoch 090, Loss: 0.4792
Epoch 091, Loss: 0.4806
Epoch 092, Loss: 0.4700
Epoch 093, Loss: 0.4868
Epoch 094, Loss: 0.4649
Epoch 095, Loss: 0.4794
Epoch 096, Loss: 0.4579
Epoch 097, Loss: 0.4594
Epoch 098, Loss: 0.4577
Epoch 099, Loss: 0.4645
Epoch 100, Loss: 0.4525

Test RMSE: 0.6978
Test MAPE: 0.2637
Training time: 12.90 seconds
Model saved to Models/GCN_model_10.pkl

 Training on dataset_12_nodes.csv...
Total rows in CSV: 50
12 78
12 78
12 78
12 78
12 78
12 78
12 78
12 78
12 78
12 78
12 78
12 78
12 78
12 78
12 78
12 78
12 78
12 78
12 78
12 78
12 78
12 78
12 78
12 78
12 78
12 78
12 78
12 78
12 78
12 78
12 78
12 78
12 78
12 78
12 78
12 78
12 78
12 78
12 78
12 78
12 78
12 78
12 78
12 78
12 78
12 78
12 78
12 78
12 78
12 78
Loaded 50 valid graphs.
Epoch 001, Loss: 3.0211
Epoch 002, Loss: 0.8614
Epoch 003, Loss: 0.8596
Epoch 004, Loss: 0.8711
Epoch 005, Loss: 1.0138
Epoch 006, Loss: 0.9207
Epoch 007, Loss: 0.9793
Epoch 008, Loss: 0.9080
Epoch 009, Loss: 0.8440
Epoch 010, Loss: 0.8688
Epoch 011, Loss: 0.8893
Epoch 012, Loss: 0.8257
Epoch 013, Loss: 0.8415
Epoch 014, Loss: 0.8357
Epoch 015, Loss: 0.8397
Epoch 016, Loss: 0.9696
Epoch 017, Loss: 0.8119
Epoch 018, Loss: 0.8112
Epoch 019, Loss: 0.9272
Epoch 020, Loss: 0.8534
Epoch 021, Loss: 0.8696
Epoch 022, Loss: 0.8099
Epoch 023, Loss: 0.8046
Epoch 024, Loss: 0.8224
Epoch 025, Loss: 0.8144
Epoch 026, Loss: 0.9005
Epoch 027, Loss: 0.8069
Epoch 028, Loss: 0.8756
Epoch 029, Loss: 0.7780
Epoch 030, Loss: 0.7837
Epoch 031, Loss: 0.7725
Epoch 032, Loss: 0.8019
Epoch 033, Loss: 0.7579
Epoch 034, Loss: 0.8140
Epoch 035, Loss: 0.7683
Epoch 036, Loss: 0.7617
Epoch 037, Loss: 0.7919
Epoch 038, Loss: 0.7552
Epoch 039, Loss: 0.7639
Epoch 040, Loss: 0.7258
Epoch 041, Loss: 0.7187
Epoch 042, Loss: 0.7682
Epoch 043, Loss: 0.7358
Epoch 044, Loss: 0.7220
Epoch 045, Loss: 0.7178
Epoch 046, Loss: 0.7464
Epoch 047, Loss: 0.6909
Epoch 048, Loss: 0.7235
Epoch 049, Loss: 0.7114
Epoch 050, Loss: 0.7646
Epoch 051, Loss: 0.7065
Epoch 052, Loss: 0.7004
Epoch 053, Loss: 0.7424
Epoch 054, Loss: 0.6925
Epoch 055, Loss: 0.7003
Epoch 056, Loss: 0.6532
Epoch 057, Loss: 0.6595
Epoch 058, Loss: 0.6451
Epoch 059, Loss: 0.6385
Epoch 060, Loss: 0.6545
Epoch 061, Loss: 0.6485
Epoch 062, Loss: 0.6761
Epoch 063, Loss: 0.6280
Epoch 064, Loss: 0.6500
Epoch 065, Loss: 0.6356
Epoch 066, Loss: 0.6603
Epoch 067, Loss: 0.6619
Epoch 068, Loss: 0.6699
Epoch 069, Loss: 0.6194
Epoch 070, Loss: 0.6196
Epoch 071, Loss: 0.6378
Epoch 072, Loss: 0.6186
Epoch 073, Loss: 0.6251
Epoch 074, Loss: 0.6050
Epoch 075, Loss: 0.5993
Epoch 076, Loss: 0.6815
Epoch 077, Loss: 0.6062
Epoch 078, Loss: 0.6121
Epoch 079, Loss: 0.6058
Epoch 080, Loss: 0.6037
Epoch 081, Loss: 0.6832
Epoch 082, Loss: 0.6061
Epoch 083, Loss: 0.6235
Epoch 084, Loss: 0.6124
Epoch 085, Loss: 0.6610
Epoch 086, Loss: 0.6369
Epoch 087, Loss: 0.6278
Epoch 088, Loss: 0.6093
Epoch 089, Loss: 0.6078
Epoch 090, Loss: 0.5964
Epoch 091, Loss: 0.5867
Epoch 092, Loss: 0.5948
Epoch 093, Loss: 0.6095
Epoch 094, Loss: 0.5826
Epoch 095, Loss: 0.6206
Epoch 096, Loss: 0.6224
Epoch 097, Loss: 0.6029
Epoch 098, Loss: 0.6309
Epoch 099, Loss: 0.6404
Epoch 100, Loss: 0.6012

Test RMSE: 0.7822
Test MAPE: 0.2401
Training time: 12.17 seconds
Model saved to Models/GCN_model_12.pkl

 Training on dataset_15_nodes.csv...
Total rows in CSV: 50
15 120
15 120
15 120
15 120
15 120
15 120
15 120
15 120
15 120
15 120
15 120
15 120
15 120
15 120
15 120
15 120
15 120
15 120
15 120
15 120
15 120
15 120
15 120
15 120
15 120
15 120
15 120
15 120
15 120
15 120
15 120
15 120
15 120
15 120
15 120
15 120
15 120
15 120
15 120
15 120
15 120
15 120
15 120
15 120
15 120
15 120
15 120
15 120
15 120
15 120
Loaded 50 valid graphs.
Epoch 001, Loss: 4.2807
Epoch 002, Loss: 1.0740
Epoch 003, Loss: 1.0787
Epoch 004, Loss: 1.0188
Epoch 005, Loss: 0.8925
Epoch 006, Loss: 0.9173
Epoch 007, Loss: 0.9371
Epoch 008, Loss: 1.0055
Epoch 009, Loss: 1.0310
Epoch 010, Loss: 0.9726
Epoch 011, Loss: 0.9167
Epoch 012, Loss: 0.9689
Epoch 013, Loss: 0.9432
Epoch 014, Loss: 0.9715
Epoch 015, Loss: 0.9651
Epoch 016, Loss: 0.9711
Epoch 017, Loss: 0.8693
Epoch 018, Loss: 0.8800
Epoch 019, Loss: 0.8802
Epoch 020, Loss: 0.9786
Epoch 021, Loss: 0.9044
Epoch 022, Loss: 0.9588
Epoch 023, Loss: 0.8914
Epoch 024, Loss: 0.8603
Epoch 025, Loss: 0.9416
Epoch 026, Loss: 0.9444
Epoch 027, Loss: 0.9641
Epoch 028, Loss: 0.9569
Epoch 029, Loss: 0.9296
Epoch 030, Loss: 0.8463
Epoch 031, Loss: 0.8688
Epoch 032, Loss: 0.8929
Epoch 033, Loss: 0.9465
Epoch 034, Loss: 0.8840
Epoch 035, Loss: 0.9032
Epoch 036, Loss: 0.8766
Epoch 037, Loss: 0.8938
Epoch 038, Loss: 0.9273
Epoch 039, Loss: 0.9539
Epoch 040, Loss: 0.8894
Epoch 041, Loss: 0.9708
Epoch 042, Loss: 0.8843
Epoch 043, Loss: 0.8566
Epoch 044, Loss: 0.8705
Epoch 045, Loss: 0.9051
Epoch 046, Loss: 0.8445
Epoch 047, Loss: 0.9489
Epoch 048, Loss: 0.8323
Epoch 049, Loss: 0.8717
Epoch 050, Loss: 0.7969
Epoch 051, Loss: 0.8800
Epoch 052, Loss: 0.8098
Epoch 053, Loss: 0.8159
Epoch 054, Loss: 0.8100
Epoch 055, Loss: 0.7862
Epoch 056, Loss: 0.7881
Epoch 057, Loss: 0.7664
Epoch 058, Loss: 0.7439
Epoch 059, Loss: 0.7527
Epoch 060, Loss: 0.7987
Epoch 061, Loss: 0.7585
Epoch 062, Loss: 0.7379
Epoch 063, Loss: 0.7499
Epoch 064, Loss: 0.6904
Epoch 065, Loss: 0.7740
Epoch 066, Loss: 0.6905
Epoch 067, Loss: 0.6964
Epoch 068, Loss: 0.6886
Epoch 069, Loss: 0.7322
Epoch 070, Loss: 0.6526
Epoch 071, Loss: 0.6742
Epoch 072, Loss: 0.6541
Epoch 073, Loss: 0.6358
Epoch 074, Loss: 0.6551
Epoch 075, Loss: 0.6715
Epoch 076, Loss: 0.6343
Epoch 077, Loss: 0.6258
Epoch 078, Loss: 0.5967
Epoch 079, Loss: 0.6141
Epoch 080, Loss: 0.6706
Epoch 081, Loss: 0.6079
Epoch 082, Loss: 0.5932
Epoch 083, Loss: 0.6006
Epoch 084, Loss: 0.6173
Epoch 085, Loss: 0.6608
Epoch 086, Loss: 0.6244
Epoch 087, Loss: 0.6260
Epoch 088, Loss: 0.5718
Epoch 089, Loss: 0.6171
Epoch 090, Loss: 0.5969
Epoch 091, Loss: 0.6081
Epoch 092, Loss: 0.5950
Epoch 093, Loss: 0.5246
Epoch 094, Loss: 0.5742
Epoch 095, Loss: 0.5851
Epoch 096, Loss: 0.6728
Epoch 097, Loss: 0.5900
Epoch 098, Loss: 0.5878
Epoch 099, Loss: 0.5745
Epoch 100, Loss: 0.5456

Test RMSE: 0.7881
Test MAPE: 0.2150
Training time: 12.51 seconds
Model saved to Models/GCN_model_15.pkl

 Training on dataset_20_nodes.csv...
Total rows in CSV: 50
20 210
20 210
20 210
20 210
20 210
20 210
20 210
20 210
20 210
20 210
20 210
20 210
20 210
20 210
20 210
20 210
20 210
20 210
20 210
20 210
20 210
20 210
20 210
20 210
20 210
20 210
20 210
20 210
20 210
20 210
20 210
20 210
20 210
20 210
20 210
20 210
20 210
20 210
20 210
20 210
20 210
20 210
20 210
20 210
20 210
20 210
20 210
20 210
20 210
20 210
Loaded 50 valid graphs.
Epoch 001, Loss: 9.1539
Epoch 002, Loss: 1.5034
Epoch 003, Loss: 1.2163
Epoch 004, Loss: 1.2972
Epoch 005, Loss: 1.3132
Epoch 006, Loss: 1.2597
Epoch 007, Loss: 1.2853
Epoch 008, Loss: 1.2921
Epoch 009, Loss: 1.4879
Epoch 010, Loss: 1.1828
Epoch 011, Loss: 1.2320
Epoch 012, Loss: 1.3669
Epoch 013, Loss: 1.2645
Epoch 014, Loss: 1.2160
Epoch 015, Loss: 1.1954
Epoch 016, Loss: 1.2765
Epoch 017, Loss: 1.1593
Epoch 018, Loss: 1.1720
Epoch 019, Loss: 1.2878
Epoch 020, Loss: 1.1545
Epoch 021, Loss: 1.4218
Epoch 022, Loss: 1.1713
Epoch 023, Loss: 1.2787
Epoch 024, Loss: 1.2914
Epoch 025, Loss: 1.2293
Epoch 026, Loss: 1.4027
Epoch 027, Loss: 1.2049
Epoch 028, Loss: 1.3163
Epoch 029, Loss: 1.3091
Epoch 030, Loss: 1.1874
Epoch 031, Loss: 1.1778
Epoch 032, Loss: 1.1866
Epoch 033, Loss: 1.1753
Epoch 034, Loss: 1.3729
Epoch 035, Loss: 1.2004
Epoch 036, Loss: 1.2008
Epoch 037, Loss: 1.1864
Epoch 038, Loss: 1.2542
Epoch 039, Loss: 1.2583
Epoch 040, Loss: 1.1549
Epoch 041, Loss: 1.2636
Epoch 042, Loss: 1.3708
Epoch 043, Loss: 1.1746
Epoch 044, Loss: 1.1873
Epoch 045, Loss: 1.1524
Epoch 046, Loss: 1.2310
Epoch 047, Loss: 1.4016
Epoch 048, Loss: 1.1806
Epoch 049, Loss: 1.2663
Epoch 050, Loss: 1.1489
Epoch 051, Loss: 1.1051
Epoch 052, Loss: 1.2776
Epoch 053, Loss: 1.1545
Epoch 054, Loss: 1.1897
Epoch 055, Loss: 1.2025
Epoch 056, Loss: 1.1668
Epoch 057, Loss: 1.3806
Epoch 058, Loss: 1.1099
Epoch 059, Loss: 1.2712
Epoch 060, Loss: 1.2340
Epoch 061, Loss: 1.1540
Epoch 062, Loss: 1.2369
Epoch 063, Loss: 1.2214
Epoch 064, Loss: 1.3605
Epoch 065, Loss: 1.1030
Epoch 066, Loss: 1.2196
Epoch 067, Loss: 1.1577
Epoch 068, Loss: 1.2780
Epoch 069, Loss: 1.2967
Epoch 070, Loss: 1.3119
Epoch 071, Loss: 1.0917
Epoch 072, Loss: 1.1507
Epoch 073, Loss: 1.1658
Epoch 074, Loss: 1.1445
Epoch 075, Loss: 1.2425
Epoch 076, Loss: 1.1065
Epoch 077, Loss: 1.2013
Epoch 078, Loss: 1.1370
Epoch 079, Loss: 1.1482
Epoch 080, Loss: 1.1929
Epoch 081, Loss: 1.2328
Epoch 082, Loss: 1.2643
Epoch 083, Loss: 1.2257
Epoch 084, Loss: 1.1759
Epoch 085, Loss: 1.2587
Epoch 086, Loss: 1.1190
Epoch 087, Loss: 1.1255
Epoch 088, Loss: 1.1579
Epoch 089, Loss: 1.1677
Epoch 090, Loss: 1.1208
Epoch 091, Loss: 1.1204
Epoch 092, Loss: 1.1677
Epoch 093, Loss: 1.1402
Epoch 094, Loss: 1.1151
Epoch 095, Loss: 1.1545
Epoch 096, Loss: 1.1114
Epoch 097, Loss: 1.1871
Epoch 098, Loss: 1.0924
Epoch 099, Loss: 1.0617
Epoch 100, Loss: 1.0470

Test RMSE: 0.9671
Test MAPE: 0.2037
Training time: 12.90 seconds
Model saved to Models/GCN_model_20.pkl

 Training on dataset_25_nodes.csv...
Total rows in CSV: 50
25 325
25 325
25 325
25 325
25 325
25 325
25 325
25 325
25 325
25 325
25 325
25 325
25 325
25 325
25 325
25 325
25 325
25 325
25 325
25 325
25 325
25 325
25 325
25 325
25 325
25 325
25 325
25 325
25 325
25 325
25 325
25 325
25 325
25 325
25 325
25 325
25 325
25 325
25 325
25 325
25 325
25 325
25 325
25 325
25 325
25 325
25 325
25 325
25 325
25 325
Loaded 50 valid graphs.
Epoch 001, Loss: 12.5968
Epoch 002, Loss: 1.9057
Epoch 003, Loss: 1.5872
Epoch 004, Loss: 1.5786
Epoch 005, Loss: 1.5385
Epoch 006, Loss: 1.5702
Epoch 007, Loss: 1.4672
Epoch 008, Loss: 1.6372
Epoch 009, Loss: 1.5093
Epoch 010, Loss: 1.5444
Epoch 011, Loss: 1.4808
Epoch 012, Loss: 1.5218
Epoch 013, Loss: 1.5078
Epoch 014, Loss: 1.5449
Epoch 015, Loss: 1.5539
Epoch 016, Loss: 1.4811
Epoch 017, Loss: 1.5077
Epoch 018, Loss: 1.7716
Epoch 019, Loss: 1.5128
Epoch 020, Loss: 1.5259
Epoch 021, Loss: 1.6388
Epoch 022, Loss: 1.5778
Epoch 023, Loss: 1.6725
Epoch 024, Loss: 1.6502
Epoch 025, Loss: 1.7178
Epoch 026, Loss: 1.8591
Epoch 027, Loss: 1.5753
Epoch 028, Loss: 1.5670
Epoch 029, Loss: 1.5050
Epoch 030, Loss: 1.5820
Epoch 031, Loss: 1.5165
Epoch 032, Loss: 1.6059
Epoch 033, Loss: 1.6073
Epoch 034, Loss: 1.4963
Epoch 035, Loss: 1.5952
Epoch 036, Loss: 1.5620
Epoch 037, Loss: 1.5029
Epoch 038, Loss: 1.5944
Epoch 039, Loss: 1.7807
Epoch 040, Loss: 1.4757
Epoch 041, Loss: 1.5844
Epoch 042, Loss: 1.5492
Epoch 043, Loss: 1.4487
Epoch 044, Loss: 1.5240
Epoch 045, Loss: 1.5340
Epoch 046, Loss: 1.5381
Epoch 047, Loss: 1.4523
Epoch 048, Loss: 1.4752
Epoch 049, Loss: 1.5258
Epoch 050, Loss: 1.4425
Epoch 051, Loss: 1.5038
Epoch 052, Loss: 1.4945
Epoch 053, Loss: 1.4829
Epoch 054, Loss: 1.6852
Epoch 055, Loss: 1.4955
Epoch 056, Loss: 1.5500
Epoch 057, Loss: 1.5075
Epoch 058, Loss: 1.4687
Epoch 059, Loss: 1.4103
Epoch 060, Loss: 1.4273
Epoch 061, Loss: 1.6587
Epoch 062, Loss: 1.4112
Epoch 063, Loss: 1.4955
Epoch 064, Loss: 1.7370
Epoch 065, Loss: 1.5491
Epoch 066, Loss: 1.4668
Epoch 067, Loss: 1.4392
Epoch 068, Loss: 1.3785
Epoch 069, Loss: 1.6689
Epoch 070, Loss: 1.6800
Epoch 071, Loss: 1.5353
Epoch 072, Loss: 1.5438
Epoch 073, Loss: 1.7706
Epoch 074, Loss: 1.5361
Epoch 075, Loss: 1.6087
Epoch 076, Loss: 1.5415
Epoch 077, Loss: 1.6435
Epoch 078, Loss: 1.4481
Epoch 079, Loss: 1.5666
Epoch 080, Loss: 1.7403
Epoch 081, Loss: 1.3753
Epoch 082, Loss: 1.4026
Epoch 083, Loss: 1.2983
Epoch 084, Loss: 1.4811
Epoch 085, Loss: 1.5481
Epoch 086, Loss: 1.4661
Epoch 087, Loss: 1.3886
Epoch 088, Loss: 1.3417
Epoch 089, Loss: 1.2163
Epoch 090, Loss: 1.1660
Epoch 091, Loss: 1.1005
Epoch 092, Loss: 1.0759
Epoch 093, Loss: 1.1305
Epoch 094, Loss: 1.0871
Epoch 095, Loss: 1.3998
Epoch 096, Loss: 1.2228
Epoch 097, Loss: 1.1068
Epoch 098, Loss: 1.0743
Epoch 099, Loss: 1.0153
Epoch 100, Loss: 0.9381

Test RMSE: 1.4930
Test MAPE: 0.2077
Training time: 13.13 seconds
Model saved to Models/GCN_model_25.pkl

 Training on dataset_full.csv...
Total rows in CSV: 250
25 325
25 325
25 325
25 325
25 325
25 325
25 325
25 325
25 325
25 325
25 325
25 325
25 325
25 325
25 325
25 325
25 325
25 325
25 325
25 325
25 325
25 325
25 325
25 325
25 325
25 325
25 325
25 325
25 325
25 325
25 325
25 325
25 325
25 325
25 325
25 325
25 325
25 325
25 325
25 325
25 325
25 325
25 325
25 325
25 325
25 325
25 325
25 325
25 325
25 325
25 325
25 325
25 325
25 325
25 325
25 325
25 325
25 325
25 325
25 325
25 325
25 325
25 325
25 325
25 325
25 325
25 325
25 325
25 325
25 325
25 325
25 325
25 325
25 325
25 325
25 325
25 325
25 325
25 325
25 325
25 325
25 325
25 325
25 325
25 325
25 325
25 325
25 325
25 325
25 325
25 325
25 325
25 325
25 325
25 325
25 325
25 325
25 325
25 325
25 325
25 325
25 325
25 325
25 325
25 325
25 325
25 325
25 325
25 325
25 325
25 325
25 325
25 325
25 325
25 325
25 325
25 325
25 325
25 325
25 325
25 325
25 325
25 325
25 325
25 325
25 325
25 325
25 325
25 325
25 325
25 325
25 325
25 325
25 325
25 325
25 325
25 325
25 325
25 325
25 325
25 325
25 325
25 325
25 325
25 325
25 325
25 325
25 325
25 325
25 325
25 325
25 325
25 325
25 325
25 325
25 325
25 325
25 325
25 325
25 325
25 325
25 325
25 325
25 325
25 325
25 325
25 325
25 325
25 325
25 325
25 325
25 325
25 325
25 325
25 325
25 325
25 325
25 325
25 325
25 325
25 325
25 325
25 325
25 325
25 325
25 325
25 325
25 325
25 325
25 325
25 325
25 325
25 325
25 325
25 325
25 325
25 325
25 325
25 325
25 325
25 325
25 325
25 325
25 325
25 325
25 325
25 325
25 325
25 325
25 325
25 325
25 325
25 325
25 325
25 325
25 325
25 325
25 325
25 325
25 325
25 325
25 325
25 325
25 325
25 325
25 325
25 325
25 325
25 325
25 325
25 325
25 325
25 325
25 325
25 325
25 325
25 325
25 325
25 325
25 325
25 325
25 325
25 325
25 325
25 325
25 325
25 325
25 325
25 325
25 325
Loaded 250 valid graphs.
Epoch 001, Loss: 3.7407
Epoch 002, Loss: 3.2809
Epoch 003, Loss: 2.9898
Epoch 004, Loss: 1.6464
Epoch 005, Loss: 0.8922
Epoch 006, Loss: 0.8011
Epoch 007, Loss: 0.6866
Epoch 008, Loss: 0.6578
Epoch 009, Loss: 0.6462
Epoch 010, Loss: 0.6890
Epoch 011, Loss: 0.7151
Epoch 012, Loss: 0.7043
Epoch 013, Loss: 0.6691
Epoch 014, Loss: 0.6394
Epoch 015, Loss: 0.6670
Epoch 016, Loss: 0.6254
Epoch 017, Loss: 0.6381
Epoch 018, Loss: 0.6061
Epoch 019, Loss: 0.6150
Epoch 020, Loss: 0.6272
Epoch 021, Loss: 0.6180
Epoch 022, Loss: 0.6559
Epoch 023, Loss: 0.6058
Epoch 024, Loss: 0.6253
Epoch 025, Loss: 0.5639
Epoch 026, Loss: 0.6157
Epoch 027, Loss: 0.5823
Epoch 028, Loss: 0.6184
Epoch 029, Loss: 0.5909
Epoch 030, Loss: 0.6515
Epoch 031, Loss: 0.5616
Epoch 032, Loss: 0.5792
Epoch 033, Loss: 0.5920
Epoch 034, Loss: 0.5654
Epoch 035, Loss: 0.5679
Epoch 036, Loss: 0.6203
Epoch 037, Loss: 0.6152
Epoch 038, Loss: 0.6224
Epoch 039, Loss: 0.6155
Epoch 040, Loss: 0.5631
Epoch 041, Loss: 0.5979
Epoch 042, Loss: 0.5249
Epoch 043, Loss: 0.5775
Epoch 044, Loss: 0.5865
Epoch 045, Loss: 0.6621
Epoch 046, Loss: 0.5836
Epoch 047, Loss: 0.5558
Epoch 048, Loss: 0.5575
Epoch 049, Loss: 0.5068
Epoch 050, Loss: 0.5747
Epoch 051, Loss: 0.5920
Epoch 052, Loss: 0.6072
Epoch 053, Loss: 0.5577
Epoch 054, Loss: 0.6153
Epoch 055, Loss: 0.5361
Epoch 056, Loss: 0.5651
Epoch 057, Loss: 0.5909
Epoch 058, Loss: 0.5785
Epoch 059, Loss: 0.5462
Epoch 060, Loss: 0.5465
Epoch 061, Loss: 0.5768
Epoch 062, Loss: 0.5428
Epoch 063, Loss: 0.5422
Epoch 064, Loss: 0.5753
Epoch 065, Loss: 0.5114
Epoch 066, Loss: 0.5194
Epoch 067, Loss: 0.5340
Epoch 068, Loss: 0.6364
Epoch 069, Loss: 0.6225
Epoch 070, Loss: 0.5272
Epoch 071, Loss: 0.5236
Epoch 072, Loss: 0.5472
Epoch 073, Loss: 0.5228
Epoch 074, Loss: 0.5243
Epoch 075, Loss: 0.5915
Epoch 076, Loss: 0.5418
Epoch 077, Loss: 0.5448
Epoch 078, Loss: 0.5185
Epoch 079, Loss: 0.4993
Epoch 080, Loss: 0.5543
Epoch 081, Loss: 0.5254
Epoch 082, Loss: 0.5340
Epoch 083, Loss: 0.5042
Epoch 084, Loss: 0.5180
Epoch 085, Loss: 0.5392
Epoch 086, Loss: 0.5309
Epoch 087, Loss: 0.5354
Epoch 088, Loss: 0.5489
Epoch 089, Loss: 0.5311
Epoch 090, Loss: 0.5142
Epoch 091, Loss: 0.5082
Epoch 092, Loss: 0.5491
Epoch 093, Loss: 0.4972
Epoch 094, Loss: 0.5188
Epoch 095, Loss: 0.5250
Epoch 096, Loss: 0.5245
Epoch 097, Loss: 0.4924
Epoch 098, Loss: 0.5041
Epoch 099, Loss: 0.4931
Epoch 100, Loss: 0.5584

Test RMSE: 0.7649
Test MAPE: 245530177306624.0000
Training time: 64.24 seconds
Model saved to Models/GCN_model_full.pkl

Metrics saved to Models/Graph_Neural_Training_metrics.csv

 **Final Training Results:**
node_size model_type  test_size     rmse         mape  training_time         model_file
       10   Q_values        0.2 0.697791 2.636824e-01      12.901593   GNN_model_10.pkl
       12   Q_values        0.2 0.782244 2.400844e-01      12.169161   GNN_model_12.pkl
       15   Q_values        0.2 0.788120 2.150022e-01      12.505344   GNN_model_15.pkl
       20   Q_values        0.2 0.967118 2.037015e-01      12.900052   GNN_model_20.pkl
       25   Q_values        0.2 1.492970 2.076840e-01      13.126361   GNN_model_25.pkl
     full   Q_values        0.2 0.764868 2.455302e+14      64.240032 GNN_model_full.pkl

 Training complete for all datasets!
  adding: Models/ (stored 0%)
  adding: Models/GCN_model_15.pkl (deflated 25%)
  adding: Models/Graph_Neural_Training_metrics.csv (deflated 50%)
  adding: Models/GCN_model_10.pkl (deflated 23%)
  adding: Models/GCN_model_12.pkl (deflated 21%)
  adding: Models/GCN_model_25.pkl (deflated 22%)
  adding: Models/GCN_model_full.pkl (deflated 21%)
  adding: Models/Graph_Neural_Training_results.txt (deflated 62%)
  adding: Models/GCN_model_20.pkl (deflated 22%)
