

Classical 10 nodes - Time: 2.1081s, Cut: 7.367707834609025/10.632612491532578
Graph Size:10
Execution N°:16
Model:xgboost
xgboost 10 nodes - Time: 0.2654s, Cut: 9.061348027018752/10.632612491532578
Graph Size:10
Execution N°:16
Model:MLP
MLP 10 nodes - Time: 0.0364s, Cut: 8.857210718822127/10.632612491532578
Classical 12 nodes - Time: 2.1429s, Cut: 11.33430660485819/15.456364148156602
Graph Size:12
Execution N°:16
Model:xgboost
xgboost 12 nodes - Time: 0.0823s, Cut: 13.315800863656321/15.456364148156602
Graph Size:12
Execution N°:16
Model:MLP
MLP 12 nodes - Time: 0.0317s, Cut: 9.882598285073028/15.456364148156602
Classical 15 nodes - Time: 3.9439s, Cut: 18.688852197827295/27.152751083383787
Graph Size:15
Execution N°:16
Model:xgboost
xgboost 15 nodes - Time: 0.0885s, Cut: 22.497163042016137/27.152751083383787
Graph Size:15
Execution N°:16
Model:MLP
MLP 15 nodes - Time: 0.0700s, Cut: 19.15061299199914/27.152751083383787
Classical 20 nodes - Time: 15.5094s, Cut: 26.61257276638841/35.195735700838355
Graph Size:20
Execution N°:16
Model:xgboost
xgboost 20 nodes - Time: 0.4780s, Cut: 28.90850823653975/35.195735700838355
Graph Size:20
Execution N°:16
Model:MLP
MLP 20 nodes - Time: 0.4919s, Cut: 30.23928988507419/35.195735700838355
Classical 25 nodes - Time: 530.9911s, Cut: 72.9083242684925/76.0729579053286
Graph Size:25
Execution N°:16
Model:xgboost
xgboost 25 nodes - Time: 22.1174s, Cut: 71.74477269993834/76.0729579053286
Graph Size:25
Execution N°:16
Model:MLP
MLP 25 nodes - Time: 22.3157s, Cut: 73.13456417182736/76.0729579053286

======================================================================
COMPREHENSIVE COMPARISON SUMMARY
======================================================================

======================================================================
Node Size: 10 | Optimal Cut: 10.632612491532578
======================================================================

Classical QAOA:
  Time: 2.1081s
  Cut: 7.367707834609025/10.632612491532578 (69.29%)

xgboost Model:
  Time: 0.2654s (speedup: 7.9x)
  Cut: 9.061348027018752/10.632612491532578 (85.22%)
  Quality vs Classical: +15.93%

MLP Model:
  Time: 0.0364s (speedup: 57.9x)
  Cut: 8.857210718822127/10.632612491532578 (83.30%)
  Quality vs Classical: +14.01%

======================================================================
Node Size: 12 | Optimal Cut: 15.456364148156602
======================================================================

Classical QAOA:
  Time: 2.1429s
  Cut: 11.33430660485819/15.456364148156602 (73.33%)

xgboost Model:
  Time: 0.0823s (speedup: 26.0x)
  Cut: 13.315800863656321/15.456364148156602 (86.15%)
  Quality vs Classical: +12.82%

MLP Model:
  Time: 0.0317s (speedup: 67.6x)
  Cut: 9.882598285073028/15.456364148156602 (63.94%)
  Quality vs Classical: -9.39%

======================================================================
Node Size: 15 | Optimal Cut: 27.152751083383787
======================================================================

Classical QAOA:
  Time: 3.9439s
  Cut: 18.688852197827295/27.152751083383787 (68.83%)

xgboost Model:
  Time: 0.0885s (speedup: 44.6x)
  Cut: 22.497163042016137/27.152751083383787 (82.85%)
  Quality vs Classical: +14.03%

MLP Model:
  Time: 0.0700s (speedup: 56.3x)
  Cut: 19.15061299199914/27.152751083383787 (70.53%)
  Quality vs Classical: +1.70%

======================================================================
Node Size: 20 | Optimal Cut: 35.195735700838355
======================================================================

Classical QAOA:
  Time: 15.5094s
  Cut: 26.61257276638841/35.195735700838355 (75.61%)

xgboost Model:
  Time: 0.4780s (speedup: 32.4x)
  Cut: 28.90850823653975/35.195735700838355 (82.14%)
  Quality vs Classical: +6.52%

MLP Model:
  Time: 0.4919s (speedup: 31.5x)
  Cut: 30.23928988507419/35.195735700838355 (85.92%)
  Quality vs Classical: +10.30%

======================================================================
Node Size: 25 | Optimal Cut: 76.0729579053286
======================================================================

Classical QAOA:
  Time: 530.9911s
  Cut: 72.9083242684925/76.0729579053286 (95.84%)

xgboost Model:
  Time: 22.1174s (speedup: 24.0x)
  Cut: 71.74477269993834/76.0729579053286 (94.31%)
  Quality vs Classical: -1.53%

MLP Model:
  Time: 22.3157s (speedup: 23.8x)
  Cut: 73.13456417182736/76.0729579053286 (96.14%)
  Quality vs Classical: +0.30%

======================================================================
OVERALL AVERAGES
======================================================================

Classical QAOA:
  Avg Time: 110.9391s
  Avg Approximation Ratio: 76.58%

xgboost Model:
  Avg Time: 4.6063s (avg speedup: 24.1x)
  Avg Approximation Ratio: 86.13%
  Quality Difference: +9.55%

MLP Model:
  Avg Time: 4.5892s (avg speedup: 24.2x)
  Avg Approximation Ratio: 79.97%
  Quality Difference: +3.38%
  adding: Models/qaoa_vs_ml/V2/execution_16/comparison_comprehensive.png (deflated 14%)
  adding: Models/qaoa_vs_ml/V2/execution_16/detailed_timing_analysis.png (deflated 16%)
  adding: Models/qaoa_vs_ml/V2/execution_16/MLP_model_10_Circuit.pkl (deflated 5%)
  adding: Models/qaoa_vs_ml/V2/execution_16/MLP_model_10.pkl (deflated 5%)
  adding: Models/qaoa_vs_ml/V2/execution_16/MLP_model_12_Circuit.pkl (deflated 5%)
  adding: Models/qaoa_vs_ml/V2/execution_16/MLP_model_12.pkl (deflated 5%)
  adding: Models/qaoa_vs_ml/V2/execution_16/MLP_model_15_Circuit.pkl (deflated 5%)
  adding: Models/qaoa_vs_ml/V2/execution_16/MLP_model_15.pkl (deflated 5%)
  adding: Models/qaoa_vs_ml/V2/execution_16/MLP_model_20_Circuit.pkl (deflated 5%)
  adding: Models/qaoa_vs_ml/V2/execution_16/MLP_model_20.pkl (deflated 4%)
  adding: Models/qaoa_vs_ml/V2/execution_16/MLP_model_25_Circuit.pkl (deflated 5%)
  adding: Models/qaoa_vs_ml/V2/execution_16/MLP_model_25.pkl (deflated 4%)
  adding: Models/qaoa_vs_ml/V2/execution_16/MLP_model_full_Circuit.pkl (deflated 5%)
  adding: Models/qaoa_vs_ml/V2/execution_16/MLP_model_full.pkl (deflated 4%)
  adding: Models/qaoa_vs_ml/V2/execution_16/vanila_vs_ml.csv (deflated 51%)
  adding: Models/qaoa_vs_ml/V2/execution_16/xgboost_model_10_Circuit.pkl (deflated 83%)
  adding: Models/qaoa_vs_ml/V2/execution_16/xgboost_model_10.pkl (deflated 85%)
  adding: Models/qaoa_vs_ml/V2/execution_16/xgboost_model_12_Circuit.pkl (deflated 83%)
  adding: Models/qaoa_vs_ml/V2/execution_16/xgboost_model_12.pkl (deflated 86%)
  adding: Models/qaoa_vs_ml/V2/execution_16/xgboost_model_15_Circuit.pkl (deflated 83%)
  adding: Models/qaoa_vs_ml/V2/execution_16/xgboost_model_15.pkl (deflated 87%)
  adding: Models/qaoa_vs_ml/V2/execution_16/xgboost_model_20_Circuit.pkl (deflated 83%)
  adding: Models/qaoa_vs_ml/V2/execution_16/xgboost_model_20.pkl (deflated 87%)
  adding: Models/qaoa_vs_ml/V2/execution_16/xgboost_model_25_Circuit.pkl (deflated 83%)
  adding: Models/qaoa_vs_ml/V2/execution_16/xgboost_model_25.pkl (deflated 87%)
  adding: Models/qaoa_vs_ml/V2/execution_16/xgboost_model_full_Circuit.pkl (deflated 81%)
  adding: Models/qaoa_vs_ml/V2/execution_16/xgboost_model_full.pkl (deflated 79%)
