

Classical 10 nodes - Time: 2.3942s, Cut: 11.777935366108215/12.666579869689954
Graph Size:10
Execution N°:18
Model:xgboost
xgboost 10 nodes - Time: 0.1149s, Cut: 9.7749554873789/12.666579869689954
Graph Size:10
Execution N°:18
Model:MLP
MLP 10 nodes - Time: 0.0237s, Cut: 9.629824327881437/12.666579869689954
Classical 12 nodes - Time: 2.5168s, Cut: 12.78416483631819/18.050721430771894
Graph Size:12
Execution N°:18
Model:xgboost
xgboost 12 nodes - Time: 0.0888s, Cut: 14.479645551782024/18.050721430771894
Graph Size:12
Execution N°:18
Model:MLP
MLP 12 nodes - Time: 0.0536s, Cut: 14.660140445983366/18.050721430771894
Classical 15 nodes - Time: 3.4593s, Cut: 15.907977950964089/23.113927139957877
Graph Size:15
Execution N°:18
Model:xgboost
xgboost 15 nodes - Time: 0.1053s, Cut: 18.664455950261598/23.113927139957877
Graph Size:15
Execution N°:18
Model:MLP
MLP 15 nodes - Time: 0.1105s, Cut: 18.622601772726842/23.113927139957877
Classical 20 nodes - Time: 18.9694s, Cut: 36.64380689120272/38.04901159450404
Graph Size:20
Execution N°:18
Model:xgboost
xgboost 20 nodes - Time: 0.9072s, Cut: 31.11002833590472/38.04901159450404
Graph Size:20
Execution N°:18
Model:MLP
MLP 20 nodes - Time: 0.9811s, Cut: 36.77298911950306/38.04901159450404
Classical 25 nodes - Time: 637.1112s, Cut: 47.136122358632754/56.80074875086644
Graph Size:25
Execution N°:18
Model:xgboost
xgboost 25 nodes - Time: 27.1429s, Cut: 51.929898908174856/56.80074875086644
Graph Size:25
Execution N°:18
Model:MLP
MLP 25 nodes - Time: 27.0358s, Cut: 48.24985861488601/56.80074875086644

======================================================================
COMPREHENSIVE COMPARISON SUMMARY
======================================================================

======================================================================
Node Size: 10 | Optimal Cut: 12.666579869689954
======================================================================

Classical QAOA:
  Time: 2.3942s
  Cut: 11.777935366108215/12.666579869689954 (92.98%)

xgboost Model:
  Time: 0.1149s (speedup: 20.8x)
  Cut: 9.7749554873789/12.666579869689954 (77.17%)
  Quality vs Classical: -15.81%

MLP Model:
  Time: 0.0237s (speedup: 101.2x)
  Cut: 9.629824327881437/12.666579869689954 (76.03%)
  Quality vs Classical: -16.96%

======================================================================
Node Size: 12 | Optimal Cut: 18.050721430771894
======================================================================

Classical QAOA:
  Time: 2.5168s
  Cut: 12.78416483631819/18.050721430771894 (70.82%)

xgboost Model:
  Time: 0.0888s (speedup: 28.3x)
  Cut: 14.479645551782024/18.050721430771894 (80.22%)
  Quality vs Classical: +9.39%

MLP Model:
  Time: 0.0536s (speedup: 47.0x)
  Cut: 14.660140445983366/18.050721430771894 (81.22%)
  Quality vs Classical: +10.39%

======================================================================
Node Size: 15 | Optimal Cut: 23.113927139957877
======================================================================

Classical QAOA:
  Time: 3.4593s
  Cut: 15.907977950964089/23.113927139957877 (68.82%)

xgboost Model:
  Time: 0.1053s (speedup: 32.8x)
  Cut: 18.664455950261598/23.113927139957877 (80.75%)
  Quality vs Classical: +11.93%

MLP Model:
  Time: 0.1105s (speedup: 31.3x)
  Cut: 18.622601772726842/23.113927139957877 (80.57%)
  Quality vs Classical: +11.74%

======================================================================
Node Size: 20 | Optimal Cut: 38.04901159450404
======================================================================

Classical QAOA:
  Time: 18.9694s
  Cut: 36.64380689120272/38.04901159450404 (96.31%)

xgboost Model:
  Time: 0.9072s (speedup: 20.9x)
  Cut: 31.11002833590472/38.04901159450404 (81.76%)
  Quality vs Classical: -14.54%

MLP Model:
  Time: 0.9811s (speedup: 19.3x)
  Cut: 36.77298911950306/38.04901159450404 (96.65%)
  Quality vs Classical: +0.34%

======================================================================
Node Size: 25 | Optimal Cut: 56.80074875086644
======================================================================

Classical QAOA:
  Time: 637.1112s
  Cut: 47.136122358632754/56.80074875086644 (82.99%)

xgboost Model:
  Time: 27.1429s (speedup: 23.5x)
  Cut: 51.929898908174856/56.80074875086644 (91.42%)
  Quality vs Classical: +8.44%

MLP Model:
  Time: 27.0358s (speedup: 23.6x)
  Cut: 48.24985861488601/56.80074875086644 (84.95%)
  Quality vs Classical: +1.96%

======================================================================
OVERALL AVERAGES
======================================================================

Classical QAOA:
  Avg Time: 132.8902s
  Avg Approximation Ratio: 82.38%

xgboost Model:
  Avg Time: 5.6718s (avg speedup: 23.4x)
  Avg Approximation Ratio: 82.27%
  Quality Difference: -0.12%

MLP Model:
  Avg Time: 5.6409s (avg speedup: 23.6x)
  Avg Approximation Ratio: 83.88%
  Quality Difference: +1.50%
  adding: Models/qaoa_vs_ml/V1/execution_18/comparison_comprehensive.png (deflated 14%)
  adding: Models/qaoa_vs_ml/V1/execution_18/detailed_timing_analysis.png (deflated 19%)
  adding: Models/qaoa_vs_ml/V1/execution_18/MLP_model_10_Circuit.pkl (deflated 5%)
  adding: Models/qaoa_vs_ml/V1/execution_18/MLP_model_10.pkl (deflated 5%)
  adding: Models/qaoa_vs_ml/V1/execution_18/MLP_model_12_Circuit.pkl (deflated 5%)
  adding: Models/qaoa_vs_ml/V1/execution_18/MLP_model_12.pkl (deflated 5%)
  adding: Models/qaoa_vs_ml/V1/execution_18/MLP_model_15_Circuit.pkl (deflated 5%)
  adding: Models/qaoa_vs_ml/V1/execution_18/MLP_model_15.pkl (deflated 5%)
  adding: Models/qaoa_vs_ml/V1/execution_18/MLP_model_20_Circuit.pkl (deflated 5%)
  adding: Models/qaoa_vs_ml/V1/execution_18/MLP_model_20.pkl (deflated 4%)
  adding: Models/qaoa_vs_ml/V1/execution_18/MLP_model_25_Circuit.pkl (deflated 5%)
  adding: Models/qaoa_vs_ml/V1/execution_18/MLP_model_25.pkl (deflated 4%)
  adding: Models/qaoa_vs_ml/V1/execution_18/MLP_model_full_Circuit.pkl (deflated 5%)
  adding: Models/qaoa_vs_ml/V1/execution_18/MLP_model_full.pkl (deflated 4%)
  adding: Models/qaoa_vs_ml/V1/execution_18/vanila_vs_ml.csv (deflated 51%)
  adding: Models/qaoa_vs_ml/V1/execution_18/xgboost_model_10_Circuit.pkl (deflated 83%)
  adding: Models/qaoa_vs_ml/V1/execution_18/xgboost_model_10.pkl (deflated 86%)
  adding: Models/qaoa_vs_ml/V1/execution_18/xgboost_model_12_Circuit.pkl (deflated 83%)
  adding: Models/qaoa_vs_ml/V1/execution_18/xgboost_model_12.pkl (deflated 86%)
  adding: Models/qaoa_vs_ml/V1/execution_18/xgboost_model_15_Circuit.pkl (deflated 83%)
  adding: Models/qaoa_vs_ml/V1/execution_18/xgboost_model_15.pkl (deflated 87%)
  adding: Models/qaoa_vs_ml/V1/execution_18/xgboost_model_20_Circuit.pkl (deflated 83%)
  adding: Models/qaoa_vs_ml/V1/execution_18/xgboost_model_20.pkl (deflated 87%)
  adding: Models/qaoa_vs_ml/V1/execution_18/xgboost_model_25_Circuit.pkl (deflated 83%)
  adding: Models/qaoa_vs_ml/V1/execution_18/xgboost_model_25.pkl (deflated 87%)
  adding: Models/qaoa_vs_ml/V1/execution_18/xgboost_model_full_Circuit.pkl (deflated 81%)
  adding: Models/qaoa_vs_ml/V1/execution_18/xgboost_model_full.pkl (deflated 79%)
