

Classical 10 nodes - Time: 1.3868s, Cut: 10.427199873404701/11.39756695611365
Graph Size:10
Execution N°:23
Model:xgboost
xgboost 10 nodes - Time: 0.6626s, Cut: 8.037122629741301/11.39756695611365
Graph Size:10
Execution N°:23
Model:MLP
MLP 10 nodes - Time: 0.1328s, Cut: 9.76568792676946/11.39756695611365
Classical 12 nodes - Time: 2.2143s, Cut: 8.067998101165825/14.141076993347255
Graph Size:12
Execution N°:23
Model:xgboost
xgboost 12 nodes - Time: 0.0444s, Cut: 6.068720398093639/14.141076993347255
Graph Size:12
Execution N°:23
Model:MLP
MLP 12 nodes - Time: 0.0176s, Cut: 9.18197999199916/14.141076993347255
Classical 15 nodes - Time: 3.4770s, Cut: 25.936948987972627/31.611437341383073
Graph Size:15
Execution N°:23
Model:xgboost
xgboost 15 nodes - Time: 0.0707s, Cut: 16.835646500029682/31.611437341383073
Graph Size:15
Execution N°:23
Model:MLP
MLP 15 nodes - Time: 0.0424s, Cut: 26.69598799169844/31.611437341383073
Classical 20 nodes - Time: 16.8539s, Cut: 41.915768678535166/41.66179802768427
Graph Size:20
Execution N°:23
Model:xgboost
xgboost 20 nodes - Time: 0.4728s, Cut: 37.604278811526946/41.66179802768427
Graph Size:20
Execution N°:23
Model:MLP
MLP 20 nodes - Time: 0.4724s, Cut: 37.67406213804581/41.66179802768427
Classical 25 nodes - Time: 504.9560s, Cut: 75.74725625449582/76.0729579053286
Graph Size:25
Execution N°:23
Model:xgboost
xgboost 25 nodes - Time: 16.8000s, Cut: 67.5810498039606/76.0729579053286
Graph Size:25
Execution N°:23
Model:MLP
MLP 25 nodes - Time: 16.2643s, Cut: 69.23499160107154/76.0729579053286

======================================================================
COMPREHENSIVE COMPARISON SUMMARY
======================================================================

======================================================================
Node Size: 10 | Optimal Cut: 11.39756695611365
======================================================================

Classical QAOA:
  Time: 1.3868s
  Cut: 10.427199873404701/11.39756695611365 (91.49%)

xgboost Model:
  Time: 0.6626s (speedup: 2.1x)
  Cut: 8.037122629741301/11.39756695611365 (70.52%)
  Quality vs Classical: -20.97%

MLP Model:
  Time: 0.1328s (speedup: 10.4x)
  Cut: 9.76568792676946/11.39756695611365 (85.68%)
  Quality vs Classical: -5.80%

======================================================================
Node Size: 12 | Optimal Cut: 14.141076993347255
======================================================================

Classical QAOA:
  Time: 2.2143s
  Cut: 8.067998101165825/14.141076993347255 (57.05%)

xgboost Model:
  Time: 0.0444s (speedup: 49.9x)
  Cut: 6.068720398093639/14.141076993347255 (42.92%)
  Quality vs Classical: -14.14%

MLP Model:
  Time: 0.0176s (speedup: 126.1x)
  Cut: 9.18197999199916/14.141076993347255 (64.93%)
  Quality vs Classical: +7.88%

======================================================================
Node Size: 15 | Optimal Cut: 31.611437341383073
======================================================================

Classical QAOA:
  Time: 3.4770s
  Cut: 25.936948987972627/31.611437341383073 (82.05%)

xgboost Model:
  Time: 0.0707s (speedup: 49.2x)
  Cut: 16.835646500029682/31.611437341383073 (53.26%)
  Quality vs Classical: -28.79%

MLP Model:
  Time: 0.0424s (speedup: 81.9x)
  Cut: 26.69598799169844/31.611437341383073 (84.45%)
  Quality vs Classical: +2.40%

======================================================================
Node Size: 20 | Optimal Cut: 41.66179802768427
======================================================================

Classical QAOA:
  Time: 16.8539s
  Cut: 41.915768678535166/41.66179802768427 (100.61%)

xgboost Model:
  Time: 0.4728s (speedup: 35.6x)
  Cut: 37.604278811526946/41.66179802768427 (90.26%)
  Quality vs Classical: -10.35%

MLP Model:
  Time: 0.4724s (speedup: 35.7x)
  Cut: 37.67406213804581/41.66179802768427 (90.43%)
  Quality vs Classical: -10.18%

======================================================================
Node Size: 25 | Optimal Cut: 76.0729579053286
======================================================================

Classical QAOA:
  Time: 504.9560s
  Cut: 75.74725625449582/76.0729579053286 (99.57%)

xgboost Model:
  Time: 16.8000s (speedup: 30.1x)
  Cut: 67.5810498039606/76.0729579053286 (88.84%)
  Quality vs Classical: -10.73%

MLP Model:
  Time: 16.2643s (speedup: 31.0x)
  Cut: 69.23499160107154/76.0729579053286 (91.01%)
  Quality vs Classical: -8.56%

======================================================================
OVERALL AVERAGES
======================================================================

Classical QAOA:
  Avg Time: 105.7776s
  Avg Approximation Ratio: 86.15%

xgboost Model:
  Avg Time: 3.6101s (avg speedup: 29.3x)
  Avg Approximation Ratio: 69.16%
  Quality Difference: -17.00%

MLP Model:
  Avg Time: 3.3859s (avg speedup: 31.2x)
  Avg Approximation Ratio: 83.30%
  Quality Difference: -2.85%
  adding: Models/qaoa_vs_ml/V1/execution_23/comparison_comprehensive.png (deflated 13%)
  adding: Models/qaoa_vs_ml/V1/execution_23/detailed_timing_analysis.png (deflated 17%)
  adding: Models/qaoa_vs_ml/V1/execution_23/MLP_model_10_Circuit.pkl (deflated 5%)
  adding: Models/qaoa_vs_ml/V1/execution_23/MLP_model_10.pkl (deflated 5%)
  adding: Models/qaoa_vs_ml/V1/execution_23/MLP_model_12_Circuit.pkl (deflated 5%)
  adding: Models/qaoa_vs_ml/V1/execution_23/MLP_model_12.pkl (deflated 5%)
  adding: Models/qaoa_vs_ml/V1/execution_23/MLP_model_15_Circuit.pkl (deflated 5%)
  adding: Models/qaoa_vs_ml/V1/execution_23/MLP_model_15.pkl (deflated 5%)
  adding: Models/qaoa_vs_ml/V1/execution_23/MLP_model_20_Circuit.pkl (deflated 5%)
  adding: Models/qaoa_vs_ml/V1/execution_23/MLP_model_20.pkl (deflated 4%)
  adding: Models/qaoa_vs_ml/V1/execution_23/MLP_model_25_Circuit.pkl (deflated 5%)
  adding: Models/qaoa_vs_ml/V1/execution_23/MLP_model_25.pkl (deflated 4%)
  adding: Models/qaoa_vs_ml/V1/execution_23/MLP_model_full_Circuit.pkl (deflated 5%)
  adding: Models/qaoa_vs_ml/V1/execution_23/MLP_model_full.pkl (deflated 4%)
  adding: Models/qaoa_vs_ml/V1/execution_23/vanila_vs_ml.csv (deflated 50%)
  adding: Models/qaoa_vs_ml/V1/execution_23/xgboost_model_10_Circuit.pkl (deflated 83%)
  adding: Models/qaoa_vs_ml/V1/execution_23/xgboost_model_10.pkl (deflated 85%)
  adding: Models/qaoa_vs_ml/V1/execution_23/xgboost_model_12_Circuit.pkl (deflated 83%)
  adding: Models/qaoa_vs_ml/V1/execution_23/xgboost_model_12.pkl (deflated 86%)
  adding: Models/qaoa_vs_ml/V1/execution_23/xgboost_model_15_Circuit.pkl (deflated 83%)
  adding: Models/qaoa_vs_ml/V1/execution_23/xgboost_model_15.pkl (deflated 87%)
  adding: Models/qaoa_vs_ml/V1/execution_23/xgboost_model_20_Circuit.pkl (deflated 83%)
  adding: Models/qaoa_vs_ml/V1/execution_23/xgboost_model_20.pkl (deflated 87%)
  adding: Models/qaoa_vs_ml/V1/execution_23/xgboost_model_25_Circuit.pkl (deflated 83%)
  adding: Models/qaoa_vs_ml/V1/execution_23/xgboost_model_25.pkl (deflated 87%)
  adding: Models/qaoa_vs_ml/V1/execution_23/xgboost_model_full_Circuit.pkl (deflated 81%)
  adding: Models/qaoa_vs_ml/V1/execution_23/xgboost_model_full.pkl (deflated 79%)
