

Classical 10 nodes - Time: 2.0412s, Cut: 9.724717070280931/11.89542687912485
Graph Size:10
Execution N°:32
Model:xgboost
xgboost 10 nodes - Time: 0.0878s, Cut: 10.130910777473048/11.89542687912485
Graph Size:10
Execution N°:32
Model:MLP
MLP 10 nodes - Time: 0.0158s, Cut: 9.340819543890277/11.89542687912485
Classical 12 nodes - Time: 2.0943s, Cut: 8.684597870242749/13.460313072224938
Graph Size:12
Execution N°:32
Model:xgboost
xgboost 12 nodes - Time: 0.0482s, Cut: 8.621572976258784/13.460313072224938
Graph Size:12
Execution N°:32
Model:MLP
MLP 12 nodes - Time: 0.0223s, Cut: 9.294945949618043/13.460313072224938
Classical 15 nodes - Time: 3.9566s, Cut: 21.047139832446216/29.060120553835972
Graph Size:15
Execution N°:32
Model:xgboost
xgboost 15 nodes - Time: 0.0836s, Cut: 22.16594304975092/29.060120553835972
Graph Size:15
Execution N°:32
Model:MLP
MLP 15 nodes - Time: 0.0672s, Cut: 25.392400721871457/29.060120553835972
Classical 20 nodes - Time: 13.8702s, Cut: 37.087624475070335/43.49090241846851
Graph Size:20
Execution N°:32
Model:xgboost
xgboost 20 nodes - Time: 0.4382s, Cut: 43.62547914634568/43.49090241846851
Graph Size:20
Execution N°:32
Model:MLP
MLP 20 nodes - Time: 0.4292s, Cut: 40.411173472199145/43.49090241846851
Classical 25 nodes - Time: 431.3492s, Cut: 42.752915769995106/57.55570784083875
Graph Size:25
Execution N°:32
Model:xgboost
xgboost 25 nodes - Time: 14.7585s, Cut: 53.80354907357259/57.55570784083875
Graph Size:25
Execution N°:32
Model:MLP
MLP 25 nodes - Time: 14.8723s, Cut: 51.05588515640753/57.55570784083875

======================================================================
COMPREHENSIVE COMPARISON SUMMARY
======================================================================

======================================================================
Node Size: 10 | Optimal Cut: 11.89542687912485
======================================================================

Classical QAOA:
  Time: 2.0412s
  Cut: 9.724717070280931/11.89542687912485 (81.75%)

xgboost Model:
  Time: 0.0878s (speedup: 23.3x)
  Cut: 10.130910777473048/11.89542687912485 (85.17%)
  Quality vs Classical: +3.41%

MLP Model:
  Time: 0.0158s (speedup: 128.9x)
  Cut: 9.340819543890277/11.89542687912485 (78.52%)
  Quality vs Classical: -3.23%

======================================================================
Node Size: 12 | Optimal Cut: 13.460313072224938
======================================================================

Classical QAOA:
  Time: 2.0943s
  Cut: 8.684597870242749/13.460313072224938 (64.52%)

xgboost Model:
  Time: 0.0482s (speedup: 43.4x)
  Cut: 8.621572976258784/13.460313072224938 (64.05%)
  Quality vs Classical: -0.47%

MLP Model:
  Time: 0.0223s (speedup: 93.9x)
  Cut: 9.294945949618043/13.460313072224938 (69.05%)
  Quality vs Classical: +4.53%

======================================================================
Node Size: 15 | Optimal Cut: 29.060120553835972
======================================================================

Classical QAOA:
  Time: 3.9566s
  Cut: 21.047139832446216/29.060120553835972 (72.43%)

xgboost Model:
  Time: 0.0836s (speedup: 47.3x)
  Cut: 22.16594304975092/29.060120553835972 (76.28%)
  Quality vs Classical: +3.85%

MLP Model:
  Time: 0.0672s (speedup: 58.9x)
  Cut: 25.392400721871457/29.060120553835972 (87.38%)
  Quality vs Classical: +14.95%

======================================================================
Node Size: 20 | Optimal Cut: 43.49090241846851
======================================================================

Classical QAOA:
  Time: 13.8702s
  Cut: 37.087624475070335/43.49090241846851 (85.28%)

xgboost Model:
  Time: 0.4382s (speedup: 31.7x)
  Cut: 43.62547914634568/43.49090241846851 (100.31%)
  Quality vs Classical: +15.03%

MLP Model:
  Time: 0.4292s (speedup: 32.3x)
  Cut: 40.411173472199145/43.49090241846851 (92.92%)
  Quality vs Classical: +7.64%

======================================================================
Node Size: 25 | Optimal Cut: 57.55570784083875
======================================================================

Classical QAOA:
  Time: 431.3492s
  Cut: 42.752915769995106/57.55570784083875 (74.28%)

xgboost Model:
  Time: 14.7585s (speedup: 29.2x)
  Cut: 53.80354907357259/57.55570784083875 (93.48%)
  Quality vs Classical: +19.20%

MLP Model:
  Time: 14.8723s (speedup: 29.0x)
  Cut: 51.05588515640753/57.55570784083875 (88.71%)
  Quality vs Classical: +14.43%

======================================================================
OVERALL AVERAGES
======================================================================

Classical QAOA:
  Avg Time: 90.6623s
  Avg Approximation Ratio: 75.65%

xgboost Model:
  Avg Time: 3.0832s (avg speedup: 29.4x)
  Avg Approximation Ratio: 83.86%
  Quality Difference: +8.21%

MLP Model:
  Avg Time: 3.0814s (avg speedup: 29.4x)
  Avg Approximation Ratio: 83.32%
  Quality Difference: +7.67%
  adding: Models/qaoa_vs_ml/V2/execution_32/comparison_comprehensive.png (deflated 14%)
  adding: Models/qaoa_vs_ml/V2/execution_32/detailed_timing_analysis.png (deflated 18%)
  adding: Models/qaoa_vs_ml/V2/execution_32/MLP_model_10_Circuit.pkl (deflated 5%)
  adding: Models/qaoa_vs_ml/V2/execution_32/MLP_model_10.pkl (deflated 5%)
  adding: Models/qaoa_vs_ml/V2/execution_32/MLP_model_12_Circuit.pkl (deflated 5%)
  adding: Models/qaoa_vs_ml/V2/execution_32/MLP_model_12.pkl (deflated 5%)
  adding: Models/qaoa_vs_ml/V2/execution_32/MLP_model_15_Circuit.pkl (deflated 5%)
  adding: Models/qaoa_vs_ml/V2/execution_32/MLP_model_15.pkl (deflated 5%)
  adding: Models/qaoa_vs_ml/V2/execution_32/MLP_model_20_Circuit.pkl (deflated 5%)
  adding: Models/qaoa_vs_ml/V2/execution_32/MLP_model_20.pkl (deflated 4%)
  adding: Models/qaoa_vs_ml/V2/execution_32/MLP_model_25_Circuit.pkl (deflated 5%)
  adding: Models/qaoa_vs_ml/V2/execution_32/MLP_model_25.pkl (deflated 4%)
  adding: Models/qaoa_vs_ml/V2/execution_32/MLP_model_full_Circuit.pkl (deflated 5%)
  adding: Models/qaoa_vs_ml/V2/execution_32/MLP_model_full.pkl (deflated 4%)
  adding: Models/qaoa_vs_ml/V2/execution_32/vanila_vs_ml.csv (deflated 51%)
  adding: Models/qaoa_vs_ml/V2/execution_32/xgboost_model_10_Circuit.pkl (deflated 83%)
  adding: Models/qaoa_vs_ml/V2/execution_32/xgboost_model_10.pkl (deflated 86%)
  adding: Models/qaoa_vs_ml/V2/execution_32/xgboost_model_12_Circuit.pkl (deflated 83%)
  adding: Models/qaoa_vs_ml/V2/execution_32/xgboost_model_12.pkl (deflated 86%)
  adding: Models/qaoa_vs_ml/V2/execution_32/xgboost_model_15_Circuit.pkl (deflated 83%)
  adding: Models/qaoa_vs_ml/V2/execution_32/xgboost_model_15.pkl (deflated 87%)
  adding: Models/qaoa_vs_ml/V2/execution_32/xgboost_model_20_Circuit.pkl (deflated 83%)
  adding: Models/qaoa_vs_ml/V2/execution_32/xgboost_model_20.pkl (deflated 87%)
  adding: Models/qaoa_vs_ml/V2/execution_32/xgboost_model_25_Circuit.pkl (deflated 83%)
  adding: Models/qaoa_vs_ml/V2/execution_32/xgboost_model_25.pkl (deflated 87%)
  adding: Models/qaoa_vs_ml/V2/execution_32/xgboost_model_full_Circuit.pkl (deflated 81%)
  adding: Models/qaoa_vs_ml/V2/execution_32/xgboost_model_full.pkl (deflated 79%)
