

Classical 10 nodes - Time: 1.3478s, Cut: 8.51942639283137/9.020136792506113
Graph Size:10
Execution N°:20
Model:xgboost
xgboost 10 nodes - Time: 0.0779s, Cut: 7.2487125365588065/9.020136792506113
Graph Size:10
Execution N°:20
Model:MLP
MLP 10 nodes - Time: 0.0188s, Cut: 5.5527797715697975/9.020136792506113
Classical 12 nodes - Time: 1.5016s, Cut: 12.056360967881867/15.720966265965977
Graph Size:12
Execution N°:20
Model:xgboost
xgboost 12 nodes - Time: 0.0660s, Cut: 13.141826669451284/15.720966265965977
Graph Size:12
Execution N°:20
Model:MLP
MLP 12 nodes - Time: 0.0249s, Cut: 13.2389498312571/15.720966265965977
Classical 15 nodes - Time: 2.7867s, Cut: 18.768842900060505/27.021953761902108
Graph Size:15
Execution N°:20
Model:xgboost
xgboost 15 nodes - Time: 0.0654s, Cut: 22.69691875350245/27.021953761902108
Graph Size:15
Execution N°:20
Model:MLP
MLP 15 nodes - Time: 0.0462s, Cut: 18.09291049068845/27.021953761902108
Classical 20 nodes - Time: 12.3800s, Cut: 27.07369841942695/30.1023704776864
Graph Size:20
Execution N°:20
Model:xgboost
xgboost 20 nodes - Time: 0.4188s, Cut: 25.103594654489342/30.1023704776864
Graph Size:20
Execution N°:20
Model:MLP
MLP 20 nodes - Time: 0.4536s, Cut: 18.89225391094072/30.1023704776864
Classical 25 nodes - Time: 509.4368s, Cut: 78.30538442316664/83.49416969677304
Graph Size:25
Execution N°:20
Model:xgboost
xgboost 25 nodes - Time: 17.4181s, Cut: 78.24662720964292/83.49416969677304
Graph Size:25
Execution N°:20
Model:MLP
MLP 25 nodes - Time: 17.4055s, Cut: 70.60969089009402/83.49416969677304

======================================================================
COMPREHENSIVE COMPARISON SUMMARY
======================================================================

======================================================================
Node Size: 10 | Optimal Cut: 9.020136792506113
======================================================================

Classical QAOA:
  Time: 1.3478s
  Cut: 8.51942639283137/9.020136792506113 (94.45%)

xgboost Model:
  Time: 0.0779s (speedup: 17.3x)
  Cut: 7.2487125365588065/9.020136792506113 (80.36%)
  Quality vs Classical: -14.09%

MLP Model:
  Time: 0.0188s (speedup: 71.5x)
  Cut: 5.5527797715697975/9.020136792506113 (61.56%)
  Quality vs Classical: -32.89%

======================================================================
Node Size: 12 | Optimal Cut: 15.720966265965977
======================================================================

Classical QAOA:
  Time: 1.5016s
  Cut: 12.056360967881867/15.720966265965977 (76.69%)

xgboost Model:
  Time: 0.0660s (speedup: 22.7x)
  Cut: 13.141826669451284/15.720966265965977 (83.59%)
  Quality vs Classical: +6.90%

MLP Model:
  Time: 0.0249s (speedup: 60.3x)
  Cut: 13.2389498312571/15.720966265965977 (84.21%)
  Quality vs Classical: +7.52%

======================================================================
Node Size: 15 | Optimal Cut: 27.021953761902108
======================================================================

Classical QAOA:
  Time: 2.7867s
  Cut: 18.768842900060505/27.021953761902108 (69.46%)

xgboost Model:
  Time: 0.0654s (speedup: 42.6x)
  Cut: 22.69691875350245/27.021953761902108 (83.99%)
  Quality vs Classical: +14.54%

MLP Model:
  Time: 0.0462s (speedup: 60.3x)
  Cut: 18.09291049068845/27.021953761902108 (66.96%)
  Quality vs Classical: -2.50%

======================================================================
Node Size: 20 | Optimal Cut: 30.1023704776864
======================================================================

Classical QAOA:
  Time: 12.3800s
  Cut: 27.07369841942695/30.1023704776864 (89.94%)

xgboost Model:
  Time: 0.4188s (speedup: 29.6x)
  Cut: 25.103594654489342/30.1023704776864 (83.39%)
  Quality vs Classical: -6.54%

MLP Model:
  Time: 0.4536s (speedup: 27.3x)
  Cut: 18.89225391094072/30.1023704776864 (62.76%)
  Quality vs Classical: -27.18%

======================================================================
Node Size: 25 | Optimal Cut: 83.49416969677304
======================================================================

Classical QAOA:
  Time: 509.4368s
  Cut: 78.30538442316664/83.49416969677304 (93.79%)

xgboost Model:
  Time: 17.4181s (speedup: 29.2x)
  Cut: 78.24662720964292/83.49416969677304 (93.72%)
  Quality vs Classical: -0.07%

MLP Model:
  Time: 17.4055s (speedup: 29.3x)
  Cut: 70.60969089009402/83.49416969677304 (84.57%)
  Quality vs Classical: -9.22%

======================================================================
OVERALL AVERAGES
======================================================================

Classical QAOA:
  Avg Time: 105.4906s
  Avg Approximation Ratio: 84.86%

xgboost Model:
  Avg Time: 3.6093s (avg speedup: 29.2x)
  Avg Approximation Ratio: 85.01%
  Quality Difference: +0.15%

MLP Model:
  Avg Time: 3.5898s (avg speedup: 29.4x)
  Avg Approximation Ratio: 72.01%
  Quality Difference: -12.85%
  adding: Models/qaoa_vs_ml/V1/execution_20/comparison_comprehensive.png (deflated 14%)
  adding: Models/qaoa_vs_ml/V1/execution_20/detailed_timing_analysis.png (deflated 17%)
  adding: Models/qaoa_vs_ml/V1/execution_20/MLP_model_10_Circuit.pkl (deflated 5%)
  adding: Models/qaoa_vs_ml/V1/execution_20/MLP_model_10.pkl (deflated 5%)
  adding: Models/qaoa_vs_ml/V1/execution_20/MLP_model_12_Circuit.pkl (deflated 5%)
  adding: Models/qaoa_vs_ml/V1/execution_20/MLP_model_12.pkl (deflated 5%)
  adding: Models/qaoa_vs_ml/V1/execution_20/MLP_model_15_Circuit.pkl (deflated 5%)
  adding: Models/qaoa_vs_ml/V1/execution_20/MLP_model_15.pkl (deflated 5%)
  adding: Models/qaoa_vs_ml/V1/execution_20/MLP_model_20_Circuit.pkl (deflated 5%)
  adding: Models/qaoa_vs_ml/V1/execution_20/MLP_model_20.pkl (deflated 4%)
  adding: Models/qaoa_vs_ml/V1/execution_20/MLP_model_25_Circuit.pkl (deflated 5%)
  adding: Models/qaoa_vs_ml/V1/execution_20/MLP_model_25.pkl (deflated 4%)
  adding: Models/qaoa_vs_ml/V1/execution_20/MLP_model_full_Circuit.pkl (deflated 5%)
  adding: Models/qaoa_vs_ml/V1/execution_20/MLP_model_full.pkl (deflated 5%)
  adding: Models/qaoa_vs_ml/V1/execution_20/vanila_vs_ml.csv (deflated 51%)
  adding: Models/qaoa_vs_ml/V1/execution_20/xgboost_model_10_Circuit.pkl (deflated 83%)
  adding: Models/qaoa_vs_ml/V1/execution_20/xgboost_model_10.pkl (deflated 85%)
  adding: Models/qaoa_vs_ml/V1/execution_20/xgboost_model_12_Circuit.pkl (deflated 83%)
  adding: Models/qaoa_vs_ml/V1/execution_20/xgboost_model_12.pkl (deflated 86%)
  adding: Models/qaoa_vs_ml/V1/execution_20/xgboost_model_15_Circuit.pkl (deflated 83%)
  adding: Models/qaoa_vs_ml/V1/execution_20/xgboost_model_15.pkl (deflated 87%)
  adding: Models/qaoa_vs_ml/V1/execution_20/xgboost_model_20_Circuit.pkl (deflated 83%)
  adding: Models/qaoa_vs_ml/V1/execution_20/xgboost_model_20.pkl (deflated 87%)
  adding: Models/qaoa_vs_ml/V1/execution_20/xgboost_model_25_Circuit.pkl (deflated 83%)
  adding: Models/qaoa_vs_ml/V1/execution_20/xgboost_model_25.pkl (deflated 87%)
  adding: Models/qaoa_vs_ml/V1/execution_20/xgboost_model_full_Circuit.pkl (deflated 81%)
  adding: Models/qaoa_vs_ml/V1/execution_20/xgboost_model_full.pkl (deflated 79%)
