

Classical 10 nodes - Time: 2.0966s, Cut: 5.170510326251292/9.093963587113292
Graph Size:10
Execution N°:12
Model:xgboost
xgboost 10 nodes - Time: 0.0904s, Cut: 5.481995320325292/9.093963587113292
Graph Size:10
Execution N°:12
Model:MLP
MLP 10 nodes - Time: 0.0171s, Cut: 5.415114305885573/9.093963587113292
Classical 12 nodes - Time: 2.1805s, Cut: 15.914507973748124/19.674094091451753
Graph Size:12
Execution N°:12
Model:xgboost
xgboost 12 nodes - Time: 0.0492s, Cut: 15.08843271805541/19.674094091451753
Graph Size:12
Execution N°:12
Model:MLP
MLP 12 nodes - Time: 0.0218s, Cut: 15.991473676662272/19.674094091451753
Classical 15 nodes - Time: 2.6124s, Cut: 10.750417339497822/22.95753589374799
Graph Size:15
Execution N°:12
Model:xgboost
xgboost 15 nodes - Time: 0.0843s, Cut: 17.74548987677682/22.95753589374799
Graph Size:15
Execution N°:12
Model:MLP
MLP 15 nodes - Time: 0.0720s, Cut: 15.311670837967728/22.95753589374799
Classical 20 nodes - Time: 14.5351s, Cut: 27.85213418743616/41.66179802768427
Graph Size:20
Execution N°:12
Model:xgboost
xgboost 20 nodes - Time: 0.5249s, Cut: 39.541944196409744/41.66179802768427
Graph Size:20
Execution N°:12
Model:MLP
MLP 20 nodes - Time: 0.5337s, Cut: 29.348346707806602/41.66179802768427
Classical 25 nodes - Time: 540.1560s, Cut: 36.87291214966477/45.98856035831579
Graph Size:25
Execution N°:12
Model:xgboost
xgboost 25 nodes - Time: 16.1845s, Cut: 40.34084712184422/45.98856035831579
Graph Size:25
Execution N°:12
Model:MLP
MLP 25 nodes - Time: 16.3750s, Cut: 44.44324219916668/45.98856035831579

======================================================================
COMPREHENSIVE COMPARISON SUMMARY
======================================================================

======================================================================
Node Size: 10 | Optimal Cut: 9.093963587113292
======================================================================

Classical QAOA:
  Time: 2.0966s
  Cut: 5.170510326251292/9.093963587113292 (56.86%)

xgboost Model:
  Time: 0.0904s (speedup: 23.2x)
  Cut: 5.481995320325292/9.093963587113292 (60.28%)
  Quality vs Classical: +3.43%

MLP Model:
  Time: 0.0171s (speedup: 122.6x)
  Cut: 5.415114305885573/9.093963587113292 (59.55%)
  Quality vs Classical: +2.69%

======================================================================
Node Size: 12 | Optimal Cut: 19.674094091451753
======================================================================

Classical QAOA:
  Time: 2.1805s
  Cut: 15.914507973748124/19.674094091451753 (80.89%)

xgboost Model:
  Time: 0.0492s (speedup: 44.3x)
  Cut: 15.08843271805541/19.674094091451753 (76.69%)
  Quality vs Classical: -4.20%

MLP Model:
  Time: 0.0218s (speedup: 99.8x)
  Cut: 15.991473676662272/19.674094091451753 (81.28%)
  Quality vs Classical: +0.39%

======================================================================
Node Size: 15 | Optimal Cut: 22.95753589374799
======================================================================

Classical QAOA:
  Time: 2.6124s
  Cut: 10.750417339497822/22.95753589374799 (46.83%)

xgboost Model:
  Time: 0.0843s (speedup: 31.0x)
  Cut: 17.74548987677682/22.95753589374799 (77.30%)
  Quality vs Classical: +30.47%

MLP Model:
  Time: 0.0720s (speedup: 36.3x)
  Cut: 15.311670837967728/22.95753589374799 (66.70%)
  Quality vs Classical: +19.87%

======================================================================
Node Size: 20 | Optimal Cut: 41.66179802768427
======================================================================

Classical QAOA:
  Time: 14.5351s
  Cut: 27.85213418743616/41.66179802768427 (66.85%)

xgboost Model:
  Time: 0.5249s (speedup: 27.7x)
  Cut: 39.541944196409744/41.66179802768427 (94.91%)
  Quality vs Classical: +28.06%

MLP Model:
  Time: 0.5337s (speedup: 27.2x)
  Cut: 29.348346707806602/41.66179802768427 (70.44%)
  Quality vs Classical: +3.59%

======================================================================
Node Size: 25 | Optimal Cut: 45.98856035831579
======================================================================

Classical QAOA:
  Time: 540.1560s
  Cut: 36.87291214966477/45.98856035831579 (80.18%)

xgboost Model:
  Time: 16.1845s (speedup: 33.4x)
  Cut: 40.34084712184422/45.98856035831579 (87.72%)
  Quality vs Classical: +7.54%

MLP Model:
  Time: 16.3750s (speedup: 33.0x)
  Cut: 44.44324219916668/45.98856035831579 (96.64%)
  Quality vs Classical: +16.46%

======================================================================
OVERALL AVERAGES
======================================================================

Classical QAOA:
  Avg Time: 112.3161s
  Avg Approximation Ratio: 66.32%

xgboost Model:
  Avg Time: 3.3867s (avg speedup: 33.2x)
  Avg Approximation Ratio: 79.38%
  Quality Difference: +13.06%

MLP Model:
  Avg Time: 3.4039s (avg speedup: 33.0x)
  Avg Approximation Ratio: 74.92%
  Quality Difference: +8.60%
  adding: Models/qaoa_vs_ml/V1/execution_12/comparison_comprehensive.png (deflated 13%)
  adding: Models/qaoa_vs_ml/V1/execution_12/detailed_timing_analysis.png (deflated 18%)
  adding: Models/qaoa_vs_ml/V1/execution_12/MLP_model_10_Circuit.pkl (deflated 5%)
  adding: Models/qaoa_vs_ml/V1/execution_12/MLP_model_10.pkl (deflated 5%)
  adding: Models/qaoa_vs_ml/V1/execution_12/MLP_model_12_Circuit.pkl (deflated 5%)
  adding: Models/qaoa_vs_ml/V1/execution_12/MLP_model_12.pkl (deflated 5%)
  adding: Models/qaoa_vs_ml/V1/execution_12/MLP_model_15_Circuit.pkl (deflated 5%)
  adding: Models/qaoa_vs_ml/V1/execution_12/MLP_model_15.pkl (deflated 5%)
  adding: Models/qaoa_vs_ml/V1/execution_12/MLP_model_20_Circuit.pkl (deflated 5%)
  adding: Models/qaoa_vs_ml/V1/execution_12/MLP_model_20.pkl (deflated 4%)
  adding: Models/qaoa_vs_ml/V1/execution_12/MLP_model_25_Circuit.pkl (deflated 5%)
  adding: Models/qaoa_vs_ml/V1/execution_12/MLP_model_25.pkl (deflated 4%)
  adding: Models/qaoa_vs_ml/V1/execution_12/MLP_model_full_Circuit.pkl (deflated 5%)
  adding: Models/qaoa_vs_ml/V1/execution_12/MLP_model_full.pkl (deflated 4%)
  adding: Models/qaoa_vs_ml/V1/execution_12/vanila_vs_ml.csv (deflated 51%)
  adding: Models/qaoa_vs_ml/V1/execution_12/xgboost_model_10_Circuit.pkl (deflated 83%)
  adding: Models/qaoa_vs_ml/V1/execution_12/xgboost_model_10.pkl (deflated 86%)
  adding: Models/qaoa_vs_ml/V1/execution_12/xgboost_model_12_Circuit.pkl (deflated 83%)
  adding: Models/qaoa_vs_ml/V1/execution_12/xgboost_model_12.pkl (deflated 86%)
  adding: Models/qaoa_vs_ml/V1/execution_12/xgboost_model_15_Circuit.pkl (deflated 83%)
  adding: Models/qaoa_vs_ml/V1/execution_12/xgboost_model_15.pkl (deflated 87%)
  adding: Models/qaoa_vs_ml/V1/execution_12/xgboost_model_20_Circuit.pkl (deflated 83%)
  adding: Models/qaoa_vs_ml/V1/execution_12/xgboost_model_20.pkl (deflated 87%)
  adding: Models/qaoa_vs_ml/V1/execution_12/xgboost_model_25_Circuit.pkl (deflated 83%)
  adding: Models/qaoa_vs_ml/V1/execution_12/xgboost_model_25.pkl (deflated 87%)
  adding: Models/qaoa_vs_ml/V1/execution_12/xgboost_model_full_Circuit.pkl (deflated 81%)
  adding: Models/qaoa_vs_ml/V1/execution_12/xgboost_model_full.pkl (deflated 79%)
