

Classical 10 nodes - Time: 1.9165s, Cut: 11.02583374856134/15.319135780128159
Graph Size:10
Execution N°:12
Model:xgboost
xgboost 10 nodes - Time: 0.1573s, Cut: 11.780411281964572/15.319135780128159
Graph Size:10
Execution N°:12
Model:MLP
MLP 10 nodes - Time: 0.0352s, Cut: 11.943465333896665/15.319135780128159
Classical 12 nodes - Time: 2.6031s, Cut: 17.521522010156175/21.201828428664587
Graph Size:12
Execution N°:12
Model:xgboost
xgboost 12 nodes - Time: 0.0512s, Cut: 14.80120521236711/21.201828428664587
Graph Size:12
Execution N°:12
Model:MLP
MLP 12 nodes - Time: 0.0237s, Cut: 15.099218977775317/21.201828428664587
Classical 15 nodes - Time: 3.3330s, Cut: 16.716605548025704/20.567654710963247
Graph Size:15
Execution N°:12
Model:xgboost
xgboost 15 nodes - Time: 0.0711s, Cut: 16.251335845539863/20.567654710963247
Graph Size:15
Execution N°:12
Model:MLP
MLP 15 nodes - Time: 0.0377s, Cut: 14.142934562188293/20.567654710963247
Classical 20 nodes - Time: 12.5898s, Cut: 31.760781513157507/37.178045056016614
Graph Size:20
Execution N°:12
Model:xgboost
xgboost 20 nodes - Time: 0.4055s, Cut: 27.153940710634224/37.178045056016614
Graph Size:20
Execution N°:12
Model:MLP
MLP 20 nodes - Time: 0.4259s, Cut: 32.942370093395986/37.178045056016614
Classical 25 nodes - Time: 676.2729s, Cut: 78.30482996248472/77.03077539585242
Graph Size:25
Execution N°:12
Model:xgboost
xgboost 25 nodes - Time: 23.0602s, Cut: 78.1259847600021/77.03077539585242
Graph Size:25
Execution N°:12
Model:MLP
MLP 25 nodes - Time: 23.1138s, Cut: 72.82037507536135/77.03077539585242

======================================================================
COMPREHENSIVE COMPARISON SUMMARY
======================================================================

======================================================================
Node Size: 10 | Optimal Cut: 15.319135780128159
======================================================================

Classical QAOA:
  Time: 1.9165s
  Cut: 11.02583374856134/15.319135780128159 (71.97%)

xgboost Model:
  Time: 0.1573s (speedup: 12.2x)
  Cut: 11.780411281964572/15.319135780128159 (76.90%)
  Quality vs Classical: +4.93%

MLP Model:
  Time: 0.0352s (speedup: 54.5x)
  Cut: 11.943465333896665/15.319135780128159 (77.96%)
  Quality vs Classical: +5.99%

======================================================================
Node Size: 12 | Optimal Cut: 21.201828428664587
======================================================================

Classical QAOA:
  Time: 2.6031s
  Cut: 17.521522010156175/21.201828428664587 (82.64%)

xgboost Model:
  Time: 0.0512s (speedup: 50.9x)
  Cut: 14.80120521236711/21.201828428664587 (69.81%)
  Quality vs Classical: -12.83%

MLP Model:
  Time: 0.0237s (speedup: 110.0x)
  Cut: 15.099218977775317/21.201828428664587 (71.22%)
  Quality vs Classical: -11.42%

======================================================================
Node Size: 15 | Optimal Cut: 20.567654710963247
======================================================================

Classical QAOA:
  Time: 3.3330s
  Cut: 16.716605548025704/20.567654710963247 (81.28%)

xgboost Model:
  Time: 0.0711s (speedup: 46.9x)
  Cut: 16.251335845539863/20.567654710963247 (79.01%)
  Quality vs Classical: -2.26%

MLP Model:
  Time: 0.0377s (speedup: 88.4x)
  Cut: 14.142934562188293/20.567654710963247 (68.76%)
  Quality vs Classical: -12.51%

======================================================================
Node Size: 20 | Optimal Cut: 37.178045056016614
======================================================================

Classical QAOA:
  Time: 12.5898s
  Cut: 31.760781513157507/37.178045056016614 (85.43%)

xgboost Model:
  Time: 0.4055s (speedup: 31.0x)
  Cut: 27.153940710634224/37.178045056016614 (73.04%)
  Quality vs Classical: -12.39%

MLP Model:
  Time: 0.4259s (speedup: 29.6x)
  Cut: 32.942370093395986/37.178045056016614 (88.61%)
  Quality vs Classical: +3.18%

======================================================================
Node Size: 25 | Optimal Cut: 77.03077539585242
======================================================================

Classical QAOA:
  Time: 676.2729s
  Cut: 78.30482996248472/77.03077539585242 (101.65%)

xgboost Model:
  Time: 23.0602s (speedup: 29.3x)
  Cut: 78.1259847600021/77.03077539585242 (101.42%)
  Quality vs Classical: -0.23%

MLP Model:
  Time: 23.1138s (speedup: 29.3x)
  Cut: 72.82037507536135/77.03077539585242 (94.53%)
  Quality vs Classical: -7.12%

======================================================================
OVERALL AVERAGES
======================================================================

Classical QAOA:
  Avg Time: 139.3431s
  Avg Approximation Ratio: 84.59%

xgboost Model:
  Avg Time: 4.7491s (avg speedup: 29.3x)
  Avg Approximation Ratio: 80.04%
  Quality Difference: -4.56%

MLP Model:
  Avg Time: 4.7272s (avg speedup: 29.5x)
  Avg Approximation Ratio: 80.22%
  Quality Difference: -4.38%
  adding: Models/qaoa_vs_ml/V2/execution_12/comparison_comprehensive.png (deflated 14%)
  adding: Models/qaoa_vs_ml/V2/execution_12/detailed_timing_analysis.png (deflated 17%)
  adding: Models/qaoa_vs_ml/V2/execution_12/MLP_model_10_Circuit.pkl (deflated 5%)
  adding: Models/qaoa_vs_ml/V2/execution_12/MLP_model_10.pkl (deflated 5%)
  adding: Models/qaoa_vs_ml/V2/execution_12/MLP_model_12_Circuit.pkl (deflated 5%)
  adding: Models/qaoa_vs_ml/V2/execution_12/MLP_model_12.pkl (deflated 5%)
  adding: Models/qaoa_vs_ml/V2/execution_12/MLP_model_15_Circuit.pkl (deflated 5%)
  adding: Models/qaoa_vs_ml/V2/execution_12/MLP_model_15.pkl (deflated 5%)
  adding: Models/qaoa_vs_ml/V2/execution_12/MLP_model_20_Circuit.pkl (deflated 5%)
  adding: Models/qaoa_vs_ml/V2/execution_12/MLP_model_20.pkl (deflated 4%)
  adding: Models/qaoa_vs_ml/V2/execution_12/MLP_model_25_Circuit.pkl (deflated 5%)
  adding: Models/qaoa_vs_ml/V2/execution_12/MLP_model_25.pkl (deflated 4%)
  adding: Models/qaoa_vs_ml/V2/execution_12/MLP_model_full_Circuit.pkl (deflated 5%)
  adding: Models/qaoa_vs_ml/V2/execution_12/MLP_model_full.pkl (deflated 4%)
  adding: Models/qaoa_vs_ml/V2/execution_12/vanila_vs_ml.csv (deflated 50%)
  adding: Models/qaoa_vs_ml/V2/execution_12/xgboost_model_10_Circuit.pkl (deflated 83%)
  adding: Models/qaoa_vs_ml/V2/execution_12/xgboost_model_10.pkl (deflated 86%)
  adding: Models/qaoa_vs_ml/V2/execution_12/xgboost_model_12_Circuit.pkl (deflated 83%)
  adding: Models/qaoa_vs_ml/V2/execution_12/xgboost_model_12.pkl (deflated 86%)
  adding: Models/qaoa_vs_ml/V2/execution_12/xgboost_model_15_Circuit.pkl (deflated 83%)
  adding: Models/qaoa_vs_ml/V2/execution_12/xgboost_model_15.pkl (deflated 87%)
  adding: Models/qaoa_vs_ml/V2/execution_12/xgboost_model_20_Circuit.pkl (deflated 83%)
  adding: Models/qaoa_vs_ml/V2/execution_12/xgboost_model_20.pkl (deflated 87%)
  adding: Models/qaoa_vs_ml/V2/execution_12/xgboost_model_25_Circuit.pkl (deflated 83%)
  adding: Models/qaoa_vs_ml/V2/execution_12/xgboost_model_25.pkl (deflated 87%)
  adding: Models/qaoa_vs_ml/V2/execution_12/xgboost_model_full_Circuit.pkl (deflated 81%)
  adding: Models/qaoa_vs_ml/V2/execution_12/xgboost_model_full.pkl (deflated 79%)
