
 Training on dataset_10_nodes.csv...
Total rows in CSV: 50
10 55
10 55
10 55
10 55
10 55
10 55
10 55
10 55
10 55
10 55
10 55
10 55
10 55
10 55
10 55
10 55
10 55
10 55
10 55
10 55
10 55
10 55
10 55
10 55
10 55
10 55
10 55
10 55
10 55
10 55
10 55
10 55
10 55
10 55
10 55
10 55
10 55
10 55
10 55
10 55
10 55
10 55
10 55
10 55
10 55
10 55
10 55
10 55
10 55
10 55
Loaded 50 valid graphs.
Epoch 001, Loss: 2.6187
Epoch 002, Loss: 0.6512
Epoch 003, Loss: 0.6131
Epoch 004, Loss: 0.5340
Epoch 005, Loss: 0.5488
Epoch 006, Loss: 0.6715
Epoch 007, Loss: 0.6002
Epoch 008, Loss: 0.5926
Epoch 009, Loss: 0.6769
Epoch 010, Loss: 0.5763
Epoch 011, Loss: 0.6041
Epoch 012, Loss: 0.5846
Epoch 013, Loss: 0.5228
Epoch 014, Loss: 0.6150
Epoch 015, Loss: 0.6152
Epoch 016, Loss: 0.5607
Epoch 017, Loss: 0.5499
Epoch 018, Loss: 0.5719
Epoch 019, Loss: 0.5618
Epoch 020, Loss: 0.6273
Epoch 021, Loss: 0.6056
Epoch 022, Loss: 0.5981
Epoch 023, Loss: 0.6057
Epoch 024, Loss: 0.5684
Epoch 025, Loss: 0.5732
Epoch 026, Loss: 0.5489
Epoch 027, Loss: 0.5556
Epoch 028, Loss: 0.5398
Epoch 029, Loss: 0.5368
Epoch 030, Loss: 0.6124
Epoch 031, Loss: 0.5374
Epoch 032, Loss: 0.5474
Epoch 033, Loss: 0.5644
Epoch 034, Loss: 0.5291
Epoch 035, Loss: 0.5288
Epoch 036, Loss: 0.5300
Epoch 037, Loss: 0.5739
Epoch 038, Loss: 0.5176
Epoch 039, Loss: 0.5116
Epoch 040, Loss: 0.4940
Epoch 041, Loss: 0.5781
Epoch 042, Loss: 0.5334
Epoch 043, Loss: 0.5054
Epoch 044, Loss: 0.5122
Epoch 045, Loss: 0.4927
Epoch 046, Loss: 0.5576
Epoch 047, Loss: 0.5085
Epoch 048, Loss: 0.5041
Epoch 049, Loss: 0.4936
Epoch 050, Loss: 0.4954
Epoch 051, Loss: 0.4922
Epoch 052, Loss: 0.4963
Epoch 053, Loss: 0.5259
Epoch 054, Loss: 0.4917
Epoch 055, Loss: 0.4914
Epoch 056, Loss: 0.5292
Epoch 057, Loss: 0.5559
Epoch 058, Loss: 0.4928
Epoch 059, Loss: 0.5006
Epoch 060, Loss: 0.4850
Epoch 061, Loss: 0.4986
Epoch 062, Loss: 0.4975
Epoch 063, Loss: 0.4816
Epoch 064, Loss: 0.5182
Epoch 065, Loss: 0.4907
Epoch 066, Loss: 0.5005
Epoch 067, Loss: 0.4905
Epoch 068, Loss: 0.4812
Epoch 069, Loss: 0.5122
Epoch 070, Loss: 0.4753
Epoch 071, Loss: 0.4691
Epoch 072, Loss: 0.4660
Epoch 073, Loss: 0.4786
Epoch 074, Loss: 0.4756
Epoch 075, Loss: 0.4682
Epoch 076, Loss: 0.4512
Epoch 077, Loss: 0.4519
Epoch 078, Loss: 0.4719
Epoch 079, Loss: 0.4565
Epoch 080, Loss: 0.4841
Epoch 081, Loss: 0.4493
Epoch 082, Loss: 0.4412
Epoch 083, Loss: 0.4716
Epoch 084, Loss: 0.4390
Epoch 085, Loss: 0.4342
Epoch 086, Loss: 0.4195
Epoch 087, Loss: 0.4256
Epoch 088, Loss: 0.4289
Epoch 089, Loss: 0.4309
Epoch 090, Loss: 0.4251
Epoch 091, Loss: 0.4292
Epoch 092, Loss: 0.4253
Epoch 093, Loss: 0.4751
Epoch 094, Loss: 0.4455
Epoch 095, Loss: 0.4397
Epoch 096, Loss: 0.4578
Epoch 097, Loss: 0.4509
Epoch 098, Loss: 0.4292
Epoch 099, Loss: 0.4365
Epoch 100, Loss: 0.4478

Test RMSE: 0.6571
Test MAPE: 0.2020
Training time: 9.54 seconds
Model saved to Models/GCN_model_10.pkl

 Training on dataset_12_nodes.csv...
Total rows in CSV: 50
12 78
12 78
12 78
12 78
12 78
12 78
12 78
12 78
12 78
12 78
12 78
12 78
12 78
12 78
12 78
12 78
12 78
12 78
12 78
12 78
12 78
12 78
12 78
12 78
12 78
12 78
12 78
12 78
12 78
12 78
12 78
12 78
12 78
12 78
12 78
12 78
12 78
12 78
12 78
12 78
12 78
12 78
12 78
12 78
12 78
12 78
12 78
12 78
12 78
12 78
Loaded 50 valid graphs.
Epoch 001, Loss: 3.6658
Epoch 002, Loss: 0.8999
Epoch 003, Loss: 0.8944
Epoch 004, Loss: 0.8870
Epoch 005, Loss: 0.8577
Epoch 006, Loss: 0.8573
Epoch 007, Loss: 0.8560
Epoch 008, Loss: 0.8400
Epoch 009, Loss: 0.8756
Epoch 010, Loss: 1.0610
Epoch 011, Loss: 0.8295
Epoch 012, Loss: 0.8412
Epoch 013, Loss: 0.8424
Epoch 014, Loss: 0.9074
Epoch 015, Loss: 0.8402
Epoch 016, Loss: 0.8725
Epoch 017, Loss: 0.9465
Epoch 018, Loss: 0.9287
Epoch 019, Loss: 0.8279
Epoch 020, Loss: 0.8093
Epoch 021, Loss: 0.8250
Epoch 022, Loss: 0.8474
Epoch 023, Loss: 0.8857
Epoch 024, Loss: 0.8363
Epoch 025, Loss: 0.8699
Epoch 026, Loss: 0.8088
Epoch 027, Loss: 0.8521
Epoch 028, Loss: 0.8099
Epoch 029, Loss: 0.8084
Epoch 030, Loss: 0.8177
Epoch 031, Loss: 0.7927
Epoch 032, Loss: 0.8015
Epoch 033, Loss: 0.8097
Epoch 034, Loss: 0.8286
Epoch 035, Loss: 0.8104
Epoch 036, Loss: 0.8193
Epoch 037, Loss: 0.7971
Epoch 038, Loss: 0.8192
Epoch 039, Loss: 0.7725
Epoch 040, Loss: 0.7901
Epoch 041, Loss: 0.7541
Epoch 042, Loss: 0.7471
Epoch 043, Loss: 0.7430
Epoch 044, Loss: 0.7275
Epoch 045, Loss: 0.7000
Epoch 046, Loss: 0.6960
Epoch 047, Loss: 0.6989
Epoch 048, Loss: 0.6843
Epoch 049, Loss: 0.7010
Epoch 050, Loss: 0.7193
Epoch 051, Loss: 0.7172
Epoch 052, Loss: 0.7916
Epoch 053, Loss: 0.7075
Epoch 054, Loss: 0.6467
Epoch 055, Loss: 0.7234
Epoch 056, Loss: 0.6231
Epoch 057, Loss: 0.6567
Epoch 058, Loss: 0.6348
Epoch 059, Loss: 0.6411
Epoch 060, Loss: 0.6191
Epoch 061, Loss: 0.6396
Epoch 062, Loss: 0.6721
Epoch 063, Loss: 0.6461
Epoch 064, Loss: 0.6353
Epoch 065, Loss: 0.6312
Epoch 066, Loss: 0.6432
Epoch 067, Loss: 0.6356
Epoch 068, Loss: 0.6357
Epoch 069, Loss: 0.6811
Epoch 070, Loss: 0.6091
Epoch 071, Loss: 0.6030
Epoch 072, Loss: 0.5962
Epoch 073, Loss: 0.5954
Epoch 074, Loss: 0.5800
Epoch 075, Loss: 0.6103
Epoch 076, Loss: 0.5857
Epoch 077, Loss: 0.6200
Epoch 078, Loss: 0.6271
Epoch 079, Loss: 0.5970
Epoch 080, Loss: 0.6045
Epoch 081, Loss: 0.6004
Epoch 082, Loss: 0.5835
Epoch 083, Loss: 0.5990
Epoch 084, Loss: 0.5880
Epoch 085, Loss: 0.5885
Epoch 086, Loss: 0.5880
Epoch 087, Loss: 0.6035
Epoch 088, Loss: 0.5884
Epoch 089, Loss: 0.5797
Epoch 090, Loss: 0.6101
Epoch 091, Loss: 0.5890
Epoch 092, Loss: 0.6225
Epoch 093, Loss: 0.6228
Epoch 094, Loss: 0.5824
Epoch 095, Loss: 0.6497
Epoch 096, Loss: 0.6276
Epoch 097, Loss: 0.5801
Epoch 098, Loss: 0.6165
Epoch 099, Loss: 0.5864
Epoch 100, Loss: 0.5613

Test RMSE: 0.6408
Test MAPE: 0.1782
Training time: 8.72 seconds
Model saved to Models/GCN_model_12.pkl

 Training on dataset_15_nodes.csv...
Total rows in CSV: 50
15 120
15 120
15 120
15 120
15 120
15 120
15 120
15 120
15 120
15 120
15 120
15 120
15 120
15 120
15 120
15 120
15 120
15 120
15 120
15 120
15 120
15 120
15 120
15 120
15 120
15 120
15 120
15 120
15 120
15 120
15 120
15 120
15 120
15 120
15 120
15 120
15 120
15 120
15 120
15 120
15 120
15 120
15 120
15 120
15 120
15 120
15 120
15 120
15 120
15 120
Loaded 50 valid graphs.
Epoch 001, Loss: 4.4670
Epoch 002, Loss: 0.9885
Epoch 003, Loss: 0.8994
Epoch 004, Loss: 0.9428
Epoch 005, Loss: 0.9735
Epoch 006, Loss: 0.9726
Epoch 007, Loss: 0.9853
Epoch 008, Loss: 0.9693
Epoch 009, Loss: 0.9333
Epoch 010, Loss: 0.9760
Epoch 011, Loss: 1.1018
Epoch 012, Loss: 0.9561
Epoch 013, Loss: 0.9649
Epoch 014, Loss: 0.9815
Epoch 015, Loss: 0.9714
Epoch 016, Loss: 0.9041
Epoch 017, Loss: 0.9567
Epoch 018, Loss: 0.9805
Epoch 019, Loss: 0.8411
Epoch 020, Loss: 0.9239
Epoch 021, Loss: 1.0154
Epoch 022, Loss: 0.9165
Epoch 023, Loss: 0.9859
Epoch 024, Loss: 0.9405
Epoch 025, Loss: 0.9868
Epoch 026, Loss: 0.9579
Epoch 027, Loss: 0.9150
Epoch 028, Loss: 1.0135
Epoch 029, Loss: 0.8366
Epoch 030, Loss: 0.8970
Epoch 031, Loss: 1.0338
Epoch 032, Loss: 0.8867
Epoch 033, Loss: 0.9995
Epoch 034, Loss: 0.8556
Epoch 035, Loss: 0.9087
Epoch 036, Loss: 0.8749
Epoch 037, Loss: 0.9246
Epoch 038, Loss: 0.9107
Epoch 039, Loss: 0.9317
Epoch 040, Loss: 0.9113
Epoch 041, Loss: 0.9296
Epoch 042, Loss: 0.8906
Epoch 043, Loss: 0.9224
Epoch 044, Loss: 0.8409
Epoch 045, Loss: 0.8816
Epoch 046, Loss: 0.8593
Epoch 047, Loss: 0.8573
Epoch 048, Loss: 0.8531
Epoch 049, Loss: 0.8192
Epoch 050, Loss: 0.8433
Epoch 051, Loss: 0.8681
Epoch 052, Loss: 0.8183
Epoch 053, Loss: 0.8438
Epoch 054, Loss: 0.8508
Epoch 055, Loss: 0.8280
Epoch 056, Loss: 1.0296
Epoch 057, Loss: 0.8003
Epoch 058, Loss: 0.7782
Epoch 059, Loss: 0.8000
Epoch 060, Loss: 0.7912
Epoch 061, Loss: 0.7459
Epoch 062, Loss: 0.7277
Epoch 063, Loss: 0.8487
Epoch 064, Loss: 0.8027
Epoch 065, Loss: 0.7574
Epoch 066, Loss: 0.7754
Epoch 067, Loss: 0.7488
Epoch 068, Loss: 0.7647
Epoch 069, Loss: 0.6786
Epoch 070, Loss: 0.6699
Epoch 071, Loss: 0.6778
Epoch 072, Loss: 0.6657
Epoch 073, Loss: 0.7801
Epoch 074, Loss: 0.6340
Epoch 075, Loss: 0.6978
Epoch 076, Loss: 0.6245
Epoch 077, Loss: 0.6005
Epoch 078, Loss: 0.6234
Epoch 079, Loss: 0.6082
Epoch 080, Loss: 0.5997
Epoch 081, Loss: 0.5561
Epoch 082, Loss: 0.6323
Epoch 083, Loss: 0.6482
Epoch 084, Loss: 0.5867
Epoch 085, Loss: 0.7266
Epoch 086, Loss: 0.5755
Epoch 087, Loss: 0.5492
Epoch 088, Loss: 0.5380
Epoch 089, Loss: 0.5344
Epoch 090, Loss: 0.5458
Epoch 091, Loss: 0.5487
Epoch 092, Loss: 0.5418
Epoch 093, Loss: 0.5054
Epoch 094, Loss: 0.5837
Epoch 095, Loss: 0.6054
Epoch 096, Loss: 0.5477
Epoch 097, Loss: 0.5156
Epoch 098, Loss: 0.5326
Epoch 099, Loss: 0.5577
Epoch 100, Loss: 0.5207

Test RMSE: 0.7639
Test MAPE: 0.2047
Training time: 8.79 seconds
Model saved to Models/GCN_model_15.pkl

 Training on dataset_20_nodes.csv...
Total rows in CSV: 50
20 210
20 210
20 210
20 210
20 210
20 210
20 210
20 210
20 210
20 210
20 210
20 210
20 210
20 210
20 210
20 210
20 210
20 210
20 210
20 210
20 210
20 210
20 210
20 210
20 210
20 210
20 210
20 210
20 210
20 210
20 210
20 210
20 210
20 210
20 210
20 210
20 210
20 210
20 210
20 210
20 210
20 210
20 210
20 210
20 210
20 210
20 210
20 210
20 210
20 210
Loaded 50 valid graphs.
Epoch 001, Loss: 6.9474
Epoch 002, Loss: 1.3573
Epoch 003, Loss: 1.4825
Epoch 004, Loss: 1.4904
Epoch 005, Loss: 1.4142
Epoch 006, Loss: 1.1642
Epoch 007, Loss: 1.2502
Epoch 008, Loss: 1.2259
Epoch 009, Loss: 1.3493
Epoch 010, Loss: 1.3388
Epoch 011, Loss: 1.3217
Epoch 012, Loss: 1.1498
Epoch 013, Loss: 1.1653
Epoch 014, Loss: 1.2670
Epoch 015, Loss: 1.1809
Epoch 016, Loss: 1.2316
Epoch 017, Loss: 1.2209
Epoch 018, Loss: 1.2103
Epoch 019, Loss: 1.2100
Epoch 020, Loss: 1.2106
Epoch 021, Loss: 1.2213
Epoch 022, Loss: 1.2787
Epoch 023, Loss: 1.1851
Epoch 024, Loss: 1.3316
Epoch 025, Loss: 1.1995
Epoch 026, Loss: 1.2520
Epoch 027, Loss: 1.2003
Epoch 028, Loss: 1.1877
Epoch 029, Loss: 1.1422
Epoch 030, Loss: 1.2288
Epoch 031, Loss: 1.1470
Epoch 032, Loss: 1.2588
Epoch 033, Loss: 1.2748
Epoch 034, Loss: 1.2476
Epoch 035, Loss: 1.2514
Epoch 036, Loss: 1.1838
Epoch 037, Loss: 1.2473
Epoch 038, Loss: 1.1615
Epoch 039, Loss: 1.2204
Epoch 040, Loss: 1.1211
Epoch 041, Loss: 1.1795
Epoch 042, Loss: 1.1749
Epoch 043, Loss: 1.1290
Epoch 044, Loss: 1.3605
Epoch 045, Loss: 1.1918
Epoch 046, Loss: 1.2451
Epoch 047, Loss: 1.1455
Epoch 048, Loss: 1.1820
Epoch 049, Loss: 1.1264
Epoch 050, Loss: 1.2497
Epoch 051, Loss: 1.2683
Epoch 052, Loss: 1.1577
Epoch 053, Loss: 1.2748
Epoch 054, Loss: 1.1154
Epoch 055, Loss: 1.1947
Epoch 056, Loss: 1.1056
Epoch 057, Loss: 1.1790
Epoch 058, Loss: 1.4070
Epoch 059, Loss: 1.1959
Epoch 060, Loss: 1.1651
Epoch 061, Loss: 1.1414
Epoch 062, Loss: 1.1541
Epoch 063, Loss: 1.1868
Epoch 064, Loss: 1.1367
Epoch 065, Loss: 1.1594
Epoch 066, Loss: 1.3505
Epoch 067, Loss: 1.2177
Epoch 068, Loss: 1.2999
Epoch 069, Loss: 1.0991
Epoch 070, Loss: 1.1875
Epoch 071, Loss: 1.1730
Epoch 072, Loss: 1.3389
Epoch 073, Loss: 1.1821
Epoch 074, Loss: 1.2171
Epoch 075, Loss: 1.1065
Epoch 076, Loss: 1.2052
Epoch 077, Loss: 1.2192
Epoch 078, Loss: 1.1577
Epoch 079, Loss: 1.1243
Epoch 080, Loss: 1.2287
Epoch 081, Loss: 1.2181
Epoch 082, Loss: 1.1760
Epoch 083, Loss: 1.1468
Epoch 084, Loss: 1.2443
Epoch 085, Loss: 1.1457
Epoch 086, Loss: 1.0814
Epoch 087, Loss: 1.2086
Epoch 088, Loss: 1.1038
Epoch 089, Loss: 1.1565
Epoch 090, Loss: 1.1783
Epoch 091, Loss: 1.1349
Epoch 092, Loss: 1.1074
Epoch 093, Loss: 1.1937
Epoch 094, Loss: 1.1720
Epoch 095, Loss: 1.0583
Epoch 096, Loss: 1.0843
Epoch 097, Loss: 0.9572
Epoch 098, Loss: 1.1089
Epoch 099, Loss: 1.0617
Epoch 100, Loss: 1.0514

Test RMSE: 1.0894
Test MAPE: 0.3318
Training time: 9.12 seconds
Model saved to Models/GCN_model_20.pkl

 Training on dataset_25_nodes.csv...
Total rows in CSV: 50
25 325
25 325
25 325
25 325
25 325
25 325
25 325
25 325
25 325
25 325
25 325
25 325
25 325
25 325
25 325
25 325
25 325
25 325
25 325
25 325
25 325
25 325
25 325
25 325
25 325
25 325
25 325
25 325
25 325
25 325
25 325
25 325
25 325
25 325
25 325
25 325
25 325
25 325
25 325
25 325
25 325
25 325
25 325
25 325
25 325
25 325
25 325
25 325
25 325
25 325
Loaded 50 valid graphs.
Epoch 001, Loss: 10.4141
Epoch 002, Loss: 1.6270
Epoch 003, Loss: 1.8906
Epoch 004, Loss: 1.9184
Epoch 005, Loss: 1.4270
Epoch 006, Loss: 1.4690
Epoch 007, Loss: 1.5018
Epoch 008, Loss: 1.8186
Epoch 009, Loss: 1.7938
Epoch 010, Loss: 1.6247
Epoch 011, Loss: 1.6454
Epoch 012, Loss: 1.6388
Epoch 013, Loss: 1.7808
Epoch 014, Loss: 1.5922
Epoch 015, Loss: 1.6983
Epoch 016, Loss: 1.5493
Epoch 017, Loss: 1.7528
Epoch 018, Loss: 1.6679
Epoch 019, Loss: 1.8702
Epoch 020, Loss: 1.5531
Epoch 021, Loss: 1.6023
Epoch 022, Loss: 2.0686
Epoch 023, Loss: 1.5469
Epoch 024, Loss: 1.5843
Epoch 025, Loss: 1.6159
Epoch 026, Loss: 1.5431
Epoch 027, Loss: 1.7917
Epoch 028, Loss: 1.5753
Epoch 029, Loss: 1.6318
Epoch 030, Loss: 1.6026
Epoch 031, Loss: 1.4686
Epoch 032, Loss: 1.8747
Epoch 033, Loss: 1.5296
Epoch 034, Loss: 1.5918
Epoch 035, Loss: 1.5248
Epoch 036, Loss: 1.5505
Epoch 037, Loss: 1.6616
Epoch 038, Loss: 1.7643
Epoch 039, Loss: 1.5633
Epoch 040, Loss: 1.6180
Epoch 041, Loss: 1.6188
Epoch 042, Loss: 1.6145
Epoch 043, Loss: 2.0896
Epoch 044, Loss: 1.6224
Epoch 045, Loss: 1.4854
Epoch 046, Loss: 1.5661
Epoch 047, Loss: 1.5373
Epoch 048, Loss: 1.4185
Epoch 049, Loss: 1.7536
Epoch 050, Loss: 1.5515
Epoch 051, Loss: 1.4820
Epoch 052, Loss: 1.4442
Epoch 053, Loss: 1.4979
Epoch 054, Loss: 1.5538
Epoch 055, Loss: 1.4693
Epoch 056, Loss: 1.5350
Epoch 057, Loss: 1.6711
Epoch 058, Loss: 1.6814
Epoch 059, Loss: 1.4336
Epoch 060, Loss: 1.4699
Epoch 061, Loss: 1.5861
Epoch 062, Loss: 1.7889
Epoch 063, Loss: 1.4862
Epoch 064, Loss: 1.5575
Epoch 065, Loss: 1.3709
Epoch 066, Loss: 1.4768
Epoch 067, Loss: 1.4059
Epoch 068, Loss: 1.5174
Epoch 069, Loss: 1.5060
Epoch 070, Loss: 1.7341
Epoch 071, Loss: 1.7272
Epoch 072, Loss: 1.4499
Epoch 073, Loss: 1.5325
Epoch 074, Loss: 1.6071
Epoch 075, Loss: 1.6895
Epoch 076, Loss: 1.7134
Epoch 077, Loss: 1.4954
Epoch 078, Loss: 1.3941
Epoch 079, Loss: 1.4936
Epoch 080, Loss: 1.4105
Epoch 081, Loss: 1.6346
Epoch 082, Loss: 1.4633
Epoch 083, Loss: 1.5420
Epoch 084, Loss: 1.3458
Epoch 085, Loss: 1.4953
Epoch 086, Loss: 1.4344
Epoch 087, Loss: 1.4697
Epoch 088, Loss: 1.6849
Epoch 089, Loss: 1.3163
Epoch 090, Loss: 1.4592
Epoch 091, Loss: 1.4710
Epoch 092, Loss: 1.5484
Epoch 093, Loss: 1.3958
Epoch 094, Loss: 1.4675
Epoch 095, Loss: 1.2763
Epoch 096, Loss: 1.4021
Epoch 097, Loss: 1.4590
Epoch 098, Loss: 1.3746
Epoch 099, Loss: 1.4738
Epoch 100, Loss: 1.4062

Test RMSE: 1.5689
Test MAPE: 0.2450
Training time: 8.99 seconds
Model saved to Models/GCN_model_25.pkl

 Training on dataset_full.csv...
Total rows in CSV: 250
25 325
25 325
25 325
25 325
25 325
25 325
25 325
25 325
25 325
25 325
25 325
25 325
25 325
25 325
25 325
25 325
25 325
25 325
25 325
25 325
25 325
25 325
25 325
25 325
25 325
25 325
25 325
25 325
25 325
25 325
25 325
25 325
25 325
25 325
25 325
25 325
25 325
25 325
25 325
25 325
25 325
25 325
25 325
25 325
25 325
25 325
25 325
25 325
25 325
25 325
25 325
25 325
25 325
25 325
25 325
25 325
25 325
25 325
25 325
25 325
25 325
25 325
25 325
25 325
25 325
25 325
25 325
25 325
25 325
25 325
25 325
25 325
25 325
25 325
25 325
25 325
25 325
25 325
25 325
25 325
25 325
25 325
25 325
25 325
25 325
25 325
25 325
25 325
25 325
25 325
25 325
25 325
25 325
25 325
25 325
25 325
25 325
25 325
25 325
25 325
25 325
25 325
25 325
25 325
25 325
25 325
25 325
25 325
25 325
25 325
25 325
25 325
25 325
25 325
25 325
25 325
25 325
25 325
25 325
25 325
25 325
25 325
25 325
25 325
25 325
25 325
25 325
25 325
25 325
25 325
25 325
25 325
25 325
25 325
25 325
25 325
25 325
25 325
25 325
25 325
25 325
25 325
25 325
25 325
25 325
25 325
25 325
25 325
25 325
25 325
25 325
25 325
25 325
25 325
25 325
25 325
25 325
25 325
25 325
25 325
25 325
25 325
25 325
25 325
25 325
25 325
25 325
25 325
25 325
25 325
25 325
25 325
25 325
25 325
25 325
25 325
25 325
25 325
25 325
25 325
25 325
25 325
25 325
25 325
25 325
25 325
25 325
25 325
25 325
25 325
25 325
25 325
25 325
25 325
25 325
25 325
25 325
25 325
25 325
25 325
25 325
25 325
25 325
25 325
25 325
25 325
25 325
25 325
25 325
25 325
25 325
25 325
25 325
25 325
25 325
25 325
25 325
25 325
25 325
25 325
25 325
25 325
25 325
25 325
25 325
25 325
25 325
25 325
25 325
25 325
25 325
25 325
25 325
25 325
25 325
25 325
25 325
25 325
25 325
25 325
25 325
25 325
25 325
25 325
25 325
25 325
25 325
25 325
25 325
25 325
Loaded 250 valid graphs.
Epoch 001, Loss: 3.8482
Epoch 002, Loss: 3.4539
Epoch 003, Loss: 2.7982
Epoch 004, Loss: 1.3201
Epoch 005, Loss: 0.7741
Epoch 006, Loss: 0.7692
Epoch 007, Loss: 0.6783
Epoch 008, Loss: 0.7236
Epoch 009, Loss: 0.6816
Epoch 010, Loss: 0.6137
Epoch 011, Loss: 0.7082
Epoch 012, Loss: 0.6650
Epoch 013, Loss: 0.6517
Epoch 014, Loss: 0.5918
Epoch 015, Loss: 0.6078
Epoch 016, Loss: 0.5992
Epoch 017, Loss: 0.6048
Epoch 018, Loss: 0.6174
Epoch 019, Loss: 0.6240
Epoch 020, Loss: 0.5737
Epoch 021, Loss: 0.6080
Epoch 022, Loss: 0.6010
Epoch 023, Loss: 0.5799
Epoch 024, Loss: 0.6000
Epoch 025, Loss: 0.5716
Epoch 026, Loss: 0.5582
Epoch 027, Loss: 0.6223
Epoch 028, Loss: 0.5745
Epoch 029, Loss: 0.5879
Epoch 030, Loss: 0.5630
Epoch 031, Loss: 0.5699
Epoch 032, Loss: 0.5600
Epoch 033, Loss: 0.5677
Epoch 034, Loss: 0.5747
Epoch 035, Loss: 0.5684
Epoch 036, Loss: 0.5982
Epoch 037, Loss: 0.5988
Epoch 038, Loss: 0.5897
Epoch 039, Loss: 0.5538
Epoch 040, Loss: 0.5689
Epoch 041, Loss: 0.5207
Epoch 042, Loss: 0.5863
Epoch 043, Loss: 0.5516
Epoch 044, Loss: 0.5625
Epoch 045, Loss: 0.5515
Epoch 046, Loss: 0.5117
Epoch 047, Loss: 0.5646
Epoch 048, Loss: 0.5537
Epoch 049, Loss: 0.5447
Epoch 050, Loss: 0.6048
Epoch 051, Loss: 0.5033
Epoch 052, Loss: 0.5914
Epoch 053, Loss: 0.5040
Epoch 054, Loss: 0.5801
Epoch 055, Loss: 0.5309
Epoch 056, Loss: 0.5417
Epoch 057, Loss: 0.5294
Epoch 058, Loss: 0.5254
Epoch 059, Loss: 0.5519
Epoch 060, Loss: 0.5643
Epoch 061, Loss: 0.5377
Epoch 062, Loss: 0.5098
Epoch 063, Loss: 0.4855
Epoch 064, Loss: 0.5136
Epoch 065, Loss: 0.5540
Epoch 066, Loss: 0.5076
Epoch 067, Loss: 0.5239
Epoch 068, Loss: 0.5631
Epoch 069, Loss: 0.5598
Epoch 070, Loss: 0.5367
Epoch 071, Loss: 0.5259
Epoch 072, Loss: 0.5367
Epoch 073, Loss: 0.5046
Epoch 074, Loss: 0.5356
Epoch 075, Loss: 0.4959
Epoch 076, Loss: 0.5051
Epoch 077, Loss: 0.5285
Epoch 078, Loss: 0.4993
Epoch 079, Loss: 0.5062
Epoch 080, Loss: 0.5655
Epoch 081, Loss: 0.5183
Epoch 082, Loss: 0.5038
Epoch 083, Loss: 0.4831
Epoch 084, Loss: 0.5209
Epoch 085, Loss: 0.5428
Epoch 086, Loss: 0.5042
Epoch 087, Loss: 0.5284
Epoch 088, Loss: 0.4891
Epoch 089, Loss: 0.4902
Epoch 090, Loss: 0.4940
Epoch 091, Loss: 0.4550
Epoch 092, Loss: 0.4954
Epoch 093, Loss: 0.4977
Epoch 094, Loss: 0.4708
Epoch 095, Loss: 0.5010
Epoch 096, Loss: 0.4696
Epoch 097, Loss: 0.4799
Epoch 098, Loss: 0.4792
Epoch 099, Loss: 0.4622
Epoch 100, Loss: 0.5041

Test RMSE: 0.7094
Test MAPE: 577283937009664.0000
Training time: 44.08 seconds
Model saved to Models/GCN_model_full.pkl

Metrics saved to Models/Graph_Neural_Training_metrics.csv

 **Final Training Results:**
node_size model_type  test_size     rmse         mape  training_time         model_file
       10   Q_values        0.2 0.657104 2.019917e-01       9.544164   GNN_model_10.pkl
       12   Q_values        0.2 0.640790 1.782372e-01       8.719003   GNN_model_12.pkl
       15   Q_values        0.2 0.763938 2.047412e-01       8.788525   GNN_model_15.pkl
       20   Q_values        0.2 1.089359 3.317645e-01       9.117506   GNN_model_20.pkl
       25   Q_values        0.2 1.568947 2.450384e-01       8.985360   GNN_model_25.pkl
     full   Q_values        0.2 0.709403 5.772839e+14      44.079423 GNN_model_full.pkl

 Training complete for all datasets!
  adding: Models/ (stored 0%)
  adding: Models/GCN_model_12.pkl (deflated 24%)
  adding: Models/GCN_model_10.pkl (deflated 23%)
  adding: Models/GCN_model_15.pkl (deflated 22%)
  adding: Models/Graph_Neural_Training_metrics.csv (deflated 50%)
  adding: Models/GCN_model_25.pkl (deflated 20%)
  adding: Models/Graph_Neural_Training_results.txt (deflated 60%)
  adding: Models/GCN_model_20.pkl (deflated 22%)
  adding: Models/GCN_model_full.pkl (deflated 22%)
