

Classical 10 nodes - Time: 1.7294s, Cut: 7.715845942499328/9.093963587113292
Graph Size:10
Execution N°:27
Model:MLP_NAS
MLP_NAS 10 nodes - Time: 0.1098s, Cut: 5.415114305885573/9.093963587113292
Graph Size:10
Execution N°:27
Model:xgboost
xgboost 10 nodes - Time: 0.7532s, Cut: 6.57104519707506/9.093963587113292
Graph Size:10
Execution N°:27
Model:MLP
MLP 10 nodes - Time: 0.0262s, Cut: 5.432746017928644/9.093963587113292
Classical 12 nodes - Time: 2.2965s, Cut: 10.31625377760955/16.365249423648468
Graph Size:12
Execution N°:27
Model:MLP_NAS
MLP_NAS 12 nodes - Time: 0.0312s, Cut: 14.592161860562497/16.365249423648468
Graph Size:12
Execution N°:27
Model:xgboost
xgboost 12 nodes - Time: 0.0455s, Cut: 12.99717176455499/16.365249423648468
Graph Size:12
Execution N°:27
Model:MLP
MLP 12 nodes - Time: 0.0206s, Cut: 9.425619533952252/16.365249423648468
Classical 15 nodes - Time: 2.7395s, Cut: 21.797847076866645/28.69053701707611
Graph Size:15
Execution N°:27
Model:MLP_NAS
MLP_NAS 15 nodes - Time: 0.0558s, Cut: 18.708913621000402/28.69053701707611
Graph Size:15
Execution N°:27
Model:xgboost
xgboost 15 nodes - Time: 0.0802s, Cut: 20.598022175663687/28.69053701707611
Graph Size:15
Execution N°:27
Model:MLP
MLP 15 nodes - Time: 0.0489s, Cut: 20.302969675763524/28.69053701707611
Classical 20 nodes - Time: 16.9054s, Cut: 49.453756214007626/50.84994665688621
Graph Size:20
Execution N°:27
Model:MLP_NAS
MLP_NAS 20 nodes - Time: 0.5154s, Cut: 51.21589597149169/50.84994665688621
Graph Size:20
Execution N°:27
Model:xgboost
xgboost 20 nodes - Time: 0.5131s, Cut: 36.580915118501395/50.84994665688621
Graph Size:20
Execution N°:27
Model:MLP
MLP 20 nodes - Time: 0.5415s, Cut: 53.64052250633533/50.84994665688621
Classical 25 nodes - Time: 517.9967s, Cut: 84.41300457237556/85.79073159247795
Graph Size:25
Execution N°:27
Model:MLP_NAS
MLP_NAS 25 nodes - Time: 15.4600s, Cut: 78.05730716304562/85.79073159247795
Graph Size:25
Execution N°:27
Model:xgboost
xgboost 25 nodes - Time: 15.4523s, Cut: 75.84093883322308/85.79073159247795
Graph Size:25
Execution N°:27
Model:MLP
MLP 25 nodes - Time: 15.4472s, Cut: 79.64340944874559/85.79073159247795

======================================================================
COMPREHENSIVE COMPARISON SUMMARY
======================================================================

======================================================================
Node Size: 10 | Optimal Cut: 9.093963587113292
======================================================================

Classical QAOA:
  Time: 1.7294s
  Cut: 7.715845942499328/9.093963587113292 (84.85%)

MLP_NAS Model:
  Time: 0.1098s (speedup: 15.8x)
  Cut: 5.415114305885573/9.093963587113292 (59.55%)
  Quality vs Classical: -25.30%

xgboost Model:
  Time: 0.7532s (speedup: 2.3x)
  Cut: 6.57104519707506/9.093963587113292 (72.26%)
  Quality vs Classical: -12.59%

MLP Model:
  Time: 0.0262s (speedup: 66.1x)
  Cut: 5.432746017928644/9.093963587113292 (59.74%)
  Quality vs Classical: -25.11%

======================================================================
Node Size: 12 | Optimal Cut: 16.365249423648468
======================================================================

Classical QAOA:
  Time: 2.2965s
  Cut: 10.31625377760955/16.365249423648468 (63.04%)

MLP_NAS Model:
  Time: 0.0312s (speedup: 73.6x)
  Cut: 14.592161860562497/16.365249423648468 (89.17%)
  Quality vs Classical: +26.13%

xgboost Model:
  Time: 0.0455s (speedup: 50.5x)
  Cut: 12.99717176455499/16.365249423648468 (79.42%)
  Quality vs Classical: +16.38%

MLP Model:
  Time: 0.0206s (speedup: 111.3x)
  Cut: 9.425619533952252/16.365249423648468 (57.60%)
  Quality vs Classical: -5.44%

======================================================================
Node Size: 15 | Optimal Cut: 28.69053701707611
======================================================================

Classical QAOA:
  Time: 2.7395s
  Cut: 21.797847076866645/28.69053701707611 (75.98%)

MLP_NAS Model:
  Time: 0.0558s (speedup: 49.1x)
  Cut: 18.708913621000402/28.69053701707611 (65.21%)
  Quality vs Classical: -10.77%

xgboost Model:
  Time: 0.0802s (speedup: 34.2x)
  Cut: 20.598022175663687/28.69053701707611 (71.79%)
  Quality vs Classical: -4.18%

MLP Model:
  Time: 0.0489s (speedup: 56.0x)
  Cut: 20.302969675763524/28.69053701707611 (70.77%)
  Quality vs Classical: -5.21%

======================================================================
Node Size: 20 | Optimal Cut: 50.84994665688621
======================================================================

Classical QAOA:
  Time: 16.9054s
  Cut: 49.453756214007626/50.84994665688621 (97.25%)

MLP_NAS Model:
  Time: 0.5154s (speedup: 32.8x)
  Cut: 51.21589597149169/50.84994665688621 (100.72%)
  Quality vs Classical: +3.47%

xgboost Model:
  Time: 0.5131s (speedup: 32.9x)
  Cut: 36.580915118501395/50.84994665688621 (71.94%)
  Quality vs Classical: -25.32%

MLP Model:
  Time: 0.5415s (speedup: 31.2x)
  Cut: 53.64052250633533/50.84994665688621 (105.49%)
  Quality vs Classical: +8.23%

======================================================================
Node Size: 25 | Optimal Cut: 85.79073159247795
======================================================================

Classical QAOA:
  Time: 517.9967s
  Cut: 84.41300457237556/85.79073159247795 (98.39%)

MLP_NAS Model:
  Time: 15.4600s (speedup: 33.5x)
  Cut: 78.05730716304562/85.79073159247795 (90.99%)
  Quality vs Classical: -7.41%

xgboost Model:
  Time: 15.4523s (speedup: 33.5x)
  Cut: 75.84093883322308/85.79073159247795 (88.40%)
  Quality vs Classical: -9.99%

MLP Model:
  Time: 15.4472s (speedup: 33.5x)
  Cut: 79.64340944874559/85.79073159247795 (92.83%)
  Quality vs Classical: -5.56%

======================================================================
OVERALL AVERAGES
======================================================================

Classical QAOA:
  Avg Time: 108.3335s
  Avg Approximation Ratio: 83.90%

MLP_NAS Model:
  Avg Time: 3.2344s (avg speedup: 33.5x)
  Avg Approximation Ratio: 81.13%
  Quality Difference: -2.78%

xgboost Model:
  Avg Time: 3.3689s (avg speedup: 32.2x)
  Avg Approximation Ratio: 76.76%
  Quality Difference: -7.14%

MLP Model:
  Avg Time: 3.2169s (avg speedup: 33.7x)
  Avg Approximation Ratio: 77.28%
  Quality Difference: -6.62%
  adding: Models/qaoa_vs_ml/V3/execution_27/comparison_comprehensive.png (deflated 12%)
  adding: Models/qaoa_vs_ml/V3/execution_27/detailed_timing_analysis.png (deflated 15%)
  adding: Models/qaoa_vs_ml/V3/execution_27/MLP_model_10_Circuit.pkl (deflated 5%)
  adding: Models/qaoa_vs_ml/V3/execution_27/MLP_model_10.pkl (deflated 5%)
  adding: Models/qaoa_vs_ml/V3/execution_27/MLP_model_12_Circuit.pkl (deflated 5%)
  adding: Models/qaoa_vs_ml/V3/execution_27/MLP_model_12.pkl (deflated 5%)
  adding: Models/qaoa_vs_ml/V3/execution_27/MLP_model_15_Circuit.pkl (deflated 5%)
  adding: Models/qaoa_vs_ml/V3/execution_27/MLP_model_15.pkl (deflated 5%)
  adding: Models/qaoa_vs_ml/V3/execution_27/MLP_model_20_Circuit.pkl (deflated 5%)
  adding: Models/qaoa_vs_ml/V3/execution_27/MLP_model_20.pkl (deflated 5%)
  adding: Models/qaoa_vs_ml/V3/execution_27/MLP_model_25_Circuit.pkl (deflated 5%)
  adding: Models/qaoa_vs_ml/V3/execution_27/MLP_model_25.pkl (deflated 4%)
  adding: Models/qaoa_vs_ml/V3/execution_27/MLP_model_full_Circuit.pkl (deflated 5%)
  adding: Models/qaoa_vs_ml/V3/execution_27/MLP_model_full.pkl (deflated 4%)
  adding: Models/qaoa_vs_ml/V3/execution_27/MLP_model_nas_10.pkl (deflated 5%)
  adding: Models/qaoa_vs_ml/V3/execution_27/MLP_model_nas_12.pkl (deflated 5%)
  adding: Models/qaoa_vs_ml/V3/execution_27/MLP_model_nas_15.pkl (deflated 5%)
  adding: Models/qaoa_vs_ml/V3/execution_27/MLP_model_nas_25.pkl (deflated 4%)
  adding: Models/qaoa_vs_ml/V3/execution_27/MLP_model_nas_full.pkl (deflated 4%)
  adding: Models/qaoa_vs_ml/V3/execution_27/vanila_vs_ml.csv (deflated 52%)
  adding: Models/qaoa_vs_ml/V3/execution_27/xgboost_model_10_Circuit.pkl (deflated 83%)
  adding: Models/qaoa_vs_ml/V3/execution_27/xgboost_model_10.pkl (deflated 86%)
  adding: Models/qaoa_vs_ml/V3/execution_27/xgboost_model_12_Circuit.pkl (deflated 83%)
  adding: Models/qaoa_vs_ml/V3/execution_27/xgboost_model_12.pkl (deflated 86%)
  adding: Models/qaoa_vs_ml/V3/execution_27/xgboost_model_15_Circuit.pkl (deflated 83%)
  adding: Models/qaoa_vs_ml/V3/execution_27/xgboost_model_15.pkl (deflated 87%)
  adding: Models/qaoa_vs_ml/V3/execution_27/xgboost_model_20_Circuit.pkl (deflated 83%)
  adding: Models/qaoa_vs_ml/V3/execution_27/xgboost_model_20.pkl (deflated 87%)
  adding: Models/qaoa_vs_ml/V3/execution_27/xgboost_model_25_Circuit.pkl (deflated 83%)
  adding: Models/qaoa_vs_ml/V3/execution_27/xgboost_model_25.pkl (deflated 87%)
  adding: Models/qaoa_vs_ml/V3/execution_27/xgboost_model_full_Circuit.pkl (deflated 81%)
  adding: Models/qaoa_vs_ml/V3/execution_27/xgboost_model_full.pkl (deflated 79%)
