

Classical 10 nodes - Time: 2.0322s, Cut: 9.578061554382664/11.578589711627856
Graph Size:10
Execution N°:4
Model:xgboost
xgboost 10 nodes - Time: 0.0903s, Cut: 9.576268946826504/11.578589711627856
Graph Size:10
Execution N°:4
Model:MLP
MLP 10 nodes - Time: 0.0192s, Cut: 10.81729761355406/11.578589711627856
Classical 12 nodes - Time: 2.8925s, Cut: 16.09825535771254/20.838224814871463
Graph Size:12
Execution N°:4
Model:xgboost
xgboost 12 nodes - Time: 0.0537s, Cut: 15.278289295013483/20.838224814871463
Graph Size:12
Execution N°:4
Model:MLP
MLP 12 nodes - Time: 0.0236s, Cut: 16.292888242941686/20.838224814871463
Classical 15 nodes - Time: 3.8668s, Cut: 21.95057969651182/28.889377697288136
Graph Size:15
Execution N°:4
Model:xgboost
xgboost 15 nodes - Time: 0.0686s, Cut: 24.018514910674607/28.889377697288136
Graph Size:15
Execution N°:4
Model:MLP
MLP 15 nodes - Time: 0.0481s, Cut: 23.739493441936226/28.889377697288136
Classical 20 nodes - Time: 16.6656s, Cut: 44.8078758994817/44.4844961329615
Graph Size:20
Execution N°:4
Model:xgboost
xgboost 20 nodes - Time: 0.4969s, Cut: 39.09519298080343/44.4844961329615
Graph Size:20
Execution N°:4
Model:MLP
MLP 20 nodes - Time: 0.5170s, Cut: 38.0591987095127/44.4844961329615
Classical 25 nodes - Time: 531.5752s, Cut: 79.33820903159817/77.03077539585242
Graph Size:25
Execution N°:4
Model:xgboost
xgboost 25 nodes - Time: 21.0600s, Cut: 77.24130475319858/77.03077539585242
Graph Size:25
Execution N°:4
Model:MLP
MLP 25 nodes - Time: 21.1595s, Cut: 73.51291884005161/77.03077539585242

======================================================================
COMPREHENSIVE COMPARISON SUMMARY
======================================================================

======================================================================
Node Size: 10 | Optimal Cut: 11.578589711627856
======================================================================

Classical QAOA:
  Time: 2.0322s
  Cut: 9.578061554382664/11.578589711627856 (82.72%)

xgboost Model:
  Time: 0.0903s (speedup: 22.5x)
  Cut: 9.576268946826504/11.578589711627856 (82.71%)
  Quality vs Classical: -0.02%

MLP Model:
  Time: 0.0192s (speedup: 105.9x)
  Cut: 10.81729761355406/11.578589711627856 (93.43%)
  Quality vs Classical: +10.70%

======================================================================
Node Size: 12 | Optimal Cut: 20.838224814871463
======================================================================

Classical QAOA:
  Time: 2.8925s
  Cut: 16.09825535771254/20.838224814871463 (77.25%)

xgboost Model:
  Time: 0.0537s (speedup: 53.9x)
  Cut: 15.278289295013483/20.838224814871463 (73.32%)
  Quality vs Classical: -3.93%

MLP Model:
  Time: 0.0236s (speedup: 122.5x)
  Cut: 16.292888242941686/20.838224814871463 (78.19%)
  Quality vs Classical: +0.93%

======================================================================
Node Size: 15 | Optimal Cut: 28.889377697288136
======================================================================

Classical QAOA:
  Time: 3.8668s
  Cut: 21.95057969651182/28.889377697288136 (75.98%)

xgboost Model:
  Time: 0.0686s (speedup: 56.4x)
  Cut: 24.018514910674607/28.889377697288136 (83.14%)
  Quality vs Classical: +7.16%

MLP Model:
  Time: 0.0481s (speedup: 80.4x)
  Cut: 23.739493441936226/28.889377697288136 (82.17%)
  Quality vs Classical: +6.19%

======================================================================
Node Size: 20 | Optimal Cut: 44.4844961329615
======================================================================

Classical QAOA:
  Time: 16.6656s
  Cut: 44.8078758994817/44.4844961329615 (100.73%)

xgboost Model:
  Time: 0.4969s (speedup: 33.5x)
  Cut: 39.09519298080343/44.4844961329615 (87.88%)
  Quality vs Classical: -12.84%

MLP Model:
  Time: 0.5170s (speedup: 32.2x)
  Cut: 38.0591987095127/44.4844961329615 (85.56%)
  Quality vs Classical: -15.17%

======================================================================
Node Size: 25 | Optimal Cut: 77.03077539585242
======================================================================

Classical QAOA:
  Time: 531.5752s
  Cut: 79.33820903159817/77.03077539585242 (103.00%)

xgboost Model:
  Time: 21.0600s (speedup: 25.2x)
  Cut: 77.24130475319858/77.03077539585242 (100.27%)
  Quality vs Classical: -2.72%

MLP Model:
  Time: 21.1595s (speedup: 25.1x)
  Cut: 73.51291884005161/77.03077539585242 (95.43%)
  Quality vs Classical: -7.56%

======================================================================
OVERALL AVERAGES
======================================================================

Classical QAOA:
  Avg Time: 111.4065s
  Avg Approximation Ratio: 87.94%

xgboost Model:
  Avg Time: 4.3539s (avg speedup: 25.6x)
  Avg Approximation Ratio: 85.46%
  Quality Difference: -2.47%

MLP Model:
  Avg Time: 4.3535s (avg speedup: 25.6x)
  Avg Approximation Ratio: 86.96%
  Quality Difference: -0.98%
  adding: Models/qaoa_vs_ml/V1/execution_4/comparison_comprehensive.png (deflated 14%)
  adding: Models/qaoa_vs_ml/V1/execution_4/detailed_timing_analysis.png (deflated 17%)
  adding: Models/qaoa_vs_ml/V1/execution_4/MLP_model_10_Circuit.pkl (deflated 5%)
  adding: Models/qaoa_vs_ml/V1/execution_4/MLP_model_10.pkl (deflated 5%)
  adding: Models/qaoa_vs_ml/V1/execution_4/MLP_model_12_Circuit.pkl (deflated 5%)
  adding: Models/qaoa_vs_ml/V1/execution_4/MLP_model_12.pkl (deflated 5%)
  adding: Models/qaoa_vs_ml/V1/execution_4/MLP_model_15_Circuit.pkl (deflated 5%)
  adding: Models/qaoa_vs_ml/V1/execution_4/MLP_model_15.pkl (deflated 5%)
  adding: Models/qaoa_vs_ml/V1/execution_4/MLP_model_20_Circuit.pkl (deflated 5%)
  adding: Models/qaoa_vs_ml/V1/execution_4/MLP_model_20.pkl (deflated 4%)
  adding: Models/qaoa_vs_ml/V1/execution_4/MLP_model_25_Circuit.pkl (deflated 5%)
  adding: Models/qaoa_vs_ml/V1/execution_4/MLP_model_25.pkl (deflated 4%)
  adding: Models/qaoa_vs_ml/V1/execution_4/MLP_model_full_Circuit.pkl (deflated 5%)
  adding: Models/qaoa_vs_ml/V1/execution_4/MLP_model_full.pkl (deflated 4%)
  adding: Models/qaoa_vs_ml/V1/execution_4/vanila_vs_ml.csv (deflated 50%)
  adding: Models/qaoa_vs_ml/V1/execution_4/xgboost_model_10_Circuit.pkl (deflated 83%)
  adding: Models/qaoa_vs_ml/V1/execution_4/xgboost_model_10.pkl (deflated 85%)
  adding: Models/qaoa_vs_ml/V1/execution_4/xgboost_model_12_Circuit.pkl (deflated 83%)
  adding: Models/qaoa_vs_ml/V1/execution_4/xgboost_model_12.pkl (deflated 86%)
  adding: Models/qaoa_vs_ml/V1/execution_4/xgboost_model_15_Circuit.pkl (deflated 83%)
  adding: Models/qaoa_vs_ml/V1/execution_4/xgboost_model_15.pkl (deflated 87%)
  adding: Models/qaoa_vs_ml/V1/execution_4/xgboost_model_20_Circuit.pkl (deflated 83%)
  adding: Models/qaoa_vs_ml/V1/execution_4/xgboost_model_20.pkl (deflated 87%)
  adding: Models/qaoa_vs_ml/V1/execution_4/xgboost_model_25_Circuit.pkl (deflated 83%)
  adding: Models/qaoa_vs_ml/V1/execution_4/xgboost_model_25.pkl (deflated 87%)
  adding: Models/qaoa_vs_ml/V1/execution_4/xgboost_model_full_Circuit.pkl (deflated 81%)
  adding: Models/qaoa_vs_ml/V1/execution_4/xgboost_model_full.pkl (deflated 79%)
