

Classical 10 nodes - Time: 1.4975s, Cut: 9.529678166379066/14.710004998936459
Graph Size:10
Execution N°:10
Model:xgboost
xgboost 10 nodes - Time: 0.1546s, Cut: 13.167495238598601/14.710004998936459
Graph Size:10
Execution N°:10
Model:MLP
MLP 10 nodes - Time: 0.0350s, Cut: 11.184346426710023/14.710004998936459
Classical 12 nodes - Time: 2.3304s, Cut: 11.34101638980737/15.343095862693726
Graph Size:12
Execution N°:10
Model:xgboost
xgboost 12 nodes - Time: 0.0679s, Cut: 13.877186427121588/15.343095862693726
Graph Size:12
Execution N°:10
Model:MLP
MLP 12 nodes - Time: 0.0260s, Cut: 12.599303817908732/15.343095862693726
Classical 15 nodes - Time: 3.5076s, Cut: 24.509842596737236/30.157360710090522
Graph Size:15
Execution N°:10
Model:xgboost
xgboost 15 nodes - Time: 0.0738s, Cut: 15.552499720602945/30.157360710090522
Graph Size:15
Execution N°:10
Model:MLP
MLP 15 nodes - Time: 0.0553s, Cut: 19.02422915869244/30.157360710090522
Classical 20 nodes - Time: 12.1535s, Cut: 33.7136582341161/36.2678410078629
Graph Size:20
Execution N°:10
Model:xgboost
xgboost 20 nodes - Time: 0.4113s, Cut: 23.921739587095722/36.2678410078629
Graph Size:20
Execution N°:10
Model:MLP
MLP 20 nodes - Time: 0.4024s, Cut: 28.69339828464896/36.2678410078629
Classical 25 nodes - Time: 442.5132s, Cut: 48.49529457395883/57.56820893076297
Graph Size:25
Execution N°:10
Model:xgboost
xgboost 25 nodes - Time: 16.8686s, Cut: 52.26997839322204/57.56820893076297
Graph Size:25
Execution N°:10
Model:MLP
MLP 25 nodes - Time: 17.0979s, Cut: 48.123326392688504/57.56820893076297

======================================================================
COMPREHENSIVE COMPARISON SUMMARY
======================================================================

======================================================================
Node Size: 10 | Optimal Cut: 14.710004998936459
======================================================================

Classical QAOA:
  Time: 1.4975s
  Cut: 9.529678166379066/14.710004998936459 (64.78%)

xgboost Model:
  Time: 0.1546s (speedup: 9.7x)
  Cut: 13.167495238598601/14.710004998936459 (89.51%)
  Quality vs Classical: +24.73%

MLP Model:
  Time: 0.0350s (speedup: 42.8x)
  Cut: 11.184346426710023/14.710004998936459 (76.03%)
  Quality vs Classical: +11.25%

======================================================================
Node Size: 12 | Optimal Cut: 15.343095862693726
======================================================================

Classical QAOA:
  Time: 2.3304s
  Cut: 11.34101638980737/15.343095862693726 (73.92%)

xgboost Model:
  Time: 0.0679s (speedup: 34.3x)
  Cut: 13.877186427121588/15.343095862693726 (90.45%)
  Quality vs Classical: +16.53%

MLP Model:
  Time: 0.0260s (speedup: 89.8x)
  Cut: 12.599303817908732/15.343095862693726 (82.12%)
  Quality vs Classical: +8.20%

======================================================================
Node Size: 15 | Optimal Cut: 30.157360710090522
======================================================================

Classical QAOA:
  Time: 3.5076s
  Cut: 24.509842596737236/30.157360710090522 (81.27%)

xgboost Model:
  Time: 0.0738s (speedup: 47.6x)
  Cut: 15.552499720602945/30.157360710090522 (51.57%)
  Quality vs Classical: -29.70%

MLP Model:
  Time: 0.0553s (speedup: 63.4x)
  Cut: 19.02422915869244/30.157360710090522 (63.08%)
  Quality vs Classical: -18.19%

======================================================================
Node Size: 20 | Optimal Cut: 36.2678410078629
======================================================================

Classical QAOA:
  Time: 12.1535s
  Cut: 33.7136582341161/36.2678410078629 (92.96%)

xgboost Model:
  Time: 0.4113s (speedup: 29.6x)
  Cut: 23.921739587095722/36.2678410078629 (65.96%)
  Quality vs Classical: -27.00%

MLP Model:
  Time: 0.4024s (speedup: 30.2x)
  Cut: 28.69339828464896/36.2678410078629 (79.12%)
  Quality vs Classical: -13.84%

======================================================================
Node Size: 25 | Optimal Cut: 57.56820893076297
======================================================================

Classical QAOA:
  Time: 442.5132s
  Cut: 48.49529457395883/57.56820893076297 (84.24%)

xgboost Model:
  Time: 16.8686s (speedup: 26.2x)
  Cut: 52.26997839322204/57.56820893076297 (90.80%)
  Quality vs Classical: +6.56%

MLP Model:
  Time: 17.0979s (speedup: 25.9x)
  Cut: 48.123326392688504/57.56820893076297 (83.59%)
  Quality vs Classical: -0.65%

======================================================================
OVERALL AVERAGES
======================================================================

Classical QAOA:
  Avg Time: 92.4004s
  Avg Approximation Ratio: 79.43%

xgboost Model:
  Avg Time: 3.5152s (avg speedup: 26.3x)
  Avg Approximation Ratio: 77.66%
  Quality Difference: -1.78%

MLP Model:
  Avg Time: 3.5233s (avg speedup: 26.2x)
  Avg Approximation Ratio: 76.79%
  Quality Difference: -2.65%
  adding: Models/qaoa_vs_ml/V1/execution_10/comparison_comprehensive.png (deflated 14%)
  adding: Models/qaoa_vs_ml/V1/execution_10/detailed_timing_analysis.png (deflated 17%)
  adding: Models/qaoa_vs_ml/V1/execution_10/MLP_model_10_Circuit.pkl (deflated 5%)
  adding: Models/qaoa_vs_ml/V1/execution_10/MLP_model_10.pkl (deflated 5%)
  adding: Models/qaoa_vs_ml/V1/execution_10/MLP_model_12_Circuit.pkl (deflated 5%)
  adding: Models/qaoa_vs_ml/V1/execution_10/MLP_model_12.pkl (deflated 5%)
  adding: Models/qaoa_vs_ml/V1/execution_10/MLP_model_15_Circuit.pkl (deflated 5%)
  adding: Models/qaoa_vs_ml/V1/execution_10/MLP_model_15.pkl (deflated 5%)
  adding: Models/qaoa_vs_ml/V1/execution_10/MLP_model_20_Circuit.pkl (deflated 5%)
  adding: Models/qaoa_vs_ml/V1/execution_10/MLP_model_20.pkl (deflated 4%)
  adding: Models/qaoa_vs_ml/V1/execution_10/MLP_model_25_Circuit.pkl (deflated 5%)
  adding: Models/qaoa_vs_ml/V1/execution_10/MLP_model_25.pkl (deflated 4%)
  adding: Models/qaoa_vs_ml/V1/execution_10/MLP_model_full_Circuit.pkl (deflated 5%)
  adding: Models/qaoa_vs_ml/V1/execution_10/MLP_model_full.pkl (deflated 4%)
  adding: Models/qaoa_vs_ml/V1/execution_10/vanila_vs_ml.csv (deflated 50%)
  adding: Models/qaoa_vs_ml/V1/execution_10/xgboost_model_10_Circuit.pkl (deflated 83%)
  adding: Models/qaoa_vs_ml/V1/execution_10/xgboost_model_10.pkl (deflated 86%)
  adding: Models/qaoa_vs_ml/V1/execution_10/xgboost_model_12_Circuit.pkl (deflated 83%)
  adding: Models/qaoa_vs_ml/V1/execution_10/xgboost_model_12.pkl (deflated 86%)
  adding: Models/qaoa_vs_ml/V1/execution_10/xgboost_model_15_Circuit.pkl (deflated 83%)
  adding: Models/qaoa_vs_ml/V1/execution_10/xgboost_model_15.pkl (deflated 87%)
  adding: Models/qaoa_vs_ml/V1/execution_10/xgboost_model_20_Circuit.pkl (deflated 83%)
  adding: Models/qaoa_vs_ml/V1/execution_10/xgboost_model_20.pkl (deflated 87%)
  adding: Models/qaoa_vs_ml/V1/execution_10/xgboost_model_25_Circuit.pkl (deflated 83%)
  adding: Models/qaoa_vs_ml/V1/execution_10/xgboost_model_25.pkl (deflated 88%)
  adding: Models/qaoa_vs_ml/V1/execution_10/xgboost_model_full_Circuit.pkl (deflated 81%)
  adding: Models/qaoa_vs_ml/V1/execution_10/xgboost_model_full.pkl (deflated 79%)
