

Classical 10 nodes - Time: 1.7810s, Cut: 11.335730696963736/14.313097030787514
Graph Size:10
Execution N°:12
Model:MLP_NAS
MLP_NAS 10 nodes - Time: 0.0495s, Cut: 4.846382381784744/14.313097030787514
Graph Size:10
Execution N°:12
Model:xgboost
xgboost 10 nodes - Time: 0.0807s, Cut: 9.350434349086958/14.313097030787514
Graph Size:10
Execution N°:12
Model:MLP
MLP 10 nodes - Time: 0.0148s, Cut: 8.09433575426768/14.313097030787514
Classical 12 nodes - Time: 2.4204s, Cut: 17.463020645991445/19.963942102412034
Graph Size:12
Execution N°:12
Model:MLP_NAS
MLP_NAS 12 nodes - Time: 0.0239s, Cut: 16.64842111862165/19.963942102412034
Graph Size:12
Execution N°:12
Model:xgboost
xgboost 12 nodes - Time: 0.0501s, Cut: 17.904620592348994/19.963942102412034
Graph Size:12
Execution N°:12
Model:MLP
MLP 12 nodes - Time: 0.0209s, Cut: 10.044696617651702/19.963942102412034
Classical 15 nodes - Time: 2.7817s, Cut: 17.990451982163766/27.109151605594302
Graph Size:15
Execution N°:12
Model:MLP_NAS
MLP_NAS 15 nodes - Time: 0.0461s, Cut: 19.5809483125596/27.109151605594302
Graph Size:15
Execution N°:12
Model:xgboost
xgboost 15 nodes - Time: 0.0654s, Cut: 17.157719304354796/27.109151605594302
Graph Size:15
Execution N°:12
Model:MLP
MLP 15 nodes - Time: 0.0481s, Cut: 16.814478796662105/27.109151605594302
Classical 20 nodes - Time: 15.3100s, Cut: 41.42546022259483/40.88828525303507
Graph Size:20
Execution N°:12
Model:MLP_NAS
MLP_NAS 20 nodes - Time: 0.3969s, Cut: 35.051401859740075/40.88828525303507
Graph Size:20
Execution N°:12
Model:xgboost
xgboost 20 nodes - Time: 0.3896s, Cut: 37.602946440284285/40.88828525303507
Graph Size:20
Execution N°:12
Model:MLP
MLP 20 nodes - Time: 0.3856s, Cut: 43.26588313619468/40.88828525303507
Classical 25 nodes - Time: 458.8356s, Cut: 57.85706279532119/65.81861527638607
Graph Size:25
Execution N°:12
Model:MLP_NAS
MLP_NAS 25 nodes - Time: 16.8700s, Cut: 59.771358207581706/65.81861527638607
Graph Size:25
Execution N°:12
Model:xgboost
xgboost 25 nodes - Time: 14.7870s, Cut: 61.67773573276151/65.81861527638607
Graph Size:25
Execution N°:12
Model:MLP
MLP 25 nodes - Time: 14.6255s, Cut: 57.30576050640272/65.81861527638607

======================================================================
COMPREHENSIVE COMPARISON SUMMARY
======================================================================

======================================================================
Node Size: 10 | Optimal Cut: 14.313097030787514
======================================================================

Classical QAOA:
  Time: 1.7810s
  Cut: 11.335730696963736/14.313097030787514 (79.20%)

MLP_NAS Model:
  Time: 0.0495s (speedup: 36.0x)
  Cut: 4.846382381784744/14.313097030787514 (33.86%)
  Quality vs Classical: -45.34%

xgboost Model:
  Time: 0.0807s (speedup: 22.1x)
  Cut: 9.350434349086958/14.313097030787514 (65.33%)
  Quality vs Classical: -13.87%

MLP Model:
  Time: 0.0148s (speedup: 120.0x)
  Cut: 8.09433575426768/14.313097030787514 (56.55%)
  Quality vs Classical: -22.65%

======================================================================
Node Size: 12 | Optimal Cut: 19.963942102412034
======================================================================

Classical QAOA:
  Time: 2.4204s
  Cut: 17.463020645991445/19.963942102412034 (87.47%)

MLP_NAS Model:
  Time: 0.0239s (speedup: 101.2x)
  Cut: 16.64842111862165/19.963942102412034 (83.39%)
  Quality vs Classical: -4.08%

xgboost Model:
  Time: 0.0501s (speedup: 48.3x)
  Cut: 17.904620592348994/19.963942102412034 (89.68%)
  Quality vs Classical: +2.21%

MLP Model:
  Time: 0.0209s (speedup: 116.0x)
  Cut: 10.044696617651702/19.963942102412034 (50.31%)
  Quality vs Classical: -37.16%

======================================================================
Node Size: 15 | Optimal Cut: 27.109151605594302
======================================================================

Classical QAOA:
  Time: 2.7817s
  Cut: 17.990451982163766/27.109151605594302 (66.36%)

MLP_NAS Model:
  Time: 0.0461s (speedup: 60.3x)
  Cut: 19.5809483125596/27.109151605594302 (72.23%)
  Quality vs Classical: +5.87%

xgboost Model:
  Time: 0.0654s (speedup: 42.5x)
  Cut: 17.157719304354796/27.109151605594302 (63.29%)
  Quality vs Classical: -3.07%

MLP Model:
  Time: 0.0481s (speedup: 57.9x)
  Cut: 16.814478796662105/27.109151605594302 (62.03%)
  Quality vs Classical: -4.34%

======================================================================
Node Size: 20 | Optimal Cut: 40.88828525303507
======================================================================

Classical QAOA:
  Time: 15.3100s
  Cut: 41.42546022259483/40.88828525303507 (101.31%)

MLP_NAS Model:
  Time: 0.3969s (speedup: 38.6x)
  Cut: 35.051401859740075/40.88828525303507 (85.72%)
  Quality vs Classical: -15.59%

xgboost Model:
  Time: 0.3896s (speedup: 39.3x)
  Cut: 37.602946440284285/40.88828525303507 (91.97%)
  Quality vs Classical: -9.35%

MLP Model:
  Time: 0.3856s (speedup: 39.7x)
  Cut: 43.26588313619468/40.88828525303507 (105.81%)
  Quality vs Classical: +4.50%

======================================================================
Node Size: 25 | Optimal Cut: 65.81861527638607
======================================================================

Classical QAOA:
  Time: 458.8356s
  Cut: 57.85706279532119/65.81861527638607 (87.90%)

MLP_NAS Model:
  Time: 16.8700s (speedup: 27.2x)
  Cut: 59.771358207581706/65.81861527638607 (90.81%)
  Quality vs Classical: +2.91%

xgboost Model:
  Time: 14.7870s (speedup: 31.0x)
  Cut: 61.67773573276151/65.81861527638607 (93.71%)
  Quality vs Classical: +5.80%

MLP Model:
  Time: 14.6255s (speedup: 31.4x)
  Cut: 57.30576050640272/65.81861527638607 (87.07%)
  Quality vs Classical: -0.84%

======================================================================
OVERALL AVERAGES
======================================================================

Classical QAOA:
  Avg Time: 96.2257s
  Avg Approximation Ratio: 84.45%

MLP_NAS Model:
  Avg Time: 3.4773s (avg speedup: 27.7x)
  Avg Approximation Ratio: 73.20%
  Quality Difference: -11.25%

xgboost Model:
  Avg Time: 3.0746s (avg speedup: 31.3x)
  Avg Approximation Ratio: 80.80%
  Quality Difference: -3.65%

MLP Model:
  Avg Time: 3.0190s (avg speedup: 31.9x)
  Avg Approximation Ratio: 72.35%
  Quality Difference: -12.10%
  adding: Models/qaoa_vs_ml/V3/execution_12/comparison_comprehensive.png (deflated 12%)
  adding: Models/qaoa_vs_ml/V3/execution_12/detailed_timing_analysis.png (deflated 15%)
  adding: Models/qaoa_vs_ml/V3/execution_12/MLP_model_10_Circuit.pkl (deflated 5%)
  adding: Models/qaoa_vs_ml/V3/execution_12/MLP_model_10.pkl (deflated 5%)
  adding: Models/qaoa_vs_ml/V3/execution_12/MLP_model_12_Circuit.pkl (deflated 5%)
  adding: Models/qaoa_vs_ml/V3/execution_12/MLP_model_12.pkl (deflated 5%)
  adding: Models/qaoa_vs_ml/V3/execution_12/MLP_model_15_Circuit.pkl (deflated 5%)
  adding: Models/qaoa_vs_ml/V3/execution_12/MLP_model_15.pkl (deflated 5%)
  adding: Models/qaoa_vs_ml/V3/execution_12/MLP_model_20_Circuit.pkl (deflated 5%)
  adding: Models/qaoa_vs_ml/V3/execution_12/MLP_model_20.pkl (deflated 4%)
  adding: Models/qaoa_vs_ml/V3/execution_12/MLP_model_25_Circuit.pkl (deflated 5%)
  adding: Models/qaoa_vs_ml/V3/execution_12/MLP_model_25.pkl (deflated 4%)
  adding: Models/qaoa_vs_ml/V3/execution_12/MLP_model_full_Circuit.pkl (deflated 5%)
  adding: Models/qaoa_vs_ml/V3/execution_12/MLP_model_full.pkl (deflated 4%)
  adding: Models/qaoa_vs_ml/V3/execution_12/MLP_model_nas_10.pkl (deflated 5%)
  adding: Models/qaoa_vs_ml/V3/execution_12/MLP_model_nas_12.pkl (deflated 5%)
  adding: Models/qaoa_vs_ml/V3/execution_12/MLP_model_nas_15.pkl (deflated 5%)
  adding: Models/qaoa_vs_ml/V3/execution_12/MLP_model_nas_25.pkl (deflated 4%)
  adding: Models/qaoa_vs_ml/V3/execution_12/MLP_model_nas_full.pkl (deflated 4%)
  adding: Models/qaoa_vs_ml/V3/execution_12/vanila_vs_ml.csv (deflated 52%)
  adding: Models/qaoa_vs_ml/V3/execution_12/xgboost_model_10_Circuit.pkl (deflated 83%)
  adding: Models/qaoa_vs_ml/V3/execution_12/xgboost_model_10.pkl (deflated 86%)
  adding: Models/qaoa_vs_ml/V3/execution_12/xgboost_model_12_Circuit.pkl (deflated 83%)
  adding: Models/qaoa_vs_ml/V3/execution_12/xgboost_model_12.pkl (deflated 86%)
  adding: Models/qaoa_vs_ml/V3/execution_12/xgboost_model_15_Circuit.pkl (deflated 83%)
  adding: Models/qaoa_vs_ml/V3/execution_12/xgboost_model_15.pkl (deflated 87%)
  adding: Models/qaoa_vs_ml/V3/execution_12/xgboost_model_20_Circuit.pkl (deflated 83%)
  adding: Models/qaoa_vs_ml/V3/execution_12/xgboost_model_20.pkl (deflated 87%)
  adding: Models/qaoa_vs_ml/V3/execution_12/xgboost_model_25_Circuit.pkl (deflated 83%)
  adding: Models/qaoa_vs_ml/V3/execution_12/xgboost_model_25.pkl (deflated 87%)
  adding: Models/qaoa_vs_ml/V3/execution_12/xgboost_model_full_Circuit.pkl (deflated 81%)
  adding: Models/qaoa_vs_ml/V3/execution_12/xgboost_model_full.pkl (deflated 79%)
