

Classical 10 nodes - Time: 2.0167s, Cut: 9.628047031695978/11.578589711627856
Graph Size:10
Execution N°:31
Model:MLP_NAS
MLP_NAS 10 nodes - Time: 0.0381s, Cut: 7.81013061964012/11.578589711627856
Graph Size:10
Execution N°:31
Model:xgboost
xgboost 10 nodes - Time: 0.0672s, Cut: 9.637237371831201/11.578589711627856
Graph Size:10
Execution N°:31
Model:MLP
MLP 10 nodes - Time: 0.0144s, Cut: 9.137039839437826/11.578589711627856
Classical 12 nodes - Time: 2.3933s, Cut: 14.223618983696817/18.652156900769878
Graph Size:12
Execution N°:31
Model:MLP_NAS
MLP_NAS 12 nodes - Time: 0.0235s, Cut: 12.712868312591686/18.652156900769878
Graph Size:12
Execution N°:31
Model:xgboost
xgboost 12 nodes - Time: 0.0488s, Cut: 14.209093047046991/18.652156900769878
Graph Size:12
Execution N°:31
Model:MLP
MLP 12 nodes - Time: 0.0198s, Cut: 11.295155610412937/18.652156900769878
Classical 15 nodes - Time: 3.2901s, Cut: 22.87357157307755/30.871697411803215
Graph Size:15
Execution N°:31
Model:MLP_NAS
MLP_NAS 15 nodes - Time: 0.0414s, Cut: 22.02089012450612/30.871697411803215
Graph Size:15
Execution N°:31
Model:xgboost
xgboost 15 nodes - Time: 0.0818s, Cut: 20.595313219097967/30.871697411803215
Graph Size:15
Execution N°:31
Model:MLP
MLP 15 nodes - Time: 0.0608s, Cut: 16.976206606356964/30.871697411803215
Classical 20 nodes - Time: 10.0707s, Cut: 20.5691626582845/26.13816632475432
Graph Size:20
Execution N°:31
Model:MLP_NAS
MLP_NAS 20 nodes - Time: 0.3587s, Cut: 20.827507557655736/26.13816632475432
Graph Size:20
Execution N°:31
Model:xgboost
xgboost 20 nodes - Time: 0.3223s, Cut: 21.461757106631264/26.13816632475432
Graph Size:20
Execution N°:31
Model:MLP
MLP 20 nodes - Time: 0.3418s, Cut: 17.40667344902846/26.13816632475432
Classical 25 nodes - Time: 496.8344s, Cut: 48.80768188378478/51.08033011362073
Graph Size:25
Execution N°:31
Model:MLP_NAS
MLP_NAS 25 nodes - Time: 13.8801s, Cut: 38.52726985795419/51.08033011362073
Graph Size:25
Execution N°:31
Model:xgboost
xgboost 25 nodes - Time: 13.6009s, Cut: 49.75134989567688/51.08033011362073
Graph Size:25
Execution N°:31
Model:MLP
MLP 25 nodes - Time: 13.6865s, Cut: 48.77353301884384/51.08033011362073

======================================================================
COMPREHENSIVE COMPARISON SUMMARY
======================================================================

======================================================================
Node Size: 10 | Optimal Cut: 11.578589711627856
======================================================================

Classical QAOA:
  Time: 2.0167s
  Cut: 9.628047031695978/11.578589711627856 (83.15%)

MLP_NAS Model:
  Time: 0.0381s (speedup: 52.9x)
  Cut: 7.81013061964012/11.578589711627856 (67.45%)
  Quality vs Classical: -15.70%

xgboost Model:
  Time: 0.0672s (speedup: 30.0x)
  Cut: 9.637237371831201/11.578589711627856 (83.23%)
  Quality vs Classical: +0.08%

MLP Model:
  Time: 0.0144s (speedup: 140.5x)
  Cut: 9.137039839437826/11.578589711627856 (78.91%)
  Quality vs Classical: -4.24%

======================================================================
Node Size: 12 | Optimal Cut: 18.652156900769878
======================================================================

Classical QAOA:
  Time: 2.3933s
  Cut: 14.223618983696817/18.652156900769878 (76.26%)

MLP_NAS Model:
  Time: 0.0235s (speedup: 101.8x)
  Cut: 12.712868312591686/18.652156900769878 (68.16%)
  Quality vs Classical: -8.10%

xgboost Model:
  Time: 0.0488s (speedup: 49.0x)
  Cut: 14.209093047046991/18.652156900769878 (76.18%)
  Quality vs Classical: -0.08%

MLP Model:
  Time: 0.0198s (speedup: 120.9x)
  Cut: 11.295155610412937/18.652156900769878 (60.56%)
  Quality vs Classical: -15.70%

======================================================================
Node Size: 15 | Optimal Cut: 30.871697411803215
======================================================================

Classical QAOA:
  Time: 3.2901s
  Cut: 22.87357157307755/30.871697411803215 (74.09%)

MLP_NAS Model:
  Time: 0.0414s (speedup: 79.4x)
  Cut: 22.02089012450612/30.871697411803215 (71.33%)
  Quality vs Classical: -2.76%

xgboost Model:
  Time: 0.0818s (speedup: 40.2x)
  Cut: 20.595313219097967/30.871697411803215 (66.71%)
  Quality vs Classical: -7.38%

MLP Model:
  Time: 0.0608s (speedup: 54.1x)
  Cut: 16.976206606356964/30.871697411803215 (54.99%)
  Quality vs Classical: -19.10%

======================================================================
Node Size: 20 | Optimal Cut: 26.13816632475432
======================================================================

Classical QAOA:
  Time: 10.0707s
  Cut: 20.5691626582845/26.13816632475432 (78.69%)

MLP_NAS Model:
  Time: 0.3587s (speedup: 28.1x)
  Cut: 20.827507557655736/26.13816632475432 (79.68%)
  Quality vs Classical: +0.99%

xgboost Model:
  Time: 0.3223s (speedup: 31.2x)
  Cut: 21.461757106631264/26.13816632475432 (82.11%)
  Quality vs Classical: +3.41%

MLP Model:
  Time: 0.3418s (speedup: 29.5x)
  Cut: 17.40667344902846/26.13816632475432 (66.59%)
  Quality vs Classical: -12.10%

======================================================================
Node Size: 25 | Optimal Cut: 51.08033011362073
======================================================================

Classical QAOA:
  Time: 496.8344s
  Cut: 48.80768188378478/51.08033011362073 (95.55%)

MLP_NAS Model:
  Time: 13.8801s (speedup: 35.8x)
  Cut: 38.52726985795419/51.08033011362073 (75.42%)
  Quality vs Classical: -20.13%

xgboost Model:
  Time: 13.6009s (speedup: 36.5x)
  Cut: 49.75134989567688/51.08033011362073 (97.40%)
  Quality vs Classical: +1.85%

MLP Model:
  Time: 13.6865s (speedup: 36.3x)
  Cut: 48.77353301884384/51.08033011362073 (95.48%)
  Quality vs Classical: -0.07%

======================================================================
OVERALL AVERAGES
======================================================================

Classical QAOA:
  Avg Time: 102.9210s
  Avg Approximation Ratio: 81.55%

MLP_NAS Model:
  Avg Time: 2.8684s (avg speedup: 35.9x)
  Avg Approximation Ratio: 72.41%
  Quality Difference: -9.14%

xgboost Model:
  Avg Time: 2.8242s (avg speedup: 36.4x)
  Avg Approximation Ratio: 81.13%
  Quality Difference: -0.42%

MLP Model:
  Avg Time: 2.8246s (avg speedup: 36.4x)
  Avg Approximation Ratio: 71.31%
  Quality Difference: -10.24%
  adding: Models/qaoa_vs_ml/V3/execution_31/comparison_comprehensive.png (deflated 13%)
  adding: Models/qaoa_vs_ml/V3/execution_31/detailed_timing_analysis.png (deflated 15%)
  adding: Models/qaoa_vs_ml/V3/execution_31/MLP_model_10_Circuit.pkl (deflated 5%)
  adding: Models/qaoa_vs_ml/V3/execution_31/MLP_model_10.pkl (deflated 5%)
  adding: Models/qaoa_vs_ml/V3/execution_31/MLP_model_12_Circuit.pkl (deflated 5%)
  adding: Models/qaoa_vs_ml/V3/execution_31/MLP_model_12.pkl (deflated 5%)
  adding: Models/qaoa_vs_ml/V3/execution_31/MLP_model_15_Circuit.pkl (deflated 5%)
  adding: Models/qaoa_vs_ml/V3/execution_31/MLP_model_15.pkl (deflated 5%)
  adding: Models/qaoa_vs_ml/V3/execution_31/MLP_model_20_Circuit.pkl (deflated 5%)
  adding: Models/qaoa_vs_ml/V3/execution_31/MLP_model_20.pkl (deflated 4%)
  adding: Models/qaoa_vs_ml/V3/execution_31/MLP_model_25_Circuit.pkl (deflated 5%)
  adding: Models/qaoa_vs_ml/V3/execution_31/MLP_model_25.pkl (deflated 4%)
  adding: Models/qaoa_vs_ml/V3/execution_31/MLP_model_full_Circuit.pkl (deflated 5%)
  adding: Models/qaoa_vs_ml/V3/execution_31/MLP_model_full.pkl (deflated 4%)
  adding: Models/qaoa_vs_ml/V3/execution_31/MLP_model_nas_10.pkl (deflated 5%)
  adding: Models/qaoa_vs_ml/V3/execution_31/MLP_model_nas_12.pkl (deflated 5%)
  adding: Models/qaoa_vs_ml/V3/execution_31/MLP_model_nas_15.pkl (deflated 5%)
  adding: Models/qaoa_vs_ml/V3/execution_31/MLP_model_nas_25.pkl (deflated 4%)
  adding: Models/qaoa_vs_ml/V3/execution_31/MLP_model_nas_full.pkl (deflated 4%)
  adding: Models/qaoa_vs_ml/V3/execution_31/vanila_vs_ml.csv (deflated 52%)
  adding: Models/qaoa_vs_ml/V3/execution_31/xgboost_model_10_Circuit.pkl (deflated 83%)
  adding: Models/qaoa_vs_ml/V3/execution_31/xgboost_model_10.pkl (deflated 85%)
  adding: Models/qaoa_vs_ml/V3/execution_31/xgboost_model_12_Circuit.pkl (deflated 83%)
  adding: Models/qaoa_vs_ml/V3/execution_31/xgboost_model_12.pkl (deflated 86%)
  adding: Models/qaoa_vs_ml/V3/execution_31/xgboost_model_15_Circuit.pkl (deflated 83%)
  adding: Models/qaoa_vs_ml/V3/execution_31/xgboost_model_15.pkl (deflated 87%)
  adding: Models/qaoa_vs_ml/V3/execution_31/xgboost_model_20_Circuit.pkl (deflated 83%)
  adding: Models/qaoa_vs_ml/V3/execution_31/xgboost_model_20.pkl (deflated 87%)
  adding: Models/qaoa_vs_ml/V3/execution_31/xgboost_model_25_Circuit.pkl (deflated 83%)
  adding: Models/qaoa_vs_ml/V3/execution_31/xgboost_model_25.pkl (deflated 87%)
  adding: Models/qaoa_vs_ml/V3/execution_31/xgboost_model_full_Circuit.pkl (deflated 81%)
  adding: Models/qaoa_vs_ml/V3/execution_31/xgboost_model_full.pkl (deflated 79%)
