

Classical 10 nodes - Time: 1.3194s, Cut: 9.541696662599088/11.89542687912485
Graph Size:10
Execution N°:25
Model:xgboost
xgboost 10 nodes - Time: 0.8908s, Cut: 9.060043737645856/11.89542687912485
Graph Size:10
Execution N°:25
Model:MLP
MLP 10 nodes - Time: 0.1426s, Cut: 6.660447116761597/11.89542687912485
Classical 12 nodes - Time: 2.1947s, Cut: 14.70444430193463/19.31724703579495
Graph Size:12
Execution N°:25
Model:xgboost
xgboost 12 nodes - Time: 0.0491s, Cut: 12.046886595897298/19.31724703579495
Graph Size:12
Execution N°:25
Model:MLP
MLP 12 nodes - Time: 0.0482s, Cut: 7.6745733047735145/19.31724703579495
Classical 15 nodes - Time: 3.4167s, Cut: 13.143893640824645/17.20060222289675
Graph Size:15
Execution N°:25
Model:xgboost
xgboost 15 nodes - Time: 0.0910s, Cut: 11.672509731157914/17.20060222289675
Graph Size:15
Execution N°:25
Model:MLP
MLP 15 nodes - Time: 0.0756s, Cut: 12.878027741525754/17.20060222289675
Classical 20 nodes - Time: 11.2597s, Cut: 19.81545140771239/26.13816632475432
Graph Size:20
Execution N°:25
Model:xgboost
xgboost 20 nodes - Time: 0.4137s, Cut: 18.953960364947083/26.13816632475432
Graph Size:20
Execution N°:25
Model:MLP
MLP 20 nodes - Time: 0.4073s, Cut: 19.262733922748847/26.13816632475432
Classical 25 nodes - Time: 644.0053s, Cut: 63.20876683943791/61.356417982289265
Graph Size:25
Execution N°:25
Model:xgboost
xgboost 25 nodes - Time: 18.4277s, Cut: 59.945240569976136/61.356417982289265
Graph Size:25
Execution N°:25
Model:MLP
MLP 25 nodes - Time: 23.9567s, Cut: 53.75099108037033/61.356417982289265

======================================================================
COMPREHENSIVE COMPARISON SUMMARY
======================================================================

======================================================================
Node Size: 10 | Optimal Cut: 11.89542687912485
======================================================================

Classical QAOA:
  Time: 1.3194s
  Cut: 9.541696662599088/11.89542687912485 (80.21%)

xgboost Model:
  Time: 0.8908s (speedup: 1.5x)
  Cut: 9.060043737645856/11.89542687912485 (76.16%)
  Quality vs Classical: -4.05%

MLP Model:
  Time: 0.1426s (speedup: 9.3x)
  Cut: 6.660447116761597/11.89542687912485 (55.99%)
  Quality vs Classical: -24.22%

======================================================================
Node Size: 12 | Optimal Cut: 19.31724703579495
======================================================================

Classical QAOA:
  Time: 2.1947s
  Cut: 14.70444430193463/19.31724703579495 (76.12%)

xgboost Model:
  Time: 0.0491s (speedup: 44.7x)
  Cut: 12.046886595897298/19.31724703579495 (62.36%)
  Quality vs Classical: -13.76%

MLP Model:
  Time: 0.0482s (speedup: 45.5x)
  Cut: 7.6745733047735145/19.31724703579495 (39.73%)
  Quality vs Classical: -36.39%

======================================================================
Node Size: 15 | Optimal Cut: 17.20060222289675
======================================================================

Classical QAOA:
  Time: 3.4167s
  Cut: 13.143893640824645/17.20060222289675 (76.42%)

xgboost Model:
  Time: 0.0910s (speedup: 37.6x)
  Cut: 11.672509731157914/17.20060222289675 (67.86%)
  Quality vs Classical: -8.55%

MLP Model:
  Time: 0.0756s (speedup: 45.2x)
  Cut: 12.878027741525754/17.20060222289675 (74.87%)
  Quality vs Classical: -1.55%

======================================================================
Node Size: 20 | Optimal Cut: 26.13816632475432
======================================================================

Classical QAOA:
  Time: 11.2597s
  Cut: 19.81545140771239/26.13816632475432 (75.81%)

xgboost Model:
  Time: 0.4137s (speedup: 27.2x)
  Cut: 18.953960364947083/26.13816632475432 (72.51%)
  Quality vs Classical: -3.30%

MLP Model:
  Time: 0.4073s (speedup: 27.6x)
  Cut: 19.262733922748847/26.13816632475432 (73.70%)
  Quality vs Classical: -2.11%

======================================================================
Node Size: 25 | Optimal Cut: 61.356417982289265
======================================================================

Classical QAOA:
  Time: 644.0053s
  Cut: 63.20876683943791/61.356417982289265 (103.02%)

xgboost Model:
  Time: 18.4277s (speedup: 34.9x)
  Cut: 59.945240569976136/61.356417982289265 (97.70%)
  Quality vs Classical: -5.32%

MLP Model:
  Time: 23.9567s (speedup: 26.9x)
  Cut: 53.75099108037033/61.356417982289265 (87.60%)
  Quality vs Classical: -15.41%

======================================================================
OVERALL AVERAGES
======================================================================

Classical QAOA:
  Avg Time: 132.4392s
  Avg Approximation Ratio: 82.32%

xgboost Model:
  Avg Time: 3.9745s (avg speedup: 33.3x)
  Avg Approximation Ratio: 75.32%
  Quality Difference: -7.00%

MLP Model:
  Avg Time: 4.9261s (avg speedup: 26.9x)
  Avg Approximation Ratio: 66.38%
  Quality Difference: -15.94%
  adding: Models/qaoa_vs_ml/V1/execution_25/comparison_comprehensive.png (deflated 14%)
  adding: Models/qaoa_vs_ml/V1/execution_25/detailed_timing_analysis.png (deflated 17%)
  adding: Models/qaoa_vs_ml/V1/execution_25/MLP_model_10_Circuit.pkl (deflated 5%)
  adding: Models/qaoa_vs_ml/V1/execution_25/MLP_model_10.pkl (deflated 5%)
  adding: Models/qaoa_vs_ml/V1/execution_25/MLP_model_12_Circuit.pkl (deflated 5%)
  adding: Models/qaoa_vs_ml/V1/execution_25/MLP_model_12.pkl (deflated 5%)
  adding: Models/qaoa_vs_ml/V1/execution_25/MLP_model_15_Circuit.pkl (deflated 5%)
  adding: Models/qaoa_vs_ml/V1/execution_25/MLP_model_15.pkl (deflated 5%)
  adding: Models/qaoa_vs_ml/V1/execution_25/MLP_model_20_Circuit.pkl (deflated 5%)
  adding: Models/qaoa_vs_ml/V1/execution_25/MLP_model_20.pkl (deflated 4%)
  adding: Models/qaoa_vs_ml/V1/execution_25/MLP_model_25_Circuit.pkl (deflated 5%)
  adding: Models/qaoa_vs_ml/V1/execution_25/MLP_model_25.pkl (deflated 4%)
  adding: Models/qaoa_vs_ml/V1/execution_25/MLP_model_full_Circuit.pkl (deflated 5%)
  adding: Models/qaoa_vs_ml/V1/execution_25/MLP_model_full.pkl (deflated 4%)
  adding: Models/qaoa_vs_ml/V1/execution_25/vanila_vs_ml.csv (deflated 50%)
  adding: Models/qaoa_vs_ml/V1/execution_25/xgboost_model_10_Circuit.pkl (deflated 83%)
  adding: Models/qaoa_vs_ml/V1/execution_25/xgboost_model_10.pkl (deflated 86%)
  adding: Models/qaoa_vs_ml/V1/execution_25/xgboost_model_12_Circuit.pkl (deflated 83%)
  adding: Models/qaoa_vs_ml/V1/execution_25/xgboost_model_12.pkl (deflated 87%)
  adding: Models/qaoa_vs_ml/V1/execution_25/xgboost_model_15_Circuit.pkl (deflated 83%)
  adding: Models/qaoa_vs_ml/V1/execution_25/xgboost_model_15.pkl (deflated 87%)
  adding: Models/qaoa_vs_ml/V1/execution_25/xgboost_model_20_Circuit.pkl (deflated 83%)
  adding: Models/qaoa_vs_ml/V1/execution_25/xgboost_model_20.pkl (deflated 87%)
  adding: Models/qaoa_vs_ml/V1/execution_25/xgboost_model_25_Circuit.pkl (deflated 83%)
  adding: Models/qaoa_vs_ml/V1/execution_25/xgboost_model_25.pkl (deflated 87%)
  adding: Models/qaoa_vs_ml/V1/execution_25/xgboost_model_full_Circuit.pkl (deflated 81%)
  adding: Models/qaoa_vs_ml/V1/execution_25/xgboost_model_full.pkl (deflated 79%)
