

Classical 10 nodes - Time: 2.2687s, Cut: 11.787030978759004/14.313097030787514
Graph Size:10
Execution N°:17
Model:xgboost
xgboost 10 nodes - Time: 0.1042s, Cut: 9.350434349086958/14.313097030787514
Graph Size:10
Execution N°:17
Model:MLP
MLP 10 nodes - Time: 0.0225s, Cut: 8.09433575426768/14.313097030787514
Classical 12 nodes - Time: 2.0606s, Cut: 9.92765984724618/14.78336744278885
Graph Size:12
Execution N°:17
Model:xgboost
xgboost 12 nodes - Time: 0.0586s, Cut: 13.204315676678188/14.78336744278885
Graph Size:12
Execution N°:17
Model:MLP
MLP 12 nodes - Time: 0.0225s, Cut: 11.422198092872408/14.78336744278885
Classical 15 nodes - Time: 3.0993s, Cut: 15.117698999393665/22.95753589374799
Graph Size:15
Execution N°:17
Model:xgboost
xgboost 15 nodes - Time: 0.0737s, Cut: 13.948624758887602/22.95753589374799
Graph Size:15
Execution N°:17
Model:MLP
MLP 15 nodes - Time: 0.0410s, Cut: 17.685770211393/22.95753589374799
Classical 20 nodes - Time: 13.1804s, Cut: 27.359695532513452/33.596309435558325
Graph Size:20
Execution N°:17
Model:xgboost
xgboost 20 nodes - Time: 0.4453s, Cut: 16.063242097849447/33.596309435558325
Graph Size:20
Execution N°:17
Model:MLP
MLP 20 nodes - Time: 0.4500s, Cut: 24.405495776717743/33.596309435558325
Classical 25 nodes - Time: 367.5521s, Cut: 45.48093606660249/43.41002363371305
Graph Size:25
Execution N°:17
Model:xgboost
xgboost 25 nodes - Time: 14.6670s, Cut: 36.302454698868054/43.41002363371305
Graph Size:25
Execution N°:17
Model:MLP
MLP 25 nodes - Time: 14.6121s, Cut: 42.07458440436649/43.41002363371305

======================================================================
COMPREHENSIVE COMPARISON SUMMARY
======================================================================

======================================================================
Node Size: 10 | Optimal Cut: 14.313097030787514
======================================================================

Classical QAOA:
  Time: 2.2687s
  Cut: 11.787030978759004/14.313097030787514 (82.35%)

xgboost Model:
  Time: 0.1042s (speedup: 21.8x)
  Cut: 9.350434349086958/14.313097030787514 (65.33%)
  Quality vs Classical: -17.02%

MLP Model:
  Time: 0.0225s (speedup: 100.7x)
  Cut: 8.09433575426768/14.313097030787514 (56.55%)
  Quality vs Classical: -25.80%

======================================================================
Node Size: 12 | Optimal Cut: 14.78336744278885
======================================================================

Classical QAOA:
  Time: 2.0606s
  Cut: 9.92765984724618/14.78336744278885 (67.15%)

xgboost Model:
  Time: 0.0586s (speedup: 35.1x)
  Cut: 13.204315676678188/14.78336744278885 (89.32%)
  Quality vs Classical: +22.16%

MLP Model:
  Time: 0.0225s (speedup: 91.5x)
  Cut: 11.422198092872408/14.78336744278885 (77.26%)
  Quality vs Classical: +10.11%

======================================================================
Node Size: 15 | Optimal Cut: 22.95753589374799
======================================================================

Classical QAOA:
  Time: 3.0993s
  Cut: 15.117698999393665/22.95753589374799 (65.85%)

xgboost Model:
  Time: 0.0737s (speedup: 42.1x)
  Cut: 13.948624758887602/22.95753589374799 (60.76%)
  Quality vs Classical: -5.09%

MLP Model:
  Time: 0.0410s (speedup: 75.5x)
  Cut: 17.685770211393/22.95753589374799 (77.04%)
  Quality vs Classical: +11.19%

======================================================================
Node Size: 20 | Optimal Cut: 33.596309435558325
======================================================================

Classical QAOA:
  Time: 13.1804s
  Cut: 27.359695532513452/33.596309435558325 (81.44%)

xgboost Model:
  Time: 0.4453s (speedup: 29.6x)
  Cut: 16.063242097849447/33.596309435558325 (47.81%)
  Quality vs Classical: -33.62%

MLP Model:
  Time: 0.4500s (speedup: 29.3x)
  Cut: 24.405495776717743/33.596309435558325 (72.64%)
  Quality vs Classical: -8.79%

======================================================================
Node Size: 25 | Optimal Cut: 43.41002363371305
======================================================================

Classical QAOA:
  Time: 367.5521s
  Cut: 45.48093606660249/43.41002363371305 (104.77%)

xgboost Model:
  Time: 14.6670s (speedup: 25.1x)
  Cut: 36.302454698868054/43.41002363371305 (83.63%)
  Quality vs Classical: -21.14%

MLP Model:
  Time: 14.6121s (speedup: 25.2x)
  Cut: 42.07458440436649/43.41002363371305 (96.92%)
  Quality vs Classical: -7.85%

======================================================================
OVERALL AVERAGES
======================================================================

Classical QAOA:
  Avg Time: 77.6322s
  Avg Approximation Ratio: 80.31%

xgboost Model:
  Avg Time: 3.0698s (avg speedup: 25.3x)
  Avg Approximation Ratio: 69.37%
  Quality Difference: -10.94%

MLP Model:
  Avg Time: 3.0296s (avg speedup: 25.6x)
  Avg Approximation Ratio: 76.08%
  Quality Difference: -4.23%
  adding: Models/qaoa_vs_ml/V1/execution_17/comparison_comprehensive.png (deflated 13%)
  adding: Models/qaoa_vs_ml/V1/execution_17/detailed_timing_analysis.png (deflated 18%)
  adding: Models/qaoa_vs_ml/V1/execution_17/MLP_model_10_Circuit.pkl (deflated 5%)
  adding: Models/qaoa_vs_ml/V1/execution_17/MLP_model_10.pkl (deflated 5%)
  adding: Models/qaoa_vs_ml/V1/execution_17/MLP_model_12_Circuit.pkl (deflated 5%)
  adding: Models/qaoa_vs_ml/V1/execution_17/MLP_model_12.pkl (deflated 5%)
  adding: Models/qaoa_vs_ml/V1/execution_17/MLP_model_15_Circuit.pkl (deflated 5%)
  adding: Models/qaoa_vs_ml/V1/execution_17/MLP_model_15.pkl (deflated 5%)
  adding: Models/qaoa_vs_ml/V1/execution_17/MLP_model_20_Circuit.pkl (deflated 5%)
  adding: Models/qaoa_vs_ml/V1/execution_17/MLP_model_20.pkl (deflated 4%)
  adding: Models/qaoa_vs_ml/V1/execution_17/MLP_model_25_Circuit.pkl (deflated 5%)
  adding: Models/qaoa_vs_ml/V1/execution_17/MLP_model_25.pkl (deflated 4%)
  adding: Models/qaoa_vs_ml/V1/execution_17/MLP_model_full_Circuit.pkl (deflated 5%)
  adding: Models/qaoa_vs_ml/V1/execution_17/MLP_model_full.pkl (deflated 4%)
  adding: Models/qaoa_vs_ml/V1/execution_17/vanila_vs_ml.csv (deflated 51%)
  adding: Models/qaoa_vs_ml/V1/execution_17/xgboost_model_10_Circuit.pkl (deflated 83%)
  adding: Models/qaoa_vs_ml/V1/execution_17/xgboost_model_10.pkl (deflated 86%)
  adding: Models/qaoa_vs_ml/V1/execution_17/xgboost_model_12_Circuit.pkl (deflated 83%)
  adding: Models/qaoa_vs_ml/V1/execution_17/xgboost_model_12.pkl (deflated 86%)
  adding: Models/qaoa_vs_ml/V1/execution_17/xgboost_model_15_Circuit.pkl (deflated 83%)
  adding: Models/qaoa_vs_ml/V1/execution_17/xgboost_model_15.pkl (deflated 87%)
  adding: Models/qaoa_vs_ml/V1/execution_17/xgboost_model_20_Circuit.pkl (deflated 83%)
  adding: Models/qaoa_vs_ml/V1/execution_17/xgboost_model_20.pkl (deflated 87%)
  adding: Models/qaoa_vs_ml/V1/execution_17/xgboost_model_25_Circuit.pkl (deflated 83%)
  adding: Models/qaoa_vs_ml/V1/execution_17/xgboost_model_25.pkl (deflated 87%)
  adding: Models/qaoa_vs_ml/V1/execution_17/xgboost_model_full_Circuit.pkl (deflated 81%)
  adding: Models/qaoa_vs_ml/V1/execution_17/xgboost_model_full.pkl (deflated 79%)
