
 Training on dataset_10_nodes.csv...
Total rows in CSV: 50
10 55
10 55
10 55
10 55
10 55
10 55
10 55
10 55
10 55
10 55
10 55
10 55
10 55
10 55
10 55
10 55
10 55
10 55
10 55
10 55
10 55
10 55
10 55
10 55
10 55
10 55
10 55
10 55
10 55
10 55
10 55
10 55
10 55
10 55
10 55
10 55
10 55
10 55
10 55
10 55
10 55
10 55
10 55
10 55
10 55
10 55
10 55
10 55
10 55
10 55
Loaded 50 valid graphs.
Epoch 001, Loss: 2.9854
Epoch 002, Loss: 0.6393
Epoch 003, Loss: 0.6474
Epoch 004, Loss: 0.5518
Epoch 005, Loss: 0.5805
Epoch 006, Loss: 0.6210
Epoch 007, Loss: 0.5536
Epoch 008, Loss: 0.6527
Epoch 009, Loss: 0.6156
Epoch 010, Loss: 0.5546
Epoch 011, Loss: 0.6164
Epoch 012, Loss: 0.5884
Epoch 013, Loss: 0.5818
Epoch 014, Loss: 0.5495
Epoch 015, Loss: 0.6106
Epoch 016, Loss: 0.5675
Epoch 017, Loss: 0.5416
Epoch 018, Loss: 0.5477
Epoch 019, Loss: 0.6169
Epoch 020, Loss: 0.5325
Epoch 021, Loss: 0.5533
Epoch 022, Loss: 0.5896
Epoch 023, Loss: 0.5654
Epoch 024, Loss: 0.5463
Epoch 025, Loss: 0.5474
Epoch 026, Loss: 0.5424
Epoch 027, Loss: 0.5798
Epoch 028, Loss: 0.5528
Epoch 029, Loss: 0.5544
Epoch 030, Loss: 0.5323
Epoch 031, Loss: 0.5741
Epoch 032, Loss: 0.5454
Epoch 033, Loss: 0.5446
Epoch 034, Loss: 0.5439
Epoch 035, Loss: 0.5223
Epoch 036, Loss: 0.5219
Epoch 037, Loss: 0.5285
Epoch 038, Loss: 0.5205
Epoch 039, Loss: 0.5245
Epoch 040, Loss: 0.5273
Epoch 041, Loss: 0.5610
Epoch 042, Loss: 0.5489
Epoch 043, Loss: 0.5075
Epoch 044, Loss: 0.5235
Epoch 045, Loss: 0.5044
Epoch 046, Loss: 0.5290
Epoch 047, Loss: 0.5022
Epoch 048, Loss: 0.5227
Epoch 049, Loss: 0.5215
Epoch 050, Loss: 0.5013
Epoch 051, Loss: 0.5015
Epoch 052, Loss: 0.5064
Epoch 053, Loss: 0.5164
Epoch 054, Loss: 0.5048
Epoch 055, Loss: 0.5135
Epoch 056, Loss: 0.4885
Epoch 057, Loss: 0.4994
Epoch 058, Loss: 0.4942
Epoch 059, Loss: 0.5247
Epoch 060, Loss: 0.5242
Epoch 061, Loss: 0.4948
Epoch 062, Loss: 0.4762
Epoch 063, Loss: 0.5091
Epoch 064, Loss: 0.4842
Epoch 065, Loss: 0.5197
Epoch 066, Loss: 0.4759
Epoch 067, Loss: 0.4974
Epoch 068, Loss: 0.4896
Epoch 069, Loss: 0.5252
Epoch 070, Loss: 0.4884
Epoch 071, Loss: 0.4755
Epoch 072, Loss: 0.4732
Epoch 073, Loss: 0.4833
Epoch 074, Loss: 0.4577
Epoch 075, Loss: 0.4856
Epoch 076, Loss: 0.4621
Epoch 077, Loss: 0.4688
Epoch 078, Loss: 0.4616
Epoch 079, Loss: 0.4329
Epoch 080, Loss: 0.4894
Epoch 081, Loss: 0.4771
Epoch 082, Loss: 0.4814
Epoch 083, Loss: 0.4357
Epoch 084, Loss: 0.4612
Epoch 085, Loss: 0.4379
Epoch 086, Loss: 0.4457
Epoch 087, Loss: 0.4543
Epoch 088, Loss: 0.4540
Epoch 089, Loss: 0.4404
Epoch 090, Loss: 0.4582
Epoch 091, Loss: 0.4436
Epoch 092, Loss: 0.4385
Epoch 093, Loss: 0.4483
Epoch 094, Loss: 0.4453
Epoch 095, Loss: 0.4171
Epoch 096, Loss: 0.4661
Epoch 097, Loss: 0.4474
Epoch 098, Loss: 0.4485
Epoch 099, Loss: 0.4254
Epoch 100, Loss: 0.4218

Test RMSE: 0.6311
Test MAPE: 0.2322
Training time: 9.46 seconds
Model saved to Models/GCN_model_10.pkl

 Training on dataset_12_nodes.csv...
Total rows in CSV: 50
12 78
12 78
12 78
12 78
12 78
12 78
12 78
12 78
12 78
12 78
12 78
12 78
12 78
12 78
12 78
12 78
12 78
12 78
12 78
12 78
12 78
12 78
12 78
12 78
12 78
12 78
12 78
12 78
12 78
12 78
12 78
12 78
12 78
12 78
12 78
12 78
12 78
12 78
12 78
12 78
12 78
12 78
12 78
12 78
12 78
12 78
12 78
12 78
12 78
12 78
Loaded 50 valid graphs.
Epoch 001, Loss: 3.5070
Epoch 002, Loss: 0.8985
Epoch 003, Loss: 0.9245
Epoch 004, Loss: 0.8556
Epoch 005, Loss: 0.8603
Epoch 006, Loss: 0.8645
Epoch 007, Loss: 0.9389
Epoch 008, Loss: 0.8137
Epoch 009, Loss: 0.8673
Epoch 010, Loss: 0.9074
Epoch 011, Loss: 0.8744
Epoch 012, Loss: 0.8795
Epoch 013, Loss: 0.8838
Epoch 014, Loss: 0.8255
Epoch 015, Loss: 0.8387
Epoch 016, Loss: 0.8406
Epoch 017, Loss: 0.8964
Epoch 018, Loss: 0.8896
Epoch 019, Loss: 0.8566
Epoch 020, Loss: 0.8489
Epoch 021, Loss: 0.8756
Epoch 022, Loss: 0.8346
Epoch 023, Loss: 0.8978
Epoch 024, Loss: 0.8569
Epoch 025, Loss: 0.8270
Epoch 026, Loss: 0.8239
Epoch 027, Loss: 0.8325
Epoch 028, Loss: 0.8344
Epoch 029, Loss: 0.9451
Epoch 030, Loss: 0.8490
Epoch 031, Loss: 0.8425
Epoch 032, Loss: 0.8224
Epoch 033, Loss: 0.8620
Epoch 034, Loss: 0.7983
Epoch 035, Loss: 0.8494
Epoch 036, Loss: 0.8607
Epoch 037, Loss: 0.8837
Epoch 038, Loss: 0.8637
Epoch 039, Loss: 0.8411
Epoch 040, Loss: 0.8249
Epoch 041, Loss: 0.8247
Epoch 042, Loss: 0.8212
Epoch 043, Loss: 0.8170
Epoch 044, Loss: 0.8043
Epoch 045, Loss: 0.7961
Epoch 046, Loss: 0.8101
Epoch 047, Loss: 0.8377
Epoch 048, Loss: 0.8330
Epoch 049, Loss: 0.8040
Epoch 050, Loss: 0.8052
Epoch 051, Loss: 0.8103
Epoch 052, Loss: 0.7830
Epoch 053, Loss: 0.8064
Epoch 054, Loss: 0.7623
Epoch 055, Loss: 0.7741
Epoch 056, Loss: 0.7723
Epoch 057, Loss: 0.7824
Epoch 058, Loss: 0.7867
Epoch 059, Loss: 0.7586
Epoch 060, Loss: 0.7610
Epoch 061, Loss: 0.7980
Epoch 062, Loss: 0.7338
Epoch 063, Loss: 0.7294
Epoch 064, Loss: 0.7266
Epoch 065, Loss: 0.7338
Epoch 066, Loss: 0.7482
Epoch 067, Loss: 0.7276
Epoch 068, Loss: 0.7165
Epoch 069, Loss: 0.7449
Epoch 070, Loss: 0.7021
Epoch 071, Loss: 0.6849
Epoch 072, Loss: 0.6713
Epoch 073, Loss: 0.7022
Epoch 074, Loss: 0.6764
Epoch 075, Loss: 0.6610
Epoch 076, Loss: 0.6870
Epoch 077, Loss: 0.6456
Epoch 078, Loss: 0.6737
Epoch 079, Loss: 0.6695
Epoch 080, Loss: 0.6494
Epoch 081, Loss: 0.6808
Epoch 082, Loss: 0.6493
Epoch 083, Loss: 0.6345
Epoch 084, Loss: 0.5942
Epoch 085, Loss: 0.6055
Epoch 086, Loss: 0.6123
Epoch 087, Loss: 0.5980
Epoch 088, Loss: 0.5828
Epoch 089, Loss: 0.6076
Epoch 090, Loss: 0.5973
Epoch 091, Loss: 0.5742
Epoch 092, Loss: 0.5716
Epoch 093, Loss: 0.5885
Epoch 094, Loss: 0.5772
Epoch 095, Loss: 0.5633
Epoch 096, Loss: 0.6175
Epoch 097, Loss: 0.5830
Epoch 098, Loss: 0.5536
Epoch 099, Loss: 0.6322
Epoch 100, Loss: 0.5614

Test RMSE: 0.6814
Test MAPE: 0.1866
Training time: 8.53 seconds
Model saved to Models/GCN_model_12.pkl

 Training on dataset_15_nodes.csv...
Total rows in CSV: 50
15 120
15 120
15 120
15 120
15 120
15 120
15 120
15 120
15 120
15 120
15 120
15 120
15 120
15 120
15 120
15 120
15 120
15 120
15 120
15 120
15 120
15 120
15 120
15 120
15 120
15 120
15 120
15 120
15 120
15 120
15 120
15 120
15 120
15 120
15 120
15 120
15 120
15 120
15 120
15 120
15 120
15 120
15 120
15 120
15 120
15 120
15 120
15 120
15 120
15 120
Loaded 50 valid graphs.
Epoch 001, Loss: 4.2775
Epoch 002, Loss: 1.0712
Epoch 003, Loss: 1.0260
Epoch 004, Loss: 0.9745
Epoch 005, Loss: 1.1189
Epoch 006, Loss: 1.0480
Epoch 007, Loss: 0.9568
Epoch 008, Loss: 0.9695
Epoch 009, Loss: 0.9532
Epoch 010, Loss: 0.9099
Epoch 011, Loss: 0.9167
Epoch 012, Loss: 0.9717
Epoch 013, Loss: 1.1013
Epoch 014, Loss: 1.0315
Epoch 015, Loss: 0.9431
Epoch 016, Loss: 0.9654
Epoch 017, Loss: 0.9601
Epoch 018, Loss: 0.9364
Epoch 019, Loss: 1.0159
Epoch 020, Loss: 1.0890
Epoch 021, Loss: 1.0553
Epoch 022, Loss: 0.9191
Epoch 023, Loss: 0.9726
Epoch 024, Loss: 0.9226
Epoch 025, Loss: 0.9779
Epoch 026, Loss: 0.9525
Epoch 027, Loss: 0.9421
Epoch 028, Loss: 0.9072
Epoch 029, Loss: 1.0067
Epoch 030, Loss: 0.8826
Epoch 031, Loss: 0.9867
Epoch 032, Loss: 1.0167
Epoch 033, Loss: 0.9763
Epoch 034, Loss: 0.9677
Epoch 035, Loss: 0.8801
Epoch 036, Loss: 0.9192
Epoch 037, Loss: 0.9934
Epoch 038, Loss: 0.9943
Epoch 039, Loss: 0.8742
Epoch 040, Loss: 0.8792
Epoch 041, Loss: 0.8778
Epoch 042, Loss: 0.8860
Epoch 043, Loss: 0.9181
Epoch 044, Loss: 0.9148
Epoch 045, Loss: 0.9386
Epoch 046, Loss: 0.8452
Epoch 047, Loss: 0.9346
Epoch 048, Loss: 0.8708
Epoch 049, Loss: 0.8627
Epoch 050, Loss: 0.8810
Epoch 051, Loss: 0.8589
Epoch 052, Loss: 0.9649
Epoch 053, Loss: 0.8773
Epoch 054, Loss: 0.8345
Epoch 055, Loss: 0.9056
Epoch 056, Loss: 0.8579
Epoch 057, Loss: 0.8376
Epoch 058, Loss: 0.8740
Epoch 059, Loss: 0.8912
Epoch 060, Loss: 0.8827
Epoch 061, Loss: 0.9435
Epoch 062, Loss: 0.8210
Epoch 063, Loss: 0.8362
Epoch 064, Loss: 0.7408
Epoch 065, Loss: 0.8566
Epoch 066, Loss: 0.8478
Epoch 067, Loss: 0.8332
Epoch 068, Loss: 0.7748
Epoch 069, Loss: 0.7576
Epoch 070, Loss: 0.7459
Epoch 071, Loss: 0.8074
Epoch 072, Loss: 0.7912
Epoch 073, Loss: 0.7211
Epoch 074, Loss: 0.7254
Epoch 075, Loss: 0.7594
Epoch 076, Loss: 0.7522
Epoch 077, Loss: 0.6983
Epoch 078, Loss: 0.7512
Epoch 079, Loss: 0.6908
Epoch 080, Loss: 0.7096
Epoch 081, Loss: 0.6616
Epoch 082, Loss: 0.6843
Epoch 083, Loss: 0.7102
Epoch 084, Loss: 0.7164
Epoch 085, Loss: 0.7135
Epoch 086, Loss: 0.6706
Epoch 087, Loss: 0.6619
Epoch 088, Loss: 0.6324
Epoch 089, Loss: 0.6345
Epoch 090, Loss: 0.6470
Epoch 091, Loss: 0.6887
Epoch 092, Loss: 0.5957
Epoch 093, Loss: 0.6155
Epoch 094, Loss: 0.6257
Epoch 095, Loss: 0.5955
Epoch 096, Loss: 0.5936
Epoch 097, Loss: 0.6400
Epoch 098, Loss: 0.5707
Epoch 099, Loss: 0.6461
Epoch 100, Loss: 0.6206

Test RMSE: 0.7900
Test MAPE: 0.1830
Training time: 8.69 seconds
Model saved to Models/GCN_model_15.pkl

 Training on dataset_20_nodes.csv...
Total rows in CSV: 50
20 210
20 210
20 210
20 210
20 210
20 210
20 210
20 210
20 210
20 210
20 210
20 210
20 210
20 210
20 210
20 210
20 210
20 210
20 210
20 210
20 210
20 210
20 210
20 210
20 210
20 210
20 210
20 210
20 210
20 210
20 210
20 210
20 210
20 210
20 210
20 210
20 210
20 210
20 210
20 210
20 210
20 210
20 210
20 210
20 210
20 210
20 210
20 210
20 210
20 210
Loaded 50 valid graphs.
Epoch 001, Loss: 7.7931
Epoch 002, Loss: 1.4256
Epoch 003, Loss: 1.3031
Epoch 004, Loss: 1.2872
Epoch 005, Loss: 1.2020
Epoch 006, Loss: 1.2891
Epoch 007, Loss: 1.3076
Epoch 008, Loss: 1.1558
Epoch 009, Loss: 1.2317
Epoch 010, Loss: 1.2324
Epoch 011, Loss: 1.2318
Epoch 012, Loss: 1.2266
Epoch 013, Loss: 1.2208
Epoch 014, Loss: 1.3737
Epoch 015, Loss: 1.2538
Epoch 016, Loss: 1.2502
Epoch 017, Loss: 1.3792
Epoch 018, Loss: 1.4521
Epoch 019, Loss: 1.1595
Epoch 020, Loss: 1.1977
Epoch 021, Loss: 1.2227
Epoch 022, Loss: 1.3773
Epoch 023, Loss: 1.2804
Epoch 024, Loss: 1.2538
Epoch 025, Loss: 1.1882
Epoch 026, Loss: 1.2168
Epoch 027, Loss: 1.2014
Epoch 028, Loss: 1.2591
Epoch 029, Loss: 1.2171
Epoch 030, Loss: 1.1357
Epoch 031, Loss: 1.2610
Epoch 032, Loss: 1.1849
Epoch 033, Loss: 1.2761
Epoch 034, Loss: 1.2929
Epoch 035, Loss: 1.3373
Epoch 036, Loss: 1.1798
Epoch 037, Loss: 1.1540
Epoch 038, Loss: 1.1569
Epoch 039, Loss: 1.2684
Epoch 040, Loss: 1.1689
Epoch 041, Loss: 1.2011
Epoch 042, Loss: 1.2434
Epoch 043, Loss: 1.2394
Epoch 044, Loss: 1.2812
Epoch 045, Loss: 1.2639
Epoch 046, Loss: 1.1353
Epoch 047, Loss: 1.1510
Epoch 048, Loss: 1.1245
Epoch 049, Loss: 1.2739
Epoch 050, Loss: 1.2813
Epoch 051, Loss: 1.0928
Epoch 052, Loss: 1.3283
Epoch 053, Loss: 1.2128
Epoch 054, Loss: 1.2856
Epoch 055, Loss: 1.1956
Epoch 056, Loss: 1.1848
Epoch 057, Loss: 1.4524
Epoch 058, Loss: 1.2174
Epoch 059, Loss: 1.1187
Epoch 060, Loss: 1.1375
Epoch 061, Loss: 1.2212
Epoch 062, Loss: 1.0841
Epoch 063, Loss: 1.2143
Epoch 064, Loss: 1.1253
Epoch 065, Loss: 1.1057
Epoch 066, Loss: 1.0342
Epoch 067, Loss: 1.0991
Epoch 068, Loss: 0.9625
Epoch 069, Loss: 1.0781
Epoch 070, Loss: 0.9170
Epoch 071, Loss: 0.8898
Epoch 072, Loss: 0.9538
Epoch 073, Loss: 0.8984
Epoch 074, Loss: 0.8664
Epoch 075, Loss: 1.0431
Epoch 076, Loss: 0.8622
Epoch 077, Loss: 0.9095
Epoch 078, Loss: 0.8690
Epoch 079, Loss: 0.9517
Epoch 080, Loss: 0.7834
Epoch 081, Loss: 0.9061
Epoch 082, Loss: 0.6984
Epoch 083, Loss: 0.6796
Epoch 084, Loss: 0.7139
Epoch 085, Loss: 0.7372
Epoch 086, Loss: 0.6758
Epoch 087, Loss: 0.6469
Epoch 088, Loss: 0.6597
Epoch 089, Loss: 0.6912
Epoch 090, Loss: 0.6171
Epoch 091, Loss: 0.6221
Epoch 092, Loss: 0.7418
Epoch 093, Loss: 0.6477
Epoch 094, Loss: 0.6754
Epoch 095, Loss: 0.8306
Epoch 096, Loss: 0.6183
Epoch 097, Loss: 0.6274
Epoch 098, Loss: 0.6326
Epoch 099, Loss: 0.6416
Epoch 100, Loss: 0.6628

Test RMSE: 1.1536
Test MAPE: 0.2219
Training time: 8.95 seconds
Model saved to Models/GCN_model_20.pkl

 Training on dataset_25_nodes.csv...
Total rows in CSV: 50
25 325
25 325
25 325
25 325
25 325
25 325
25 325
25 325
25 325
25 325
25 325
25 325
25 325
25 325
25 325
25 325
25 325
25 325
25 325
25 325
25 325
25 325
25 325
25 325
25 325
25 325
25 325
25 325
25 325
25 325
25 325
25 325
25 325
25 325
25 325
25 325
25 325
25 325
25 325
25 325
25 325
25 325
25 325
25 325
25 325
25 325
25 325
25 325
25 325
25 325
Loaded 50 valid graphs.
Epoch 001, Loss: 10.4421
Epoch 002, Loss: 1.8638
Epoch 003, Loss: 1.5756
Epoch 004, Loss: 1.6578
Epoch 005, Loss: 1.4897
Epoch 006, Loss: 1.6347
Epoch 007, Loss: 1.7361
Epoch 008, Loss: 1.4806
Epoch 009, Loss: 1.6914
Epoch 010, Loss: 1.6375
Epoch 011, Loss: 1.5607
Epoch 012, Loss: 1.6690
Epoch 013, Loss: 1.6569
Epoch 014, Loss: 1.5760
Epoch 015, Loss: 1.5658
Epoch 016, Loss: 1.5672
Epoch 017, Loss: 1.6402
Epoch 018, Loss: 1.4840
Epoch 019, Loss: 1.5293
Epoch 020, Loss: 1.4654
Epoch 021, Loss: 1.8777
Epoch 022, Loss: 1.8034
Epoch 023, Loss: 1.4320
Epoch 024, Loss: 1.4732
Epoch 025, Loss: 1.4487
Epoch 026, Loss: 1.6209
Epoch 027, Loss: 1.3793
Epoch 028, Loss: 1.4267
Epoch 029, Loss: 1.6392
Epoch 030, Loss: 1.7477
Epoch 031, Loss: 1.6002
Epoch 032, Loss: 1.4631
Epoch 033, Loss: 1.3982
Epoch 034, Loss: 1.3040
Epoch 035, Loss: 1.4416
Epoch 036, Loss: 1.4414
Epoch 037, Loss: 1.3031
Epoch 038, Loss: 1.2685
Epoch 039, Loss: 1.2773
Epoch 040, Loss: 1.2242
Epoch 041, Loss: 1.2140
Epoch 042, Loss: 1.3077
Epoch 043, Loss: 1.1565
Epoch 044, Loss: 1.2305
Epoch 045, Loss: 1.2127
Epoch 046, Loss: 1.0426
Epoch 047, Loss: 1.0292
Epoch 048, Loss: 1.0400
Epoch 049, Loss: 1.2490
Epoch 050, Loss: 1.0424
Epoch 051, Loss: 0.9937
Epoch 052, Loss: 1.0000
Epoch 053, Loss: 0.9891
Epoch 054, Loss: 1.0229
Epoch 055, Loss: 0.8908
Epoch 056, Loss: 0.9815
Epoch 057, Loss: 0.9023
Epoch 058, Loss: 1.0441
Epoch 059, Loss: 0.8891
Epoch 060, Loss: 0.9397
Epoch 061, Loss: 0.9178
Epoch 062, Loss: 0.8562
Epoch 063, Loss: 0.9254
Epoch 064, Loss: 0.9458
Epoch 065, Loss: 0.8817
Epoch 066, Loss: 0.9030
Epoch 067, Loss: 0.8866
Epoch 068, Loss: 0.8778
Epoch 069, Loss: 0.8816
Epoch 070, Loss: 0.8267
Epoch 071, Loss: 0.8509
Epoch 072, Loss: 0.9526
Epoch 073, Loss: 0.8797
Epoch 074, Loss: 0.9579
Epoch 075, Loss: 0.8508
Epoch 076, Loss: 0.9319
Epoch 077, Loss: 0.7917
Epoch 078, Loss: 0.7788
Epoch 079, Loss: 0.7999
Epoch 080, Loss: 0.8208
Epoch 081, Loss: 0.8408
Epoch 082, Loss: 0.8105
Epoch 083, Loss: 0.9834
Epoch 084, Loss: 0.7890
Epoch 085, Loss: 0.7470
Epoch 086, Loss: 0.8313
Epoch 087, Loss: 0.9015
Epoch 088, Loss: 0.7645
Epoch 089, Loss: 0.7767
Epoch 090, Loss: 0.7640
Epoch 091, Loss: 1.0333
Epoch 092, Loss: 0.8143
Epoch 093, Loss: 0.8263
Epoch 094, Loss: 0.7955
Epoch 095, Loss: 0.7443
Epoch 096, Loss: 0.8220
Epoch 097, Loss: 0.7028
Epoch 098, Loss: 0.7981
Epoch 099, Loss: 0.7839
Epoch 100, Loss: 0.6622

Test RMSE: 1.6115
Test MAPE: 0.2236
Training time: 8.92 seconds
Model saved to Models/GCN_model_25.pkl

 Training on dataset_full.csv...
Total rows in CSV: 250
25 325
25 325
25 325
25 325
25 325
25 325
25 325
25 325
25 325
25 325
25 325
25 325
25 325
25 325
25 325
25 325
25 325
25 325
25 325
25 325
25 325
25 325
25 325
25 325
25 325
25 325
25 325
25 325
25 325
25 325
25 325
25 325
25 325
25 325
25 325
25 325
25 325
25 325
25 325
25 325
25 325
25 325
25 325
25 325
25 325
25 325
25 325
25 325
25 325
25 325
25 325
25 325
25 325
25 325
25 325
25 325
25 325
25 325
25 325
25 325
25 325
25 325
25 325
25 325
25 325
25 325
25 325
25 325
25 325
25 325
25 325
25 325
25 325
25 325
25 325
25 325
25 325
25 325
25 325
25 325
25 325
25 325
25 325
25 325
25 325
25 325
25 325
25 325
25 325
25 325
25 325
25 325
25 325
25 325
25 325
25 325
25 325
25 325
25 325
25 325
25 325
25 325
25 325
25 325
25 325
25 325
25 325
25 325
25 325
25 325
25 325
25 325
25 325
25 325
25 325
25 325
25 325
25 325
25 325
25 325
25 325
25 325
25 325
25 325
25 325
25 325
25 325
25 325
25 325
25 325
25 325
25 325
25 325
25 325
25 325
25 325
25 325
25 325
25 325
25 325
25 325
25 325
25 325
25 325
25 325
25 325
25 325
25 325
25 325
25 325
25 325
25 325
25 325
25 325
25 325
25 325
25 325
25 325
25 325
25 325
25 325
25 325
25 325
25 325
25 325
25 325
25 325
25 325
25 325
25 325
25 325
25 325
25 325
25 325
25 325
25 325
25 325
25 325
25 325
25 325
25 325
25 325
25 325
25 325
25 325
25 325
25 325
25 325
25 325
25 325
25 325
25 325
25 325
25 325
25 325
25 325
25 325
25 325
25 325
25 325
25 325
25 325
25 325
25 325
25 325
25 325
25 325
25 325
25 325
25 325
25 325
25 325
25 325
25 325
25 325
25 325
25 325
25 325
25 325
25 325
25 325
25 325
25 325
25 325
25 325
25 325
25 325
25 325
25 325
25 325
25 325
25 325
25 325
25 325
25 325
25 325
25 325
25 325
25 325
25 325
25 325
25 325
25 325
25 325
25 325
25 325
25 325
25 325
25 325
25 325
Loaded 250 valid graphs.
Epoch 001, Loss: 3.7716
Epoch 002, Loss: 3.3837
Epoch 003, Loss: 3.1307
Epoch 004, Loss: 2.4291
Epoch 005, Loss: 1.0672
Epoch 006, Loss: 0.8259
Epoch 007, Loss: 0.8522
Epoch 008, Loss: 0.7335
Epoch 009, Loss: 0.6907
Epoch 010, Loss: 0.7801
Epoch 011, Loss: 0.6812
Epoch 012, Loss: 0.6980
Epoch 013, Loss: 0.6201
Epoch 014, Loss: 0.6933
Epoch 015, Loss: 0.6559
Epoch 016, Loss: 0.6561
Epoch 017, Loss: 0.6532
Epoch 018, Loss: 0.6475
Epoch 019, Loss: 0.6205
Epoch 020, Loss: 0.6582
Epoch 021, Loss: 0.6057
Epoch 022, Loss: 0.5864
Epoch 023, Loss: 0.6306
Epoch 024, Loss: 0.6465
Epoch 025, Loss: 0.5903
Epoch 026, Loss: 0.6700
Epoch 027, Loss: 0.6050
Epoch 028, Loss: 0.6160
Epoch 029, Loss: 0.6032
Epoch 030, Loss: 0.6457
Epoch 031, Loss: 0.5665
Epoch 032, Loss: 0.6417
Epoch 033, Loss: 0.5626
Epoch 034, Loss: 0.5792
Epoch 035, Loss: 0.5977
Epoch 036, Loss: 0.5454
Epoch 037, Loss: 0.5786
Epoch 038, Loss: 0.5373
Epoch 039, Loss: 0.5795
Epoch 040, Loss: 0.6108
Epoch 041, Loss: 0.5828
Epoch 042, Loss: 0.5984
Epoch 043, Loss: 0.5839
Epoch 044, Loss: 0.5521
Epoch 045, Loss: 0.5397
Epoch 046, Loss: 0.5685
Epoch 047, Loss: 0.6116
Epoch 048, Loss: 0.5363
Epoch 049, Loss: 0.5443
Epoch 050, Loss: 0.5661
Epoch 051, Loss: 0.5587
Epoch 052, Loss: 0.5681
Epoch 053, Loss: 0.5429
Epoch 054, Loss: 0.5238
Epoch 055, Loss: 0.5365
Epoch 056, Loss: 0.5206
Epoch 057, Loss: 0.5323
Epoch 058, Loss: 0.5431
Epoch 059, Loss: 0.5291
Epoch 060, Loss: 0.5337
Epoch 061, Loss: 0.5652
Epoch 062, Loss: 0.5529
Epoch 063, Loss: 0.5514
Epoch 064, Loss: 0.5237
Epoch 065, Loss: 0.4988
Epoch 066, Loss: 0.5336
Epoch 067, Loss: 0.5077
Epoch 068, Loss: 0.5488
Epoch 069, Loss: 0.5248
Epoch 070, Loss: 0.5033
Epoch 071, Loss: 0.5719
Epoch 072, Loss: 0.5808
Epoch 073, Loss: 0.5265
Epoch 074, Loss: 0.5114
Epoch 075, Loss: 0.5267
Epoch 076, Loss: 0.5124
Epoch 077, Loss: 0.5397
Epoch 078, Loss: 0.5259
Epoch 079, Loss: 0.5596
Epoch 080, Loss: 0.5053
Epoch 081, Loss: 0.5018
Epoch 082, Loss: 0.4889
Epoch 083, Loss: 0.5082
Epoch 084, Loss: 0.4909
Epoch 085, Loss: 0.5217
Epoch 086, Loss: 0.5335
Epoch 087, Loss: 0.5490
Epoch 088, Loss: 0.5419
Epoch 089, Loss: 0.4963
Epoch 090, Loss: 0.5076
Epoch 091, Loss: 0.4941
Epoch 092, Loss: 0.5493
Epoch 093, Loss: 0.5123
Epoch 094, Loss: 0.5169
Epoch 095, Loss: 0.4970
Epoch 096, Loss: 0.4919
Epoch 097, Loss: 0.5550
Epoch 098, Loss: 0.4960
Epoch 099, Loss: 0.4837
Epoch 100, Loss: 0.4838

Test RMSE: 0.6882
Test MAPE: 337491685015552.0000
Training time: 43.39 seconds
Model saved to Models/GCN_model_full.pkl

Metrics saved to Models/Graph_Neural_Training_metrics.csv

 **Final Training Results:**
node_size model_type  test_size     rmse         mape  training_time         model_file
       10   Q_values        0.2 0.631136 2.322281e-01       9.461144   GNN_model_10.pkl
       12   Q_values        0.2 0.681425 1.866447e-01       8.527783   GNN_model_12.pkl
       15   Q_values        0.2 0.789959 1.830083e-01       8.689636   GNN_model_15.pkl
       20   Q_values        0.2 1.153561 2.218688e-01       8.951022   GNN_model_20.pkl
       25   Q_values        0.2 1.611491 2.235973e-01       8.923028   GNN_model_25.pkl
     full   Q_values        0.2 0.688220 3.374917e+14      43.386418 GNN_model_full.pkl

 Training complete for all datasets!
  adding: Models/ (stored 0%)
  adding: Models/GCN_model_10.pkl (deflated 24%)
  adding: Models/Graph_Neural_Training_results.txt (deflated 60%)
  adding: Models/GCN_model_12.pkl (deflated 24%)
  adding: Models/Graph_Neural_Training_metrics.csv (deflated 50%)
  adding: Models/GCN_model_full.pkl (deflated 23%)
  adding: Models/GCN_model_15.pkl (deflated 22%)
  adding: Models/GCN_model_20.pkl (deflated 20%)
  adding: Models/GCN_model_25.pkl (deflated 21%)
