
 Training on dataset_10_nodes.csv...
Total rows in CSV: 50
10 55
10 55
10 55
10 55
10 55
10 55
10 55
10 55
10 55
10 55
10 55
10 55
10 55
10 55
10 55
10 55
10 55
10 55
10 55
10 55
10 55
10 55
10 55
10 55
10 55
10 55
10 55
10 55
10 55
10 55
10 55
10 55
10 55
10 55
10 55
10 55
10 55
10 55
10 55
10 55
10 55
10 55
10 55
10 55
10 55
10 55
10 55
10 55
10 55
10 55
Loaded 50 valid graphs.
Epoch 001, Loss: 2.4605
Epoch 002, Loss: 0.5984
Epoch 003, Loss: 0.5562
Epoch 004, Loss: 0.6300
Epoch 005, Loss: 0.6047
Epoch 006, Loss: 0.7043
Epoch 007, Loss: 0.5831
Epoch 008, Loss: 0.5771
Epoch 009, Loss: 0.6655
Epoch 010, Loss: 0.5721
Epoch 011, Loss: 0.6015
Epoch 012, Loss: 0.5976
Epoch 013, Loss: 0.5602
Epoch 014, Loss: 0.5356
Epoch 015, Loss: 0.5543
Epoch 016, Loss: 0.5416
Epoch 017, Loss: 0.5934
Epoch 018, Loss: 0.5825
Epoch 019, Loss: 0.5362
Epoch 020, Loss: 0.5452
Epoch 021, Loss: 0.5462
Epoch 022, Loss: 0.5753
Epoch 023, Loss: 0.5472
Epoch 024, Loss: 0.5708
Epoch 025, Loss: 0.5439
Epoch 026, Loss: 0.5791
Epoch 027, Loss: 0.5804
Epoch 028, Loss: 0.5762
Epoch 029, Loss: 0.5542
Epoch 030, Loss: 0.5561
Epoch 031, Loss: 0.5852
Epoch 032, Loss: 0.5443
Epoch 033, Loss: 0.5589
Epoch 034, Loss: 0.5460
Epoch 035, Loss: 0.5682
Epoch 036, Loss: 0.5627
Epoch 037, Loss: 0.5355
Epoch 038, Loss: 0.5311
Epoch 039, Loss: 0.5656
Epoch 040, Loss: 0.5489
Epoch 041, Loss: 0.5295
Epoch 042, Loss: 0.5520
Epoch 043, Loss: 0.5350
Epoch 044, Loss: 0.5086
Epoch 045, Loss: 0.5033
Epoch 046, Loss: 0.5178
Epoch 047, Loss: 0.5451
Epoch 048, Loss: 0.5476
Epoch 049, Loss: 0.5580
Epoch 050, Loss: 0.5142
Epoch 051, Loss: 0.5356
Epoch 052, Loss: 0.5146
Epoch 053, Loss: 0.5221
Epoch 054, Loss: 0.5234
Epoch 055, Loss: 0.5031
Epoch 056, Loss: 0.5009
Epoch 057, Loss: 0.4949
Epoch 058, Loss: 0.5028
Epoch 059, Loss: 0.5165
Epoch 060, Loss: 0.5040
Epoch 061, Loss: 0.5131
Epoch 062, Loss: 0.4992
Epoch 063, Loss: 0.4755
Epoch 064, Loss: 0.4894
Epoch 065, Loss: 0.4923
Epoch 066, Loss: 0.4851
Epoch 067, Loss: 0.4897
Epoch 068, Loss: 0.4954
Epoch 069, Loss: 0.4891
Epoch 070, Loss: 0.4880
Epoch 071, Loss: 0.4644
Epoch 072, Loss: 0.4981
Epoch 073, Loss: 0.4591
Epoch 074, Loss: 0.5054
Epoch 075, Loss: 0.4929
Epoch 076, Loss: 0.4952
Epoch 077, Loss: 0.4639
Epoch 078, Loss: 0.4903
Epoch 079, Loss: 0.4641
Epoch 080, Loss: 0.4785
Epoch 081, Loss: 0.4685
Epoch 082, Loss: 0.4532
Epoch 083, Loss: 0.4447
Epoch 084, Loss: 0.4715
Epoch 085, Loss: 0.4591
Epoch 086, Loss: 0.4550
Epoch 087, Loss: 0.4381
Epoch 088, Loss: 0.4469
Epoch 089, Loss: 0.4594
Epoch 090, Loss: 0.4608
Epoch 091, Loss: 0.4361
Epoch 092, Loss: 0.4571
Epoch 093, Loss: 0.4397
Epoch 094, Loss: 0.4253
Epoch 095, Loss: 0.4457
Epoch 096, Loss: 0.4407
Epoch 097, Loss: 0.4365
Epoch 098, Loss: 0.4224
Epoch 099, Loss: 0.4226
Epoch 100, Loss: 0.4280

Test RMSE: 0.6295
Test MAPE: 0.2228
Training time: 9.39 seconds
Model saved to Models/GCN_model_10.pkl

 Training on dataset_12_nodes.csv...
Total rows in CSV: 50
12 78
12 78
12 78
12 78
12 78
12 78
12 78
12 78
12 78
12 78
12 78
12 78
12 78
12 78
12 78
12 78
12 78
12 78
12 78
12 78
12 78
12 78
12 78
12 78
12 78
12 78
12 78
12 78
12 78
12 78
12 78
12 78
12 78
12 78
12 78
12 78
12 78
12 78
12 78
12 78
12 78
12 78
12 78
12 78
12 78
12 78
12 78
12 78
12 78
12 78
Loaded 50 valid graphs.
Epoch 001, Loss: 3.8650
Epoch 002, Loss: 0.8699
Epoch 003, Loss: 0.8183
Epoch 004, Loss: 0.8592
Epoch 005, Loss: 0.9276
Epoch 006, Loss: 0.8240
Epoch 007, Loss: 0.8984
Epoch 008, Loss: 0.8329
Epoch 009, Loss: 0.8258
Epoch 010, Loss: 0.9766
Epoch 011, Loss: 0.8512
Epoch 012, Loss: 0.8530
Epoch 013, Loss: 0.8552
Epoch 014, Loss: 0.8309
Epoch 015, Loss: 0.8631
Epoch 016, Loss: 0.8418
Epoch 017, Loss: 0.8347
Epoch 018, Loss: 0.7926
Epoch 019, Loss: 0.8852
Epoch 020, Loss: 0.8099
Epoch 021, Loss: 0.8771
Epoch 022, Loss: 0.9403
Epoch 023, Loss: 0.8542
Epoch 024, Loss: 0.8465
Epoch 025, Loss: 0.9111
Epoch 026, Loss: 0.8159
Epoch 027, Loss: 0.8196
Epoch 028, Loss: 0.8086
Epoch 029, Loss: 0.8347
Epoch 030, Loss: 0.8368
Epoch 031, Loss: 0.7945
Epoch 032, Loss: 0.7926
Epoch 033, Loss: 0.7619
Epoch 034, Loss: 0.8551
Epoch 035, Loss: 0.7728
Epoch 036, Loss: 0.7812
Epoch 037, Loss: 0.7843
Epoch 038, Loss: 0.8002
Epoch 039, Loss: 0.7814
Epoch 040, Loss: 0.7593
Epoch 041, Loss: 0.7580
Epoch 042, Loss: 0.7499
Epoch 043, Loss: 0.8686
Epoch 044, Loss: 0.7322
Epoch 045, Loss: 0.7580
Epoch 046, Loss: 0.7555
Epoch 047, Loss: 0.7203
Epoch 048, Loss: 0.7201
Epoch 049, Loss: 0.7244
Epoch 050, Loss: 0.7543
Epoch 051, Loss: 0.7564
Epoch 052, Loss: 0.7635
Epoch 053, Loss: 0.7079
Epoch 054, Loss: 0.7063
Epoch 055, Loss: 0.7500
Epoch 056, Loss: 0.7007
Epoch 057, Loss: 0.7528
Epoch 058, Loss: 0.7293
Epoch 059, Loss: 0.6638
Epoch 060, Loss: 0.6966
Epoch 061, Loss: 0.6777
Epoch 062, Loss: 0.6782
Epoch 063, Loss: 0.6778
Epoch 064, Loss: 0.6671
Epoch 065, Loss: 0.6735
Epoch 066, Loss: 0.6999
Epoch 067, Loss: 0.6459
Epoch 068, Loss: 0.7024
Epoch 069, Loss: 0.6471
Epoch 070, Loss: 0.6629
Epoch 071, Loss: 0.6480
Epoch 072, Loss: 0.6451
Epoch 073, Loss: 0.6468
Epoch 074, Loss: 0.7314
Epoch 075, Loss: 0.6592
Epoch 076, Loss: 0.6522
Epoch 077, Loss: 0.6459
Epoch 078, Loss: 0.6358
Epoch 079, Loss: 0.6745
Epoch 080, Loss: 0.6275
Epoch 081, Loss: 0.6064
Epoch 082, Loss: 0.6302
Epoch 083, Loss: 0.6253
Epoch 084, Loss: 0.6341
Epoch 085, Loss: 0.6259
Epoch 086, Loss: 0.6002
Epoch 087, Loss: 0.6172
Epoch 088, Loss: 0.6190
Epoch 089, Loss: 0.6340
Epoch 090, Loss: 0.6388
Epoch 091, Loss: 0.5979
Epoch 092, Loss: 0.6216
Epoch 093, Loss: 0.6430
Epoch 094, Loss: 0.6079
Epoch 095, Loss: 0.6421
Epoch 096, Loss: 0.6222
Epoch 097, Loss: 0.6478
Epoch 098, Loss: 0.6189
Epoch 099, Loss: 0.6167
Epoch 100, Loss: 0.6022

Test RMSE: 0.6682
Test MAPE: 0.2420
Training time: 8.74 seconds
Model saved to Models/GCN_model_12.pkl

 Training on dataset_15_nodes.csv...
Total rows in CSV: 50
15 120
15 120
15 120
15 120
15 120
15 120
15 120
15 120
15 120
15 120
15 120
15 120
15 120
15 120
15 120
15 120
15 120
15 120
15 120
15 120
15 120
15 120
15 120
15 120
15 120
15 120
15 120
15 120
15 120
15 120
15 120
15 120
15 120
15 120
15 120
15 120
15 120
15 120
15 120
15 120
15 120
15 120
15 120
15 120
15 120
15 120
15 120
15 120
15 120
15 120
Loaded 50 valid graphs.
Epoch 001, Loss: 5.5761
Epoch 002, Loss: 1.0281
Epoch 003, Loss: 0.9316
Epoch 004, Loss: 0.9466
Epoch 005, Loss: 0.9722
Epoch 006, Loss: 0.9568
Epoch 007, Loss: 0.9530
Epoch 008, Loss: 0.8966
Epoch 009, Loss: 1.0364
Epoch 010, Loss: 0.9862
Epoch 011, Loss: 0.9333
Epoch 012, Loss: 0.8868
Epoch 013, Loss: 0.8921
Epoch 014, Loss: 0.9327
Epoch 015, Loss: 0.9155
Epoch 016, Loss: 0.9983
Epoch 017, Loss: 0.9139
Epoch 018, Loss: 0.9027
Epoch 019, Loss: 0.8971
Epoch 020, Loss: 0.9696
Epoch 021, Loss: 0.9022
Epoch 022, Loss: 0.8907
Epoch 023, Loss: 0.9271
Epoch 024, Loss: 0.9600
Epoch 025, Loss: 0.8986
Epoch 026, Loss: 0.8973
Epoch 027, Loss: 0.8931
Epoch 028, Loss: 0.9458
Epoch 029, Loss: 0.9357
Epoch 030, Loss: 0.9363
Epoch 031, Loss: 0.9159
Epoch 032, Loss: 0.8967
Epoch 033, Loss: 0.8970
Epoch 034, Loss: 0.9462
Epoch 035, Loss: 0.8750
Epoch 036, Loss: 0.8965
Epoch 037, Loss: 0.9613
Epoch 038, Loss: 0.8810
Epoch 039, Loss: 0.8481
Epoch 040, Loss: 0.9086
Epoch 041, Loss: 0.8640
Epoch 042, Loss: 0.8449
Epoch 043, Loss: 0.8679
Epoch 044, Loss: 0.8724
Epoch 045, Loss: 0.8333
Epoch 046, Loss: 0.8307
Epoch 047, Loss: 0.8559
Epoch 048, Loss: 0.8376
Epoch 049, Loss: 0.7996
Epoch 050, Loss: 0.7864
Epoch 051, Loss: 0.8492
Epoch 052, Loss: 0.8212
Epoch 053, Loss: 0.8432
Epoch 054, Loss: 0.8700
Epoch 055, Loss: 0.8013
Epoch 056, Loss: 0.8288
Epoch 057, Loss: 0.7912
Epoch 058, Loss: 0.7881
Epoch 059, Loss: 0.7682
Epoch 060, Loss: 0.7893
Epoch 061, Loss: 0.7862
Epoch 062, Loss: 0.8348
Epoch 063, Loss: 0.7246
Epoch 064, Loss: 0.6587
Epoch 065, Loss: 0.7684
Epoch 066, Loss: 0.7555
Epoch 067, Loss: 0.7513
Epoch 068, Loss: 0.7528
Epoch 069, Loss: 0.7307
Epoch 070, Loss: 0.7732
Epoch 071, Loss: 0.6692
Epoch 072, Loss: 0.6953
Epoch 073, Loss: 0.6725
Epoch 074, Loss: 0.6621
Epoch 075, Loss: 0.7281
Epoch 076, Loss: 0.6952
Epoch 077, Loss: 0.7407
Epoch 078, Loss: 0.7667
Epoch 079, Loss: 0.6599
Epoch 080, Loss: 0.6280
Epoch 081, Loss: 0.6433
Epoch 082, Loss: 0.8100
Epoch 083, Loss: 0.6911
Epoch 084, Loss: 0.6898
Epoch 085, Loss: 0.6252
Epoch 086, Loss: 0.6437
Epoch 087, Loss: 0.6939
Epoch 088, Loss: 0.6246
Epoch 089, Loss: 0.6500
Epoch 090, Loss: 0.6510
Epoch 091, Loss: 0.6847
Epoch 092, Loss: 0.6155
Epoch 093, Loss: 0.7017
Epoch 094, Loss: 0.6383
Epoch 095, Loss: 0.6667
Epoch 096, Loss: 0.6696
Epoch 097, Loss: 0.6401
Epoch 098, Loss: 0.6554
Epoch 099, Loss: 0.6032
Epoch 100, Loss: 0.6563

Test RMSE: 0.9360
Test MAPE: 0.2072
Training time: 8.85 seconds
Model saved to Models/GCN_model_15.pkl

 Training on dataset_20_nodes.csv...
Total rows in CSV: 50
20 210
20 210
20 210
20 210
20 210
20 210
20 210
20 210
20 210
20 210
20 210
20 210
20 210
20 210
20 210
20 210
20 210
20 210
20 210
20 210
20 210
20 210
20 210
20 210
20 210
20 210
20 210
20 210
20 210
20 210
20 210
20 210
20 210
20 210
20 210
20 210
20 210
20 210
20 210
20 210
20 210
20 210
20 210
20 210
20 210
20 210
20 210
20 210
20 210
20 210
Loaded 50 valid graphs.
Epoch 001, Loss: 7.9242
Epoch 002, Loss: 1.2701
Epoch 003, Loss: 1.5017
Epoch 004, Loss: 1.3664
Epoch 005, Loss: 1.3055
Epoch 006, Loss: 1.1991
Epoch 007, Loss: 1.4275
Epoch 008, Loss: 1.2534
Epoch 009, Loss: 1.1860
Epoch 010, Loss: 1.2547
Epoch 011, Loss: 1.2935
Epoch 012, Loss: 1.4502
Epoch 013, Loss: 1.1317
Epoch 014, Loss: 1.3657
Epoch 015, Loss: 1.1422
Epoch 016, Loss: 1.1699
Epoch 017, Loss: 1.1553
Epoch 018, Loss: 1.3709
Epoch 019, Loss: 1.2170
Epoch 020, Loss: 1.1895
Epoch 021, Loss: 1.2279
Epoch 022, Loss: 1.1024
Epoch 023, Loss: 1.2537
Epoch 024, Loss: 1.2710
Epoch 025, Loss: 1.2006
Epoch 026, Loss: 1.2439
Epoch 027, Loss: 1.1501
Epoch 028, Loss: 1.3228
Epoch 029, Loss: 1.4251
Epoch 030, Loss: 1.2713
Epoch 031, Loss: 1.2249
Epoch 032, Loss: 1.1449
Epoch 033, Loss: 1.3137
Epoch 034, Loss: 1.1281
Epoch 035, Loss: 1.1143
Epoch 036, Loss: 1.1032
Epoch 037, Loss: 1.0751
Epoch 038, Loss: 1.1739
Epoch 039, Loss: 1.0132
Epoch 040, Loss: 1.0767
Epoch 041, Loss: 1.0412
Epoch 042, Loss: 0.9403
Epoch 043, Loss: 0.9573
Epoch 044, Loss: 0.9282
Epoch 045, Loss: 0.8700
Epoch 046, Loss: 0.9646
Epoch 047, Loss: 0.9371
Epoch 048, Loss: 0.9046
Epoch 049, Loss: 0.8708
Epoch 050, Loss: 0.9092
Epoch 051, Loss: 0.8606
Epoch 052, Loss: 0.8367
Epoch 053, Loss: 0.7909
Epoch 054, Loss: 0.7407
Epoch 055, Loss: 0.6737
Epoch 056, Loss: 0.8504
Epoch 057, Loss: 0.7464
Epoch 058, Loss: 0.8482
Epoch 059, Loss: 0.6993
Epoch 060, Loss: 0.7311
Epoch 061, Loss: 0.7258
Epoch 062, Loss: 0.7282
Epoch 063, Loss: 0.7599
Epoch 064, Loss: 0.7970
Epoch 065, Loss: 0.6951
Epoch 066, Loss: 0.6344
Epoch 067, Loss: 0.6905
Epoch 068, Loss: 0.8300
Epoch 069, Loss: 0.6918
Epoch 070, Loss: 0.6097
Epoch 071, Loss: 0.6169
Epoch 072, Loss: 0.5968
Epoch 073, Loss: 0.6942
Epoch 074, Loss: 0.6861
Epoch 075, Loss: 0.6169
Epoch 076, Loss: 0.6423
Epoch 077, Loss: 0.6254
Epoch 078, Loss: 0.6386
Epoch 079, Loss: 0.6220
Epoch 080, Loss: 0.6239
Epoch 081, Loss: 0.5687
Epoch 082, Loss: 0.5528
Epoch 083, Loss: 0.5312
Epoch 084, Loss: 0.5354
Epoch 085, Loss: 0.5379
Epoch 086, Loss: 0.5689
Epoch 087, Loss: 0.6256
Epoch 088, Loss: 0.6190
Epoch 089, Loss: 0.5252
Epoch 090, Loss: 0.5575
Epoch 091, Loss: 0.5452
Epoch 092, Loss: 0.5375
Epoch 093, Loss: 0.5417
Epoch 094, Loss: 0.4774
Epoch 095, Loss: 0.5158
Epoch 096, Loss: 0.5341
Epoch 097, Loss: 0.5227
Epoch 098, Loss: 0.5122
Epoch 099, Loss: 0.5121
Epoch 100, Loss: 0.5064

Test RMSE: 1.0178
Test MAPE: 0.2432
Training time: 9.17 seconds
Model saved to Models/GCN_model_20.pkl

 Training on dataset_25_nodes.csv...
Total rows in CSV: 50
25 325
25 325
25 325
25 325
25 325
25 325
25 325
25 325
25 325
25 325
25 325
25 325
25 325
25 325
25 325
25 325
25 325
25 325
25 325
25 325
25 325
25 325
25 325
25 325
25 325
25 325
25 325
25 325
25 325
25 325
25 325
25 325
25 325
25 325
25 325
25 325
25 325
25 325
25 325
25 325
25 325
25 325
25 325
25 325
25 325
25 325
25 325
25 325
25 325
25 325
Loaded 50 valid graphs.
Epoch 001, Loss: 11.6096
Epoch 002, Loss: 2.4429
Epoch 003, Loss: 1.5501
Epoch 004, Loss: 1.5123
Epoch 005, Loss: 1.7474
Epoch 006, Loss: 1.7120
Epoch 007, Loss: 1.5596
Epoch 008, Loss: 1.6523
Epoch 009, Loss: 1.7437
Epoch 010, Loss: 1.6179
Epoch 011, Loss: 1.6453
Epoch 012, Loss: 1.6058
Epoch 013, Loss: 1.6946
Epoch 014, Loss: 1.4792
Epoch 015, Loss: 1.6959
Epoch 016, Loss: 1.6027
Epoch 017, Loss: 1.6309
Epoch 018, Loss: 1.9099
Epoch 019, Loss: 1.6293
Epoch 020, Loss: 1.5397
Epoch 021, Loss: 1.4411
Epoch 022, Loss: 1.8026
Epoch 023, Loss: 1.5440
Epoch 024, Loss: 1.5492
Epoch 025, Loss: 1.8001
Epoch 026, Loss: 1.6831
Epoch 027, Loss: 1.4816
Epoch 028, Loss: 1.6682
Epoch 029, Loss: 1.4780
Epoch 030, Loss: 1.4069
Epoch 031, Loss: 1.4779
Epoch 032, Loss: 1.6940
Epoch 033, Loss: 1.7666
Epoch 034, Loss: 1.5458
Epoch 035, Loss: 1.8810
Epoch 036, Loss: 1.6518
Epoch 037, Loss: 1.5269
Epoch 038, Loss: 1.7585
Epoch 039, Loss: 1.7568
Epoch 040, Loss: 1.5003
Epoch 041, Loss: 1.8076
Epoch 042, Loss: 1.5427
Epoch 043, Loss: 1.4231
Epoch 044, Loss: 1.6152
Epoch 045, Loss: 1.8593
Epoch 046, Loss: 1.5722
Epoch 047, Loss: 1.5043
Epoch 048, Loss: 1.4878
Epoch 049, Loss: 1.5194
Epoch 050, Loss: 1.5087
Epoch 051, Loss: 1.4577
Epoch 052, Loss: 1.5558
Epoch 053, Loss: 1.4474
Epoch 054, Loss: 1.4029
Epoch 055, Loss: 2.0364
Epoch 056, Loss: 1.3742
Epoch 057, Loss: 1.5376
Epoch 058, Loss: 1.3403
Epoch 059, Loss: 1.4949
Epoch 060, Loss: 1.7447
Epoch 061, Loss: 1.7690
Epoch 062, Loss: 1.4710
Epoch 063, Loss: 1.5209
Epoch 064, Loss: 1.4087
Epoch 065, Loss: 1.5040
Epoch 066, Loss: 1.3979
Epoch 067, Loss: 1.5185
Epoch 068, Loss: 1.4458
Epoch 069, Loss: 1.3853
Epoch 070, Loss: 1.4015
Epoch 071, Loss: 1.3940
Epoch 072, Loss: 1.5779
Epoch 073, Loss: 1.5175
Epoch 074, Loss: 1.4241
Epoch 075, Loss: 1.4268
Epoch 076, Loss: 1.4675
Epoch 077, Loss: 1.4105
Epoch 078, Loss: 1.4347
Epoch 079, Loss: 1.5752
Epoch 080, Loss: 1.5124
Epoch 081, Loss: 1.4259
Epoch 082, Loss: 1.5414
Epoch 083, Loss: 1.4585
Epoch 084, Loss: 1.5646
Epoch 085, Loss: 1.5935
Epoch 086, Loss: 1.4483
Epoch 087, Loss: 1.3786
Epoch 088, Loss: 1.4837
Epoch 089, Loss: 1.3911
Epoch 090, Loss: 1.4052
Epoch 091, Loss: 1.4314
Epoch 092, Loss: 1.4382
Epoch 093, Loss: 1.5822
Epoch 094, Loss: 1.6415
Epoch 095, Loss: 1.3568
Epoch 096, Loss: 1.4761
Epoch 097, Loss: 1.5549
Epoch 098, Loss: 1.6136
Epoch 099, Loss: 1.4559
Epoch 100, Loss: 1.6333

Test RMSE: 1.8815
Test MAPE: 0.2886
Training time: 9.17 seconds
Model saved to Models/GCN_model_25.pkl

 Training on dataset_full.csv...
Total rows in CSV: 250
25 325
25 325
25 325
25 325
25 325
25 325
25 325
25 325
25 325
25 325
25 325
25 325
25 325
25 325
25 325
25 325
25 325
25 325
25 325
25 325
25 325
25 325
25 325
25 325
25 325
25 325
25 325
25 325
25 325
25 325
25 325
25 325
25 325
25 325
25 325
25 325
25 325
25 325
25 325
25 325
25 325
25 325
25 325
25 325
25 325
25 325
25 325
25 325
25 325
25 325
25 325
25 325
25 325
25 325
25 325
25 325
25 325
25 325
25 325
25 325
25 325
25 325
25 325
25 325
25 325
25 325
25 325
25 325
25 325
25 325
25 325
25 325
25 325
25 325
25 325
25 325
25 325
25 325
25 325
25 325
25 325
25 325
25 325
25 325
25 325
25 325
25 325
25 325
25 325
25 325
25 325
25 325
25 325
25 325
25 325
25 325
25 325
25 325
25 325
25 325
25 325
25 325
25 325
25 325
25 325
25 325
25 325
25 325
25 325
25 325
25 325
25 325
25 325
25 325
25 325
25 325
25 325
25 325
25 325
25 325
25 325
25 325
25 325
25 325
25 325
25 325
25 325
25 325
25 325
25 325
25 325
25 325
25 325
25 325
25 325
25 325
25 325
25 325
25 325
25 325
25 325
25 325
25 325
25 325
25 325
25 325
25 325
25 325
25 325
25 325
25 325
25 325
25 325
25 325
25 325
25 325
25 325
25 325
25 325
25 325
25 325
25 325
25 325
25 325
25 325
25 325
25 325
25 325
25 325
25 325
25 325
25 325
25 325
25 325
25 325
25 325
25 325
25 325
25 325
25 325
25 325
25 325
25 325
25 325
25 325
25 325
25 325
25 325
25 325
25 325
25 325
25 325
25 325
25 325
25 325
25 325
25 325
25 325
25 325
25 325
25 325
25 325
25 325
25 325
25 325
25 325
25 325
25 325
25 325
25 325
25 325
25 325
25 325
25 325
25 325
25 325
25 325
25 325
25 325
25 325
25 325
25 325
25 325
25 325
25 325
25 325
25 325
25 325
25 325
25 325
25 325
25 325
25 325
25 325
25 325
25 325
25 325
25 325
25 325
25 325
25 325
25 325
25 325
25 325
25 325
25 325
25 325
25 325
25 325
25 325
Loaded 250 valid graphs.
Epoch 001, Loss: 3.8516
Epoch 002, Loss: 3.2743
Epoch 003, Loss: 2.5280
Epoch 004, Loss: 0.9992
Epoch 005, Loss: 0.7483
Epoch 006, Loss: 0.7660
Epoch 007, Loss: 0.6673
Epoch 008, Loss: 0.6798
Epoch 009, Loss: 0.6198
Epoch 010, Loss: 0.6518
Epoch 011, Loss: 0.7231
Epoch 012, Loss: 0.6643
Epoch 013, Loss: 0.6423
Epoch 014, Loss: 0.6495
Epoch 015, Loss: 0.7388
Epoch 016, Loss: 0.5887
Epoch 017, Loss: 0.6088
Epoch 018, Loss: 0.5992
Epoch 019, Loss: 0.6153
Epoch 020, Loss: 0.6253
Epoch 021, Loss: 0.5804
Epoch 022, Loss: 0.7126
Epoch 023, Loss: 0.5644
Epoch 024, Loss: 0.5687
Epoch 025, Loss: 0.6419
Epoch 026, Loss: 0.5869
Epoch 027, Loss: 0.5757
Epoch 028, Loss: 0.5836
Epoch 029, Loss: 0.5382
Epoch 030, Loss: 0.5804
Epoch 031, Loss: 0.5628
Epoch 032, Loss: 0.6191
Epoch 033, Loss: 0.5934
Epoch 034, Loss: 0.6062
Epoch 035, Loss: 0.5723
Epoch 036, Loss: 0.5897
Epoch 037, Loss: 0.5563
Epoch 038, Loss: 0.5623
Epoch 039, Loss: 0.5286
Epoch 040, Loss: 0.5393
Epoch 041, Loss: 0.5724
Epoch 042, Loss: 0.5578
Epoch 043, Loss: 0.5380
Epoch 044, Loss: 0.5695
Epoch 045, Loss: 0.6727
Epoch 046, Loss: 0.6288
Epoch 047, Loss: 0.5491
Epoch 048, Loss: 0.5287
Epoch 049, Loss: 0.5771
Epoch 050, Loss: 0.5325
Epoch 051, Loss: 0.5380
Epoch 052, Loss: 0.5593
Epoch 053, Loss: 0.5274
Epoch 054, Loss: 0.5573
Epoch 055, Loss: 0.6214
Epoch 056, Loss: 0.5301
Epoch 057, Loss: 0.5577
Epoch 058, Loss: 0.5214
Epoch 059, Loss: 0.5328
Epoch 060, Loss: 0.5647
Epoch 061, Loss: 0.5315
Epoch 062, Loss: 0.5820
Epoch 063, Loss: 0.5286
Epoch 064, Loss: 0.5324
Epoch 065, Loss: 0.5240
Epoch 066, Loss: 0.5229
Epoch 067, Loss: 0.5357
Epoch 068, Loss: 0.5384
Epoch 069, Loss: 0.4884
Epoch 070, Loss: 0.5254
Epoch 071, Loss: 0.5216
Epoch 072, Loss: 0.4935
Epoch 073, Loss: 0.4951
Epoch 074, Loss: 0.5744
Epoch 075, Loss: 0.5081
Epoch 076, Loss: 0.5012
Epoch 077, Loss: 0.5156
Epoch 078, Loss: 0.5235
Epoch 079, Loss: 0.5115
Epoch 080, Loss: 0.5572
Epoch 081, Loss: 0.5136
Epoch 082, Loss: 0.4922
Epoch 083, Loss: 0.5148
Epoch 084, Loss: 0.4959
Epoch 085, Loss: 0.4976
Epoch 086, Loss: 0.4846
Epoch 087, Loss: 0.5138
Epoch 088, Loss: 0.5405
Epoch 089, Loss: 0.4799
Epoch 090, Loss: 0.4921
Epoch 091, Loss: 0.5056
Epoch 092, Loss: 0.5109
Epoch 093, Loss: 0.4789
Epoch 094, Loss: 0.5207
Epoch 095, Loss: 0.5276
Epoch 096, Loss: 0.5262
Epoch 097, Loss: 0.4795
Epoch 098, Loss: 0.4660
Epoch 099, Loss: 0.5217
Epoch 100, Loss: 0.5189

Test RMSE: 0.8750
Test MAPE: 413396944027648.0000
Training time: 44.48 seconds
Model saved to Models/GCN_model_full.pkl

Metrics saved to Models/Graph_Neural_Training_metrics.csv

 **Final Training Results:**
node_size model_type  test_size     rmse         mape  training_time         model_file
       10   Q_values        0.2 0.629485 2.227588e-01       9.394250   GNN_model_10.pkl
       12   Q_values        0.2 0.668214 2.420026e-01       8.743314   GNN_model_12.pkl
       15   Q_values        0.2 0.935975 2.072198e-01       8.853664   GNN_model_15.pkl
       20   Q_values        0.2 1.017831 2.431873e-01       9.171748   GNN_model_20.pkl
       25   Q_values        0.2 1.881517 2.885613e-01       9.173656   GNN_model_25.pkl
     full   Q_values        0.2 0.874988 4.133969e+14      44.477785 GNN_model_full.pkl

 Training complete for all datasets!
  adding: Models/ (stored 0%)
  adding: Models/GCN_model_12.pkl (deflated 23%)
  adding: Models/GCN_model_full.pkl (deflated 23%)
  adding: Models/GCN_model_20.pkl (deflated 21%)
  adding: Models/Graph_Neural_Training_results.txt (deflated 60%)
  adding: Models/GCN_model_15.pkl (deflated 22%)
  adding: Models/Graph_Neural_Training_metrics.csv (deflated 50%)
  adding: Models/GCN_model_25.pkl (deflated 21%)
  adding: Models/GCN_model_10.pkl (deflated 23%)
