

Classical 10 nodes - Time: 1.7416s, Cut: 9.328359670515702/10.632612491532578
Graph Size:10
Execution N°:21
Model:MLP_NAS
MLP_NAS 10 nodes - Time: 0.0974s, Cut: 7.974909829838075/10.632612491532578
Graph Size:10
Execution N°:21
Model:xgboost
xgboost 10 nodes - Time: 0.7683s, Cut: 7.974909829838075/10.632612491532578
Graph Size:10
Execution N°:21
Model:MLP
MLP 10 nodes - Time: 0.0334s, Cut: 8.857210718822127/10.632612491532578
Classical 12 nodes - Time: 2.2592s, Cut: 16.13114426100624/22.04460223416224
Graph Size:12
Execution N°:21
Model:MLP_NAS
MLP_NAS 12 nodes - Time: 0.0263s, Cut: 17.831900985510703/22.04460223416224
Graph Size:12
Execution N°:21
Model:xgboost
xgboost 12 nodes - Time: 0.0671s, Cut: 17.7892140139775/22.04460223416224
Graph Size:12
Execution N°:21
Model:MLP
MLP 12 nodes - Time: 0.0203s, Cut: 15.292683912762246/22.04460223416224
Classical 15 nodes - Time: 3.9462s, Cut: 24.048391954963463/32.72612474129429
Graph Size:15
Execution N°:21
Model:MLP_NAS
MLP_NAS 15 nodes - Time: 0.0511s, Cut: 28.204176659630683/32.72612474129429
Graph Size:15
Execution N°:21
Model:xgboost
xgboost 15 nodes - Time: 0.0849s, Cut: 26.60382196051831/32.72612474129429
Graph Size:15
Execution N°:21
Model:MLP
MLP 15 nodes - Time: 0.0463s, Cut: 18.460539262146874/32.72612474129429
Classical 20 nodes - Time: 11.5017s, Cut: 37.55767928920086/39.7477325755114
Graph Size:20
Execution N°:21
Model:MLP_NAS
MLP_NAS 20 nodes - Time: 0.4220s, Cut: 32.893200995917994/39.7477325755114
Graph Size:20
Execution N°:21
Model:xgboost
xgboost 20 nodes - Time: 0.3907s, Cut: 35.25994230012071/39.7477325755114
Graph Size:20
Execution N°:21
Model:MLP
MLP 20 nodes - Time: 0.4022s, Cut: 31.039239096017358/39.7477325755114
Classical 25 nodes - Time: 460.3841s, Cut: 83.51806142551793/85.79073159247795
Graph Size:25
Execution N°:21
Model:MLP_NAS
MLP_NAS 25 nodes - Time: 17.6396s, Cut: 74.30362848073932/85.79073159247795
Graph Size:25
Execution N°:21
Model:xgboost
xgboost 25 nodes - Time: 15.7512s, Cut: 80.44104063821486/85.79073159247795
Graph Size:25
Execution N°:21
Model:MLP
MLP 25 nodes - Time: 15.4878s, Cut: 68.972744953455/85.79073159247795

======================================================================
COMPREHENSIVE COMPARISON SUMMARY
======================================================================

======================================================================
Node Size: 10 | Optimal Cut: 10.632612491532578
======================================================================

Classical QAOA:
  Time: 1.7416s
  Cut: 9.328359670515702/10.632612491532578 (87.73%)

MLP_NAS Model:
  Time: 0.0974s (speedup: 17.9x)
  Cut: 7.974909829838075/10.632612491532578 (75.00%)
  Quality vs Classical: -12.73%

xgboost Model:
  Time: 0.7683s (speedup: 2.3x)
  Cut: 7.974909829838075/10.632612491532578 (75.00%)
  Quality vs Classical: -12.73%

MLP Model:
  Time: 0.0334s (speedup: 52.1x)
  Cut: 8.857210718822127/10.632612491532578 (83.30%)
  Quality vs Classical: -4.43%

======================================================================
Node Size: 12 | Optimal Cut: 22.04460223416224
======================================================================

Classical QAOA:
  Time: 2.2592s
  Cut: 16.13114426100624/22.04460223416224 (73.18%)

MLP_NAS Model:
  Time: 0.0263s (speedup: 86.0x)
  Cut: 17.831900985510703/22.04460223416224 (80.89%)
  Quality vs Classical: +7.72%

xgboost Model:
  Time: 0.0671s (speedup: 33.7x)
  Cut: 17.7892140139775/22.04460223416224 (80.70%)
  Quality vs Classical: +7.52%

MLP Model:
  Time: 0.0203s (speedup: 111.3x)
  Cut: 15.292683912762246/22.04460223416224 (69.37%)
  Quality vs Classical: -3.80%

======================================================================
Node Size: 15 | Optimal Cut: 32.72612474129429
======================================================================

Classical QAOA:
  Time: 3.9462s
  Cut: 24.048391954963463/32.72612474129429 (73.48%)

MLP_NAS Model:
  Time: 0.0511s (speedup: 77.2x)
  Cut: 28.204176659630683/32.72612474129429 (86.18%)
  Quality vs Classical: +12.70%

xgboost Model:
  Time: 0.0849s (speedup: 46.5x)
  Cut: 26.60382196051831/32.72612474129429 (81.29%)
  Quality vs Classical: +7.81%

MLP Model:
  Time: 0.0463s (speedup: 85.3x)
  Cut: 18.460539262146874/32.72612474129429 (56.41%)
  Quality vs Classical: -17.07%

======================================================================
Node Size: 20 | Optimal Cut: 39.7477325755114
======================================================================

Classical QAOA:
  Time: 11.5017s
  Cut: 37.55767928920086/39.7477325755114 (94.49%)

MLP_NAS Model:
  Time: 0.4220s (speedup: 27.3x)
  Cut: 32.893200995917994/39.7477325755114 (82.75%)
  Quality vs Classical: -11.74%

xgboost Model:
  Time: 0.3907s (speedup: 29.4x)
  Cut: 35.25994230012071/39.7477325755114 (88.71%)
  Quality vs Classical: -5.78%

MLP Model:
  Time: 0.4022s (speedup: 28.6x)
  Cut: 31.039239096017358/39.7477325755114 (78.09%)
  Quality vs Classical: -16.40%

======================================================================
Node Size: 25 | Optimal Cut: 85.79073159247795
======================================================================

Classical QAOA:
  Time: 460.3841s
  Cut: 83.51806142551793/85.79073159247795 (97.35%)

MLP_NAS Model:
  Time: 17.6396s (speedup: 26.1x)
  Cut: 74.30362848073932/85.79073159247795 (86.61%)
  Quality vs Classical: -10.74%

xgboost Model:
  Time: 15.7512s (speedup: 29.2x)
  Cut: 80.44104063821486/85.79073159247795 (93.76%)
  Quality vs Classical: -3.59%

MLP Model:
  Time: 15.4878s (speedup: 29.7x)
  Cut: 68.972744953455/85.79073159247795 (80.40%)
  Quality vs Classical: -16.95%

======================================================================
OVERALL AVERAGES
======================================================================

Classical QAOA:
  Avg Time: 95.9666s
  Avg Approximation Ratio: 85.25%

MLP_NAS Model:
  Avg Time: 3.6473s (avg speedup: 26.3x)
  Avg Approximation Ratio: 82.29%
  Quality Difference: -2.96%

xgboost Model:
  Avg Time: 3.4124s (avg speedup: 28.1x)
  Avg Approximation Ratio: 83.89%
  Quality Difference: -1.35%

MLP Model:
  Avg Time: 3.1980s (avg speedup: 30.0x)
  Avg Approximation Ratio: 73.51%
  Quality Difference: -11.73%
  adding: Models/qaoa_vs_ml/V3/execution_21/comparison_comprehensive.png (deflated 13%)
  adding: Models/qaoa_vs_ml/V3/execution_21/detailed_timing_analysis.png (deflated 15%)
  adding: Models/qaoa_vs_ml/V3/execution_21/MLP_model_10_Circuit.pkl (deflated 5%)
  adding: Models/qaoa_vs_ml/V3/execution_21/MLP_model_10.pkl (deflated 5%)
  adding: Models/qaoa_vs_ml/V3/execution_21/MLP_model_12_Circuit.pkl (deflated 5%)
  adding: Models/qaoa_vs_ml/V3/execution_21/MLP_model_12.pkl (deflated 5%)
  adding: Models/qaoa_vs_ml/V3/execution_21/MLP_model_15_Circuit.pkl (deflated 5%)
  adding: Models/qaoa_vs_ml/V3/execution_21/MLP_model_15.pkl (deflated 5%)
  adding: Models/qaoa_vs_ml/V3/execution_21/MLP_model_20_Circuit.pkl (deflated 5%)
  adding: Models/qaoa_vs_ml/V3/execution_21/MLP_model_20.pkl (deflated 4%)
  adding: Models/qaoa_vs_ml/V3/execution_21/MLP_model_25_Circuit.pkl (deflated 5%)
  adding: Models/qaoa_vs_ml/V3/execution_21/MLP_model_25.pkl (deflated 4%)
  adding: Models/qaoa_vs_ml/V3/execution_21/MLP_model_full_Circuit.pkl (deflated 5%)
  adding: Models/qaoa_vs_ml/V3/execution_21/MLP_model_full.pkl (deflated 4%)
  adding: Models/qaoa_vs_ml/V3/execution_21/MLP_model_nas_10.pkl (deflated 5%)
  adding: Models/qaoa_vs_ml/V3/execution_21/MLP_model_nas_12.pkl (deflated 5%)
  adding: Models/qaoa_vs_ml/V3/execution_21/MLP_model_nas_15.pkl (deflated 5%)
  adding: Models/qaoa_vs_ml/V3/execution_21/MLP_model_nas_25.pkl (deflated 4%)
  adding: Models/qaoa_vs_ml/V3/execution_21/MLP_model_nas_full.pkl (deflated 4%)
  adding: Models/qaoa_vs_ml/V3/execution_21/vanila_vs_ml.csv (deflated 53%)
  adding: Models/qaoa_vs_ml/V3/execution_21/xgboost_model_10_Circuit.pkl (deflated 83%)
  adding: Models/qaoa_vs_ml/V3/execution_21/xgboost_model_10.pkl (deflated 86%)
  adding: Models/qaoa_vs_ml/V3/execution_21/xgboost_model_12_Circuit.pkl (deflated 83%)
  adding: Models/qaoa_vs_ml/V3/execution_21/xgboost_model_12.pkl (deflated 86%)
  adding: Models/qaoa_vs_ml/V3/execution_21/xgboost_model_15_Circuit.pkl (deflated 83%)
  adding: Models/qaoa_vs_ml/V3/execution_21/xgboost_model_15.pkl (deflated 87%)
  adding: Models/qaoa_vs_ml/V3/execution_21/xgboost_model_20_Circuit.pkl (deflated 83%)
  adding: Models/qaoa_vs_ml/V3/execution_21/xgboost_model_20.pkl (deflated 87%)
  adding: Models/qaoa_vs_ml/V3/execution_21/xgboost_model_25_Circuit.pkl (deflated 83%)
  adding: Models/qaoa_vs_ml/V3/execution_21/xgboost_model_25.pkl (deflated 87%)
  adding: Models/qaoa_vs_ml/V3/execution_21/xgboost_model_full_Circuit.pkl (deflated 81%)
  adding: Models/qaoa_vs_ml/V3/execution_21/xgboost_model_full.pkl (deflated 79%)
