
 Training on dataset_10_nodes.csv...
Total rows in CSV: 50
10 55
10 55
10 55
10 55
10 55
10 55
10 55
10 55
10 55
10 55
10 55
10 55
10 55
10 55
10 55
10 55
10 55
10 55
10 55
10 55
10 55
10 55
10 55
10 55
10 55
10 55
10 55
10 55
10 55
10 55
10 55
10 55
10 55
10 55
10 55
10 55
10 55
10 55
10 55
10 55
10 55
10 55
10 55
10 55
10 55
10 55
10 55
10 55
10 55
10 55
Loaded 50 valid graphs.
Epoch 001, Loss: 2.6801
Epoch 002, Loss: 0.5883
Epoch 003, Loss: 0.6438
Epoch 004, Loss: 0.6137
Epoch 005, Loss: 0.5487
Epoch 006, Loss: 0.5548
Epoch 007, Loss: 0.5719
Epoch 008, Loss: 0.5799
Epoch 009, Loss: 0.5782
Epoch 010, Loss: 0.6279
Epoch 011, Loss: 0.5995
Epoch 012, Loss: 0.5780
Epoch 013, Loss: 0.5612
Epoch 014, Loss: 0.6528
Epoch 015, Loss: 0.5557
Epoch 016, Loss: 0.6360
Epoch 017, Loss: 0.5721
Epoch 018, Loss: 0.5522
Epoch 019, Loss: 0.5462
Epoch 020, Loss: 0.5428
Epoch 021, Loss: 0.5899
Epoch 022, Loss: 0.5556
Epoch 023, Loss: 0.5461
Epoch 024, Loss: 0.5598
Epoch 025, Loss: 0.6083
Epoch 026, Loss: 0.5600
Epoch 027, Loss: 0.5587
Epoch 028, Loss: 0.5086
Epoch 029, Loss: 0.5005
Epoch 030, Loss: 0.5061
Epoch 031, Loss: 0.5346
Epoch 032, Loss: 0.5191
Epoch 033, Loss: 0.5342
Epoch 034, Loss: 0.5875
Epoch 035, Loss: 0.5235
Epoch 036, Loss: 0.5142
Epoch 037, Loss: 0.5042
Epoch 038, Loss: 0.4861
Epoch 039, Loss: 0.5166
Epoch 040, Loss: 0.4937
Epoch 041, Loss: 0.5511
Epoch 042, Loss: 0.5098
Epoch 043, Loss: 0.5412
Epoch 044, Loss: 0.5210
Epoch 045, Loss: 0.5346
Epoch 046, Loss: 0.5010
Epoch 047, Loss: 0.5002
Epoch 048, Loss: 0.5548
Epoch 049, Loss: 0.4937
Epoch 050, Loss: 0.4809
Epoch 051, Loss: 0.4769
Epoch 052, Loss: 0.5025
Epoch 053, Loss: 0.5012
Epoch 054, Loss: 0.4778
Epoch 055, Loss: 0.4974
Epoch 056, Loss: 0.4699
Epoch 057, Loss: 0.4478
Epoch 058, Loss: 0.5392
Epoch 059, Loss: 0.4772
Epoch 060, Loss: 0.4773
Epoch 061, Loss: 0.4699
Epoch 062, Loss: 0.5003
Epoch 063, Loss: 0.4790
Epoch 064, Loss: 0.4562
Epoch 065, Loss: 0.4735
Epoch 066, Loss: 0.4685
Epoch 067, Loss: 0.4672
Epoch 068, Loss: 0.4599
Epoch 069, Loss: 0.4662
Epoch 070, Loss: 0.4792
Epoch 071, Loss: 0.4476
Epoch 072, Loss: 0.4456
Epoch 073, Loss: 0.4459
Epoch 074, Loss: 0.4544
Epoch 075, Loss: 0.4492
Epoch 076, Loss: 0.4480
Epoch 077, Loss: 0.4435
Epoch 078, Loss: 0.4554
Epoch 079, Loss: 0.4448
Epoch 080, Loss: 0.4365
Epoch 081, Loss: 0.4252
Epoch 082, Loss: 0.4111
Epoch 083, Loss: 0.4412
Epoch 084, Loss: 0.4535
Epoch 085, Loss: 0.4325
Epoch 086, Loss: 0.4391
Epoch 087, Loss: 0.4069
Epoch 088, Loss: 0.4430
Epoch 089, Loss: 0.4441
Epoch 090, Loss: 0.4163
Epoch 091, Loss: 0.4067
Epoch 092, Loss: 0.4266
Epoch 093, Loss: 0.4058
Epoch 094, Loss: 0.4182
Epoch 095, Loss: 0.4226
Epoch 096, Loss: 0.4302
Epoch 097, Loss: 0.4180
Epoch 098, Loss: 0.3936
Epoch 099, Loss: 0.3966
Epoch 100, Loss: 0.4271

Test RMSE: 0.6226
Test MAPE: 0.2220
Training time: 9.85 seconds
Model saved to Models/GCN_model_10.pkl

 Training on dataset_12_nodes.csv...
Total rows in CSV: 50
12 78
12 78
12 78
12 78
12 78
12 78
12 78
12 78
12 78
12 78
12 78
12 78
12 78
12 78
12 78
12 78
12 78
12 78
12 78
12 78
12 78
12 78
12 78
12 78
12 78
12 78
12 78
12 78
12 78
12 78
12 78
12 78
12 78
12 78
12 78
12 78
12 78
12 78
12 78
12 78
12 78
12 78
12 78
12 78
12 78
12 78
12 78
12 78
12 78
12 78
Loaded 50 valid graphs.
Epoch 001, Loss: 3.4338
Epoch 002, Loss: 0.9131
Epoch 003, Loss: 0.9324
Epoch 004, Loss: 0.8532
Epoch 005, Loss: 0.8723
Epoch 006, Loss: 0.8424
Epoch 007, Loss: 0.8423
Epoch 008, Loss: 0.9133
Epoch 009, Loss: 0.8701
Epoch 010, Loss: 0.8355
Epoch 011, Loss: 0.8884
Epoch 012, Loss: 0.7976
Epoch 013, Loss: 0.8783
Epoch 014, Loss: 0.8418
Epoch 015, Loss: 0.7992
Epoch 016, Loss: 0.8594
Epoch 017, Loss: 0.8717
Epoch 018, Loss: 0.8541
Epoch 019, Loss: 0.8442
Epoch 020, Loss: 0.8278
Epoch 021, Loss: 0.8181
Epoch 022, Loss: 0.8091
Epoch 023, Loss: 0.8011
Epoch 024, Loss: 0.8165
Epoch 025, Loss: 0.8692
Epoch 026, Loss: 0.8532
Epoch 027, Loss: 0.9052
Epoch 028, Loss: 0.8691
Epoch 029, Loss: 0.8128
Epoch 030, Loss: 0.8176
Epoch 031, Loss: 0.8105
Epoch 032, Loss: 0.8780
Epoch 033, Loss: 0.8245
Epoch 034, Loss: 0.8522
Epoch 035, Loss: 0.8338
Epoch 036, Loss: 0.7625
Epoch 037, Loss: 0.7686
Epoch 038, Loss: 0.7897
Epoch 039, Loss: 0.7600
Epoch 040, Loss: 0.7634
Epoch 041, Loss: 0.7431
Epoch 042, Loss: 0.7517
Epoch 043, Loss: 0.7378
Epoch 044, Loss: 0.7313
Epoch 045, Loss: 0.7284
Epoch 046, Loss: 0.7165
Epoch 047, Loss: 0.7398
Epoch 048, Loss: 0.7517
Epoch 049, Loss: 0.7992
Epoch 050, Loss: 0.7150
Epoch 051, Loss: 0.6738
Epoch 052, Loss: 0.7290
Epoch 053, Loss: 0.7032
Epoch 054, Loss: 0.7040
Epoch 055, Loss: 0.6785
Epoch 056, Loss: 0.6553
Epoch 057, Loss: 0.6281
Epoch 058, Loss: 0.6621
Epoch 059, Loss: 0.6502
Epoch 060, Loss: 0.6426
Epoch 061, Loss: 0.6364
Epoch 062, Loss: 0.6424
Epoch 063, Loss: 0.6282
Epoch 064, Loss: 0.6226
Epoch 065, Loss: 0.6188
Epoch 066, Loss: 0.6337
Epoch 067, Loss: 0.6233
Epoch 068, Loss: 0.6211
Epoch 069, Loss: 0.6131
Epoch 070, Loss: 0.6741
Epoch 071, Loss: 0.6269
Epoch 072, Loss: 0.5989
Epoch 073, Loss: 0.6098
Epoch 074, Loss: 0.5916
Epoch 075, Loss: 0.5822
Epoch 076, Loss: 0.6161
Epoch 077, Loss: 0.5664
Epoch 078, Loss: 0.5802
Epoch 079, Loss: 0.5724
Epoch 080, Loss: 0.5837
Epoch 081, Loss: 0.5619
Epoch 082, Loss: 0.5516
Epoch 083, Loss: 0.5795
Epoch 084, Loss: 0.5907
Epoch 085, Loss: 0.5872
Epoch 086, Loss: 0.5595
Epoch 087, Loss: 0.5820
Epoch 088, Loss: 0.5814
Epoch 089, Loss: 0.5706
Epoch 090, Loss: 0.5536
Epoch 091, Loss: 0.5676
Epoch 092, Loss: 0.5901
Epoch 093, Loss: 0.5617
Epoch 094, Loss: 0.5411
Epoch 095, Loss: 0.5560
Epoch 096, Loss: 0.5444
Epoch 097, Loss: 0.5486
Epoch 098, Loss: 0.5532
Epoch 099, Loss: 0.5269
Epoch 100, Loss: 0.5285

Test RMSE: 0.6302
Test MAPE: 0.1818
Training time: 8.59 seconds
Model saved to Models/GCN_model_12.pkl

 Training on dataset_15_nodes.csv...
Total rows in CSV: 50
15 120
15 120
15 120
15 120
15 120
15 120
15 120
15 120
15 120
15 120
15 120
15 120
15 120
15 120
15 120
15 120
15 120
15 120
15 120
15 120
15 120
15 120
15 120
15 120
15 120
15 120
15 120
15 120
15 120
15 120
15 120
15 120
15 120
15 120
15 120
15 120
15 120
15 120
15 120
15 120
15 120
15 120
15 120
15 120
15 120
15 120
15 120
15 120
15 120
15 120
Loaded 50 valid graphs.
Epoch 001, Loss: 5.6426
Epoch 002, Loss: 1.0228
Epoch 003, Loss: 0.9830
Epoch 004, Loss: 0.9597
Epoch 005, Loss: 1.0168
Epoch 006, Loss: 1.0076
Epoch 007, Loss: 0.9887
Epoch 008, Loss: 0.9835
Epoch 009, Loss: 0.9625
Epoch 010, Loss: 0.9634
Epoch 011, Loss: 0.9197
Epoch 012, Loss: 0.9954
Epoch 013, Loss: 0.9390
Epoch 014, Loss: 0.9471
Epoch 015, Loss: 0.8795
Epoch 016, Loss: 0.9361
Epoch 017, Loss: 0.9924
Epoch 018, Loss: 0.8184
Epoch 019, Loss: 0.9421
Epoch 020, Loss: 0.9529
Epoch 021, Loss: 0.9531
Epoch 022, Loss: 0.8852
Epoch 023, Loss: 0.9112
Epoch 024, Loss: 0.8738
Epoch 025, Loss: 0.8512
Epoch 026, Loss: 0.8998
Epoch 027, Loss: 0.8045
Epoch 028, Loss: 0.8646
Epoch 029, Loss: 0.9142
Epoch 030, Loss: 0.9273
Epoch 031, Loss: 0.7908
Epoch 032, Loss: 0.8513
Epoch 033, Loss: 0.8454
Epoch 034, Loss: 0.9534
Epoch 035, Loss: 0.9807
Epoch 036, Loss: 0.7942
Epoch 037, Loss: 0.7862
Epoch 038, Loss: 0.7746
Epoch 039, Loss: 0.8086
Epoch 040, Loss: 0.7940
Epoch 041, Loss: 0.7163
Epoch 042, Loss: 0.7597
Epoch 043, Loss: 0.7342
Epoch 044, Loss: 0.7143
Epoch 045, Loss: 0.7241
Epoch 046, Loss: 0.8279
Epoch 047, Loss: 0.7031
Epoch 048, Loss: 0.7034
Epoch 049, Loss: 0.7634
Epoch 050, Loss: 0.6886
Epoch 051, Loss: 0.6610
Epoch 052, Loss: 0.6874
Epoch 053, Loss: 0.6295
Epoch 054, Loss: 0.5975
Epoch 055, Loss: 0.6599
Epoch 056, Loss: 0.6656
Epoch 057, Loss: 0.6215
Epoch 058, Loss: 0.6391
Epoch 059, Loss: 0.6611
Epoch 060, Loss: 0.5973
Epoch 061, Loss: 0.6578
Epoch 062, Loss: 0.6051
Epoch 063, Loss: 0.6244
Epoch 064, Loss: 0.5891
Epoch 065, Loss: 0.6015
Epoch 066, Loss: 0.5961
Epoch 067, Loss: 0.6038
Epoch 068, Loss: 0.5776
Epoch 069, Loss: 0.6503
Epoch 070, Loss: 0.6596
Epoch 071, Loss: 0.5617
Epoch 072, Loss: 0.5460
Epoch 073, Loss: 0.5223
Epoch 074, Loss: 0.5743
Epoch 075, Loss: 0.6034
Epoch 076, Loss: 0.5722
Epoch 077, Loss: 0.5709
Epoch 078, Loss: 0.5502
Epoch 079, Loss: 0.5753
Epoch 080, Loss: 0.5428
Epoch 081, Loss: 0.5619
Epoch 082, Loss: 0.6242
Epoch 083, Loss: 0.5331
Epoch 084, Loss: 0.5820
Epoch 085, Loss: 0.5169
Epoch 086, Loss: 0.5238
Epoch 087, Loss: 0.5288
Epoch 088, Loss: 0.5083
Epoch 089, Loss: 0.5223
Epoch 090, Loss: 0.5239
Epoch 091, Loss: 0.4950
Epoch 092, Loss: 0.4993
Epoch 093, Loss: 0.6063
Epoch 094, Loss: 0.5125
Epoch 095, Loss: 0.5367
Epoch 096, Loss: 0.5524
Epoch 097, Loss: 0.5257
Epoch 098, Loss: 0.5119
Epoch 099, Loss: 0.5025
Epoch 100, Loss: 0.5010

Test RMSE: 0.9093
Test MAPE: 0.2127
Training time: 8.89 seconds
Model saved to Models/GCN_model_15.pkl

 Training on dataset_20_nodes.csv...
Total rows in CSV: 50
20 210
20 210
20 210
20 210
20 210
20 210
20 210
20 210
20 210
20 210
20 210
20 210
20 210
20 210
20 210
20 210
20 210
20 210
20 210
20 210
20 210
20 210
20 210
20 210
20 210
20 210
20 210
20 210
20 210
20 210
20 210
20 210
20 210
20 210
20 210
20 210
20 210
20 210
20 210
20 210
20 210
20 210
20 210
20 210
20 210
20 210
20 210
20 210
20 210
20 210
Loaded 50 valid graphs.
Epoch 001, Loss: 8.0535
Epoch 002, Loss: 1.2889
Epoch 003, Loss: 1.3321
Epoch 004, Loss: 1.3044
Epoch 005, Loss: 1.2385
Epoch 006, Loss: 1.2595
Epoch 007, Loss: 1.2694
Epoch 008, Loss: 1.3341
Epoch 009, Loss: 1.2155
Epoch 010, Loss: 1.3268
Epoch 011, Loss: 1.1879
Epoch 012, Loss: 1.1590
Epoch 013, Loss: 1.2773
Epoch 014, Loss: 1.1764
Epoch 015, Loss: 1.2512
Epoch 016, Loss: 1.2309
Epoch 017, Loss: 1.1609
Epoch 018, Loss: 1.4494
Epoch 019, Loss: 1.1688
Epoch 020, Loss: 1.1870
Epoch 021, Loss: 1.2428
Epoch 022, Loss: 1.3384
Epoch 023, Loss: 1.1804
Epoch 024, Loss: 1.1489
Epoch 025, Loss: 1.3020
Epoch 026, Loss: 1.3143
Epoch 027, Loss: 1.2627
Epoch 028, Loss: 1.1678
Epoch 029, Loss: 1.2010
Epoch 030, Loss: 1.4114
Epoch 031, Loss: 1.2359
Epoch 032, Loss: 1.1627
Epoch 033, Loss: 1.1091
Epoch 034, Loss: 1.2641
Epoch 035, Loss: 1.2668
Epoch 036, Loss: 1.1452
Epoch 037, Loss: 1.2391
Epoch 038, Loss: 1.2615
Epoch 039, Loss: 1.3099
Epoch 040, Loss: 1.1120
Epoch 041, Loss: 1.2310
Epoch 042, Loss: 1.1466
Epoch 043, Loss: 1.1150
Epoch 044, Loss: 1.1313
Epoch 045, Loss: 1.3277
Epoch 046, Loss: 1.1964
Epoch 047, Loss: 1.1782
Epoch 048, Loss: 1.1761
Epoch 049, Loss: 1.1883
Epoch 050, Loss: 1.1550
Epoch 051, Loss: 1.3675
Epoch 052, Loss: 1.3995
Epoch 053, Loss: 1.2538
Epoch 054, Loss: 1.0826
Epoch 055, Loss: 1.0944
Epoch 056, Loss: 1.1337
Epoch 057, Loss: 1.1415
Epoch 058, Loss: 0.9858
Epoch 059, Loss: 0.9962
Epoch 060, Loss: 0.9823
Epoch 061, Loss: 0.9865
Epoch 062, Loss: 1.0361
Epoch 063, Loss: 1.0057
Epoch 064, Loss: 0.9104
Epoch 065, Loss: 0.9467
Epoch 066, Loss: 0.9162
Epoch 067, Loss: 0.8428
Epoch 068, Loss: 0.9223
Epoch 069, Loss: 0.8658
Epoch 070, Loss: 0.9160
Epoch 071, Loss: 0.9457
Epoch 072, Loss: 0.8498
Epoch 073, Loss: 0.8572
Epoch 074, Loss: 0.8378
Epoch 075, Loss: 0.8419
Epoch 076, Loss: 0.8206
Epoch 077, Loss: 0.9002
Epoch 078, Loss: 0.7915
Epoch 079, Loss: 0.7517
Epoch 080, Loss: 0.7201
Epoch 081, Loss: 0.7622
Epoch 082, Loss: 0.8243
Epoch 083, Loss: 0.7514
Epoch 084, Loss: 0.7946
Epoch 085, Loss: 0.7226
Epoch 086, Loss: 0.6756
Epoch 087, Loss: 0.6728
Epoch 088, Loss: 0.6516
Epoch 089, Loss: 0.6197
Epoch 090, Loss: 0.6627
Epoch 091, Loss: 0.6236
Epoch 092, Loss: 0.5854
Epoch 093, Loss: 0.5566
Epoch 094, Loss: 0.5462
Epoch 095, Loss: 0.5600
Epoch 096, Loss: 0.6522
Epoch 097, Loss: 0.6075
Epoch 098, Loss: 0.5237
Epoch 099, Loss: 0.5740
Epoch 100, Loss: 0.5727

Test RMSE: 0.8380
Test MAPE: 0.1912
Training time: 9.21 seconds
Model saved to Models/GCN_model_20.pkl

 Training on dataset_25_nodes.csv...
Total rows in CSV: 50
25 325
25 325
25 325
25 325
25 325
25 325
25 325
25 325
25 325
25 325
25 325
25 325
25 325
25 325
25 325
25 325
25 325
25 325
25 325
25 325
25 325
25 325
25 325
25 325
25 325
25 325
25 325
25 325
25 325
25 325
25 325
25 325
25 325
25 325
25 325
25 325
25 325
25 325
25 325
25 325
25 325
25 325
25 325
25 325
25 325
25 325
25 325
25 325
25 325
25 325
Loaded 50 valid graphs.
Epoch 001, Loss: 11.7471
Epoch 002, Loss: 1.7960
Epoch 003, Loss: 1.5514
Epoch 004, Loss: 1.7012
Epoch 005, Loss: 1.8118
Epoch 006, Loss: 1.5249
Epoch 007, Loss: 1.4520
Epoch 008, Loss: 1.6078
Epoch 009, Loss: 1.5096
Epoch 010, Loss: 1.9973
Epoch 011, Loss: 1.8103
Epoch 012, Loss: 1.5672
Epoch 013, Loss: 1.5278
Epoch 014, Loss: 1.4965
Epoch 015, Loss: 1.5294
Epoch 016, Loss: 1.5346
Epoch 017, Loss: 1.6814
Epoch 018, Loss: 1.8491
Epoch 019, Loss: 1.5205
Epoch 020, Loss: 1.5532
Epoch 021, Loss: 1.7231
Epoch 022, Loss: 1.5181
Epoch 023, Loss: 1.5744
Epoch 024, Loss: 1.6861
Epoch 025, Loss: 1.6195
Epoch 026, Loss: 1.5737
Epoch 027, Loss: 1.5363
Epoch 028, Loss: 1.5226
Epoch 029, Loss: 1.5500
Epoch 030, Loss: 1.4315
Epoch 031, Loss: 1.5782
Epoch 032, Loss: 1.5862
Epoch 033, Loss: 1.5073
Epoch 034, Loss: 1.7467
Epoch 035, Loss: 1.6418
Epoch 036, Loss: 1.7935
Epoch 037, Loss: 1.7400
Epoch 038, Loss: 1.4287
Epoch 039, Loss: 1.5407
Epoch 040, Loss: 1.5194
Epoch 041, Loss: 1.6119
Epoch 042, Loss: 1.6305
Epoch 043, Loss: 1.5974
Epoch 044, Loss: 1.6473
Epoch 045, Loss: 1.5327
Epoch 046, Loss: 1.4378
Epoch 047, Loss: 1.5555
Epoch 048, Loss: 1.5347
Epoch 049, Loss: 1.5673
Epoch 050, Loss: 1.3458
Epoch 051, Loss: 1.6033
Epoch 052, Loss: 1.4573
Epoch 053, Loss: 1.4122
Epoch 054, Loss: 1.4995
Epoch 055, Loss: 1.4915
Epoch 056, Loss: 1.6621
Epoch 057, Loss: 1.4133
Epoch 058, Loss: 1.4785
Epoch 059, Loss: 1.4093
Epoch 060, Loss: 1.6815
Epoch 061, Loss: 1.4653
Epoch 062, Loss: 1.5996
Epoch 063, Loss: 1.4933
Epoch 064, Loss: 1.3574
Epoch 065, Loss: 1.4205
Epoch 066, Loss: 1.4165
Epoch 067, Loss: 1.6524
Epoch 068, Loss: 1.5456
Epoch 069, Loss: 1.6090
Epoch 070, Loss: 1.4602
Epoch 071, Loss: 1.4002
Epoch 072, Loss: 1.4446
Epoch 073, Loss: 1.5598
Epoch 074, Loss: 1.6004
Epoch 075, Loss: 1.5558
Epoch 076, Loss: 1.4736
Epoch 077, Loss: 1.3866
Epoch 078, Loss: 1.4759
Epoch 079, Loss: 1.6698
Epoch 080, Loss: 1.5024
Epoch 081, Loss: 1.4900
Epoch 082, Loss: 1.5505
Epoch 083, Loss: 1.5139
Epoch 084, Loss: 1.5777
Epoch 085, Loss: 1.6850
Epoch 086, Loss: 1.5000
Epoch 087, Loss: 1.4813
Epoch 088, Loss: 1.5907
Epoch 089, Loss: 1.3884
Epoch 090, Loss: 1.4286
Epoch 091, Loss: 1.5355
Epoch 092, Loss: 1.3840
Epoch 093, Loss: 1.3539
Epoch 094, Loss: 1.3986
Epoch 095, Loss: 1.4893
Epoch 096, Loss: 1.5661
Epoch 097, Loss: 1.4046
Epoch 098, Loss: 1.4185
Epoch 099, Loss: 1.4355
Epoch 100, Loss: 1.5055

Test RMSE: 1.4629
Test MAPE: 0.2108
Training time: 8.89 seconds
Model saved to Models/GCN_model_25.pkl

 Training on dataset_full.csv...
Total rows in CSV: 250
25 325
25 325
25 325
25 325
25 325
25 325
25 325
25 325
25 325
25 325
25 325
25 325
25 325
25 325
25 325
25 325
25 325
25 325
25 325
25 325
25 325
25 325
25 325
25 325
25 325
25 325
25 325
25 325
25 325
25 325
25 325
25 325
25 325
25 325
25 325
25 325
25 325
25 325
25 325
25 325
25 325
25 325
25 325
25 325
25 325
25 325
25 325
25 325
25 325
25 325
25 325
25 325
25 325
25 325
25 325
25 325
25 325
25 325
25 325
25 325
25 325
25 325
25 325
25 325
25 325
25 325
25 325
25 325
25 325
25 325
25 325
25 325
25 325
25 325
25 325
25 325
25 325
25 325
25 325
25 325
25 325
25 325
25 325
25 325
25 325
25 325
25 325
25 325
25 325
25 325
25 325
25 325
25 325
25 325
25 325
25 325
25 325
25 325
25 325
25 325
25 325
25 325
25 325
25 325
25 325
25 325
25 325
25 325
25 325
25 325
25 325
25 325
25 325
25 325
25 325
25 325
25 325
25 325
25 325
25 325
25 325
25 325
25 325
25 325
25 325
25 325
25 325
25 325
25 325
25 325
25 325
25 325
25 325
25 325
25 325
25 325
25 325
25 325
25 325
25 325
25 325
25 325
25 325
25 325
25 325
25 325
25 325
25 325
25 325
25 325
25 325
25 325
25 325
25 325
25 325
25 325
25 325
25 325
25 325
25 325
25 325
25 325
25 325
25 325
25 325
25 325
25 325
25 325
25 325
25 325
25 325
25 325
25 325
25 325
25 325
25 325
25 325
25 325
25 325
25 325
25 325
25 325
25 325
25 325
25 325
25 325
25 325
25 325
25 325
25 325
25 325
25 325
25 325
25 325
25 325
25 325
25 325
25 325
25 325
25 325
25 325
25 325
25 325
25 325
25 325
25 325
25 325
25 325
25 325
25 325
25 325
25 325
25 325
25 325
25 325
25 325
25 325
25 325
25 325
25 325
25 325
25 325
25 325
25 325
25 325
25 325
25 325
25 325
25 325
25 325
25 325
25 325
25 325
25 325
25 325
25 325
25 325
25 325
25 325
25 325
25 325
25 325
25 325
25 325
25 325
25 325
25 325
25 325
25 325
25 325
Loaded 250 valid graphs.
Epoch 001, Loss: 3.7725
Epoch 002, Loss: 3.3002
Epoch 003, Loss: 3.1736
Epoch 004, Loss: 1.9192
Epoch 005, Loss: 1.1077
Epoch 006, Loss: 0.8535
Epoch 007, Loss: 0.9735
Epoch 008, Loss: 0.7803
Epoch 009, Loss: 0.6978
Epoch 010, Loss: 0.6766
Epoch 011, Loss: 0.6644
Epoch 012, Loss: 0.6413
Epoch 013, Loss: 0.7505
Epoch 014, Loss: 0.6252
Epoch 015, Loss: 0.6517
Epoch 016, Loss: 0.6988
Epoch 017, Loss: 0.6731
Epoch 018, Loss: 0.6481
Epoch 019, Loss: 0.6096
Epoch 020, Loss: 0.5895
Epoch 021, Loss: 0.5948
Epoch 022, Loss: 0.6661
Epoch 023, Loss: 0.6392
Epoch 024, Loss: 0.6204
Epoch 025, Loss: 0.5829
Epoch 026, Loss: 0.6421
Epoch 027, Loss: 0.5773
Epoch 028, Loss: 0.6142
Epoch 029, Loss: 0.5942
Epoch 030, Loss: 0.5949
Epoch 031, Loss: 0.6024
Epoch 032, Loss: 0.5697
Epoch 033, Loss: 0.6280
Epoch 034, Loss: 0.6084
Epoch 035, Loss: 0.5440
Epoch 036, Loss: 0.5826
Epoch 037, Loss: 0.6213
Epoch 038, Loss: 0.5574
Epoch 039, Loss: 0.5754
Epoch 040, Loss: 0.5510
Epoch 041, Loss: 0.6172
Epoch 042, Loss: 0.5884
Epoch 043, Loss: 0.5739
Epoch 044, Loss: 0.5693
Epoch 045, Loss: 0.5623
Epoch 046, Loss: 0.5788
Epoch 047, Loss: 0.5540
Epoch 048, Loss: 0.5488
Epoch 049, Loss: 0.5810
Epoch 050, Loss: 0.5606
Epoch 051, Loss: 0.5840
Epoch 052, Loss: 0.5695
Epoch 053, Loss: 0.5746
Epoch 054, Loss: 0.5454
Epoch 055, Loss: 0.5468
Epoch 056, Loss: 0.5636
Epoch 057, Loss: 0.5781
Epoch 058, Loss: 0.5554
Epoch 059, Loss: 0.5585
Epoch 060, Loss: 0.6133
Epoch 061, Loss: 0.6005
Epoch 062, Loss: 0.5498
Epoch 063, Loss: 0.5441
Epoch 064, Loss: 0.5402
Epoch 065, Loss: 0.5657
Epoch 066, Loss: 0.5223
Epoch 067, Loss: 0.5967
Epoch 068, Loss: 0.5511
Epoch 069, Loss: 0.5494
Epoch 070, Loss: 0.5400
Epoch 071, Loss: 0.5221
Epoch 072, Loss: 0.5777
Epoch 073, Loss: 0.5641
Epoch 074, Loss: 0.5279
Epoch 075, Loss: 0.5246
Epoch 076, Loss: 0.5151
Epoch 077, Loss: 0.5543
Epoch 078, Loss: 0.5536
Epoch 079, Loss: 0.5501
Epoch 080, Loss: 0.5206
Epoch 081, Loss: 0.5456
Epoch 082, Loss: 0.5160
Epoch 083, Loss: 0.5249
Epoch 084, Loss: 0.5352
Epoch 085, Loss: 0.5171
Epoch 086, Loss: 0.5283
Epoch 087, Loss: 0.5116
Epoch 088, Loss: 0.5139
Epoch 089, Loss: 0.5276
Epoch 090, Loss: 0.5214
Epoch 091, Loss: 0.5126
Epoch 092, Loss: 0.5326
Epoch 093, Loss: 0.5229
Epoch 094, Loss: 0.5206
Epoch 095, Loss: 0.5105
Epoch 096, Loss: 0.5024
Epoch 097, Loss: 0.5016
Epoch 098, Loss: 0.5627
Epoch 099, Loss: 0.4889
Epoch 100, Loss: 0.5002

Test RMSE: 0.7412
Test MAPE: 249022774247424.0000
Training time: 44.54 seconds
Model saved to Models/GCN_model_full.pkl

Metrics saved to Models/Graph_Neural_Training_metrics.csv

 **Final Training Results:**
node_size model_type  test_size     rmse         mape  training_time         model_file
       10   Q_values        0.2 0.622572 2.220441e-01       9.853042   GNN_model_10.pkl
       12   Q_values        0.2 0.630208 1.818215e-01       8.587961   GNN_model_12.pkl
       15   Q_values        0.2 0.909297 2.127025e-01       8.891877   GNN_model_15.pkl
       20   Q_values        0.2 0.837992 1.911985e-01       9.207773   GNN_model_20.pkl
       25   Q_values        0.2 1.462916 2.107781e-01       8.885020   GNN_model_25.pkl
     full   Q_values        0.2 0.741185 2.490228e+14      44.543767 GNN_model_full.pkl

 Training complete for all datasets!
  adding: Models/ (stored 0%)
  adding: Models/GCN_model_20.pkl (deflated 22%)
  adding: Models/GCN_model_12.pkl (deflated 22%)
  adding: Models/Graph_Neural_Training_results.txt (deflated 60%)
  adding: Models/Graph_Neural_Training_metrics.csv (deflated 49%)
  adding: Models/GCN_model_10.pkl (deflated 23%)
  adding: Models/GCN_model_15.pkl (deflated 22%)
  adding: Models/GCN_model_full.pkl (deflated 22%)
  adding: Models/GCN_model_25.pkl (deflated 20%)
