
 Training on dataset_10_nodes.csv...
Total rows in CSV: 50
10 55
10 55
10 55
10 55
10 55
10 55
10 55
10 55
10 55
10 55
10 55
10 55
10 55
10 55
10 55
10 55
10 55
10 55
10 55
10 55
10 55
10 55
10 55
10 55
10 55
10 55
10 55
10 55
10 55
10 55
10 55
10 55
10 55
10 55
10 55
10 55
10 55
10 55
10 55
10 55
10 55
10 55
10 55
10 55
10 55
10 55
10 55
10 55
10 55
10 55
Loaded 50 valid graphs.
Epoch 001, Loss: 2.8009
Epoch 002, Loss: 0.5915
Epoch 003, Loss: 0.6065
Epoch 004, Loss: 0.5995
Epoch 005, Loss: 0.6348
Epoch 006, Loss: 0.5571
Epoch 007, Loss: 0.5817
Epoch 008, Loss: 0.5693
Epoch 009, Loss: 0.6331
Epoch 010, Loss: 0.6221
Epoch 011, Loss: 0.5855
Epoch 012, Loss: 0.5526
Epoch 013, Loss: 0.5628
Epoch 014, Loss: 0.6317
Epoch 015, Loss: 0.5802
Epoch 016, Loss: 0.5722
Epoch 017, Loss: 0.5690
Epoch 018, Loss: 0.6428
Epoch 019, Loss: 0.5515
Epoch 020, Loss: 0.6140
Epoch 021, Loss: 0.5789
Epoch 022, Loss: 0.5463
Epoch 023, Loss: 0.5676
Epoch 024, Loss: 0.5474
Epoch 025, Loss: 0.5613
Epoch 026, Loss: 0.6709
Epoch 027, Loss: 0.5492
Epoch 028, Loss: 0.5712
Epoch 029, Loss: 0.5629
Epoch 030, Loss: 0.5671
Epoch 031, Loss: 0.5424
Epoch 032, Loss: 0.5373
Epoch 033, Loss: 0.5586
Epoch 034, Loss: 0.5516
Epoch 035, Loss: 0.5634
Epoch 036, Loss: 0.5533
Epoch 037, Loss: 0.5238
Epoch 038, Loss: 0.5456
Epoch 039, Loss: 0.5580
Epoch 040, Loss: 0.5453
Epoch 041, Loss: 0.5523
Epoch 042, Loss: 0.5769
Epoch 043, Loss: 0.5441
Epoch 044, Loss: 0.5351
Epoch 045, Loss: 0.5568
Epoch 046, Loss: 0.5915
Epoch 047, Loss: 0.5417
Epoch 048, Loss: 0.5540
Epoch 049, Loss: 0.5371
Epoch 050, Loss: 0.5427
Epoch 051, Loss: 0.5365
Epoch 052, Loss: 0.5516
Epoch 053, Loss: 0.5356
Epoch 054, Loss: 0.5117
Epoch 055, Loss: 0.5265
Epoch 056, Loss: 0.5640
Epoch 057, Loss: 0.5215
Epoch 058, Loss: 0.5281
Epoch 059, Loss: 0.5160
Epoch 060, Loss: 0.5162
Epoch 061, Loss: 0.5187
Epoch 062, Loss: 0.5447
Epoch 063, Loss: 0.5257
Epoch 064, Loss: 0.5248
Epoch 065, Loss: 0.5198
Epoch 066, Loss: 0.5147
Epoch 067, Loss: 0.5190
Epoch 068, Loss: 0.5365
Epoch 069, Loss: 0.5056
Epoch 070, Loss: 0.4969
Epoch 071, Loss: 0.4909
Epoch 072, Loss: 0.4942
Epoch 073, Loss: 0.5110
Epoch 074, Loss: 0.5009
Epoch 075, Loss: 0.5242
Epoch 076, Loss: 0.4975
Epoch 077, Loss: 0.4983
Epoch 078, Loss: 0.4824
Epoch 079, Loss: 0.4888
Epoch 080, Loss: 0.4966
Epoch 081, Loss: 0.4946
Epoch 082, Loss: 0.4939
Epoch 083, Loss: 0.4955
Epoch 084, Loss: 0.5092
Epoch 085, Loss: 0.4846
Epoch 086, Loss: 0.4967
Epoch 087, Loss: 0.5206
Epoch 088, Loss: 0.4885
Epoch 089, Loss: 0.4856
Epoch 090, Loss: 0.5014
Epoch 091, Loss: 0.4878
Epoch 092, Loss: 0.4738
Epoch 093, Loss: 0.5105
Epoch 094, Loss: 0.5163
Epoch 095, Loss: 0.4788
Epoch 096, Loss: 0.4779
Epoch 097, Loss: 0.4858
Epoch 098, Loss: 0.4750
Epoch 099, Loss: 0.4999
Epoch 100, Loss: 0.4780

Test RMSE: 0.6313
Test MAPE: 0.1956
Training time: 10.11 seconds
Model saved to Models/GCN_model_10.pkl

 Training on dataset_12_nodes.csv...
Total rows in CSV: 50
12 78
12 78
12 78
12 78
12 78
12 78
12 78
12 78
12 78
12 78
12 78
12 78
12 78
12 78
12 78
12 78
12 78
12 78
12 78
12 78
12 78
12 78
12 78
12 78
12 78
12 78
12 78
12 78
12 78
12 78
12 78
12 78
12 78
12 78
12 78
12 78
12 78
12 78
12 78
12 78
12 78
12 78
12 78
12 78
12 78
12 78
12 78
12 78
12 78
12 78
Loaded 50 valid graphs.
Epoch 001, Loss: 3.9721
Epoch 002, Loss: 0.8894
Epoch 003, Loss: 0.8294
Epoch 004, Loss: 0.8536
Epoch 005, Loss: 0.9304
Epoch 006, Loss: 0.8490
Epoch 007, Loss: 1.0690
Epoch 008, Loss: 0.8451
Epoch 009, Loss: 0.8526
Epoch 010, Loss: 0.8516
Epoch 011, Loss: 0.8937
Epoch 012, Loss: 0.9578
Epoch 013, Loss: 0.8579
Epoch 014, Loss: 0.8139
Epoch 015, Loss: 0.8563
Epoch 016, Loss: 0.8809
Epoch 017, Loss: 0.8283
Epoch 018, Loss: 0.8198
Epoch 019, Loss: 0.8265
Epoch 020, Loss: 0.8221
Epoch 021, Loss: 0.8549
Epoch 022, Loss: 0.8437
Epoch 023, Loss: 0.8353
Epoch 024, Loss: 0.8105
Epoch 025, Loss: 0.8345
Epoch 026, Loss: 0.8511
Epoch 027, Loss: 0.8211
Epoch 028, Loss: 0.8773
Epoch 029, Loss: 0.8391
Epoch 030, Loss: 0.8391
Epoch 031, Loss: 0.8207
Epoch 032, Loss: 0.8590
Epoch 033, Loss: 0.8098
Epoch 034, Loss: 0.8302
Epoch 035, Loss: 0.8278
Epoch 036, Loss: 0.7908
Epoch 037, Loss: 0.8283
Epoch 038, Loss: 0.8274
Epoch 039, Loss: 0.8581
Epoch 040, Loss: 0.7911
Epoch 041, Loss: 0.8061
Epoch 042, Loss: 0.8370
Epoch 043, Loss: 0.7938
Epoch 044, Loss: 0.7887
Epoch 045, Loss: 0.8218
Epoch 046, Loss: 0.7985
Epoch 047, Loss: 0.8714
Epoch 048, Loss: 0.8362
Epoch 049, Loss: 0.8112
Epoch 050, Loss: 0.8855
Epoch 051, Loss: 0.9713
Epoch 052, Loss: 0.8453
Epoch 053, Loss: 0.8214
Epoch 054, Loss: 0.8276
Epoch 055, Loss: 0.7746
Epoch 056, Loss: 0.7620
Epoch 057, Loss: 0.7803
Epoch 058, Loss: 0.7224
Epoch 059, Loss: 0.7181
Epoch 060, Loss: 0.7587
Epoch 061, Loss: 0.7258
Epoch 062, Loss: 0.7316
Epoch 063, Loss: 0.7502
Epoch 064, Loss: 0.7250
Epoch 065, Loss: 0.7211
Epoch 066, Loss: 0.7520
Epoch 067, Loss: 0.7244
Epoch 068, Loss: 0.7152
Epoch 069, Loss: 0.7348
Epoch 070, Loss: 0.7245
Epoch 071, Loss: 0.7007
Epoch 072, Loss: 0.7113
Epoch 073, Loss: 0.7204
Epoch 074, Loss: 0.7377
Epoch 075, Loss: 0.7050
Epoch 076, Loss: 0.7190
Epoch 077, Loss: 0.7296
Epoch 078, Loss: 0.6998
Epoch 079, Loss: 0.6727
Epoch 080, Loss: 0.6441
Epoch 081, Loss: 0.6849
Epoch 082, Loss: 0.6627
Epoch 083, Loss: 0.6546
Epoch 084, Loss: 0.6705
Epoch 085, Loss: 0.6502
Epoch 086, Loss: 0.6509
Epoch 087, Loss: 0.6614
Epoch 088, Loss: 0.6545
Epoch 089, Loss: 0.6365
Epoch 090, Loss: 0.6335
Epoch 091, Loss: 0.6445
Epoch 092, Loss: 0.6999
Epoch 093, Loss: 0.6792
Epoch 094, Loss: 0.6534
Epoch 095, Loss: 0.6199
Epoch 096, Loss: 0.6014
Epoch 097, Loss: 0.6225
Epoch 098, Loss: 0.6530
Epoch 099, Loss: 0.6028
Epoch 100, Loss: 0.6257

Test RMSE: 0.6322
Test MAPE: 0.1850
Training time: 8.98 seconds
Model saved to Models/GCN_model_12.pkl

 Training on dataset_15_nodes.csv...
Total rows in CSV: 50
15 120
15 120
15 120
15 120
15 120
15 120
15 120
15 120
15 120
15 120
15 120
15 120
15 120
15 120
15 120
15 120
15 120
15 120
15 120
15 120
15 120
15 120
15 120
15 120
15 120
15 120
15 120
15 120
15 120
15 120
15 120
15 120
15 120
15 120
15 120
15 120
15 120
15 120
15 120
15 120
15 120
15 120
15 120
15 120
15 120
15 120
15 120
15 120
15 120
15 120
Loaded 50 valid graphs.
Epoch 001, Loss: 5.1030
Epoch 002, Loss: 1.0929
Epoch 003, Loss: 0.9646
Epoch 004, Loss: 0.9607
Epoch 005, Loss: 1.0432
Epoch 006, Loss: 1.0587
Epoch 007, Loss: 1.0566
Epoch 008, Loss: 0.9911
Epoch 009, Loss: 0.9288
Epoch 010, Loss: 1.0053
Epoch 011, Loss: 0.9108
Epoch 012, Loss: 1.0600
Epoch 013, Loss: 0.8989
Epoch 014, Loss: 1.0299
Epoch 015, Loss: 0.9416
Epoch 016, Loss: 0.9360
Epoch 017, Loss: 1.0462
Epoch 018, Loss: 1.0155
Epoch 019, Loss: 0.8799
Epoch 020, Loss: 0.9307
Epoch 021, Loss: 0.9675
Epoch 022, Loss: 0.9783
Epoch 023, Loss: 0.8849
Epoch 024, Loss: 0.9218
Epoch 025, Loss: 0.8912
Epoch 026, Loss: 0.9957
Epoch 027, Loss: 0.9334
Epoch 028, Loss: 0.9152
Epoch 029, Loss: 0.8973
Epoch 030, Loss: 0.9147
Epoch 031, Loss: 0.8817
Epoch 032, Loss: 0.8981
Epoch 033, Loss: 0.8642
Epoch 034, Loss: 0.9452
Epoch 035, Loss: 0.8111
Epoch 036, Loss: 0.7906
Epoch 037, Loss: 0.9043
Epoch 038, Loss: 0.8446
Epoch 039, Loss: 0.8988
Epoch 040, Loss: 0.8131
Epoch 041, Loss: 0.8491
Epoch 042, Loss: 0.7843
Epoch 043, Loss: 0.7763
Epoch 044, Loss: 0.8032
Epoch 045, Loss: 0.7737
Epoch 046, Loss: 0.7940
Epoch 047, Loss: 0.7768
Epoch 048, Loss: 0.7482
Epoch 049, Loss: 0.7008
Epoch 050, Loss: 0.7321
Epoch 051, Loss: 0.7862
Epoch 052, Loss: 0.6910
Epoch 053, Loss: 0.6972
Epoch 054, Loss: 0.7122
Epoch 055, Loss: 0.7082
Epoch 056, Loss: 0.6824
Epoch 057, Loss: 0.6763
Epoch 058, Loss: 0.7523
Epoch 059, Loss: 0.6665
Epoch 060, Loss: 0.6617
Epoch 061, Loss: 0.6065
Epoch 062, Loss: 0.6284
Epoch 063, Loss: 0.5983
Epoch 064, Loss: 0.6167
Epoch 065, Loss: 0.5776
Epoch 066, Loss: 0.5926
Epoch 067, Loss: 0.6532
Epoch 068, Loss: 0.5852
Epoch 069, Loss: 0.5793
Epoch 070, Loss: 0.5642
Epoch 071, Loss: 0.6403
Epoch 072, Loss: 0.5974
Epoch 073, Loss: 0.5519
Epoch 074, Loss: 0.5696
Epoch 075, Loss: 0.6450
Epoch 076, Loss: 0.5665
Epoch 077, Loss: 0.5718
Epoch 078, Loss: 0.5243
Epoch 079, Loss: 0.5494
Epoch 080, Loss: 0.5864
Epoch 081, Loss: 0.5627
Epoch 082, Loss: 0.5660
Epoch 083, Loss: 0.5615
Epoch 084, Loss: 0.5025
Epoch 085, Loss: 0.5139
Epoch 086, Loss: 0.5360
Epoch 087, Loss: 0.5346
Epoch 088, Loss: 0.5050
Epoch 089, Loss: 0.5089
Epoch 090, Loss: 0.5063
Epoch 091, Loss: 0.4924
Epoch 092, Loss: 0.5961
Epoch 093, Loss: 0.4747
Epoch 094, Loss: 0.5160
Epoch 095, Loss: 0.4980
Epoch 096, Loss: 0.4800
Epoch 097, Loss: 0.4989
Epoch 098, Loss: 0.4689
Epoch 099, Loss: 0.4695
Epoch 100, Loss: 0.4955

Test RMSE: 0.7805
Test MAPE: 0.2087
Training time: 9.09 seconds
Model saved to Models/GCN_model_15.pkl

 Training on dataset_20_nodes.csv...
Total rows in CSV: 50
20 210
20 210
20 210
20 210
20 210
20 210
20 210
20 210
20 210
20 210
20 210
20 210
20 210
20 210
20 210
20 210
20 210
20 210
20 210
20 210
20 210
20 210
20 210
20 210
20 210
20 210
20 210
20 210
20 210
20 210
20 210
20 210
20 210
20 210
20 210
20 210
20 210
20 210
20 210
20 210
20 210
20 210
20 210
20 210
20 210
20 210
20 210
20 210
20 210
20 210
Loaded 50 valid graphs.
Epoch 001, Loss: 6.9540
Epoch 002, Loss: 1.4026
Epoch 003, Loss: 1.2890
Epoch 004, Loss: 1.3344
Epoch 005, Loss: 1.2902
Epoch 006, Loss: 1.3058
Epoch 007, Loss: 1.3815
Epoch 008, Loss: 1.1634
Epoch 009, Loss: 1.3141
Epoch 010, Loss: 1.1781
Epoch 011, Loss: 1.3527
Epoch 012, Loss: 1.2961
Epoch 013, Loss: 1.1960
Epoch 014, Loss: 1.3053
Epoch 015, Loss: 1.1839
Epoch 016, Loss: 1.2029
Epoch 017, Loss: 1.2694
Epoch 018, Loss: 1.3672
Epoch 019, Loss: 1.5190
Epoch 020, Loss: 1.2231
Epoch 021, Loss: 1.1634
Epoch 022, Loss: 1.1557
Epoch 023, Loss: 1.1935
Epoch 024, Loss: 1.3576
Epoch 025, Loss: 1.1669
Epoch 026, Loss: 1.2952
Epoch 027, Loss: 1.3253
Epoch 028, Loss: 1.1770
Epoch 029, Loss: 1.2163
Epoch 030, Loss: 1.0719
Epoch 031, Loss: 1.4611
Epoch 032, Loss: 1.2509
Epoch 033, Loss: 1.2985
Epoch 034, Loss: 1.1660
Epoch 035, Loss: 1.1601
Epoch 036, Loss: 1.2864
Epoch 037, Loss: 1.2292
Epoch 038, Loss: 1.1950
Epoch 039, Loss: 1.1617
Epoch 040, Loss: 1.1653
Epoch 041, Loss: 1.2179
Epoch 042, Loss: 1.2165
Epoch 043, Loss: 1.1792
Epoch 044, Loss: 1.1690
Epoch 045, Loss: 1.0941
Epoch 046, Loss: 1.1392
Epoch 047, Loss: 1.3305
Epoch 048, Loss: 1.2242
Epoch 049, Loss: 1.0495
Epoch 050, Loss: 1.0839
Epoch 051, Loss: 1.0246
Epoch 052, Loss: 0.9865
Epoch 053, Loss: 0.9895
Epoch 054, Loss: 0.9983
Epoch 055, Loss: 0.9141
Epoch 056, Loss: 0.8871
Epoch 057, Loss: 1.0592
Epoch 058, Loss: 0.9155
Epoch 059, Loss: 0.8833
Epoch 060, Loss: 0.8291
Epoch 061, Loss: 0.9364
Epoch 062, Loss: 0.8654
Epoch 063, Loss: 0.8791
Epoch 064, Loss: 0.9349
Epoch 065, Loss: 0.8233
Epoch 066, Loss: 0.8590
Epoch 067, Loss: 0.7474
Epoch 068, Loss: 0.7704
Epoch 069, Loss: 0.6825
Epoch 070, Loss: 0.7201
Epoch 071, Loss: 0.7558
Epoch 072, Loss: 0.7338
Epoch 073, Loss: 0.7501
Epoch 074, Loss: 0.6710
Epoch 075, Loss: 0.7171
Epoch 076, Loss: 0.7965
Epoch 077, Loss: 0.6676
Epoch 078, Loss: 0.6765
Epoch 079, Loss: 0.6256
Epoch 080, Loss: 0.6354
Epoch 081, Loss: 0.6350
Epoch 082, Loss: 0.6678
Epoch 083, Loss: 0.7160
Epoch 084, Loss: 0.6544
Epoch 085, Loss: 0.5880
Epoch 086, Loss: 0.6846
Epoch 087, Loss: 0.6827
Epoch 088, Loss: 0.5869
Epoch 089, Loss: 0.5546
Epoch 090, Loss: 0.6570
Epoch 091, Loss: 0.5590
Epoch 092, Loss: 0.6875
Epoch 093, Loss: 0.5697
Epoch 094, Loss: 0.5571
Epoch 095, Loss: 0.6130
Epoch 096, Loss: 0.5522
Epoch 097, Loss: 0.5748
Epoch 098, Loss: 0.5421
Epoch 099, Loss: 0.5547
Epoch 100, Loss: 0.5754

Test RMSE: 1.0466
Test MAPE: 0.2898
Training time: 9.61 seconds
Model saved to Models/GCN_model_20.pkl

 Training on dataset_25_nodes.csv...
Total rows in CSV: 50
25 325
25 325
25 325
25 325
25 325
25 325
25 325
25 325
25 325
25 325
25 325
25 325
25 325
25 325
25 325
25 325
25 325
25 325
25 325
25 325
25 325
25 325
25 325
25 325
25 325
25 325
25 325
25 325
25 325
25 325
25 325
25 325
25 325
25 325
25 325
25 325
25 325
25 325
25 325
25 325
25 325
25 325
25 325
25 325
25 325
25 325
25 325
25 325
25 325
25 325
Loaded 50 valid graphs.
Epoch 001, Loss: 11.4694
Epoch 002, Loss: 1.5972
Epoch 003, Loss: 1.6772
Epoch 004, Loss: 1.5949
Epoch 005, Loss: 1.5183
Epoch 006, Loss: 1.7038
Epoch 007, Loss: 1.7434
Epoch 008, Loss: 1.6086
Epoch 009, Loss: 1.5995
Epoch 010, Loss: 1.6950
Epoch 011, Loss: 1.6913
Epoch 012, Loss: 1.5613
Epoch 013, Loss: 1.4731
Epoch 014, Loss: 1.5247
Epoch 015, Loss: 2.0219
Epoch 016, Loss: 1.7908
Epoch 017, Loss: 1.5292
Epoch 018, Loss: 1.7096
Epoch 019, Loss: 1.6674
Epoch 020, Loss: 1.6272
Epoch 021, Loss: 1.7110
Epoch 022, Loss: 1.4925
Epoch 023, Loss: 1.5795
Epoch 024, Loss: 1.5400
Epoch 025, Loss: 1.7105
Epoch 026, Loss: 1.6746
Epoch 027, Loss: 1.4367
Epoch 028, Loss: 1.5583
Epoch 029, Loss: 1.4786
Epoch 030, Loss: 1.5258
Epoch 031, Loss: 1.4525
Epoch 032, Loss: 1.7300
Epoch 033, Loss: 1.6168
Epoch 034, Loss: 1.7411
Epoch 035, Loss: 1.5474
Epoch 036, Loss: 1.7591
Epoch 037, Loss: 1.6503
Epoch 038, Loss: 1.4570
Epoch 039, Loss: 1.5730
Epoch 040, Loss: 1.5177
Epoch 041, Loss: 1.4737
Epoch 042, Loss: 1.4886
Epoch 043, Loss: 1.6061
Epoch 044, Loss: 1.5805
Epoch 045, Loss: 1.5074
Epoch 046, Loss: 1.6431
Epoch 047, Loss: 1.5082
Epoch 048, Loss: 1.5180
Epoch 049, Loss: 1.4141
Epoch 050, Loss: 1.3658
Epoch 051, Loss: 1.3893
Epoch 052, Loss: 1.4280
Epoch 053, Loss: 1.2215
Epoch 054, Loss: 1.2295
Epoch 055, Loss: 1.2327
Epoch 056, Loss: 1.1042
Epoch 057, Loss: 1.2336
Epoch 058, Loss: 1.2561
Epoch 059, Loss: 1.2063
Epoch 060, Loss: 1.1288
Epoch 061, Loss: 1.0603
Epoch 062, Loss: 1.0443
Epoch 063, Loss: 1.1640
Epoch 064, Loss: 1.0628
Epoch 065, Loss: 0.9543
Epoch 066, Loss: 1.0586
Epoch 067, Loss: 0.8741
Epoch 068, Loss: 0.9980
Epoch 069, Loss: 1.1365
Epoch 070, Loss: 0.9465
Epoch 071, Loss: 0.9715
Epoch 072, Loss: 0.8966
Epoch 073, Loss: 1.0668
Epoch 074, Loss: 0.9588
Epoch 075, Loss: 0.9624
Epoch 076, Loss: 0.9093
Epoch 077, Loss: 0.8815
Epoch 078, Loss: 0.8442
Epoch 079, Loss: 0.8565
Epoch 080, Loss: 0.8477
Epoch 081, Loss: 0.8262
Epoch 082, Loss: 0.8635
Epoch 083, Loss: 0.7719
Epoch 084, Loss: 0.8368
Epoch 085, Loss: 0.7628
Epoch 086, Loss: 0.7812
Epoch 087, Loss: 0.7569
Epoch 088, Loss: 0.9167
Epoch 089, Loss: 0.9161
Epoch 090, Loss: 0.8329
Epoch 091, Loss: 0.8575
Epoch 092, Loss: 1.0228
Epoch 093, Loss: 0.9416
Epoch 094, Loss: 0.7667
Epoch 095, Loss: 0.7959
Epoch 096, Loss: 0.8640
Epoch 097, Loss: 0.8489
Epoch 098, Loss: 0.8229
Epoch 099, Loss: 0.7009
Epoch 100, Loss: 0.8267

Test RMSE: 1.4432
Test MAPE: 0.2000
Training time: 9.65 seconds
Model saved to Models/GCN_model_25.pkl

 Training on dataset_full.csv...
Total rows in CSV: 250
25 325
25 325
25 325
25 325
25 325
25 325
25 325
25 325
25 325
25 325
25 325
25 325
25 325
25 325
25 325
25 325
25 325
25 325
25 325
25 325
25 325
25 325
25 325
25 325
25 325
25 325
25 325
25 325
25 325
25 325
25 325
25 325
25 325
25 325
25 325
25 325
25 325
25 325
25 325
25 325
25 325
25 325
25 325
25 325
25 325
25 325
25 325
25 325
25 325
25 325
25 325
25 325
25 325
25 325
25 325
25 325
25 325
25 325
25 325
25 325
25 325
25 325
25 325
25 325
25 325
25 325
25 325
25 325
25 325
25 325
25 325
25 325
25 325
25 325
25 325
25 325
25 325
25 325
25 325
25 325
25 325
25 325
25 325
25 325
25 325
25 325
25 325
25 325
25 325
25 325
25 325
25 325
25 325
25 325
25 325
25 325
25 325
25 325
25 325
25 325
25 325
25 325
25 325
25 325
25 325
25 325
25 325
25 325
25 325
25 325
25 325
25 325
25 325
25 325
25 325
25 325
25 325
25 325
25 325
25 325
25 325
25 325
25 325
25 325
25 325
25 325
25 325
25 325
25 325
25 325
25 325
25 325
25 325
25 325
25 325
25 325
25 325
25 325
25 325
25 325
25 325
25 325
25 325
25 325
25 325
25 325
25 325
25 325
25 325
25 325
25 325
25 325
25 325
25 325
25 325
25 325
25 325
25 325
25 325
25 325
25 325
25 325
25 325
25 325
25 325
25 325
25 325
25 325
25 325
25 325
25 325
25 325
25 325
25 325
25 325
25 325
25 325
25 325
25 325
25 325
25 325
25 325
25 325
25 325
25 325
25 325
25 325
25 325
25 325
25 325
25 325
25 325
25 325
25 325
25 325
25 325
25 325
25 325
25 325
25 325
25 325
25 325
25 325
25 325
25 325
25 325
25 325
25 325
25 325
25 325
25 325
25 325
25 325
25 325
25 325
25 325
25 325
25 325
25 325
25 325
25 325
25 325
25 325
25 325
25 325
25 325
25 325
25 325
25 325
25 325
25 325
25 325
25 325
25 325
25 325
25 325
25 325
25 325
25 325
25 325
25 325
25 325
25 325
25 325
25 325
25 325
25 325
25 325
25 325
25 325
Loaded 250 valid graphs.
Epoch 001, Loss: 3.8939
Epoch 002, Loss: 3.1987
Epoch 003, Loss: 1.7160
Epoch 004, Loss: 0.8575
Epoch 005, Loss: 0.7211
Epoch 006, Loss: 0.7970
Epoch 007, Loss: 0.7009
Epoch 008, Loss: 0.7154
Epoch 009, Loss: 0.6374
Epoch 010, Loss: 0.6585
Epoch 011, Loss: 0.6663
Epoch 012, Loss: 0.6135
Epoch 013, Loss: 0.6437
Epoch 014, Loss: 0.5844
Epoch 015, Loss: 0.6132
Epoch 016, Loss: 0.6919
Epoch 017, Loss: 0.6343
Epoch 018, Loss: 0.6938
Epoch 019, Loss: 0.6422
Epoch 020, Loss: 0.5838
Epoch 021, Loss: 0.6603
Epoch 022, Loss: 0.5931
Epoch 023, Loss: 0.6784
Epoch 024, Loss: 0.5803
Epoch 025, Loss: 0.6411
Epoch 026, Loss: 0.5951
Epoch 027, Loss: 0.6829
Epoch 028, Loss: 0.6425
Epoch 029, Loss: 0.5543
Epoch 030, Loss: 0.5835
Epoch 031, Loss: 0.5808
Epoch 032, Loss: 0.6199
Epoch 033, Loss: 0.5575
Epoch 034, Loss: 0.6148
Epoch 035, Loss: 0.6039
Epoch 036, Loss: 0.6386
Epoch 037, Loss: 0.5840
Epoch 038, Loss: 0.5572
Epoch 039, Loss: 0.5876
Epoch 040, Loss: 0.5626
Epoch 041, Loss: 0.5404
Epoch 042, Loss: 0.5885
Epoch 043, Loss: 0.5692
Epoch 044, Loss: 0.5699
Epoch 045, Loss: 0.5847
Epoch 046, Loss: 0.5483
Epoch 047, Loss: 0.5900
Epoch 048, Loss: 0.4882
Epoch 049, Loss: 0.5149
Epoch 050, Loss: 0.5286
Epoch 051, Loss: 0.5159
Epoch 052, Loss: 0.6294
Epoch 053, Loss: 0.5469
Epoch 054, Loss: 0.4978
Epoch 055, Loss: 0.5345
Epoch 056, Loss: 0.5250
Epoch 057, Loss: 0.5608
Epoch 058, Loss: 0.5630
Epoch 059, Loss: 0.5081
Epoch 060, Loss: 0.5108
Epoch 061, Loss: 0.5478
Epoch 062, Loss: 0.5566
Epoch 063, Loss: 0.5340
Epoch 064, Loss: 0.6119
Epoch 065, Loss: 0.5549
Epoch 066, Loss: 0.5673
Epoch 067, Loss: 0.5263
Epoch 068, Loss: 0.5551
Epoch 069, Loss: 0.5033
Epoch 070, Loss: 0.5340
Epoch 071, Loss: 0.5248
Epoch 072, Loss: 0.5117
Epoch 073, Loss: 0.4994
Epoch 074, Loss: 0.5213
Epoch 075, Loss: 0.5152
Epoch 076, Loss: 0.5419
Epoch 077, Loss: 0.5552
Epoch 078, Loss: 0.5514
Epoch 079, Loss: 0.4885
Epoch 080, Loss: 0.5140
Epoch 081, Loss: 0.4960
Epoch 082, Loss: 0.5112
Epoch 083, Loss: 0.5084
Epoch 084, Loss: 0.5334
Epoch 085, Loss: 0.4937
Epoch 086, Loss: 0.5131
Epoch 087, Loss: 0.5104
Epoch 088, Loss: 0.5029
Epoch 089, Loss: 0.5156
Epoch 090, Loss: 0.5070
Epoch 091, Loss: 0.5323
Epoch 092, Loss: 0.5968
Epoch 093, Loss: 0.5664
Epoch 094, Loss: 0.5109
Epoch 095, Loss: 0.4951
Epoch 096, Loss: 0.5177
Epoch 097, Loss: 0.5163
Epoch 098, Loss: 0.4926
Epoch 099, Loss: 0.4830
Epoch 100, Loss: 0.5206

Test RMSE: 0.6388
Test MAPE: 354496400064512.0000
Training time: 46.24 seconds
Model saved to Models/GCN_model_full.pkl

Metrics saved to Models/Graph_Neural_Training_metrics.csv

 **Final Training Results:**
node_size model_type  test_size     rmse         mape  training_time         model_file
       10   Q_values        0.2 0.631332 1.956321e-01      10.111425   GNN_model_10.pkl
       12   Q_values        0.2 0.632196 1.849751e-01       8.979256   GNN_model_12.pkl
       15   Q_values        0.2 0.780497 2.087080e-01       9.086491   GNN_model_15.pkl
       20   Q_values        0.2 1.046565 2.898262e-01       9.610955   GNN_model_20.pkl
       25   Q_values        0.2 1.443189 2.000231e-01       9.648965   GNN_model_25.pkl
     full   Q_values        0.2 0.638835 3.544964e+14      46.243434 GNN_model_full.pkl

 Training complete for all datasets!
  adding: Models/ (stored 0%)
  adding: Models/GCN_model_12.pkl (deflated 24%)
  adding: Models/GCN_model_10.pkl (deflated 23%)
  adding: Models/GCN_model_15.pkl (deflated 23%)
  adding: Models/Graph_Neural_Training_metrics.csv (deflated 50%)
  adding: Models/GCN_model_25.pkl (deflated 20%)
  adding: Models/Graph_Neural_Training_results.txt (deflated 60%)
  adding: Models/GCN_model_20.pkl (deflated 22%)
  adding: Models/GCN_model_full.pkl (deflated 22%)
