
 Training on dataset_10_nodes.csv...
Total rows in CSV: 50
10 55
10 55
10 55
10 55
10 55
10 55
10 55
10 55
10 55
10 55
10 55
10 55
10 55
10 55
10 55
10 55
10 55
10 55
10 55
10 55
10 55
10 55
10 55
10 55
10 55
10 55
10 55
10 55
10 55
10 55
10 55
10 55
10 55
10 55
10 55
10 55
10 55
10 55
10 55
10 55
10 55
10 55
10 55
10 55
10 55
10 55
10 55
10 55
10 55
10 55
Loaded 50 valid graphs.
Epoch 001, Loss: 2.8581
Epoch 002, Loss: 0.5966
Epoch 003, Loss: 0.5608
Epoch 004, Loss: 0.5379
Epoch 005, Loss: 0.5680
Epoch 006, Loss: 0.5665
Epoch 007, Loss: 0.5850
Epoch 008, Loss: 0.6252
Epoch 009, Loss: 0.6074
Epoch 010, Loss: 0.5853
Epoch 011, Loss: 0.5735
Epoch 012, Loss: 0.6030
Epoch 013, Loss: 0.5718
Epoch 014, Loss: 0.5469
Epoch 015, Loss: 0.5919
Epoch 016, Loss: 0.5876
Epoch 017, Loss: 0.5536
Epoch 018, Loss: 0.5493
Epoch 019, Loss: 0.6122
Epoch 020, Loss: 0.5890
Epoch 021, Loss: 0.5461
Epoch 022, Loss: 0.5899
Epoch 023, Loss: 0.5744
Epoch 024, Loss: 0.5975
Epoch 025, Loss: 0.5822
Epoch 026, Loss: 0.5360
Epoch 027, Loss: 0.5404
Epoch 028, Loss: 0.5676
Epoch 029, Loss: 0.5469
Epoch 030, Loss: 0.5543
Epoch 031, Loss: 0.5371
Epoch 032, Loss: 0.5398
Epoch 033, Loss: 0.5147
Epoch 034, Loss: 0.5174
Epoch 035, Loss: 0.5116
Epoch 036, Loss: 0.5174
Epoch 037, Loss: 0.5286
Epoch 038, Loss: 0.5162
Epoch 039, Loss: 0.5067
Epoch 040, Loss: 0.6188
Epoch 041, Loss: 0.5218
Epoch 042, Loss: 0.5370
Epoch 043, Loss: 0.5390
Epoch 044, Loss: 0.5420
Epoch 045, Loss: 0.5062
Epoch 046, Loss: 0.5235
Epoch 047, Loss: 0.5385
Epoch 048, Loss: 0.5230
Epoch 049, Loss: 0.5565
Epoch 050, Loss: 0.5127
Epoch 051, Loss: 0.5048
Epoch 052, Loss: 0.5324
Epoch 053, Loss: 0.4934
Epoch 054, Loss: 0.5041
Epoch 055, Loss: 0.5051
Epoch 056, Loss: 0.4813
Epoch 057, Loss: 0.5267
Epoch 058, Loss: 0.5004
Epoch 059, Loss: 0.5141
Epoch 060, Loss: 0.5105
Epoch 061, Loss: 0.4873
Epoch 062, Loss: 0.5770
Epoch 063, Loss: 0.5448
Epoch 064, Loss: 0.4958
Epoch 065, Loss: 0.5172
Epoch 066, Loss: 0.5444
Epoch 067, Loss: 0.5440
Epoch 068, Loss: 0.5017
Epoch 069, Loss: 0.4914
Epoch 070, Loss: 0.5115
Epoch 071, Loss: 0.5105
Epoch 072, Loss: 0.4976
Epoch 073, Loss: 0.5081
Epoch 074, Loss: 0.5113
Epoch 075, Loss: 0.5039
Epoch 076, Loss: 0.4918
Epoch 077, Loss: 0.4851
Epoch 078, Loss: 0.4905
Epoch 079, Loss: 0.5022
Epoch 080, Loss: 0.4844
Epoch 081, Loss: 0.5014
Epoch 082, Loss: 0.4898
Epoch 083, Loss: 0.4873
Epoch 084, Loss: 0.4905
Epoch 085, Loss: 0.4858
Epoch 086, Loss: 0.4773
Epoch 087, Loss: 0.4752
Epoch 088, Loss: 0.5083
Epoch 089, Loss: 0.4843
Epoch 090, Loss: 0.4524
Epoch 091, Loss: 0.4940
Epoch 092, Loss: 0.5015
Epoch 093, Loss: 0.4744
Epoch 094, Loss: 0.4666
Epoch 095, Loss: 0.5176
Epoch 096, Loss: 0.4722
Epoch 097, Loss: 0.4784
Epoch 098, Loss: 0.4609
Epoch 099, Loss: 0.4678
Epoch 100, Loss: 0.4503

Test RMSE: 0.6108
Test MAPE: 0.2053
Training time: 11.36 seconds
Model saved to Models/GCN_model_10.pkl

 Training on dataset_12_nodes.csv...
Total rows in CSV: 50
12 78
12 78
12 78
12 78
12 78
12 78
12 78
12 78
12 78
12 78
12 78
12 78
12 78
12 78
12 78
12 78
12 78
12 78
12 78
12 78
12 78
12 78
12 78
12 78
12 78
12 78
12 78
12 78
12 78
12 78
12 78
12 78
12 78
12 78
12 78
12 78
12 78
12 78
12 78
12 78
12 78
12 78
12 78
12 78
12 78
12 78
12 78
12 78
12 78
12 78
Loaded 50 valid graphs.
Epoch 001, Loss: 3.3406
Epoch 002, Loss: 0.8703
Epoch 003, Loss: 0.8460
Epoch 004, Loss: 0.8726
Epoch 005, Loss: 1.1117
Epoch 006, Loss: 0.8520
Epoch 007, Loss: 0.9259
Epoch 008, Loss: 0.8540
Epoch 009, Loss: 0.7992
Epoch 010, Loss: 0.8768
Epoch 011, Loss: 0.8780
Epoch 012, Loss: 0.8704
Epoch 013, Loss: 0.8678
Epoch 014, Loss: 0.8311
Epoch 015, Loss: 0.9826
Epoch 016, Loss: 0.8688
Epoch 017, Loss: 0.8729
Epoch 018, Loss: 0.8423
Epoch 019, Loss: 0.8606
Epoch 020, Loss: 0.8189
Epoch 021, Loss: 0.8660
Epoch 022, Loss: 0.8400
Epoch 023, Loss: 0.8475
Epoch 024, Loss: 0.8652
Epoch 025, Loss: 0.8840
Epoch 026, Loss: 0.8434
Epoch 027, Loss: 0.8035
Epoch 028, Loss: 0.8929
Epoch 029, Loss: 0.7880
Epoch 030, Loss: 0.8373
Epoch 031, Loss: 0.8597
Epoch 032, Loss: 0.8151
Epoch 033, Loss: 0.8830
Epoch 034, Loss: 0.8414
Epoch 035, Loss: 0.8057
Epoch 036, Loss: 0.8401
Epoch 037, Loss: 0.8310
Epoch 038, Loss: 0.8426
Epoch 039, Loss: 0.8167
Epoch 040, Loss: 0.7895
Epoch 041, Loss: 0.8053
Epoch 042, Loss: 0.7927
Epoch 043, Loss: 0.8176
Epoch 044, Loss: 0.8057
Epoch 045, Loss: 0.7720
Epoch 046, Loss: 0.7914
Epoch 047, Loss: 0.7614
Epoch 048, Loss: 0.7836
Epoch 049, Loss: 0.8091
Epoch 050, Loss: 0.7627
Epoch 051, Loss: 0.7589
Epoch 052, Loss: 0.7381
Epoch 053, Loss: 0.7296
Epoch 054, Loss: 0.7383
Epoch 055, Loss: 0.7250
Epoch 056, Loss: 0.7472
Epoch 057, Loss: 0.7077
Epoch 058, Loss: 0.7645
Epoch 059, Loss: 0.6785
Epoch 060, Loss: 0.7514
Epoch 061, Loss: 0.7334
Epoch 062, Loss: 0.7208
Epoch 063, Loss: 0.7404
Epoch 064, Loss: 0.6827
Epoch 065, Loss: 0.7021
Epoch 066, Loss: 0.6780
Epoch 067, Loss: 0.6640
Epoch 068, Loss: 0.6787
Epoch 069, Loss: 0.6484
Epoch 070, Loss: 0.6291
Epoch 071, Loss: 0.6799
Epoch 072, Loss: 0.6601
Epoch 073, Loss: 0.6396
Epoch 074, Loss: 0.6671
Epoch 075, Loss: 0.6237
Epoch 076, Loss: 0.6253
Epoch 077, Loss: 0.6167
Epoch 078, Loss: 0.6490
Epoch 079, Loss: 0.6464
Epoch 080, Loss: 0.6217
Epoch 081, Loss: 0.6132
Epoch 082, Loss: 0.6227
Epoch 083, Loss: 0.5971
Epoch 084, Loss: 0.6014
Epoch 085, Loss: 0.5809
Epoch 086, Loss: 0.6074
Epoch 087, Loss: 0.6611
Epoch 088, Loss: 0.6031
Epoch 089, Loss: 0.5951
Epoch 090, Loss: 0.6002
Epoch 091, Loss: 0.5864
Epoch 092, Loss: 0.5798
Epoch 093, Loss: 0.6085
Epoch 094, Loss: 0.6032
Epoch 095, Loss: 0.5830
Epoch 096, Loss: 0.5600
Epoch 097, Loss: 0.6090
Epoch 098, Loss: 0.6065
Epoch 099, Loss: 0.5740
Epoch 100, Loss: 0.5730

Test RMSE: 0.7476
Test MAPE: 0.2407
Training time: 10.76 seconds
Model saved to Models/GCN_model_12.pkl

 Training on dataset_15_nodes.csv...
Total rows in CSV: 50
15 120
15 120
15 120
15 120
15 120
15 120
15 120
15 120
15 120
15 120
15 120
15 120
15 120
15 120
15 120
15 120
15 120
15 120
15 120
15 120
15 120
15 120
15 120
15 120
15 120
15 120
15 120
15 120
15 120
15 120
15 120
15 120
15 120
15 120
15 120
15 120
15 120
15 120
15 120
15 120
15 120
15 120
15 120
15 120
15 120
15 120
15 120
15 120
15 120
15 120
Loaded 50 valid graphs.
Epoch 001, Loss: 4.7654
Epoch 002, Loss: 0.9792
Epoch 003, Loss: 1.0105
Epoch 004, Loss: 1.1084
Epoch 005, Loss: 0.9257
Epoch 006, Loss: 0.9019
Epoch 007, Loss: 1.0617
Epoch 008, Loss: 1.0329
Epoch 009, Loss: 0.9134
Epoch 010, Loss: 0.9731
Epoch 011, Loss: 0.8935
Epoch 012, Loss: 1.0059
Epoch 013, Loss: 0.9615
Epoch 014, Loss: 1.0175
Epoch 015, Loss: 0.9710
Epoch 016, Loss: 0.9402
Epoch 017, Loss: 0.9261
Epoch 018, Loss: 1.0531
Epoch 019, Loss: 0.8789
Epoch 020, Loss: 0.9635
Epoch 021, Loss: 0.9310
Epoch 022, Loss: 0.9029
Epoch 023, Loss: 0.9153
Epoch 024, Loss: 0.9218
Epoch 025, Loss: 0.9223
Epoch 026, Loss: 0.9125
Epoch 027, Loss: 0.9139
Epoch 028, Loss: 0.8901
Epoch 029, Loss: 0.9594
Epoch 030, Loss: 0.8924
Epoch 031, Loss: 0.9530
Epoch 032, Loss: 0.8922
Epoch 033, Loss: 0.9792
Epoch 034, Loss: 0.9238
Epoch 035, Loss: 0.9093
Epoch 036, Loss: 0.8538
Epoch 037, Loss: 0.9107
Epoch 038, Loss: 0.9359
Epoch 039, Loss: 0.9309
Epoch 040, Loss: 0.8748
Epoch 041, Loss: 0.8652
Epoch 042, Loss: 0.8745
Epoch 043, Loss: 0.8322
Epoch 044, Loss: 0.8714
Epoch 045, Loss: 1.0627
Epoch 046, Loss: 0.9088
Epoch 047, Loss: 0.9042
Epoch 048, Loss: 0.9004
Epoch 049, Loss: 0.8256
Epoch 050, Loss: 0.8073
Epoch 051, Loss: 0.9288
Epoch 052, Loss: 0.8584
Epoch 053, Loss: 0.8213
Epoch 054, Loss: 0.8586
Epoch 055, Loss: 0.8022
Epoch 056, Loss: 0.7946
Epoch 057, Loss: 0.8776
Epoch 058, Loss: 0.7791
Epoch 059, Loss: 0.7657
Epoch 060, Loss: 0.8793
Epoch 061, Loss: 0.7511
Epoch 062, Loss: 0.8249
Epoch 063, Loss: 0.7669
Epoch 064, Loss: 0.7495
Epoch 065, Loss: 0.7032
Epoch 066, Loss: 0.7665
Epoch 067, Loss: 0.7694
Epoch 068, Loss: 0.7025
Epoch 069, Loss: 0.6947
Epoch 070, Loss: 0.7483
Epoch 071, Loss: 0.7361
Epoch 072, Loss: 0.7362
Epoch 073, Loss: 0.6689
Epoch 074, Loss: 0.7102
Epoch 075, Loss: 0.6838
Epoch 076, Loss: 0.6823
Epoch 077, Loss: 0.6743
Epoch 078, Loss: 0.6754
Epoch 079, Loss: 0.6992
Epoch 080, Loss: 0.6325
Epoch 081, Loss: 0.6106
Epoch 082, Loss: 0.6591
Epoch 083, Loss: 0.6353
Epoch 084, Loss: 0.5992
Epoch 085, Loss: 0.5841
Epoch 086, Loss: 0.6632
Epoch 087, Loss: 0.5938
Epoch 088, Loss: 0.6325
Epoch 089, Loss: 0.5957
Epoch 090, Loss: 0.5812
Epoch 091, Loss: 0.5736
Epoch 092, Loss: 0.6018
Epoch 093, Loss: 0.5593
Epoch 094, Loss: 0.5602
Epoch 095, Loss: 0.5557
Epoch 096, Loss: 0.6075
Epoch 097, Loss: 0.5755
Epoch 098, Loss: 0.5413
Epoch 099, Loss: 0.5918
Epoch 100, Loss: 0.5338

Test RMSE: 0.8901
Test MAPE: 0.2134
Training time: 10.95 seconds
Model saved to Models/GCN_model_15.pkl

 Training on dataset_20_nodes.csv...
Total rows in CSV: 50
20 210
20 210
20 210
20 210
20 210
20 210
20 210
20 210
20 210
20 210
20 210
20 210
20 210
20 210
20 210
20 210
20 210
20 210
20 210
20 210
20 210
20 210
20 210
20 210
20 210
20 210
20 210
20 210
20 210
20 210
20 210
20 210
20 210
20 210
20 210
20 210
20 210
20 210
20 210
20 210
20 210
20 210
20 210
20 210
20 210
20 210
20 210
20 210
20 210
20 210
Loaded 50 valid graphs.
Epoch 001, Loss: 7.7692
Epoch 002, Loss: 1.5268
Epoch 003, Loss: 1.2091
Epoch 004, Loss: 1.3584
Epoch 005, Loss: 1.4767
Epoch 006, Loss: 1.2829
Epoch 007, Loss: 1.2986
Epoch 008, Loss: 1.1765
Epoch 009, Loss: 1.2336
Epoch 010, Loss: 1.3061
Epoch 011, Loss: 1.2380
Epoch 012, Loss: 1.2310
Epoch 013, Loss: 1.3112
Epoch 014, Loss: 1.3556
Epoch 015, Loss: 1.3480
Epoch 016, Loss: 1.2873
Epoch 017, Loss: 1.3241
Epoch 018, Loss: 1.3773
Epoch 019, Loss: 1.3788
Epoch 020, Loss: 1.2576
Epoch 021, Loss: 1.2435
Epoch 022, Loss: 1.3780
Epoch 023, Loss: 1.2238
Epoch 024, Loss: 1.3024
Epoch 025, Loss: 1.3433
Epoch 026, Loss: 1.1629
Epoch 027, Loss: 1.3364
Epoch 028, Loss: 1.1929
Epoch 029, Loss: 1.2109
Epoch 030, Loss: 1.3001
Epoch 031, Loss: 1.2693
Epoch 032, Loss: 1.4624
Epoch 033, Loss: 1.3354
Epoch 034, Loss: 1.2102
Epoch 035, Loss: 1.1136
Epoch 036, Loss: 1.4621
Epoch 037, Loss: 1.1792
Epoch 038, Loss: 1.3543
Epoch 039, Loss: 1.2824
Epoch 040, Loss: 1.2722
Epoch 041, Loss: 1.2028
Epoch 042, Loss: 1.4107
Epoch 043, Loss: 1.1945
Epoch 044, Loss: 1.2160
Epoch 045, Loss: 1.1589
Epoch 046, Loss: 1.0604
Epoch 047, Loss: 1.1796
Epoch 048, Loss: 1.3177
Epoch 049, Loss: 1.2101
Epoch 050, Loss: 1.3030
Epoch 051, Loss: 1.1224
Epoch 052, Loss: 1.2580
Epoch 053, Loss: 1.0873
Epoch 054, Loss: 1.2534
Epoch 055, Loss: 1.1529
Epoch 056, Loss: 1.1647
Epoch 057, Loss: 1.2886
Epoch 058, Loss: 1.2960
Epoch 059, Loss: 1.1450
Epoch 060, Loss: 1.2365
Epoch 061, Loss: 1.1546
Epoch 062, Loss: 1.2109
Epoch 063, Loss: 1.1665
Epoch 064, Loss: 1.1282
Epoch 065, Loss: 1.1368
Epoch 066, Loss: 1.2539
Epoch 067, Loss: 1.1997
Epoch 068, Loss: 1.2156
Epoch 069, Loss: 1.1476
Epoch 070, Loss: 1.3286
Epoch 071, Loss: 1.1624
Epoch 072, Loss: 1.2572
Epoch 073, Loss: 1.1323
Epoch 074, Loss: 1.3085
Epoch 075, Loss: 1.1987
Epoch 076, Loss: 1.1947
Epoch 077, Loss: 1.1515
Epoch 078, Loss: 1.1095
Epoch 079, Loss: 1.0448
Epoch 080, Loss: 1.1218
Epoch 081, Loss: 1.0592
Epoch 082, Loss: 1.0120
Epoch 083, Loss: 1.1059
Epoch 084, Loss: 1.0825
Epoch 085, Loss: 0.9695
Epoch 086, Loss: 1.1490
Epoch 087, Loss: 1.0542
Epoch 088, Loss: 0.9780
Epoch 089, Loss: 0.8954
Epoch 090, Loss: 1.0813
Epoch 091, Loss: 0.9250
Epoch 092, Loss: 0.9852
Epoch 093, Loss: 1.0062
Epoch 094, Loss: 0.8292
Epoch 095, Loss: 0.8583
Epoch 096, Loss: 0.8696
Epoch 097, Loss: 0.8643
Epoch 098, Loss: 0.9070
Epoch 099, Loss: 0.7953
Epoch 100, Loss: 0.7912

Test RMSE: 0.8830
Test MAPE: 0.2565
Training time: 11.43 seconds
Model saved to Models/GCN_model_20.pkl

 Training on dataset_25_nodes.csv...
Total rows in CSV: 50
25 325
25 325
25 325
25 325
25 325
25 325
25 325
25 325
25 325
25 325
25 325
25 325
25 325
25 325
25 325
25 325
25 325
25 325
25 325
25 325
25 325
25 325
25 325
25 325
25 325
25 325
25 325
25 325
25 325
25 325
25 325
25 325
25 325
25 325
25 325
25 325
25 325
25 325
25 325
25 325
25 325
25 325
25 325
25 325
25 325
25 325
25 325
25 325
25 325
25 325
Loaded 50 valid graphs.
Epoch 001, Loss: 10.1474
Epoch 002, Loss: 1.7755
Epoch 003, Loss: 1.5575
Epoch 004, Loss: 1.7081
Epoch 005, Loss: 1.6916
Epoch 006, Loss: 1.6240
Epoch 007, Loss: 1.5187
Epoch 008, Loss: 1.5423
Epoch 009, Loss: 1.9152
Epoch 010, Loss: 1.6713
Epoch 011, Loss: 1.7169
Epoch 012, Loss: 1.8899
Epoch 013, Loss: 1.5454
Epoch 014, Loss: 1.6368
Epoch 015, Loss: 1.5766
Epoch 016, Loss: 1.5690
Epoch 017, Loss: 2.1636
Epoch 018, Loss: 1.5171
Epoch 019, Loss: 1.5210
Epoch 020, Loss: 1.5496
Epoch 021, Loss: 1.6028
Epoch 022, Loss: 1.6289
Epoch 023, Loss: 1.6837
Epoch 024, Loss: 1.6076
Epoch 025, Loss: 1.5596
Epoch 026, Loss: 1.6618
Epoch 027, Loss: 1.5701
Epoch 028, Loss: 1.6182
Epoch 029, Loss: 1.4884
Epoch 030, Loss: 1.5337
Epoch 031, Loss: 1.5449
Epoch 032, Loss: 1.9676
Epoch 033, Loss: 1.5768
Epoch 034, Loss: 1.4578
Epoch 035, Loss: 1.6960
Epoch 036, Loss: 1.5873
Epoch 037, Loss: 1.6330
Epoch 038, Loss: 1.6644
Epoch 039, Loss: 1.4832
Epoch 040, Loss: 1.4292
Epoch 041, Loss: 1.4375
Epoch 042, Loss: 1.6169
Epoch 043, Loss: 1.4237
Epoch 044, Loss: 1.2583
Epoch 045, Loss: 1.3585
Epoch 046, Loss: 1.2257
Epoch 047, Loss: 1.1211
Epoch 048, Loss: 1.2163
Epoch 049, Loss: 1.3307
Epoch 050, Loss: 1.1781
Epoch 051, Loss: 1.0484
Epoch 052, Loss: 1.1341
Epoch 053, Loss: 1.1595
Epoch 054, Loss: 1.1012
Epoch 055, Loss: 1.1319
Epoch 056, Loss: 1.1173
Epoch 057, Loss: 1.1040
Epoch 058, Loss: 1.1303
Epoch 059, Loss: 1.0741
Epoch 060, Loss: 1.0046
Epoch 061, Loss: 1.0154
Epoch 062, Loss: 0.9656
Epoch 063, Loss: 0.9953
Epoch 064, Loss: 1.0128
Epoch 065, Loss: 1.0598
Epoch 066, Loss: 0.9570
Epoch 067, Loss: 1.0886
Epoch 068, Loss: 0.9036
Epoch 069, Loss: 1.1018
Epoch 070, Loss: 1.0382
Epoch 071, Loss: 0.9374
Epoch 072, Loss: 0.9239
Epoch 073, Loss: 1.0186
Epoch 074, Loss: 1.0066
Epoch 075, Loss: 1.1683
Epoch 076, Loss: 0.9605
Epoch 077, Loss: 0.8564
Epoch 078, Loss: 0.8617
Epoch 079, Loss: 0.8774
Epoch 080, Loss: 0.8879
Epoch 081, Loss: 0.9064
Epoch 082, Loss: 0.9226
Epoch 083, Loss: 0.9039
Epoch 084, Loss: 0.8566
Epoch 085, Loss: 0.7922
Epoch 086, Loss: 0.8690
Epoch 087, Loss: 1.0805
Epoch 088, Loss: 0.8646
Epoch 089, Loss: 0.8500
Epoch 090, Loss: 0.8307
Epoch 091, Loss: 0.8684
Epoch 092, Loss: 0.7779
Epoch 093, Loss: 0.8575
Epoch 094, Loss: 0.8964
Epoch 095, Loss: 0.7933
Epoch 096, Loss: 0.8449
Epoch 097, Loss: 0.7715
Epoch 098, Loss: 0.7894
Epoch 099, Loss: 0.7992
Epoch 100, Loss: 0.8282

Test RMSE: 1.7248
Test MAPE: 0.2204
Training time: 11.47 seconds
Model saved to Models/GCN_model_25.pkl

 Training on dataset_full.csv...
Total rows in CSV: 250
25 325
25 325
25 325
25 325
25 325
25 325
25 325
25 325
25 325
25 325
25 325
25 325
25 325
25 325
25 325
25 325
25 325
25 325
25 325
25 325
25 325
25 325
25 325
25 325
25 325
25 325
25 325
25 325
25 325
25 325
25 325
25 325
25 325
25 325
25 325
25 325
25 325
25 325
25 325
25 325
25 325
25 325
25 325
25 325
25 325
25 325
25 325
25 325
25 325
25 325
25 325
25 325
25 325
25 325
25 325
25 325
25 325
25 325
25 325
25 325
25 325
25 325
25 325
25 325
25 325
25 325
25 325
25 325
25 325
25 325
25 325
25 325
25 325
25 325
25 325
25 325
25 325
25 325
25 325
25 325
25 325
25 325
25 325
25 325
25 325
25 325
25 325
25 325
25 325
25 325
25 325
25 325
25 325
25 325
25 325
25 325
25 325
25 325
25 325
25 325
25 325
25 325
25 325
25 325
25 325
25 325
25 325
25 325
25 325
25 325
25 325
25 325
25 325
25 325
25 325
25 325
25 325
25 325
25 325
25 325
25 325
25 325
25 325
25 325
25 325
25 325
25 325
25 325
25 325
25 325
25 325
25 325
25 325
25 325
25 325
25 325
25 325
25 325
25 325
25 325
25 325
25 325
25 325
25 325
25 325
25 325
25 325
25 325
25 325
25 325
25 325
25 325
25 325
25 325
25 325
25 325
25 325
25 325
25 325
25 325
25 325
25 325
25 325
25 325
25 325
25 325
25 325
25 325
25 325
25 325
25 325
25 325
25 325
25 325
25 325
25 325
25 325
25 325
25 325
25 325
25 325
25 325
25 325
25 325
25 325
25 325
25 325
25 325
25 325
25 325
25 325
25 325
25 325
25 325
25 325
25 325
25 325
25 325
25 325
25 325
25 325
25 325
25 325
25 325
25 325
25 325
25 325
25 325
25 325
25 325
25 325
25 325
25 325
25 325
25 325
25 325
25 325
25 325
25 325
25 325
25 325
25 325
25 325
25 325
25 325
25 325
25 325
25 325
25 325
25 325
25 325
25 325
25 325
25 325
25 325
25 325
25 325
25 325
25 325
25 325
25 325
25 325
25 325
25 325
25 325
25 325
25 325
25 325
25 325
25 325
Loaded 250 valid graphs.
Epoch 001, Loss: 3.7319
Epoch 002, Loss: 3.3864
Epoch 003, Loss: 2.9560
Epoch 004, Loss: 1.6793
Epoch 005, Loss: 0.8932
Epoch 006, Loss: 0.7197
Epoch 007, Loss: 0.7368
Epoch 008, Loss: 0.7102
Epoch 009, Loss: 0.6759
Epoch 010, Loss: 0.7510
Epoch 011, Loss: 0.7216
Epoch 012, Loss: 0.6847
Epoch 013, Loss: 0.6618
Epoch 014, Loss: 0.6103
Epoch 015, Loss: 0.5998
Epoch 016, Loss: 0.6480
Epoch 017, Loss: 0.6630
Epoch 018, Loss: 0.6495
Epoch 019, Loss: 0.6427
Epoch 020, Loss: 0.5754
Epoch 021, Loss: 0.6107
Epoch 022, Loss: 0.6150
Epoch 023, Loss: 0.5784
Epoch 024, Loss: 0.5948
Epoch 025, Loss: 0.6434
Epoch 026, Loss: 0.6178
Epoch 027, Loss: 0.6383
Epoch 028, Loss: 0.6451
Epoch 029, Loss: 0.6541
Epoch 030, Loss: 0.5975
Epoch 031, Loss: 0.5872
Epoch 032, Loss: 0.5588
Epoch 033, Loss: 0.5626
Epoch 034, Loss: 0.6184
Epoch 035, Loss: 0.5886
Epoch 036, Loss: 0.6046
Epoch 037, Loss: 0.5789
Epoch 038, Loss: 0.6278
Epoch 039, Loss: 0.5684
Epoch 040, Loss: 0.5974
Epoch 041, Loss: 0.5549
Epoch 042, Loss: 0.6392
Epoch 043, Loss: 0.5981
Epoch 044, Loss: 0.5740
Epoch 045, Loss: 0.5812
Epoch 046, Loss: 0.5908
Epoch 047, Loss: 0.5505
Epoch 048, Loss: 0.5738
Epoch 049, Loss: 0.5847
Epoch 050, Loss: 0.6019
Epoch 051, Loss: 0.5415
Epoch 052, Loss: 0.5232
Epoch 053, Loss: 0.5737
Epoch 054, Loss: 0.5587
Epoch 055, Loss: 0.5368
Epoch 056, Loss: 0.5498
Epoch 057, Loss: 0.5214
Epoch 058, Loss: 0.5369
Epoch 059, Loss: 0.5348
Epoch 060, Loss: 0.5425
Epoch 061, Loss: 0.5518
Epoch 062, Loss: 0.5990
Epoch 063, Loss: 0.5469
Epoch 064, Loss: 0.5274
Epoch 065, Loss: 0.5124
Epoch 066, Loss: 0.5282
Epoch 067, Loss: 0.5155
Epoch 068, Loss: 0.5492
Epoch 069, Loss: 0.5597
Epoch 070, Loss: 0.4928
Epoch 071, Loss: 0.5238
Epoch 072, Loss: 0.5213
Epoch 073, Loss: 0.5075
Epoch 074, Loss: 0.4878
Epoch 075, Loss: 0.5533
Epoch 076, Loss: 0.5442
Epoch 077, Loss: 0.5230
Epoch 078, Loss: 0.4909
Epoch 079, Loss: 0.5329
Epoch 080, Loss: 0.5277
Epoch 081, Loss: 0.5403
Epoch 082, Loss: 0.5073
Epoch 083, Loss: 0.5382
Epoch 084, Loss: 0.5077
Epoch 085, Loss: 0.4750
Epoch 086, Loss: 0.5077
Epoch 087, Loss: 0.5110
Epoch 088, Loss: 0.5497
Epoch 089, Loss: 0.5407
Epoch 090, Loss: 0.5032
Epoch 091, Loss: 0.5060
Epoch 092, Loss: 0.5425
Epoch 093, Loss: 0.5280
Epoch 094, Loss: 0.5776
Epoch 095, Loss: 0.5478
Epoch 096, Loss: 0.4648
Epoch 097, Loss: 0.5205
Epoch 098, Loss: 0.5293
Epoch 099, Loss: 0.4927
Epoch 100, Loss: 0.5230

Test RMSE: 0.6562
Test MAPE: 251101001547776.0000
Training time: 56.23 seconds
Model saved to Models/GCN_model_full.pkl

Metrics saved to Models/Graph_Neural_Training_metrics.csv

 **Final Training Results:**
node_size model_type  test_size     rmse         mape  training_time         model_file
       10   Q_values        0.2 0.610829 2.052645e-01      11.364213   GNN_model_10.pkl
       12   Q_values        0.2 0.747629 2.407243e-01      10.758247   GNN_model_12.pkl
       15   Q_values        0.2 0.890092 2.134045e-01      10.946795   GNN_model_15.pkl
       20   Q_values        0.2 0.882992 2.565464e-01      11.425974   GNN_model_20.pkl
       25   Q_values        0.2 1.724849 2.204026e-01      11.467294   GNN_model_25.pkl
     full   Q_values        0.2 0.656178 2.511010e+14      56.226694 GNN_model_full.pkl

 Training complete for all datasets!
  adding: Models/ (stored 0%)
  adding: Models/GCN_model_15.pkl (deflated 22%)
  adding: Models/Graph_Neural_Training_results.txt (deflated 61%)
  adding: Models/GCN_model_12.pkl (deflated 22%)
  adding: Models/GCN_model_25.pkl (deflated 19%)
  adding: Models/Graph_Neural_Training_metrics.csv (deflated 50%)
  adding: Models/GCN_model_20.pkl (deflated 21%)
  adding: Models/GCN_model_10.pkl (deflated 24%)
  adding: Models/GCN_model_full.pkl (deflated 23%)
