
 Training on dataset_10_nodes.csv...
Total rows in CSV: 50
10 55
10 55
10 55
10 55
10 55
10 55
10 55
10 55
10 55
10 55
10 55
10 55
10 55
10 55
10 55
10 55
10 55
10 55
10 55
10 55
10 55
10 55
10 55
10 55
10 55
10 55
10 55
10 55
10 55
10 55
10 55
10 55
10 55
10 55
10 55
10 55
10 55
10 55
10 55
10 55
10 55
10 55
10 55
10 55
10 55
10 55
10 55
10 55
10 55
10 55
Loaded 50 valid graphs.
Epoch 001, Loss: 2.7197
Epoch 002, Loss: 0.5606
Epoch 003, Loss: 0.5737
Epoch 004, Loss: 0.6048
Epoch 005, Loss: 0.5726
Epoch 006, Loss: 0.5700
Epoch 007, Loss: 0.6024
Epoch 008, Loss: 0.5833
Epoch 009, Loss: 0.5736
Epoch 010, Loss: 0.5772
Epoch 011, Loss: 0.5672
Epoch 012, Loss: 0.5782
Epoch 013, Loss: 0.5616
Epoch 014, Loss: 0.5661
Epoch 015, Loss: 0.5869
Epoch 016, Loss: 0.5870
Epoch 017, Loss: 0.5859
Epoch 018, Loss: 0.5817
Epoch 019, Loss: 0.6095
Epoch 020, Loss: 0.6122
Epoch 021, Loss: 0.5815
Epoch 022, Loss: 0.5531
Epoch 023, Loss: 0.5643
Epoch 024, Loss: 0.5191
Epoch 025, Loss: 0.5578
Epoch 026, Loss: 0.5756
Epoch 027, Loss: 0.5771
Epoch 028, Loss: 0.5311
Epoch 029, Loss: 0.5496
Epoch 030, Loss: 0.5462
Epoch 031, Loss: 0.5442
Epoch 032, Loss: 0.5424
Epoch 033, Loss: 0.5530
Epoch 034, Loss: 0.5421
Epoch 035, Loss: 0.4979
Epoch 036, Loss: 0.5458
Epoch 037, Loss: 0.5626
Epoch 038, Loss: 0.5206
Epoch 039, Loss: 0.5409
Epoch 040, Loss: 0.5147
Epoch 041, Loss: 0.5036
Epoch 042, Loss: 0.5067
Epoch 043, Loss: 0.5148
Epoch 044, Loss: 0.5291
Epoch 045, Loss: 0.5152
Epoch 046, Loss: 0.5181
Epoch 047, Loss: 0.5354
Epoch 048, Loss: 0.4745
Epoch 049, Loss: 0.5294
Epoch 050, Loss: 0.5306
Epoch 051, Loss: 0.5485
Epoch 052, Loss: 0.5572
Epoch 053, Loss: 0.5053
Epoch 054, Loss: 0.5129
Epoch 055, Loss: 0.4928
Epoch 056, Loss: 0.4964
Epoch 057, Loss: 0.4954
Epoch 058, Loss: 0.5197
Epoch 059, Loss: 0.4887
Epoch 060, Loss: 0.4854
Epoch 061, Loss: 0.5079
Epoch 062, Loss: 0.4930
Epoch 063, Loss: 0.4870
Epoch 064, Loss: 0.4806
Epoch 065, Loss: 0.4837
Epoch 066, Loss: 0.4828
Epoch 067, Loss: 0.4745
Epoch 068, Loss: 0.4734
Epoch 069, Loss: 0.4725
Epoch 070, Loss: 0.4543
Epoch 071, Loss: 0.4835
Epoch 072, Loss: 0.4883
Epoch 073, Loss: 0.4871
Epoch 074, Loss: 0.4634
Epoch 075, Loss: 0.4717
Epoch 076, Loss: 0.4637
Epoch 077, Loss: 0.4833
Epoch 078, Loss: 0.4609
Epoch 079, Loss: 0.4484
Epoch 080, Loss: 0.4642
Epoch 081, Loss: 0.4461
Epoch 082, Loss: 0.4581
Epoch 083, Loss: 0.4446
Epoch 084, Loss: 0.4492
Epoch 085, Loss: 0.4447
Epoch 086, Loss: 0.4533
Epoch 087, Loss: 0.4323
Epoch 088, Loss: 0.4474
Epoch 089, Loss: 0.4240
Epoch 090, Loss: 0.4409
Epoch 091, Loss: 0.4369
Epoch 092, Loss: 0.4101
Epoch 093, Loss: 0.4301
Epoch 094, Loss: 0.4347
Epoch 095, Loss: 0.4233
Epoch 096, Loss: 0.4178
Epoch 097, Loss: 0.4023
Epoch 098, Loss: 0.4221
Epoch 099, Loss: 0.4183
Epoch 100, Loss: 0.4380

Test RMSE: 0.6139
Test MAPE: 0.2145
Training time: 9.26 seconds
Model saved to Models/GCN_model_10.pkl

 Training on dataset_12_nodes.csv...
Total rows in CSV: 50
12 78
12 78
12 78
12 78
12 78
12 78
12 78
12 78
12 78
12 78
12 78
12 78
12 78
12 78
12 78
12 78
12 78
12 78
12 78
12 78
12 78
12 78
12 78
12 78
12 78
12 78
12 78
12 78
12 78
12 78
12 78
12 78
12 78
12 78
12 78
12 78
12 78
12 78
12 78
12 78
12 78
12 78
12 78
12 78
12 78
12 78
12 78
12 78
12 78
12 78
Loaded 50 valid graphs.
Epoch 001, Loss: 3.8632
Epoch 002, Loss: 0.8839
Epoch 003, Loss: 0.8187
Epoch 004, Loss: 0.8899
Epoch 005, Loss: 0.9799
Epoch 006, Loss: 0.8193
Epoch 007, Loss: 0.8738
Epoch 008, Loss: 0.8802
Epoch 009, Loss: 0.8827
Epoch 010, Loss: 0.8934
Epoch 011, Loss: 0.8981
Epoch 012, Loss: 0.8460
Epoch 013, Loss: 0.8689
Epoch 014, Loss: 0.8907
Epoch 015, Loss: 0.8775
Epoch 016, Loss: 0.8407
Epoch 017, Loss: 0.9021
Epoch 018, Loss: 0.8170
Epoch 019, Loss: 0.8517
Epoch 020, Loss: 0.8057
Epoch 021, Loss: 0.9143
Epoch 022, Loss: 0.8765
Epoch 023, Loss: 0.8282
Epoch 024, Loss: 0.8385
Epoch 025, Loss: 0.8835
Epoch 026, Loss: 0.8577
Epoch 027, Loss: 0.8374
Epoch 028, Loss: 0.7989
Epoch 029, Loss: 0.8352
Epoch 030, Loss: 0.8338
Epoch 031, Loss: 0.7903
Epoch 032, Loss: 0.8305
Epoch 033, Loss: 0.8537
Epoch 034, Loss: 0.8210
Epoch 035, Loss: 0.8316
Epoch 036, Loss: 0.8097
Epoch 037, Loss: 0.7873
Epoch 038, Loss: 0.7795
Epoch 039, Loss: 0.8086
Epoch 040, Loss: 0.7632
Epoch 041, Loss: 0.7705
Epoch 042, Loss: 0.7681
Epoch 043, Loss: 0.7442
Epoch 044, Loss: 0.7422
Epoch 045, Loss: 0.7072
Epoch 046, Loss: 0.7240
Epoch 047, Loss: 0.7653
Epoch 048, Loss: 0.7380
Epoch 049, Loss: 0.7341
Epoch 050, Loss: 0.7731
Epoch 051, Loss: 0.7909
Epoch 052, Loss: 0.7760
Epoch 053, Loss: 0.6999
Epoch 054, Loss: 0.6848
Epoch 055, Loss: 0.6859
Epoch 056, Loss: 0.6776
Epoch 057, Loss: 0.6700
Epoch 058, Loss: 0.6749
Epoch 059, Loss: 0.6926
Epoch 060, Loss: 0.6451
Epoch 061, Loss: 0.6356
Epoch 062, Loss: 0.6779
Epoch 063, Loss: 0.6861
Epoch 064, Loss: 0.6157
Epoch 065, Loss: 0.6423
Epoch 066, Loss: 0.6372
Epoch 067, Loss: 0.6334
Epoch 068, Loss: 0.6275
Epoch 069, Loss: 0.6230
Epoch 070, Loss: 0.6394
Epoch 071, Loss: 0.5969
Epoch 072, Loss: 0.6417
Epoch 073, Loss: 0.6370
Epoch 074, Loss: 0.6610
Epoch 075, Loss: 0.6342
Epoch 076, Loss: 0.6059
Epoch 077, Loss: 0.5875
Epoch 078, Loss: 0.5841
Epoch 079, Loss: 0.5907
Epoch 080, Loss: 0.6192
Epoch 081, Loss: 0.5896
Epoch 082, Loss: 0.5852
Epoch 083, Loss: 0.6001
Epoch 084, Loss: 0.5884
Epoch 085, Loss: 0.5932
Epoch 086, Loss: 0.6286
Epoch 087, Loss: 0.5828
Epoch 088, Loss: 0.5789
Epoch 089, Loss: 0.6126
Epoch 090, Loss: 0.6022
Epoch 091, Loss: 0.5649
Epoch 092, Loss: 0.5781
Epoch 093, Loss: 0.5548
Epoch 094, Loss: 0.5680
Epoch 095, Loss: 0.5898
Epoch 096, Loss: 0.5824
Epoch 097, Loss: 0.5949
Epoch 098, Loss: 0.5777
Epoch 099, Loss: 0.5772
Epoch 100, Loss: 0.5941

Test RMSE: 0.8185
Test MAPE: 0.2424
Training time: 8.51 seconds
Model saved to Models/GCN_model_12.pkl

 Training on dataset_15_nodes.csv...
Total rows in CSV: 50
15 120
15 120
15 120
15 120
15 120
15 120
15 120
15 120
15 120
15 120
15 120
15 120
15 120
15 120
15 120
15 120
15 120
15 120
15 120
15 120
15 120
15 120
15 120
15 120
15 120
15 120
15 120
15 120
15 120
15 120
15 120
15 120
15 120
15 120
15 120
15 120
15 120
15 120
15 120
15 120
15 120
15 120
15 120
15 120
15 120
15 120
15 120
15 120
15 120
15 120
Loaded 50 valid graphs.
Epoch 001, Loss: 5.5047
Epoch 002, Loss: 0.9544
Epoch 003, Loss: 0.9057
Epoch 004, Loss: 1.0043
Epoch 005, Loss: 0.9886
Epoch 006, Loss: 0.9557
Epoch 007, Loss: 0.9024
Epoch 008, Loss: 0.9326
Epoch 009, Loss: 0.9167
Epoch 010, Loss: 0.9461
Epoch 011, Loss: 0.9227
Epoch 012, Loss: 0.9813
Epoch 013, Loss: 0.9976
Epoch 014, Loss: 0.9089
Epoch 015, Loss: 0.9498
Epoch 016, Loss: 0.9713
Epoch 017, Loss: 0.8868
Epoch 018, Loss: 0.8873
Epoch 019, Loss: 0.9306
Epoch 020, Loss: 0.9098
Epoch 021, Loss: 0.8992
Epoch 022, Loss: 0.9565
Epoch 023, Loss: 0.9208
Epoch 024, Loss: 0.9035
Epoch 025, Loss: 0.8904
Epoch 026, Loss: 0.9096
Epoch 027, Loss: 0.9139
Epoch 028, Loss: 0.8942
Epoch 029, Loss: 0.9099
Epoch 030, Loss: 1.0539
Epoch 031, Loss: 0.9076
Epoch 032, Loss: 0.8976
Epoch 033, Loss: 0.8964
Epoch 034, Loss: 0.9441
Epoch 035, Loss: 0.8984
Epoch 036, Loss: 0.8854
Epoch 037, Loss: 0.9027
Epoch 038, Loss: 0.8801
Epoch 039, Loss: 0.9633
Epoch 040, Loss: 0.8701
Epoch 041, Loss: 0.9575
Epoch 042, Loss: 0.8942
Epoch 043, Loss: 0.9004
Epoch 044, Loss: 0.9185
Epoch 045, Loss: 0.8710
Epoch 046, Loss: 0.8583
Epoch 047, Loss: 0.8945
Epoch 048, Loss: 0.9634
Epoch 049, Loss: 0.9034
Epoch 050, Loss: 0.8749
Epoch 051, Loss: 0.9486
Epoch 052, Loss: 0.9221
Epoch 053, Loss: 0.8883
Epoch 054, Loss: 0.9082
Epoch 055, Loss: 0.8813
Epoch 056, Loss: 0.8980
Epoch 057, Loss: 0.9615
Epoch 058, Loss: 0.8780
Epoch 059, Loss: 0.9346
Epoch 060, Loss: 0.8760
Epoch 061, Loss: 0.8607
Epoch 062, Loss: 0.8604
Epoch 063, Loss: 0.8731
Epoch 064, Loss: 0.9026
Epoch 065, Loss: 1.0223
Epoch 066, Loss: 0.9373
Epoch 067, Loss: 0.8877
Epoch 068, Loss: 0.8726
Epoch 069, Loss: 0.8647
Epoch 070, Loss: 0.8791
Epoch 071, Loss: 0.9268
Epoch 072, Loss: 0.8724
Epoch 073, Loss: 0.9180
Epoch 074, Loss: 0.9256
Epoch 075, Loss: 0.8399
Epoch 076, Loss: 0.8644
Epoch 077, Loss: 0.8612
Epoch 078, Loss: 0.8827
Epoch 079, Loss: 0.8792
Epoch 080, Loss: 0.8603
Epoch 081, Loss: 0.8618
Epoch 082, Loss: 0.8939
Epoch 083, Loss: 0.8794
Epoch 084, Loss: 0.8730
Epoch 085, Loss: 0.9558
Epoch 086, Loss: 0.9210
Epoch 087, Loss: 0.8976
Epoch 088, Loss: 0.9217
Epoch 089, Loss: 0.8662
Epoch 090, Loss: 0.8835
Epoch 091, Loss: 0.8656
Epoch 092, Loss: 0.8718
Epoch 093, Loss: 0.8643
Epoch 094, Loss: 0.8751
Epoch 095, Loss: 0.9181
Epoch 096, Loss: 0.8552
Epoch 097, Loss: 0.8505
Epoch 098, Loss: 0.8912
Epoch 099, Loss: 0.8674
Epoch 100, Loss: 0.8350

Test RMSE: 0.9427
Test MAPE: 0.2096
Training time: 8.60 seconds
Model saved to Models/GCN_model_15.pkl

 Training on dataset_20_nodes.csv...
Total rows in CSV: 50
20 210
20 210
20 210
20 210
20 210
20 210
20 210
20 210
20 210
20 210
20 210
20 210
20 210
20 210
20 210
20 210
20 210
20 210
20 210
20 210
20 210
20 210
20 210
20 210
20 210
20 210
20 210
20 210
20 210
20 210
20 210
20 210
20 210
20 210
20 210
20 210
20 210
20 210
20 210
20 210
20 210
20 210
20 210
20 210
20 210
20 210
20 210
20 210
20 210
20 210
Loaded 50 valid graphs.
Epoch 001, Loss: 6.7346
Epoch 002, Loss: 1.2453
Epoch 003, Loss: 1.2439
Epoch 004, Loss: 1.3952
Epoch 005, Loss: 1.3137
Epoch 006, Loss: 1.2467
Epoch 007, Loss: 1.3105
Epoch 008, Loss: 1.2396
Epoch 009, Loss: 1.2031
Epoch 010, Loss: 1.2583
Epoch 011, Loss: 1.3338
Epoch 012, Loss: 1.5026
Epoch 013, Loss: 1.2897
Epoch 014, Loss: 1.1993
Epoch 015, Loss: 1.4246
Epoch 016, Loss: 1.1658
Epoch 017, Loss: 1.2884
Epoch 018, Loss: 1.3948
Epoch 019, Loss: 1.2367
Epoch 020, Loss: 1.2806
Epoch 021, Loss: 1.2156
Epoch 022, Loss: 1.2212
Epoch 023, Loss: 1.2434
Epoch 024, Loss: 1.2057
Epoch 025, Loss: 1.1966
Epoch 026, Loss: 1.2475
Epoch 027, Loss: 1.1453
Epoch 028, Loss: 1.4556
Epoch 029, Loss: 1.2983
Epoch 030, Loss: 1.2776
Epoch 031, Loss: 1.1681
Epoch 032, Loss: 1.1411
Epoch 033, Loss: 1.2824
Epoch 034, Loss: 1.3357
Epoch 035, Loss: 1.2565
Epoch 036, Loss: 1.1820
Epoch 037, Loss: 1.3235
Epoch 038, Loss: 1.1809
Epoch 039, Loss: 1.2663
Epoch 040, Loss: 1.1074
Epoch 041, Loss: 1.1477
Epoch 042, Loss: 1.1292
Epoch 043, Loss: 1.2561
Epoch 044, Loss: 1.1628
Epoch 045, Loss: 1.2184
Epoch 046, Loss: 1.2546
Epoch 047, Loss: 1.2696
Epoch 048, Loss: 1.3708
Epoch 049, Loss: 1.2165
Epoch 050, Loss: 1.2160
Epoch 051, Loss: 1.2237
Epoch 052, Loss: 1.2696
Epoch 053, Loss: 1.1946
Epoch 054, Loss: 1.1274
Epoch 055, Loss: 1.1671
Epoch 056, Loss: 1.1794
Epoch 057, Loss: 1.1492
Epoch 058, Loss: 1.0844
Epoch 059, Loss: 1.2735
Epoch 060, Loss: 1.1665
Epoch 061, Loss: 1.0358
Epoch 062, Loss: 1.0533
Epoch 063, Loss: 1.0295
Epoch 064, Loss: 0.9483
Epoch 065, Loss: 0.9782
Epoch 066, Loss: 0.9673
Epoch 067, Loss: 0.9917
Epoch 068, Loss: 0.9755
Epoch 069, Loss: 0.8884
Epoch 070, Loss: 0.9223
Epoch 071, Loss: 0.8417
Epoch 072, Loss: 0.8784
Epoch 073, Loss: 0.7918
Epoch 074, Loss: 1.0203
Epoch 075, Loss: 0.8601
Epoch 076, Loss: 0.7999
Epoch 077, Loss: 0.8302
Epoch 078, Loss: 0.7670
Epoch 079, Loss: 0.7835
Epoch 080, Loss: 0.8334
Epoch 081, Loss: 0.7951
Epoch 082, Loss: 0.8754
Epoch 083, Loss: 0.7636
Epoch 084, Loss: 0.7337
Epoch 085, Loss: 0.8809
Epoch 086, Loss: 0.7879
Epoch 087, Loss: 0.7872
Epoch 088, Loss: 0.8482
Epoch 089, Loss: 0.7583
Epoch 090, Loss: 0.7315
Epoch 091, Loss: 0.7267
Epoch 092, Loss: 0.7696
Epoch 093, Loss: 0.7497
Epoch 094, Loss: 0.7081
Epoch 095, Loss: 0.7245
Epoch 096, Loss: 0.7104
Epoch 097, Loss: 0.6824
Epoch 098, Loss: 0.7800
Epoch 099, Loss: 0.6743
Epoch 100, Loss: 0.7898

Test RMSE: 0.8632
Test MAPE: 0.2116
Training time: 8.87 seconds
Model saved to Models/GCN_model_20.pkl

 Training on dataset_25_nodes.csv...
Total rows in CSV: 50
25 325
25 325
25 325
25 325
25 325
25 325
25 325
25 325
25 325
25 325
25 325
25 325
25 325
25 325
25 325
25 325
25 325
25 325
25 325
25 325
25 325
25 325
25 325
25 325
25 325
25 325
25 325
25 325
25 325
25 325
25 325
25 325
25 325
25 325
25 325
25 325
25 325
25 325
25 325
25 325
25 325
25 325
25 325
25 325
25 325
25 325
25 325
25 325
25 325
25 325
Loaded 50 valid graphs.
Epoch 001, Loss: 10.7701
Epoch 002, Loss: 1.9929
Epoch 003, Loss: 1.5859
Epoch 004, Loss: 2.0077
Epoch 005, Loss: 1.6485
Epoch 006, Loss: 1.6550
Epoch 007, Loss: 1.6595
Epoch 008, Loss: 1.6951
Epoch 009, Loss: 1.6410
Epoch 010, Loss: 1.5677
Epoch 011, Loss: 1.8777
Epoch 012, Loss: 1.7080
Epoch 013, Loss: 1.5584
Epoch 014, Loss: 1.5872
Epoch 015, Loss: 1.5678
Epoch 016, Loss: 1.8189
Epoch 017, Loss: 1.5436
Epoch 018, Loss: 1.6444
Epoch 019, Loss: 1.4992
Epoch 020, Loss: 1.5781
Epoch 021, Loss: 1.8076
Epoch 022, Loss: 1.5886
Epoch 023, Loss: 1.6147
Epoch 024, Loss: 1.4969
Epoch 025, Loss: 1.6277
Epoch 026, Loss: 1.6239
Epoch 027, Loss: 1.7915
Epoch 028, Loss: 1.7209
Epoch 029, Loss: 1.5691
Epoch 030, Loss: 1.5801
Epoch 031, Loss: 1.5850
Epoch 032, Loss: 1.6173
Epoch 033, Loss: 1.5952
Epoch 034, Loss: 1.5432
Epoch 035, Loss: 1.6277
Epoch 036, Loss: 1.5249
Epoch 037, Loss: 1.5114
Epoch 038, Loss: 1.6611
Epoch 039, Loss: 1.5829
Epoch 040, Loss: 1.6412
Epoch 041, Loss: 1.7318
Epoch 042, Loss: 1.4418
Epoch 043, Loss: 1.7340
Epoch 044, Loss: 1.6986
Epoch 045, Loss: 1.7418
Epoch 046, Loss: 1.5085
Epoch 047, Loss: 1.8349
Epoch 048, Loss: 1.4146
Epoch 049, Loss: 1.5861
Epoch 050, Loss: 1.4693
Epoch 051, Loss: 1.6609
Epoch 052, Loss: 1.6196
Epoch 053, Loss: 1.5134
Epoch 054, Loss: 1.8038
Epoch 055, Loss: 1.7581
Epoch 056, Loss: 1.4681
Epoch 057, Loss: 1.6310
Epoch 058, Loss: 1.6000
Epoch 059, Loss: 1.5109
Epoch 060, Loss: 1.6766
Epoch 061, Loss: 1.4978
Epoch 062, Loss: 1.4134
Epoch 063, Loss: 1.4439
Epoch 064, Loss: 1.5235
Epoch 065, Loss: 1.6737
Epoch 066, Loss: 1.6135
Epoch 067, Loss: 1.3936
Epoch 068, Loss: 1.4936
Epoch 069, Loss: 1.5553
Epoch 070, Loss: 1.5100
Epoch 071, Loss: 1.6263
Epoch 072, Loss: 1.4374
Epoch 073, Loss: 1.4505
Epoch 074, Loss: 1.4174
Epoch 075, Loss: 1.4589
Epoch 076, Loss: 1.5895
Epoch 077, Loss: 1.4579
Epoch 078, Loss: 1.5131
Epoch 079, Loss: 1.3513
Epoch 080, Loss: 1.5038
Epoch 081, Loss: 1.4706
Epoch 082, Loss: 1.5042
Epoch 083, Loss: 1.3801
Epoch 084, Loss: 1.3319
Epoch 085, Loss: 1.7629
Epoch 086, Loss: 1.4151
Epoch 087, Loss: 1.5396
Epoch 088, Loss: 1.3814
Epoch 089, Loss: 1.3723
Epoch 090, Loss: 1.3767
Epoch 091, Loss: 1.3764
Epoch 092, Loss: 1.3124
Epoch 093, Loss: 1.4815
Epoch 094, Loss: 1.2842
Epoch 095, Loss: 1.2673
Epoch 096, Loss: 1.2284
Epoch 097, Loss: 1.3923
Epoch 098, Loss: 1.1819
Epoch 099, Loss: 1.1222
Epoch 100, Loss: 1.1930

Test RMSE: 1.6541
Test MAPE: 0.2591
Training time: 8.83 seconds
Model saved to Models/GCN_model_25.pkl

 Training on dataset_full.csv...
Total rows in CSV: 250
25 325
25 325
25 325
25 325
25 325
25 325
25 325
25 325
25 325
25 325
25 325
25 325
25 325
25 325
25 325
25 325
25 325
25 325
25 325
25 325
25 325
25 325
25 325
25 325
25 325
25 325
25 325
25 325
25 325
25 325
25 325
25 325
25 325
25 325
25 325
25 325
25 325
25 325
25 325
25 325
25 325
25 325
25 325
25 325
25 325
25 325
25 325
25 325
25 325
25 325
25 325
25 325
25 325
25 325
25 325
25 325
25 325
25 325
25 325
25 325
25 325
25 325
25 325
25 325
25 325
25 325
25 325
25 325
25 325
25 325
25 325
25 325
25 325
25 325
25 325
25 325
25 325
25 325
25 325
25 325
25 325
25 325
25 325
25 325
25 325
25 325
25 325
25 325
25 325
25 325
25 325
25 325
25 325
25 325
25 325
25 325
25 325
25 325
25 325
25 325
25 325
25 325
25 325
25 325
25 325
25 325
25 325
25 325
25 325
25 325
25 325
25 325
25 325
25 325
25 325
25 325
25 325
25 325
25 325
25 325
25 325
25 325
25 325
25 325
25 325
25 325
25 325
25 325
25 325
25 325
25 325
25 325
25 325
25 325
25 325
25 325
25 325
25 325
25 325
25 325
25 325
25 325
25 325
25 325
25 325
25 325
25 325
25 325
25 325
25 325
25 325
25 325
25 325
25 325
25 325
25 325
25 325
25 325
25 325
25 325
25 325
25 325
25 325
25 325
25 325
25 325
25 325
25 325
25 325
25 325
25 325
25 325
25 325
25 325
25 325
25 325
25 325
25 325
25 325
25 325
25 325
25 325
25 325
25 325
25 325
25 325
25 325
25 325
25 325
25 325
25 325
25 325
25 325
25 325
25 325
25 325
25 325
25 325
25 325
25 325
25 325
25 325
25 325
25 325
25 325
25 325
25 325
25 325
25 325
25 325
25 325
25 325
25 325
25 325
25 325
25 325
25 325
25 325
25 325
25 325
25 325
25 325
25 325
25 325
25 325
25 325
25 325
25 325
25 325
25 325
25 325
25 325
25 325
25 325
25 325
25 325
25 325
25 325
25 325
25 325
25 325
25 325
25 325
25 325
25 325
25 325
25 325
25 325
25 325
25 325
Loaded 250 valid graphs.
Epoch 001, Loss: 3.7422
Epoch 002, Loss: 3.2728
Epoch 003, Loss: 2.1932
Epoch 004, Loss: 0.8063
Epoch 005, Loss: 0.7664
Epoch 006, Loss: 0.7676
Epoch 007, Loss: 0.6697
Epoch 008, Loss: 0.7217
Epoch 009, Loss: 0.7855
Epoch 010, Loss: 0.6467
Epoch 011, Loss: 0.6495
Epoch 012, Loss: 0.7016
Epoch 013, Loss: 0.5924
Epoch 014, Loss: 0.6523
Epoch 015, Loss: 0.5874
Epoch 016, Loss: 0.6696
Epoch 017, Loss: 0.5878
Epoch 018, Loss: 0.6094
Epoch 019, Loss: 0.7004
Epoch 020, Loss: 0.6145
Epoch 021, Loss: 0.6635
Epoch 022, Loss: 0.6025
Epoch 023, Loss: 0.6194
Epoch 024, Loss: 0.5854
Epoch 025, Loss: 0.6199
Epoch 026, Loss: 0.5728
Epoch 027, Loss: 0.5627
Epoch 028, Loss: 0.5801
Epoch 029, Loss: 0.6581
Epoch 030, Loss: 0.5920
Epoch 031, Loss: 0.5791
Epoch 032, Loss: 0.5574
Epoch 033, Loss: 0.6191
Epoch 034, Loss: 0.5553
Epoch 035, Loss: 0.5826
Epoch 036, Loss: 0.6080
Epoch 037, Loss: 0.5469
Epoch 038, Loss: 0.5694
Epoch 039, Loss: 0.6155
Epoch 040, Loss: 0.5793
Epoch 041, Loss: 0.5545
Epoch 042, Loss: 0.5757
Epoch 043, Loss: 0.5841
Epoch 044, Loss: 0.5775
Epoch 045, Loss: 0.5550
Epoch 046, Loss: 0.5534
Epoch 047, Loss: 0.5597
Epoch 048, Loss: 0.5560
Epoch 049, Loss: 0.5064
Epoch 050, Loss: 0.6083
Epoch 051, Loss: 0.5910
Epoch 052, Loss: 0.5807
Epoch 053, Loss: 0.5016
Epoch 054, Loss: 0.5641
Epoch 055, Loss: 0.5045
Epoch 056, Loss: 0.5306
Epoch 057, Loss: 0.5521
Epoch 058, Loss: 0.5565
Epoch 059, Loss: 0.5343
Epoch 060, Loss: 0.6324
Epoch 061, Loss: 0.5573
Epoch 062, Loss: 0.5438
Epoch 063, Loss: 0.5899
Epoch 064, Loss: 0.5837
Epoch 065, Loss: 0.5505
Epoch 066, Loss: 0.5416
Epoch 067, Loss: 0.5312
Epoch 068, Loss: 0.5445
Epoch 069, Loss: 0.5367
Epoch 070, Loss: 0.4939
Epoch 071, Loss: 0.5098
Epoch 072, Loss: 0.5260
Epoch 073, Loss: 0.5374
Epoch 074, Loss: 0.5438
Epoch 075, Loss: 0.5128
Epoch 076, Loss: 0.5297
Epoch 077, Loss: 0.5316
Epoch 078, Loss: 0.5843
Epoch 079, Loss: 0.5099
Epoch 080, Loss: 0.5065
Epoch 081, Loss: 0.5228
Epoch 082, Loss: 0.5378
Epoch 083, Loss: 0.5420
Epoch 084, Loss: 0.5277
Epoch 085, Loss: 0.5137
Epoch 086, Loss: 0.4828
Epoch 087, Loss: 0.5293
Epoch 088, Loss: 0.4843
Epoch 089, Loss: 0.5411
Epoch 090, Loss: 0.4927
Epoch 091, Loss: 0.5689
Epoch 092, Loss: 0.5132
Epoch 093, Loss: 0.4956
Epoch 094, Loss: 0.4909
Epoch 095, Loss: 0.5344
Epoch 096, Loss: 0.4752
Epoch 097, Loss: 0.5085
Epoch 098, Loss: 0.4929
Epoch 099, Loss: 0.5373
Epoch 100, Loss: 0.5145

Test RMSE: 0.6275
Test MAPE: 217912832950272.0000
Training time: 43.24 seconds
Model saved to Models/GCN_model_full.pkl

Metrics saved to Models/Graph_Neural_Training_metrics.csv

 **Final Training Results:**
node_size model_type  test_size     rmse         mape  training_time         model_file
       10   Q_values        0.2 0.613933 2.145227e-01       9.260980   GNN_model_10.pkl
       12   Q_values        0.2 0.818484 2.424181e-01       8.509677   GNN_model_12.pkl
       15   Q_values        0.2 0.942690 2.095911e-01       8.598924   GNN_model_15.pkl
       20   Q_values        0.2 0.863198 2.116350e-01       8.872068   GNN_model_20.pkl
       25   Q_values        0.2 1.654119 2.590743e-01       8.827966   GNN_model_25.pkl
     full   Q_values        0.2 0.627479 2.179128e+14      43.238315 GNN_model_full.pkl

 Training complete for all datasets!
  adding: Models/ (stored 0%)
  adding: Models/GCN_model_20.pkl (deflated 21%)
  adding: Models/GCN_model_25.pkl (deflated 19%)
  adding: Models/Graph_Neural_Training_results.txt (deflated 60%)
  adding: Models/Graph_Neural_Training_metrics.csv (deflated 50%)
  adding: Models/GCN_model_12.pkl (deflated 23%)
  adding: Models/GCN_model_full.pkl (deflated 21%)
  adding: Models/GCN_model_10.pkl (deflated 23%)
  adding: Models/GCN_model_15.pkl (deflated 22%)
