
 Training on dataset_10_nodes.csv...
Total rows in CSV: 50
10 55
10 55
10 55
10 55
10 55
10 55
10 55
10 55
10 55
10 55
10 55
10 55
10 55
10 55
10 55
10 55
10 55
10 55
10 55
10 55
10 55
10 55
10 55
10 55
10 55
10 55
10 55
10 55
10 55
10 55
10 55
10 55
10 55
10 55
10 55
10 55
10 55
10 55
10 55
10 55
10 55
10 55
10 55
10 55
10 55
10 55
10 55
10 55
10 55
10 55
Loaded 50 valid graphs.
Epoch 001, Loss: 2.3182
Epoch 002, Loss: 0.6401
Epoch 003, Loss: 0.6391
Epoch 004, Loss: 0.5869
Epoch 005, Loss: 0.5873
Epoch 006, Loss: 0.5991
Epoch 007, Loss: 0.5839
Epoch 008, Loss: 0.5994
Epoch 009, Loss: 0.5600
Epoch 010, Loss: 0.6236
Epoch 011, Loss: 0.6259
Epoch 012, Loss: 0.5505
Epoch 013, Loss: 0.5958
Epoch 014, Loss: 0.6310
Epoch 015, Loss: 0.6236
Epoch 016, Loss: 0.5941
Epoch 017, Loss: 0.5657
Epoch 018, Loss: 0.5587
Epoch 019, Loss: 0.5889
Epoch 020, Loss: 0.6303
Epoch 021, Loss: 0.5531
Epoch 022, Loss: 0.5442
Epoch 023, Loss: 0.5457
Epoch 024, Loss: 0.5648
Epoch 025, Loss: 0.5808
Epoch 026, Loss: 0.5644
Epoch 027, Loss: 0.5707
Epoch 028, Loss: 0.5486
Epoch 029, Loss: 0.5563
Epoch 030, Loss: 0.5676
Epoch 031, Loss: 0.5478
Epoch 032, Loss: 0.5342
Epoch 033, Loss: 0.5073
Epoch 034, Loss: 0.5350
Epoch 035, Loss: 0.5267
Epoch 036, Loss: 0.5195
Epoch 037, Loss: 0.5424
Epoch 038, Loss: 0.5086
Epoch 039, Loss: 0.5998
Epoch 040, Loss: 0.5318
Epoch 041, Loss: 0.5187
Epoch 042, Loss: 0.4899
Epoch 043, Loss: 0.4974
Epoch 044, Loss: 0.5246
Epoch 045, Loss: 0.5018
Epoch 046, Loss: 0.5104
Epoch 047, Loss: 0.5319
Epoch 048, Loss: 0.5212
Epoch 049, Loss: 0.5068
Epoch 050, Loss: 0.5008
Epoch 051, Loss: 0.4909
Epoch 052, Loss: 0.5070
Epoch 053, Loss: 0.4792
Epoch 054, Loss: 0.5041
Epoch 055, Loss: 0.5611
Epoch 056, Loss: 0.5231
Epoch 057, Loss: 0.5049
Epoch 058, Loss: 0.4970
Epoch 059, Loss: 0.4810
Epoch 060, Loss: 0.4919
Epoch 061, Loss: 0.5035
Epoch 062, Loss: 0.5196
Epoch 063, Loss: 0.4927
Epoch 064, Loss: 0.4958
Epoch 065, Loss: 0.4833
Epoch 066, Loss: 0.5341
Epoch 067, Loss: 0.5072
Epoch 068, Loss: 0.4917
Epoch 069, Loss: 0.5220
Epoch 070, Loss: 0.4824
Epoch 071, Loss: 0.5064
Epoch 072, Loss: 0.4993
Epoch 073, Loss: 0.4721
Epoch 074, Loss: 0.4700
Epoch 075, Loss: 0.4568
Epoch 076, Loss: 0.4506
Epoch 077, Loss: 0.4906
Epoch 078, Loss: 0.4705
Epoch 079, Loss: 0.4703
Epoch 080, Loss: 0.4669
Epoch 081, Loss: 0.4551
Epoch 082, Loss: 0.4654
Epoch 083, Loss: 0.4753
Epoch 084, Loss: 0.4548
Epoch 085, Loss: 0.4491
Epoch 086, Loss: 0.4424
Epoch 087, Loss: 0.4492
Epoch 088, Loss: 0.4443
Epoch 089, Loss: 0.4678
Epoch 090, Loss: 0.4567
Epoch 091, Loss: 0.4586
Epoch 092, Loss: 0.4340
Epoch 093, Loss: 0.4282
Epoch 094, Loss: 0.4268
Epoch 095, Loss: 0.4282
Epoch 096, Loss: 0.4274
Epoch 097, Loss: 0.4273
Epoch 098, Loss: 0.4159
Epoch 099, Loss: 0.4313
Epoch 100, Loss: 0.4215

Test RMSE: 0.6532
Test MAPE: 0.2463
Training time: 9.56 seconds
Model saved to Models/GCN_model_10.pkl

 Training on dataset_12_nodes.csv...
Total rows in CSV: 50
12 78
12 78
12 78
12 78
12 78
12 78
12 78
12 78
12 78
12 78
12 78
12 78
12 78
12 78
12 78
12 78
12 78
12 78
12 78
12 78
12 78
12 78
12 78
12 78
12 78
12 78
12 78
12 78
12 78
12 78
12 78
12 78
12 78
12 78
12 78
12 78
12 78
12 78
12 78
12 78
12 78
12 78
12 78
12 78
12 78
12 78
12 78
12 78
12 78
12 78
Loaded 50 valid graphs.
Epoch 001, Loss: 3.9240
Epoch 002, Loss: 0.8299
Epoch 003, Loss: 0.8410
Epoch 004, Loss: 0.8360
Epoch 005, Loss: 0.9001
Epoch 006, Loss: 0.9091
Epoch 007, Loss: 0.8483
Epoch 008, Loss: 0.8937
Epoch 009, Loss: 0.8606
Epoch 010, Loss: 0.8484
Epoch 011, Loss: 0.8941
Epoch 012, Loss: 0.8559
Epoch 013, Loss: 0.8326
Epoch 014, Loss: 0.9080
Epoch 015, Loss: 0.9198
Epoch 016, Loss: 0.8355
Epoch 017, Loss: 0.8485
Epoch 018, Loss: 0.9242
Epoch 019, Loss: 0.8340
Epoch 020, Loss: 1.0213
Epoch 021, Loss: 0.8368
Epoch 022, Loss: 0.8242
Epoch 023, Loss: 0.8236
Epoch 024, Loss: 0.8309
Epoch 025, Loss: 0.8444
Epoch 026, Loss: 0.8734
Epoch 027, Loss: 0.7952
Epoch 028, Loss: 0.9009
Epoch 029, Loss: 0.8425
Epoch 030, Loss: 0.8385
Epoch 031, Loss: 0.7881
Epoch 032, Loss: 0.8354
Epoch 033, Loss: 0.8039
Epoch 034, Loss: 0.8153
Epoch 035, Loss: 0.8195
Epoch 036, Loss: 0.7923
Epoch 037, Loss: 0.8335
Epoch 038, Loss: 0.8570
Epoch 039, Loss: 0.8234
Epoch 040, Loss: 0.8349
Epoch 041, Loss: 0.8351
Epoch 042, Loss: 0.8381
Epoch 043, Loss: 0.8344
Epoch 044, Loss: 0.8008
Epoch 045, Loss: 0.8093
Epoch 046, Loss: 0.8067
Epoch 047, Loss: 0.7833
Epoch 048, Loss: 0.8070
Epoch 049, Loss: 0.8428
Epoch 050, Loss: 0.8344
Epoch 051, Loss: 0.7996
Epoch 052, Loss: 0.7988
Epoch 053, Loss: 0.7881
Epoch 054, Loss: 0.8121
Epoch 055, Loss: 0.7873
Epoch 056, Loss: 0.8127
Epoch 057, Loss: 0.7739
Epoch 058, Loss: 0.7799
Epoch 059, Loss: 0.8016
Epoch 060, Loss: 0.7496
Epoch 061, Loss: 0.7667
Epoch 062, Loss: 0.7840
Epoch 063, Loss: 0.7818
Epoch 064, Loss: 0.7375
Epoch 065, Loss: 0.7490
Epoch 066, Loss: 0.7657
Epoch 067, Loss: 0.7371
Epoch 068, Loss: 0.8087
Epoch 069, Loss: 0.7199
Epoch 070, Loss: 0.7089
Epoch 071, Loss: 0.7204
Epoch 072, Loss: 0.7120
Epoch 073, Loss: 0.6966
Epoch 074, Loss: 0.6925
Epoch 075, Loss: 0.7063
Epoch 076, Loss: 0.6856
Epoch 077, Loss: 0.6907
Epoch 078, Loss: 0.7505
Epoch 079, Loss: 0.6653
Epoch 080, Loss: 0.6785
Epoch 081, Loss: 0.6501
Epoch 082, Loss: 0.6138
Epoch 083, Loss: 0.6630
Epoch 084, Loss: 0.6486
Epoch 085, Loss: 0.6659
Epoch 086, Loss: 0.6165
Epoch 087, Loss: 0.6022
Epoch 088, Loss: 0.6059
Epoch 089, Loss: 0.6069
Epoch 090, Loss: 0.6048
Epoch 091, Loss: 0.5751
Epoch 092, Loss: 0.6272
Epoch 093, Loss: 0.6322
Epoch 094, Loss: 0.5751
Epoch 095, Loss: 0.6182
Epoch 096, Loss: 0.5767
Epoch 097, Loss: 0.6081
Epoch 098, Loss: 0.6000
Epoch 099, Loss: 0.5676
Epoch 100, Loss: 0.5707

Test RMSE: 0.6654
Test MAPE: 0.1853
Training time: 8.87 seconds
Model saved to Models/GCN_model_12.pkl

 Training on dataset_15_nodes.csv...
Total rows in CSV: 50
15 120
15 120
15 120
15 120
15 120
15 120
15 120
15 120
15 120
15 120
15 120
15 120
15 120
15 120
15 120
15 120
15 120
15 120
15 120
15 120
15 120
15 120
15 120
15 120
15 120
15 120
15 120
15 120
15 120
15 120
15 120
15 120
15 120
15 120
15 120
15 120
15 120
15 120
15 120
15 120
15 120
15 120
15 120
15 120
15 120
15 120
15 120
15 120
15 120
15 120
Loaded 50 valid graphs.
Epoch 001, Loss: 5.0457
Epoch 002, Loss: 1.0087
Epoch 003, Loss: 0.9856
Epoch 004, Loss: 1.0188
Epoch 005, Loss: 0.9599
Epoch 006, Loss: 0.9576
Epoch 007, Loss: 0.8914
Epoch 008, Loss: 0.9360
Epoch 009, Loss: 0.9757
Epoch 010, Loss: 1.1265
Epoch 011, Loss: 0.9515
Epoch 012, Loss: 0.9741
Epoch 013, Loss: 0.9863
Epoch 014, Loss: 0.9142
Epoch 015, Loss: 0.9461
Epoch 016, Loss: 0.9681
Epoch 017, Loss: 0.9017
Epoch 018, Loss: 1.0262
Epoch 019, Loss: 0.9067
Epoch 020, Loss: 0.9197
Epoch 021, Loss: 0.9313
Epoch 022, Loss: 0.9263
Epoch 023, Loss: 1.0967
Epoch 024, Loss: 0.8844
Epoch 025, Loss: 1.0444
Epoch 026, Loss: 0.9225
Epoch 027, Loss: 0.9014
Epoch 028, Loss: 0.9277
Epoch 029, Loss: 0.9036
Epoch 030, Loss: 0.9258
Epoch 031, Loss: 0.9036
Epoch 032, Loss: 0.8532
Epoch 033, Loss: 1.0260
Epoch 034, Loss: 0.9892
Epoch 035, Loss: 0.8970
Epoch 036, Loss: 0.8858
Epoch 037, Loss: 0.9607
Epoch 038, Loss: 0.9581
Epoch 039, Loss: 0.8468
Epoch 040, Loss: 0.9092
Epoch 041, Loss: 0.9457
Epoch 042, Loss: 0.8845
Epoch 043, Loss: 0.8936
Epoch 044, Loss: 0.9291
Epoch 045, Loss: 0.8784
Epoch 046, Loss: 0.8708
Epoch 047, Loss: 0.8839
Epoch 048, Loss: 0.8581
Epoch 049, Loss: 0.8652
Epoch 050, Loss: 0.8953
Epoch 051, Loss: 0.9463
Epoch 052, Loss: 0.8753
Epoch 053, Loss: 0.8833
Epoch 054, Loss: 0.8549
Epoch 055, Loss: 0.8310
Epoch 056, Loss: 0.8632
Epoch 057, Loss: 0.8543
Epoch 058, Loss: 0.8160
Epoch 059, Loss: 0.8613
Epoch 060, Loss: 0.8369
Epoch 061, Loss: 0.8626
Epoch 062, Loss: 0.8171
Epoch 063, Loss: 0.8909
Epoch 064, Loss: 0.7969
Epoch 065, Loss: 0.9340
Epoch 066, Loss: 0.8089
Epoch 067, Loss: 0.8016
Epoch 068, Loss: 0.8027
Epoch 069, Loss: 0.7618
Epoch 070, Loss: 0.7765
Epoch 071, Loss: 0.7419
Epoch 072, Loss: 0.7681
Epoch 073, Loss: 0.7942
Epoch 074, Loss: 0.7933
Epoch 075, Loss: 0.7960
Epoch 076, Loss: 0.7380
Epoch 077, Loss: 0.6910
Epoch 078, Loss: 0.7081
Epoch 079, Loss: 0.7455
Epoch 080, Loss: 0.7026
Epoch 081, Loss: 0.6494
Epoch 082, Loss: 0.6313
Epoch 083, Loss: 0.6366
Epoch 084, Loss: 0.6959
Epoch 085, Loss: 0.6858
Epoch 086, Loss: 0.6701
Epoch 087, Loss: 0.6424
Epoch 088, Loss: 0.6446
Epoch 089, Loss: 0.6689
Epoch 090, Loss: 0.6408
Epoch 091, Loss: 0.6288
Epoch 092, Loss: 0.5970
Epoch 093, Loss: 0.6221
Epoch 094, Loss: 0.6014
Epoch 095, Loss: 0.6845
Epoch 096, Loss: 0.5863
Epoch 097, Loss: 0.6005
Epoch 098, Loss: 0.6126
Epoch 099, Loss: 0.6082
Epoch 100, Loss: 0.5736

Test RMSE: 0.9239
Test MAPE: 0.2439
Training time: 8.94 seconds
Model saved to Models/GCN_model_15.pkl

 Training on dataset_20_nodes.csv...
Total rows in CSV: 50
20 210
20 210
20 210
20 210
20 210
20 210
20 210
20 210
20 210
20 210
20 210
20 210
20 210
20 210
20 210
20 210
20 210
20 210
20 210
20 210
20 210
20 210
20 210
20 210
20 210
20 210
20 210
20 210
20 210
20 210
20 210
20 210
20 210
20 210
20 210
20 210
20 210
20 210
20 210
20 210
20 210
20 210
20 210
20 210
20 210
20 210
20 210
20 210
20 210
20 210
Loaded 50 valid graphs.
Epoch 001, Loss: 8.5778
Epoch 002, Loss: 1.3999
Epoch 003, Loss: 1.4057
Epoch 004, Loss: 1.2901
Epoch 005, Loss: 1.2417
Epoch 006, Loss: 1.3672
Epoch 007, Loss: 1.4238
Epoch 008, Loss: 1.3099
Epoch 009, Loss: 1.3729
Epoch 010, Loss: 1.1820
Epoch 011, Loss: 1.2930
Epoch 012, Loss: 1.2225
Epoch 013, Loss: 1.4497
Epoch 014, Loss: 1.3125
Epoch 015, Loss: 1.3321
Epoch 016, Loss: 1.2178
Epoch 017, Loss: 1.2859
Epoch 018, Loss: 1.1786
Epoch 019, Loss: 1.2699
Epoch 020, Loss: 1.2372
Epoch 021, Loss: 1.2152
Epoch 022, Loss: 1.3594
Epoch 023, Loss: 1.2028
Epoch 024, Loss: 1.4730
Epoch 025, Loss: 1.2894
Epoch 026, Loss: 1.2523
Epoch 027, Loss: 1.1660
Epoch 028, Loss: 1.3217
Epoch 029, Loss: 1.2707
Epoch 030, Loss: 1.3340
Epoch 031, Loss: 1.2455
Epoch 032, Loss: 1.2622
Epoch 033, Loss: 1.2464
Epoch 034, Loss: 1.2590
Epoch 035, Loss: 1.1723
Epoch 036, Loss: 1.2168
Epoch 037, Loss: 1.3425
Epoch 038, Loss: 1.1651
Epoch 039, Loss: 1.2331
Epoch 040, Loss: 1.2078
Epoch 041, Loss: 1.2323
Epoch 042, Loss: 1.2709
Epoch 043, Loss: 1.2645
Epoch 044, Loss: 1.2736
Epoch 045, Loss: 1.2099
Epoch 046, Loss: 1.1811
Epoch 047, Loss: 1.2517
Epoch 048, Loss: 1.2087
Epoch 049, Loss: 1.2140
Epoch 050, Loss: 1.2442
Epoch 051, Loss: 1.3223
Epoch 052, Loss: 1.2148
Epoch 053, Loss: 1.1441
Epoch 054, Loss: 1.2075
Epoch 055, Loss: 1.1978
Epoch 056, Loss: 1.2621
Epoch 057, Loss: 1.1673
Epoch 058, Loss: 1.1919
Epoch 059, Loss: 1.2450
Epoch 060, Loss: 1.1902
Epoch 061, Loss: 1.2636
Epoch 062, Loss: 1.1739
Epoch 063, Loss: 1.1743
Epoch 064, Loss: 1.1947
Epoch 065, Loss: 1.1045
Epoch 066, Loss: 1.1443
Epoch 067, Loss: 1.3072
Epoch 068, Loss: 1.1326
Epoch 069, Loss: 1.1393
Epoch 070, Loss: 1.3545
Epoch 071, Loss: 1.2344
Epoch 072, Loss: 1.2269
Epoch 073, Loss: 1.1320
Epoch 074, Loss: 1.1649
Epoch 075, Loss: 1.2227
Epoch 076, Loss: 1.2711
Epoch 077, Loss: 1.3724
Epoch 078, Loss: 1.0721
Epoch 079, Loss: 1.1891
Epoch 080, Loss: 1.1113
Epoch 081, Loss: 1.1247
Epoch 082, Loss: 1.1582
Epoch 083, Loss: 1.1276
Epoch 084, Loss: 1.1328
Epoch 085, Loss: 1.1980
Epoch 086, Loss: 1.1658
Epoch 087, Loss: 1.1362
Epoch 088, Loss: 1.0103
Epoch 089, Loss: 1.2331
Epoch 090, Loss: 1.1274
Epoch 091, Loss: 1.1027
Epoch 092, Loss: 0.9943
Epoch 093, Loss: 1.1175
Epoch 094, Loss: 0.9886
Epoch 095, Loss: 1.0007
Epoch 096, Loss: 0.9455
Epoch 097, Loss: 0.8770
Epoch 098, Loss: 0.9614
Epoch 099, Loss: 0.9279
Epoch 100, Loss: 0.9443

Test RMSE: 0.9650
Test MAPE: 0.2486
Training time: 9.24 seconds
Model saved to Models/GCN_model_20.pkl

 Training on dataset_25_nodes.csv...
Total rows in CSV: 50
25 325
25 325
25 325
25 325
25 325
25 325
25 325
25 325
25 325
25 325
25 325
25 325
25 325
25 325
25 325
25 325
25 325
25 325
25 325
25 325
25 325
25 325
25 325
25 325
25 325
25 325
25 325
25 325
25 325
25 325
25 325
25 325
25 325
25 325
25 325
25 325
25 325
25 325
25 325
25 325
25 325
25 325
25 325
25 325
25 325
25 325
25 325
25 325
25 325
25 325
Loaded 50 valid graphs.
Epoch 001, Loss: 10.1365
Epoch 002, Loss: 1.6340
Epoch 003, Loss: 1.8259
Epoch 004, Loss: 1.7184
Epoch 005, Loss: 1.9244
Epoch 006, Loss: 2.0216
Epoch 007, Loss: 1.6225
Epoch 008, Loss: 1.7113
Epoch 009, Loss: 1.4425
Epoch 010, Loss: 1.6865
Epoch 011, Loss: 1.6640
Epoch 012, Loss: 1.4887
Epoch 013, Loss: 1.6020
Epoch 014, Loss: 1.7131
Epoch 015, Loss: 1.5374
Epoch 016, Loss: 1.5453
Epoch 017, Loss: 1.6520
Epoch 018, Loss: 1.7125
Epoch 019, Loss: 1.5619
Epoch 020, Loss: 1.5306
Epoch 021, Loss: 1.7381
Epoch 022, Loss: 1.5278
Epoch 023, Loss: 1.5044
Epoch 024, Loss: 1.5026
Epoch 025, Loss: 1.6240
Epoch 026, Loss: 1.5721
Epoch 027, Loss: 1.4255
Epoch 028, Loss: 1.5342
Epoch 029, Loss: 1.5295
Epoch 030, Loss: 1.6740
Epoch 031, Loss: 1.7166
Epoch 032, Loss: 1.5824
Epoch 033, Loss: 1.8765
Epoch 034, Loss: 1.6836
Epoch 035, Loss: 1.6763
Epoch 036, Loss: 1.5824
Epoch 037, Loss: 1.7725
Epoch 038, Loss: 1.4574
Epoch 039, Loss: 1.4753
Epoch 040, Loss: 1.4626
Epoch 041, Loss: 1.4885
Epoch 042, Loss: 1.4310
Epoch 043, Loss: 1.3499
Epoch 044, Loss: 1.4821
Epoch 045, Loss: 1.6210
Epoch 046, Loss: 1.6366
Epoch 047, Loss: 1.5016
Epoch 048, Loss: 1.4737
Epoch 049, Loss: 1.4975
Epoch 050, Loss: 1.4981
Epoch 051, Loss: 1.4103
Epoch 052, Loss: 1.3834
Epoch 053, Loss: 1.4490
Epoch 054, Loss: 1.3536
Epoch 055, Loss: 1.2938
Epoch 056, Loss: 1.2684
Epoch 057, Loss: 1.4705
Epoch 058, Loss: 1.3227
Epoch 059, Loss: 1.3172
Epoch 060, Loss: 1.1587
Epoch 061, Loss: 1.1901
Epoch 062, Loss: 1.2050
Epoch 063, Loss: 1.0793
Epoch 064, Loss: 1.0933
Epoch 065, Loss: 1.0674
Epoch 066, Loss: 1.0205
Epoch 067, Loss: 0.9990
Epoch 068, Loss: 0.9794
Epoch 069, Loss: 1.3094
Epoch 070, Loss: 1.1763
Epoch 071, Loss: 1.0913
Epoch 072, Loss: 1.0789
Epoch 073, Loss: 1.0048
Epoch 074, Loss: 0.9394
Epoch 075, Loss: 1.0098
Epoch 076, Loss: 0.8890
Epoch 077, Loss: 0.9203
Epoch 078, Loss: 0.9369
Epoch 079, Loss: 0.9031
Epoch 080, Loss: 0.9887
Epoch 081, Loss: 0.9236
Epoch 082, Loss: 0.8320
Epoch 083, Loss: 0.9197
Epoch 084, Loss: 0.9490
Epoch 085, Loss: 0.9275
Epoch 086, Loss: 0.8029
Epoch 087, Loss: 0.8358
Epoch 088, Loss: 0.9612
Epoch 089, Loss: 0.9039
Epoch 090, Loss: 1.0184
Epoch 091, Loss: 0.8758
Epoch 092, Loss: 0.8426
Epoch 093, Loss: 0.9162
Epoch 094, Loss: 0.8954
Epoch 095, Loss: 0.8386
Epoch 096, Loss: 0.8406
Epoch 097, Loss: 0.8025
Epoch 098, Loss: 0.7736
Epoch 099, Loss: 0.7953
Epoch 100, Loss: 0.8590

Test RMSE: 1.4293
Test MAPE: 0.2257
Training time: 9.21 seconds
Model saved to Models/GCN_model_25.pkl

 Training on dataset_full.csv...
Total rows in CSV: 250
25 325
25 325
25 325
25 325
25 325
25 325
25 325
25 325
25 325
25 325
25 325
25 325
25 325
25 325
25 325
25 325
25 325
25 325
25 325
25 325
25 325
25 325
25 325
25 325
25 325
25 325
25 325
25 325
25 325
25 325
25 325
25 325
25 325
25 325
25 325
25 325
25 325
25 325
25 325
25 325
25 325
25 325
25 325
25 325
25 325
25 325
25 325
25 325
25 325
25 325
25 325
25 325
25 325
25 325
25 325
25 325
25 325
25 325
25 325
25 325
25 325
25 325
25 325
25 325
25 325
25 325
25 325
25 325
25 325
25 325
25 325
25 325
25 325
25 325
25 325
25 325
25 325
25 325
25 325
25 325
25 325
25 325
25 325
25 325
25 325
25 325
25 325
25 325
25 325
25 325
25 325
25 325
25 325
25 325
25 325
25 325
25 325
25 325
25 325
25 325
25 325
25 325
25 325
25 325
25 325
25 325
25 325
25 325
25 325
25 325
25 325
25 325
25 325
25 325
25 325
25 325
25 325
25 325
25 325
25 325
25 325
25 325
25 325
25 325
25 325
25 325
25 325
25 325
25 325
25 325
25 325
25 325
25 325
25 325
25 325
25 325
25 325
25 325
25 325
25 325
25 325
25 325
25 325
25 325
25 325
25 325
25 325
25 325
25 325
25 325
25 325
25 325
25 325
25 325
25 325
25 325
25 325
25 325
25 325
25 325
25 325
25 325
25 325
25 325
25 325
25 325
25 325
25 325
25 325
25 325
25 325
25 325
25 325
25 325
25 325
25 325
25 325
25 325
25 325
25 325
25 325
25 325
25 325
25 325
25 325
25 325
25 325
25 325
25 325
25 325
25 325
25 325
25 325
25 325
25 325
25 325
25 325
25 325
25 325
25 325
25 325
25 325
25 325
25 325
25 325
25 325
25 325
25 325
25 325
25 325
25 325
25 325
25 325
25 325
25 325
25 325
25 325
25 325
25 325
25 325
25 325
25 325
25 325
25 325
25 325
25 325
25 325
25 325
25 325
25 325
25 325
25 325
25 325
25 325
25 325
25 325
25 325
25 325
25 325
25 325
25 325
25 325
25 325
25 325
25 325
25 325
25 325
25 325
25 325
25 325
Loaded 250 valid graphs.
Epoch 001, Loss: 3.8733
Epoch 002, Loss: 3.2715
Epoch 003, Loss: 3.2147
Epoch 004, Loss: 2.5645
Epoch 005, Loss: 1.3648
Epoch 006, Loss: 0.9789
Epoch 007, Loss: 0.6922
Epoch 008, Loss: 0.6853
Epoch 009, Loss: 0.7095
Epoch 010, Loss: 0.7191
Epoch 011, Loss: 0.7742
Epoch 012, Loss: 0.7265
Epoch 013, Loss: 0.7252
Epoch 014, Loss: 0.7335
Epoch 015, Loss: 0.7053
Epoch 016, Loss: 0.6359
Epoch 017, Loss: 0.7256
Epoch 018, Loss: 0.6480
Epoch 019, Loss: 0.6884
Epoch 020, Loss: 0.6207
Epoch 021, Loss: 0.6293
Epoch 022, Loss: 0.7291
Epoch 023, Loss: 0.6896
Epoch 024, Loss: 0.6248
Epoch 025, Loss: 0.6279
Epoch 026, Loss: 0.6413
Epoch 027, Loss: 0.5844
Epoch 028, Loss: 0.6388
Epoch 029, Loss: 0.6370
Epoch 030, Loss: 0.6856
Epoch 031, Loss: 0.6073
Epoch 032, Loss: 0.5926
Epoch 033, Loss: 0.5838
Epoch 034, Loss: 0.5960
Epoch 035, Loss: 0.5301
Epoch 036, Loss: 0.6404
Epoch 037, Loss: 0.6564
Epoch 038, Loss: 0.6052
Epoch 039, Loss: 0.6121
Epoch 040, Loss: 0.5792
Epoch 041, Loss: 0.6082
Epoch 042, Loss: 0.6143
Epoch 043, Loss: 0.5862
Epoch 044, Loss: 0.5897
Epoch 045, Loss: 0.6114
Epoch 046, Loss: 0.5860
Epoch 047, Loss: 0.6475
Epoch 048, Loss: 0.5836
Epoch 049, Loss: 0.6006
Epoch 050, Loss: 0.6006
Epoch 051, Loss: 0.6117
Epoch 052, Loss: 0.6135
Epoch 053, Loss: 0.5724
Epoch 054, Loss: 0.5707
Epoch 055, Loss: 0.5790
Epoch 056, Loss: 0.5167
Epoch 057, Loss: 0.5919
Epoch 058, Loss: 0.6440
Epoch 059, Loss: 0.5559
Epoch 060, Loss: 0.5762
Epoch 061, Loss: 0.5468
Epoch 062, Loss: 0.5862
Epoch 063, Loss: 0.5700
Epoch 064, Loss: 0.5717
Epoch 065, Loss: 0.6143
Epoch 066, Loss: 0.5335
Epoch 067, Loss: 0.5945
Epoch 068, Loss: 0.5774
Epoch 069, Loss: 0.5675
Epoch 070, Loss: 0.5839
Epoch 071, Loss: 0.5434
Epoch 072, Loss: 0.5412
Epoch 073, Loss: 0.5767
Epoch 074, Loss: 0.5773
Epoch 075, Loss: 0.5693
Epoch 076, Loss: 0.5781
Epoch 077, Loss: 0.5410
Epoch 078, Loss: 0.6131
Epoch 079, Loss: 0.5935
Epoch 080, Loss: 0.5759
Epoch 081, Loss: 0.5145
Epoch 082, Loss: 0.5682
Epoch 083, Loss: 0.5583
Epoch 084, Loss: 0.5645
Epoch 085, Loss: 0.5768
Epoch 086, Loss: 0.5569
Epoch 087, Loss: 0.5632
Epoch 088, Loss: 0.6163
Epoch 089, Loss: 0.5333
Epoch 090, Loss: 0.5329
Epoch 091, Loss: 0.5636
Epoch 092, Loss: 0.5826
Epoch 093, Loss: 0.5376
Epoch 094, Loss: 0.5234
Epoch 095, Loss: 0.5293
Epoch 096, Loss: 0.5300
Epoch 097, Loss: 0.5840
Epoch 098, Loss: 0.5620
Epoch 099, Loss: 0.6311
Epoch 100, Loss: 0.5308

Test RMSE: 0.7291
Test MAPE: 247342703837184.0000
Training time: 44.57 seconds
Model saved to Models/GCN_model_full.pkl

Metrics saved to Models/Graph_Neural_Training_metrics.csv

 **Final Training Results:**
node_size model_type  test_size     rmse         mape  training_time         model_file
       10   Q_values        0.2 0.653184 2.462573e-01       9.559839   GNN_model_10.pkl
       12   Q_values        0.2 0.665444 1.852706e-01       8.870142   GNN_model_12.pkl
       15   Q_values        0.2 0.923861 2.438998e-01       8.944132   GNN_model_15.pkl
       20   Q_values        0.2 0.965006 2.485587e-01       9.236998   GNN_model_20.pkl
       25   Q_values        0.2 1.429316 2.257168e-01       9.211203   GNN_model_25.pkl
     full   Q_values        0.2 0.729059 2.473427e+14      44.568383 GNN_model_full.pkl

 Training complete for all datasets!
  adding: Models/ (stored 0%)
  adding: Models/GCN_model_12.pkl (deflated 23%)
  adding: Models/GCN_model_full.pkl (deflated 22%)
  adding: Models/GCN_model_20.pkl (deflated 22%)
  adding: Models/Graph_Neural_Training_results.txt (deflated 61%)
  adding: Models/GCN_model_15.pkl (deflated 23%)
  adding: Models/Graph_Neural_Training_metrics.csv (deflated 50%)
  adding: Models/GCN_model_25.pkl (deflated 21%)
  adding: Models/GCN_model_10.pkl (deflated 23%)
