
 Training on dataset_10_nodes.csv...
Total rows in CSV: 50
10 55
10 55
10 55
10 55
10 55
10 55
10 55
10 55
10 55
10 55
10 55
10 55
10 55
10 55
10 55
10 55
10 55
10 55
10 55
10 55
10 55
10 55
10 55
10 55
10 55
10 55
10 55
10 55
10 55
10 55
10 55
10 55
10 55
10 55
10 55
10 55
10 55
10 55
10 55
10 55
10 55
10 55
10 55
10 55
10 55
10 55
10 55
10 55
10 55
10 55
Loaded 50 valid graphs.
Epoch 001, Loss: 2.8787
Epoch 002, Loss: 0.5914
Epoch 003, Loss: 0.5986
Epoch 004, Loss: 0.5776
Epoch 005, Loss: 0.5826
Epoch 006, Loss: 0.6155
Epoch 007, Loss: 0.5943
Epoch 008, Loss: 0.6118
Epoch 009, Loss: 0.5821
Epoch 010, Loss: 0.5937
Epoch 011, Loss: 0.5325
Epoch 012, Loss: 0.5921
Epoch 013, Loss: 0.5650
Epoch 014, Loss: 0.5619
Epoch 015, Loss: 0.6420
Epoch 016, Loss: 0.6371
Epoch 017, Loss: 0.5474
Epoch 018, Loss: 0.6358
Epoch 019, Loss: 0.5330
Epoch 020, Loss: 0.5239
Epoch 021, Loss: 0.5520
Epoch 022, Loss: 0.5514
Epoch 023, Loss: 0.5437
Epoch 024, Loss: 0.5148
Epoch 025, Loss: 0.5535
Epoch 026, Loss: 0.5856
Epoch 027, Loss: 0.5122
Epoch 028, Loss: 0.5361
Epoch 029, Loss: 0.5181
Epoch 030, Loss: 0.5490
Epoch 031, Loss: 0.5206
Epoch 032, Loss: 0.5536
Epoch 033, Loss: 0.5557
Epoch 034, Loss: 0.5210
Epoch 035, Loss: 0.5640
Epoch 036, Loss: 0.5721
Epoch 037, Loss: 0.5569
Epoch 038, Loss: 0.5215
Epoch 039, Loss: 0.5193
Epoch 040, Loss: 0.5390
Epoch 041, Loss: 0.4942
Epoch 042, Loss: 0.5127
Epoch 043, Loss: 0.5377
Epoch 044, Loss: 0.5019
Epoch 045, Loss: 0.5059
Epoch 046, Loss: 0.5102
Epoch 047, Loss: 0.5398
Epoch 048, Loss: 0.5183
Epoch 049, Loss: 0.5419
Epoch 050, Loss: 0.4879
Epoch 051, Loss: 0.4681
Epoch 052, Loss: 0.5069
Epoch 053, Loss: 0.4988
Epoch 054, Loss: 0.4912
Epoch 055, Loss: 0.4944
Epoch 056, Loss: 0.5041
Epoch 057, Loss: 0.4625
Epoch 058, Loss: 0.4628
Epoch 059, Loss: 0.4933
Epoch 060, Loss: 0.4635
Epoch 061, Loss: 0.4886
Epoch 062, Loss: 0.4916
Epoch 063, Loss: 0.4539
Epoch 064, Loss: 0.4862
Epoch 065, Loss: 0.4740
Epoch 066, Loss: 0.4551
Epoch 067, Loss: 0.5213
Epoch 068, Loss: 0.4908
Epoch 069, Loss: 0.5000
Epoch 070, Loss: 0.4453
Epoch 071, Loss: 0.4528
Epoch 072, Loss: 0.4486
Epoch 073, Loss: 0.4583
Epoch 074, Loss: 0.4518
Epoch 075, Loss: 0.4445
Epoch 076, Loss: 0.4385
Epoch 077, Loss: 0.4231
Epoch 078, Loss: 0.4272
Epoch 079, Loss: 0.4254
Epoch 080, Loss: 0.4317
Epoch 081, Loss: 0.4248
Epoch 082, Loss: 0.4452
Epoch 083, Loss: 0.4146
Epoch 084, Loss: 0.4191
Epoch 085, Loss: 0.4292
Epoch 086, Loss: 0.4279
Epoch 087, Loss: 0.4183
Epoch 088, Loss: 0.4186
Epoch 089, Loss: 0.4072
Epoch 090, Loss: 0.4225
Epoch 091, Loss: 0.4144
Epoch 092, Loss: 0.3996
Epoch 093, Loss: 0.4088
Epoch 094, Loss: 0.4002
Epoch 095, Loss: 0.4008
Epoch 096, Loss: 0.4180
Epoch 097, Loss: 0.4086
Epoch 098, Loss: 0.4057
Epoch 099, Loss: 0.4054
Epoch 100, Loss: 0.4239

Test RMSE: 0.6481
Test MAPE: 0.2233
Training time: 9.62 seconds
Model saved to Models/GCN_model_10.pkl

 Training on dataset_12_nodes.csv...
Total rows in CSV: 50
12 78
12 78
12 78
12 78
12 78
12 78
12 78
12 78
12 78
12 78
12 78
12 78
12 78
12 78
12 78
12 78
12 78
12 78
12 78
12 78
12 78
12 78
12 78
12 78
12 78
12 78
12 78
12 78
12 78
12 78
12 78
12 78
12 78
12 78
12 78
12 78
12 78
12 78
12 78
12 78
12 78
12 78
12 78
12 78
12 78
12 78
12 78
12 78
12 78
12 78
Loaded 50 valid graphs.
Epoch 001, Loss: 3.8268
Epoch 002, Loss: 0.9042
Epoch 003, Loss: 0.8884
Epoch 004, Loss: 0.8489
Epoch 005, Loss: 0.9026
Epoch 006, Loss: 0.8783
Epoch 007, Loss: 0.8632
Epoch 008, Loss: 0.9166
Epoch 009, Loss: 0.8277
Epoch 010, Loss: 0.9025
Epoch 011, Loss: 0.9071
Epoch 012, Loss: 0.8543
Epoch 013, Loss: 0.8272
Epoch 014, Loss: 0.8753
Epoch 015, Loss: 0.8506
Epoch 016, Loss: 0.8184
Epoch 017, Loss: 0.9171
Epoch 018, Loss: 1.0190
Epoch 019, Loss: 0.8637
Epoch 020, Loss: 0.8133
Epoch 021, Loss: 0.8359
Epoch 022, Loss: 0.8637
Epoch 023, Loss: 0.8966
Epoch 024, Loss: 0.7903
Epoch 025, Loss: 0.8221
Epoch 026, Loss: 0.8338
Epoch 027, Loss: 0.8618
Epoch 028, Loss: 0.8642
Epoch 029, Loss: 0.8353
Epoch 030, Loss: 0.7923
Epoch 031, Loss: 0.7777
Epoch 032, Loss: 0.8329
Epoch 033, Loss: 0.7848
Epoch 034, Loss: 0.8192
Epoch 035, Loss: 0.7473
Epoch 036, Loss: 0.7640
Epoch 037, Loss: 0.7602
Epoch 038, Loss: 0.7133
Epoch 039, Loss: 0.7525
Epoch 040, Loss: 0.7908
Epoch 041, Loss: 0.7365
Epoch 042, Loss: 0.7376
Epoch 043, Loss: 0.7596
Epoch 044, Loss: 0.7719
Epoch 045, Loss: 0.7238
Epoch 046, Loss: 0.7355
Epoch 047, Loss: 0.7495
Epoch 048, Loss: 0.7143
Epoch 049, Loss: 0.7123
Epoch 050, Loss: 0.7614
Epoch 051, Loss: 0.6904
Epoch 052, Loss: 0.7153
Epoch 053, Loss: 0.6910
Epoch 054, Loss: 0.7126
Epoch 055, Loss: 0.6809
Epoch 056, Loss: 0.7127
Epoch 057, Loss: 0.6829
Epoch 058, Loss: 0.6605
Epoch 059, Loss: 0.6617
Epoch 060, Loss: 0.7056
Epoch 061, Loss: 0.6743
Epoch 062, Loss: 0.6355
Epoch 063, Loss: 0.6746
Epoch 064, Loss: 0.6320
Epoch 065, Loss: 0.6971
Epoch 066, Loss: 0.6632
Epoch 067, Loss: 0.6752
Epoch 068, Loss: 0.6400
Epoch 069, Loss: 0.6813
Epoch 070, Loss: 0.6537
Epoch 071, Loss: 0.6719
Epoch 072, Loss: 0.6039
Epoch 073, Loss: 0.6433
Epoch 074, Loss: 0.6397
Epoch 075, Loss: 0.6255
Epoch 076, Loss: 0.6255
Epoch 077, Loss: 0.6183
Epoch 078, Loss: 0.6227
Epoch 079, Loss: 0.6081
Epoch 080, Loss: 0.6018
Epoch 081, Loss: 0.5788
Epoch 082, Loss: 0.5967
Epoch 083, Loss: 0.6165
Epoch 084, Loss: 0.6012
Epoch 085, Loss: 0.6162
Epoch 086, Loss: 0.6133
Epoch 087, Loss: 0.5802
Epoch 088, Loss: 0.5760
Epoch 089, Loss: 0.5958
Epoch 090, Loss: 0.5831
Epoch 091, Loss: 0.5934
Epoch 092, Loss: 0.5761
Epoch 093, Loss: 0.5864
Epoch 094, Loss: 0.5779
Epoch 095, Loss: 0.6035
Epoch 096, Loss: 0.6047
Epoch 097, Loss: 0.5740
Epoch 098, Loss: 0.6083
Epoch 099, Loss: 0.5755
Epoch 100, Loss: 0.5693

Test RMSE: 0.6621
Test MAPE: 0.2054
Training time: 8.51 seconds
Model saved to Models/GCN_model_12.pkl

 Training on dataset_15_nodes.csv...
Total rows in CSV: 50
15 120
15 120
15 120
15 120
15 120
15 120
15 120
15 120
15 120
15 120
15 120
15 120
15 120
15 120
15 120
15 120
15 120
15 120
15 120
15 120
15 120
15 120
15 120
15 120
15 120
15 120
15 120
15 120
15 120
15 120
15 120
15 120
15 120
15 120
15 120
15 120
15 120
15 120
15 120
15 120
15 120
15 120
15 120
15 120
15 120
15 120
15 120
15 120
15 120
15 120
Loaded 50 valid graphs.
Epoch 001, Loss: 4.7028
Epoch 002, Loss: 1.1047
Epoch 003, Loss: 0.8929
Epoch 004, Loss: 1.0155
Epoch 005, Loss: 0.8763
Epoch 006, Loss: 1.0183
Epoch 007, Loss: 0.9177
Epoch 008, Loss: 0.9509
Epoch 009, Loss: 0.9321
Epoch 010, Loss: 0.9474
Epoch 011, Loss: 0.9344
Epoch 012, Loss: 1.1193
Epoch 013, Loss: 0.8995
Epoch 014, Loss: 0.9329
Epoch 015, Loss: 0.9531
Epoch 016, Loss: 0.9724
Epoch 017, Loss: 0.9608
Epoch 018, Loss: 0.8968
Epoch 019, Loss: 1.0028
Epoch 020, Loss: 0.9116
Epoch 021, Loss: 0.9403
Epoch 022, Loss: 0.9139
Epoch 023, Loss: 0.9458
Epoch 024, Loss: 0.9600
Epoch 025, Loss: 0.9468
Epoch 026, Loss: 0.9421
Epoch 027, Loss: 0.8791
Epoch 028, Loss: 0.8752
Epoch 029, Loss: 0.8986
Epoch 030, Loss: 0.9578
Epoch 031, Loss: 1.0207
Epoch 032, Loss: 0.8702
Epoch 033, Loss: 0.9178
Epoch 034, Loss: 0.9870
Epoch 035, Loss: 0.9539
Epoch 036, Loss: 0.9015
Epoch 037, Loss: 0.9253
Epoch 038, Loss: 0.9083
Epoch 039, Loss: 0.9088
Epoch 040, Loss: 0.8508
Epoch 041, Loss: 0.9087
Epoch 042, Loss: 0.9171
Epoch 043, Loss: 0.8589
Epoch 044, Loss: 0.9608
Epoch 045, Loss: 0.9104
Epoch 046, Loss: 0.9389
Epoch 047, Loss: 0.8774
Epoch 048, Loss: 0.8602
Epoch 049, Loss: 0.8827
Epoch 050, Loss: 0.8455
Epoch 051, Loss: 0.8729
Epoch 052, Loss: 0.8181
Epoch 053, Loss: 0.8559
Epoch 054, Loss: 0.8574
Epoch 055, Loss: 0.7886
Epoch 056, Loss: 0.8089
Epoch 057, Loss: 0.8065
Epoch 058, Loss: 0.8131
Epoch 059, Loss: 0.7537
Epoch 060, Loss: 0.7464
Epoch 061, Loss: 0.7074
Epoch 062, Loss: 0.6778
Epoch 063, Loss: 0.7276
Epoch 064, Loss: 0.7892
Epoch 065, Loss: 0.7268
Epoch 066, Loss: 0.6687
Epoch 067, Loss: 0.6595
Epoch 068, Loss: 0.7205
Epoch 069, Loss: 0.7066
Epoch 070, Loss: 0.6806
Epoch 071, Loss: 0.6259
Epoch 072, Loss: 0.7099
Epoch 073, Loss: 0.6474
Epoch 074, Loss: 0.6290
Epoch 075, Loss: 0.6447
Epoch 076, Loss: 0.6190
Epoch 077, Loss: 0.6004
Epoch 078, Loss: 0.6032
Epoch 079, Loss: 0.5963
Epoch 080, Loss: 0.5696
Epoch 081, Loss: 0.5743
Epoch 082, Loss: 0.5879
Epoch 083, Loss: 0.6078
Epoch 084, Loss: 0.5487
Epoch 085, Loss: 0.5843
Epoch 086, Loss: 0.5503
Epoch 087, Loss: 0.6224
Epoch 088, Loss: 0.5556
Epoch 089, Loss: 0.5371
Epoch 090, Loss: 0.5270
Epoch 091, Loss: 0.5243
Epoch 092, Loss: 0.5394
Epoch 093, Loss: 0.5047
Epoch 094, Loss: 0.4965
Epoch 095, Loss: 0.5314
Epoch 096, Loss: 0.5373
Epoch 097, Loss: 0.5264
Epoch 098, Loss: 0.4973
Epoch 099, Loss: 0.5002
Epoch 100, Loss: 0.4962

Test RMSE: 0.7732
Test MAPE: 0.2017
Training time: 8.73 seconds
Model saved to Models/GCN_model_15.pkl

 Training on dataset_20_nodes.csv...
Total rows in CSV: 50
20 210
20 210
20 210
20 210
20 210
20 210
20 210
20 210
20 210
20 210
20 210
20 210
20 210
20 210
20 210
20 210
20 210
20 210
20 210
20 210
20 210
20 210
20 210
20 210
20 210
20 210
20 210
20 210
20 210
20 210
20 210
20 210
20 210
20 210
20 210
20 210
20 210
20 210
20 210
20 210
20 210
20 210
20 210
20 210
20 210
20 210
20 210
20 210
20 210
20 210
Loaded 50 valid graphs.
Epoch 001, Loss: 7.0768
Epoch 002, Loss: 1.2102
Epoch 003, Loss: 1.3717
Epoch 004, Loss: 1.2427
Epoch 005, Loss: 1.3688
Epoch 006, Loss: 1.2595
Epoch 007, Loss: 1.3744
Epoch 008, Loss: 1.3265
Epoch 009, Loss: 1.3256
Epoch 010, Loss: 1.3646
Epoch 011, Loss: 1.2310
Epoch 012, Loss: 1.2512
Epoch 013, Loss: 1.2438
Epoch 014, Loss: 1.3559
Epoch 015, Loss: 1.2269
Epoch 016, Loss: 1.3213
Epoch 017, Loss: 1.1773
Epoch 018, Loss: 1.3561
Epoch 019, Loss: 1.3679
Epoch 020, Loss: 1.2409
Epoch 021, Loss: 1.2665
Epoch 022, Loss: 1.3350
Epoch 023, Loss: 1.6140
Epoch 024, Loss: 1.4825
Epoch 025, Loss: 1.2574
Epoch 026, Loss: 1.3220
Epoch 027, Loss: 1.2328
Epoch 028, Loss: 1.2160
Epoch 029, Loss: 1.4665
Epoch 030, Loss: 1.2360
Epoch 031, Loss: 1.2187
Epoch 032, Loss: 1.1816
Epoch 033, Loss: 1.3670
Epoch 034, Loss: 1.1239
Epoch 035, Loss: 1.1682
Epoch 036, Loss: 1.3315
Epoch 037, Loss: 1.3062
Epoch 038, Loss: 1.0946
Epoch 039, Loss: 1.0880
Epoch 040, Loss: 1.2082
Epoch 041, Loss: 1.1233
Epoch 042, Loss: 1.1584
Epoch 043, Loss: 1.0674
Epoch 044, Loss: 1.1483
Epoch 045, Loss: 1.4104
Epoch 046, Loss: 1.1669
Epoch 047, Loss: 1.3684
Epoch 048, Loss: 1.0115
Epoch 049, Loss: 0.9135
Epoch 050, Loss: 1.0381
Epoch 051, Loss: 0.9515
Epoch 052, Loss: 1.0820
Epoch 053, Loss: 0.9802
Epoch 054, Loss: 0.9471
Epoch 055, Loss: 0.9345
Epoch 056, Loss: 0.9159
Epoch 057, Loss: 0.8999
Epoch 058, Loss: 0.8789
Epoch 059, Loss: 1.0310
Epoch 060, Loss: 0.8723
Epoch 061, Loss: 0.8603
Epoch 062, Loss: 0.7786
Epoch 063, Loss: 0.9614
Epoch 064, Loss: 0.8391
Epoch 065, Loss: 0.8556
Epoch 066, Loss: 0.8505
Epoch 067, Loss: 0.8017
Epoch 068, Loss: 0.7582
Epoch 069, Loss: 0.7655
Epoch 070, Loss: 0.7409
Epoch 071, Loss: 0.7537
Epoch 072, Loss: 0.7394
Epoch 073, Loss: 0.7043
Epoch 074, Loss: 0.7549
Epoch 075, Loss: 0.7034
Epoch 076, Loss: 0.7330
Epoch 077, Loss: 0.6745
Epoch 078, Loss: 0.6236
Epoch 079, Loss: 0.6848
Epoch 080, Loss: 0.6306
Epoch 081, Loss: 0.6941
Epoch 082, Loss: 0.6347
Epoch 083, Loss: 0.6932
Epoch 084, Loss: 0.7024
Epoch 085, Loss: 0.5573
Epoch 086, Loss: 0.6551
Epoch 087, Loss: 0.5854
Epoch 088, Loss: 0.5868
Epoch 089, Loss: 0.5869
Epoch 090, Loss: 0.5593
Epoch 091, Loss: 0.5712
Epoch 092, Loss: 0.6056
Epoch 093, Loss: 0.5358
Epoch 094, Loss: 0.5865
Epoch 095, Loss: 0.5598
Epoch 096, Loss: 0.5426
Epoch 097, Loss: 0.5167
Epoch 098, Loss: 0.5702
Epoch 099, Loss: 0.5643
Epoch 100, Loss: 0.5162

Test RMSE: 0.9907
Test MAPE: 0.2505
Training time: 9.26 seconds
Model saved to Models/GCN_model_20.pkl

 Training on dataset_25_nodes.csv...
Total rows in CSV: 50
25 325
25 325
25 325
25 325
25 325
25 325
25 325
25 325
25 325
25 325
25 325
25 325
25 325
25 325
25 325
25 325
25 325
25 325
25 325
25 325
25 325
25 325
25 325
25 325
25 325
25 325
25 325
25 325
25 325
25 325
25 325
25 325
25 325
25 325
25 325
25 325
25 325
25 325
25 325
25 325
25 325
25 325
25 325
25 325
25 325
25 325
25 325
25 325
25 325
25 325
Loaded 50 valid graphs.
Epoch 001, Loss: 11.1160
Epoch 002, Loss: 1.7538
Epoch 003, Loss: 1.5765
Epoch 004, Loss: 1.7104
Epoch 005, Loss: 1.6528
Epoch 006, Loss: 1.5748
Epoch 007, Loss: 1.7681
Epoch 008, Loss: 1.7609
Epoch 009, Loss: 1.6526
Epoch 010, Loss: 1.5420
Epoch 011, Loss: 1.5673
Epoch 012, Loss: 1.9264
Epoch 013, Loss: 1.4367
Epoch 014, Loss: 1.5090
Epoch 015, Loss: 1.7270
Epoch 016, Loss: 1.5425
Epoch 017, Loss: 1.5705
Epoch 018, Loss: 1.7668
Epoch 019, Loss: 1.6573
Epoch 020, Loss: 1.5562
Epoch 021, Loss: 1.8309
Epoch 022, Loss: 1.4997
Epoch 023, Loss: 1.5533
Epoch 024, Loss: 1.7108
Epoch 025, Loss: 1.4904
Epoch 026, Loss: 1.7004
Epoch 027, Loss: 1.5287
Epoch 028, Loss: 1.5425
Epoch 029, Loss: 1.4684
Epoch 030, Loss: 1.3960
Epoch 031, Loss: 1.6406
Epoch 032, Loss: 1.6444
Epoch 033, Loss: 1.5525
Epoch 034, Loss: 1.8802
Epoch 035, Loss: 1.5240
Epoch 036, Loss: 1.7070
Epoch 037, Loss: 1.5412
Epoch 038, Loss: 1.5157
Epoch 039, Loss: 1.5559
Epoch 040, Loss: 1.5048
Epoch 041, Loss: 1.3420
Epoch 042, Loss: 1.4777
Epoch 043, Loss: 1.4012
Epoch 044, Loss: 1.4586
Epoch 045, Loss: 1.6979
Epoch 046, Loss: 1.4074
Epoch 047, Loss: 1.2517
Epoch 048, Loss: 1.2750
Epoch 049, Loss: 1.1405
Epoch 050, Loss: 1.3092
Epoch 051, Loss: 1.1399
Epoch 052, Loss: 1.1451
Epoch 053, Loss: 1.2206
Epoch 054, Loss: 1.0577
Epoch 055, Loss: 1.0818
Epoch 056, Loss: 0.9831
Epoch 057, Loss: 1.2476
Epoch 058, Loss: 1.0126
Epoch 059, Loss: 0.9737
Epoch 060, Loss: 0.9187
Epoch 061, Loss: 0.8538
Epoch 062, Loss: 0.8294
Epoch 063, Loss: 0.9063
Epoch 064, Loss: 0.8555
Epoch 065, Loss: 0.8383
Epoch 066, Loss: 0.8924
Epoch 067, Loss: 0.7595
Epoch 068, Loss: 1.0067
Epoch 069, Loss: 0.8127
Epoch 070, Loss: 0.7988
Epoch 071, Loss: 0.8151
Epoch 072, Loss: 0.7297
Epoch 073, Loss: 1.0267
Epoch 074, Loss: 1.0355
Epoch 075, Loss: 0.7969
Epoch 076, Loss: 1.1293
Epoch 077, Loss: 0.7803
Epoch 078, Loss: 0.8116
Epoch 079, Loss: 0.7957
Epoch 080, Loss: 0.7925
Epoch 081, Loss: 0.7979
Epoch 082, Loss: 0.8002
Epoch 083, Loss: 0.8051
Epoch 084, Loss: 0.8660
Epoch 085, Loss: 0.7146
Epoch 086, Loss: 0.6820
Epoch 087, Loss: 0.8565
Epoch 088, Loss: 0.8783
Epoch 089, Loss: 0.8011
Epoch 090, Loss: 0.8308
Epoch 091, Loss: 0.7911
Epoch 092, Loss: 0.8897
Epoch 093, Loss: 0.8309
Epoch 094, Loss: 0.7734
Epoch 095, Loss: 0.7767
Epoch 096, Loss: 0.7836
Epoch 097, Loss: 0.8717
Epoch 098, Loss: 0.7167
Epoch 099, Loss: 0.8573
Epoch 100, Loss: 0.7552

Test RMSE: 1.4767
Test MAPE: 0.2147
Training time: 8.85 seconds
Model saved to Models/GCN_model_25.pkl

 Training on dataset_full.csv...
Total rows in CSV: 250
25 325
25 325
25 325
25 325
25 325
25 325
25 325
25 325
25 325
25 325
25 325
25 325
25 325
25 325
25 325
25 325
25 325
25 325
25 325
25 325
25 325
25 325
25 325
25 325
25 325
25 325
25 325
25 325
25 325
25 325
25 325
25 325
25 325
25 325
25 325
25 325
25 325
25 325
25 325
25 325
25 325
25 325
25 325
25 325
25 325
25 325
25 325
25 325
25 325
25 325
25 325
25 325
25 325
25 325
25 325
25 325
25 325
25 325
25 325
25 325
25 325
25 325
25 325
25 325
25 325
25 325
25 325
25 325
25 325
25 325
25 325
25 325
25 325
25 325
25 325
25 325
25 325
25 325
25 325
25 325
25 325
25 325
25 325
25 325
25 325
25 325
25 325
25 325
25 325
25 325
25 325
25 325
25 325
25 325
25 325
25 325
25 325
25 325
25 325
25 325
25 325
25 325
25 325
25 325
25 325
25 325
25 325
25 325
25 325
25 325
25 325
25 325
25 325
25 325
25 325
25 325
25 325
25 325
25 325
25 325
25 325
25 325
25 325
25 325
25 325
25 325
25 325
25 325
25 325
25 325
25 325
25 325
25 325
25 325
25 325
25 325
25 325
25 325
25 325
25 325
25 325
25 325
25 325
25 325
25 325
25 325
25 325
25 325
25 325
25 325
25 325
25 325
25 325
25 325
25 325
25 325
25 325
25 325
25 325
25 325
25 325
25 325
25 325
25 325
25 325
25 325
25 325
25 325
25 325
25 325
25 325
25 325
25 325
25 325
25 325
25 325
25 325
25 325
25 325
25 325
25 325
25 325
25 325
25 325
25 325
25 325
25 325
25 325
25 325
25 325
25 325
25 325
25 325
25 325
25 325
25 325
25 325
25 325
25 325
25 325
25 325
25 325
25 325
25 325
25 325
25 325
25 325
25 325
25 325
25 325
25 325
25 325
25 325
25 325
25 325
25 325
25 325
25 325
25 325
25 325
25 325
25 325
25 325
25 325
25 325
25 325
25 325
25 325
25 325
25 325
25 325
25 325
25 325
25 325
25 325
25 325
25 325
25 325
25 325
25 325
25 325
25 325
25 325
25 325
25 325
25 325
25 325
25 325
25 325
25 325
Loaded 250 valid graphs.
Epoch 001, Loss: 3.8471
Epoch 002, Loss: 3.3162
Epoch 003, Loss: 3.1580
Epoch 004, Loss: 1.7423
Epoch 005, Loss: 1.0131
Epoch 006, Loss: 0.9451
Epoch 007, Loss: 0.7749
Epoch 008, Loss: 0.7480
Epoch 009, Loss: 0.7001
Epoch 010, Loss: 0.7234
Epoch 011, Loss: 0.6700
Epoch 012, Loss: 0.6547
Epoch 013, Loss: 0.7074
Epoch 014, Loss: 0.6413
Epoch 015, Loss: 0.6773
Epoch 016, Loss: 0.7172
Epoch 017, Loss: 0.6307
Epoch 018, Loss: 0.7197
Epoch 019, Loss: 0.5814
Epoch 020, Loss: 0.6434
Epoch 021, Loss: 0.5929
Epoch 022, Loss: 0.6066
Epoch 023, Loss: 0.5967
Epoch 024, Loss: 0.6537
Epoch 025, Loss: 0.6423
Epoch 026, Loss: 0.5954
Epoch 027, Loss: 0.5955
Epoch 028, Loss: 0.5851
Epoch 029, Loss: 0.5839
Epoch 030, Loss: 0.5835
Epoch 031, Loss: 0.5819
Epoch 032, Loss: 0.6561
Epoch 033, Loss: 0.6736
Epoch 034, Loss: 0.6052
Epoch 035, Loss: 0.5786
Epoch 036, Loss: 0.6004
Epoch 037, Loss: 0.6014
Epoch 038, Loss: 0.5458
Epoch 039, Loss: 0.6047
Epoch 040, Loss: 0.5544
Epoch 041, Loss: 0.5942
Epoch 042, Loss: 0.5885
Epoch 043, Loss: 0.5873
Epoch 044, Loss: 0.5424
Epoch 045, Loss: 0.5433
Epoch 046, Loss: 0.5643
Epoch 047, Loss: 0.5595
Epoch 048, Loss: 0.6132
Epoch 049, Loss: 0.5945
Epoch 050, Loss: 0.5485
Epoch 051, Loss: 0.5283
Epoch 052, Loss: 0.5284
Epoch 053, Loss: 0.5847
Epoch 054, Loss: 0.5825
Epoch 055, Loss: 0.5473
Epoch 056, Loss: 0.5320
Epoch 057, Loss: 0.5132
Epoch 058, Loss: 0.6072
Epoch 059, Loss: 0.5766
Epoch 060, Loss: 0.5121
Epoch 061, Loss: 0.6268
Epoch 062, Loss: 0.5623
Epoch 063, Loss: 0.5112
Epoch 064, Loss: 0.5435
Epoch 065, Loss: 0.5912
Epoch 066, Loss: 0.5389
Epoch 067, Loss: 0.5276
Epoch 068, Loss: 0.5193
Epoch 069, Loss: 0.5103
Epoch 070, Loss: 0.5425
Epoch 071, Loss: 0.5599
Epoch 072, Loss: 0.5341
Epoch 073, Loss: 0.5525
Epoch 074, Loss: 0.5157
Epoch 075, Loss: 0.5408
Epoch 076, Loss: 0.5320
Epoch 077, Loss: 0.5218
Epoch 078, Loss: 0.5493
Epoch 079, Loss: 0.4908
Epoch 080, Loss: 0.5148
Epoch 081, Loss: 0.5320
Epoch 082, Loss: 0.4991
Epoch 083, Loss: 0.5507
Epoch 084, Loss: 0.5523
Epoch 085, Loss: 0.5366
Epoch 086, Loss: 0.5692
Epoch 087, Loss: 0.5264
Epoch 088, Loss: 0.5320
Epoch 089, Loss: 0.4785
Epoch 090, Loss: 0.4920
Epoch 091, Loss: 0.5079
Epoch 092, Loss: 0.5278
Epoch 093, Loss: 0.5557
Epoch 094, Loss: 0.6063
Epoch 095, Loss: 0.5028
Epoch 096, Loss: 0.5028
Epoch 097, Loss: 0.5169
Epoch 098, Loss: 0.5814
Epoch 099, Loss: 0.4695
Epoch 100, Loss: 0.5066

Test RMSE: 0.7236
Test MAPE: 202875045150720.0000
Training time: 44.09 seconds
Model saved to Models/GCN_model_full.pkl

Metrics saved to Models/Graph_Neural_Training_metrics.csv

 **Final Training Results:**
node_size model_type  test_size     rmse         mape  training_time         model_file
       10   Q_values        0.2 0.648097 2.233242e-01       9.616963   GNN_model_10.pkl
       12   Q_values        0.2 0.662148 2.054197e-01       8.505363   GNN_model_12.pkl
       15   Q_values        0.2 0.773172 2.017209e-01       8.733053   GNN_model_15.pkl
       20   Q_values        0.2 0.990741 2.505426e-01       9.259396   GNN_model_20.pkl
       25   Q_values        0.2 1.476696 2.146752e-01       8.846076   GNN_model_25.pkl
     full   Q_values        0.2 0.723594 2.028750e+14      44.092019 GNN_model_full.pkl

 Training complete for all datasets!
  adding: Models/ (stored 0%)
  adding: Models/GCN_model_20.pkl (deflated 20%)
  adding: Models/GCN_model_12.pkl (deflated 23%)
  adding: Models/Graph_Neural_Training_results.txt (deflated 60%)
  adding: Models/Graph_Neural_Training_metrics.csv (deflated 50%)
  adding: Models/GCN_model_10.pkl (deflated 22%)
  adding: Models/GCN_model_15.pkl (deflated 21%)
  adding: Models/GCN_model_full.pkl (deflated 21%)
  adding: Models/GCN_model_25.pkl (deflated 20%)
