
 Training on dataset_10_nodes.csv...
Total rows in CSV: 50
10 55
10 55
10 55
10 55
10 55
10 55
10 55
10 55
10 55
10 55
10 55
10 55
10 55
10 55
10 55
10 55
10 55
10 55
10 55
10 55
10 55
10 55
10 55
10 55
10 55
10 55
10 55
10 55
10 55
10 55
10 55
10 55
10 55
10 55
10 55
10 55
10 55
10 55
10 55
10 55
10 55
10 55
10 55
10 55
10 55
10 55
10 55
10 55
10 55
10 55
Loaded 50 valid graphs.
Epoch 001, Loss: 2.3505
Epoch 002, Loss: 0.6417
Epoch 003, Loss: 0.5737
Epoch 004, Loss: 0.5512
Epoch 005, Loss: 0.5573
Epoch 006, Loss: 0.5835
Epoch 007, Loss: 0.6224
Epoch 008, Loss: 0.6398
Epoch 009, Loss: 0.6928
Epoch 010, Loss: 0.5805
Epoch 011, Loss: 0.6412
Epoch 012, Loss: 0.5950
Epoch 013, Loss: 0.6071
Epoch 014, Loss: 0.5724
Epoch 015, Loss: 0.5725
Epoch 016, Loss: 0.6345
Epoch 017, Loss: 0.5402
Epoch 018, Loss: 0.5737
Epoch 019, Loss: 0.5924
Epoch 020, Loss: 0.5680
Epoch 021, Loss: 0.5542
Epoch 022, Loss: 0.5657
Epoch 023, Loss: 0.5270
Epoch 024, Loss: 0.5596
Epoch 025, Loss: 0.6271
Epoch 026, Loss: 0.5624
Epoch 027, Loss: 0.5470
Epoch 028, Loss: 0.5445
Epoch 029, Loss: 0.5901
Epoch 030, Loss: 0.5711
Epoch 031, Loss: 0.5554
Epoch 032, Loss: 0.5547
Epoch 033, Loss: 0.5537
Epoch 034, Loss: 0.5698
Epoch 035, Loss: 0.5657
Epoch 036, Loss: 0.5389
Epoch 037, Loss: 0.5433
Epoch 038, Loss: 0.5798
Epoch 039, Loss: 0.5534
Epoch 040, Loss: 0.5295
Epoch 041, Loss: 0.5410
Epoch 042, Loss: 0.5467
Epoch 043, Loss: 0.5303
Epoch 044, Loss: 0.5874
Epoch 045, Loss: 0.5376
Epoch 046, Loss: 0.5675
Epoch 047, Loss: 0.5491
Epoch 048, Loss: 0.5774
Epoch 049, Loss: 0.5461
Epoch 050, Loss: 0.5192
Epoch 051, Loss: 0.5195
Epoch 052, Loss: 0.5190
Epoch 053, Loss: 0.5194
Epoch 054, Loss: 0.5209
Epoch 055, Loss: 0.5723
Epoch 056, Loss: 0.5213
Epoch 057, Loss: 0.5102
Epoch 058, Loss: 0.4845
Epoch 059, Loss: 0.5261
Epoch 060, Loss: 0.5428
Epoch 061, Loss: 0.5093
Epoch 062, Loss: 0.5299
Epoch 063, Loss: 0.5420
Epoch 064, Loss: 0.5149
Epoch 065, Loss: 0.5364
Epoch 066, Loss: 0.4957
Epoch 067, Loss: 0.4971
Epoch 068, Loss: 0.5218
Epoch 069, Loss: 0.4920
Epoch 070, Loss: 0.4976
Epoch 071, Loss: 0.5091
Epoch 072, Loss: 0.4901
Epoch 073, Loss: 0.4827
Epoch 074, Loss: 0.5104
Epoch 075, Loss: 0.4788
Epoch 076, Loss: 0.4967
Epoch 077, Loss: 0.4755
Epoch 078, Loss: 0.5013
Epoch 079, Loss: 0.4802
Epoch 080, Loss: 0.4867
Epoch 081, Loss: 0.4792
Epoch 082, Loss: 0.4916
Epoch 083, Loss: 0.4665
Epoch 084, Loss: 0.4679
Epoch 085, Loss: 0.4638
Epoch 086, Loss: 0.4576
Epoch 087, Loss: 0.4686
Epoch 088, Loss: 0.4688
Epoch 089, Loss: 0.4590
Epoch 090, Loss: 0.4459
Epoch 091, Loss: 0.4510
Epoch 092, Loss: 0.4287
Epoch 093, Loss: 0.4712
Epoch 094, Loss: 0.4576
Epoch 095, Loss: 0.4408
Epoch 096, Loss: 0.4493
Epoch 097, Loss: 0.4373
Epoch 098, Loss: 0.4613
Epoch 099, Loss: 0.4322
Epoch 100, Loss: 0.4306

Test RMSE: 0.6186
Test MAPE: 0.2324
Training time: 9.53 seconds
Model saved to Models/GCN_model_10.pkl

 Training on dataset_12_nodes.csv...
Total rows in CSV: 50
12 78
12 78
12 78
12 78
12 78
12 78
12 78
12 78
12 78
12 78
12 78
12 78
12 78
12 78
12 78
12 78
12 78
12 78
12 78
12 78
12 78
12 78
12 78
12 78
12 78
12 78
12 78
12 78
12 78
12 78
12 78
12 78
12 78
12 78
12 78
12 78
12 78
12 78
12 78
12 78
12 78
12 78
12 78
12 78
12 78
12 78
12 78
12 78
12 78
12 78
Loaded 50 valid graphs.
Epoch 001, Loss: 4.0019
Epoch 002, Loss: 0.9589
Epoch 003, Loss: 0.8954
Epoch 004, Loss: 0.8925
Epoch 005, Loss: 0.8149
Epoch 006, Loss: 0.8350
Epoch 007, Loss: 0.8580
Epoch 008, Loss: 0.8628
Epoch 009, Loss: 0.9547
Epoch 010, Loss: 0.8088
Epoch 011, Loss: 0.8246
Epoch 012, Loss: 0.8624
Epoch 013, Loss: 0.8536
Epoch 014, Loss: 0.8931
Epoch 015, Loss: 0.8902
Epoch 016, Loss: 0.8196
Epoch 017, Loss: 0.8399
Epoch 018, Loss: 0.7974
Epoch 019, Loss: 0.8024
Epoch 020, Loss: 0.8814
Epoch 021, Loss: 0.8559
Epoch 022, Loss: 0.8551
Epoch 023, Loss: 0.8558
Epoch 024, Loss: 0.8375
Epoch 025, Loss: 0.8219
Epoch 026, Loss: 0.7699
Epoch 027, Loss: 0.8053
Epoch 028, Loss: 0.8260
Epoch 029, Loss: 0.8655
Epoch 030, Loss: 0.8532
Epoch 031, Loss: 0.9245
Epoch 032, Loss: 0.8115
Epoch 033, Loss: 0.8264
Epoch 034, Loss: 0.8534
Epoch 035, Loss: 0.8012
Epoch 036, Loss: 0.8103
Epoch 037, Loss: 0.8797
Epoch 038, Loss: 0.8132
Epoch 039, Loss: 0.7905
Epoch 040, Loss: 0.7624
Epoch 041, Loss: 0.7952
Epoch 042, Loss: 0.7682
Epoch 043, Loss: 0.8404
Epoch 044, Loss: 0.7682
Epoch 045, Loss: 0.7229
Epoch 046, Loss: 0.8131
Epoch 047, Loss: 0.7696
Epoch 048, Loss: 0.7570
Epoch 049, Loss: 0.7438
Epoch 050, Loss: 0.8047
Epoch 051, Loss: 0.7780
Epoch 052, Loss: 0.7634
Epoch 053, Loss: 0.7270
Epoch 054, Loss: 0.7421
Epoch 055, Loss: 0.7129
Epoch 056, Loss: 0.7541
Epoch 057, Loss: 0.7552
Epoch 058, Loss: 0.6999
Epoch 059, Loss: 0.7096
Epoch 060, Loss: 0.7447
Epoch 061, Loss: 0.7005
Epoch 062, Loss: 0.7053
Epoch 063, Loss: 0.7112
Epoch 064, Loss: 0.7485
Epoch 065, Loss: 0.6749
Epoch 066, Loss: 0.7063
Epoch 067, Loss: 0.6663
Epoch 068, Loss: 0.6567
Epoch 069, Loss: 0.6767
Epoch 070, Loss: 0.6804
Epoch 071, Loss: 0.7446
Epoch 072, Loss: 0.7279
Epoch 073, Loss: 0.6457
Epoch 074, Loss: 0.7106
Epoch 075, Loss: 0.7097
Epoch 076, Loss: 0.6413
Epoch 077, Loss: 0.6585
Epoch 078, Loss: 0.6516
Epoch 079, Loss: 0.6475
Epoch 080, Loss: 0.6470
Epoch 081, Loss: 0.6704
Epoch 082, Loss: 0.6214
Epoch 083, Loss: 0.6430
Epoch 084, Loss: 0.6280
Epoch 085, Loss: 0.6596
Epoch 086, Loss: 0.7282
Epoch 087, Loss: 0.6105
Epoch 088, Loss: 0.6208
Epoch 089, Loss: 0.6058
Epoch 090, Loss: 0.6087
Epoch 091, Loss: 0.6138
Epoch 092, Loss: 0.6326
Epoch 093, Loss: 0.6184
Epoch 094, Loss: 0.6099
Epoch 095, Loss: 0.6075
Epoch 096, Loss: 0.5980
Epoch 097, Loss: 0.6049
Epoch 098, Loss: 0.6243
Epoch 099, Loss: 0.5974
Epoch 100, Loss: 0.6014

Test RMSE: 0.6505
Test MAPE: 0.1814
Training time: 8.64 seconds
Model saved to Models/GCN_model_12.pkl

 Training on dataset_15_nodes.csv...
Total rows in CSV: 50
15 120
15 120
15 120
15 120
15 120
15 120
15 120
15 120
15 120
15 120
15 120
15 120
15 120
15 120
15 120
15 120
15 120
15 120
15 120
15 120
15 120
15 120
15 120
15 120
15 120
15 120
15 120
15 120
15 120
15 120
15 120
15 120
15 120
15 120
15 120
15 120
15 120
15 120
15 120
15 120
15 120
15 120
15 120
15 120
15 120
15 120
15 120
15 120
15 120
15 120
Loaded 50 valid graphs.
Epoch 001, Loss: 5.3889
Epoch 002, Loss: 0.9314
Epoch 003, Loss: 1.0335
Epoch 004, Loss: 0.9842
Epoch 005, Loss: 0.9828
Epoch 006, Loss: 0.9439
Epoch 007, Loss: 0.9304
Epoch 008, Loss: 0.9813
Epoch 009, Loss: 0.9613
Epoch 010, Loss: 0.9935
Epoch 011, Loss: 0.9461
Epoch 012, Loss: 0.9147
Epoch 013, Loss: 0.9574
Epoch 014, Loss: 0.9775
Epoch 015, Loss: 1.0675
Epoch 016, Loss: 1.0469
Epoch 017, Loss: 0.9413
Epoch 018, Loss: 0.8909
Epoch 019, Loss: 0.9167
Epoch 020, Loss: 0.9583
Epoch 021, Loss: 1.0292
Epoch 022, Loss: 0.9350
Epoch 023, Loss: 0.8772
Epoch 024, Loss: 0.9059
Epoch 025, Loss: 0.9328
Epoch 026, Loss: 0.9256
Epoch 027, Loss: 0.8873
Epoch 028, Loss: 0.8893
Epoch 029, Loss: 0.9366
Epoch 030, Loss: 0.9275
Epoch 031, Loss: 0.9475
Epoch 032, Loss: 0.9044
Epoch 033, Loss: 0.8888
Epoch 034, Loss: 0.9077
Epoch 035, Loss: 0.8979
Epoch 036, Loss: 0.9257
Epoch 037, Loss: 0.8789
Epoch 038, Loss: 0.8788
Epoch 039, Loss: 0.9730
Epoch 040, Loss: 0.8667
Epoch 041, Loss: 0.9035
Epoch 042, Loss: 0.9553
Epoch 043, Loss: 0.8389
Epoch 044, Loss: 0.8140
Epoch 045, Loss: 0.8721
Epoch 046, Loss: 0.8194
Epoch 047, Loss: 0.9017
Epoch 048, Loss: 0.7760
Epoch 049, Loss: 0.8213
Epoch 050, Loss: 0.7769
Epoch 051, Loss: 0.8185
Epoch 052, Loss: 0.8241
Epoch 053, Loss: 0.9452
Epoch 054, Loss: 0.7970
Epoch 055, Loss: 0.7464
Epoch 056, Loss: 0.7600
Epoch 057, Loss: 0.7640
Epoch 058, Loss: 0.7496
Epoch 059, Loss: 0.7042
Epoch 060, Loss: 0.6958
Epoch 061, Loss: 0.6396
Epoch 062, Loss: 0.8168
Epoch 063, Loss: 0.7021
Epoch 064, Loss: 0.7595
Epoch 065, Loss: 0.6614
Epoch 066, Loss: 0.6012
Epoch 067, Loss: 0.7006
Epoch 068, Loss: 0.6722
Epoch 069, Loss: 0.6135
Epoch 070, Loss: 0.5978
Epoch 071, Loss: 0.6259
Epoch 072, Loss: 0.6258
Epoch 073, Loss: 0.5988
Epoch 074, Loss: 0.6953
Epoch 075, Loss: 0.5704
Epoch 076, Loss: 0.6090
Epoch 077, Loss: 0.6815
Epoch 078, Loss: 0.5798
Epoch 079, Loss: 0.6106
Epoch 080, Loss: 0.5651
Epoch 081, Loss: 0.5565
Epoch 082, Loss: 0.6361
Epoch 083, Loss: 0.5722
Epoch 084, Loss: 0.5523
Epoch 085, Loss: 0.5733
Epoch 086, Loss: 0.5745
Epoch 087, Loss: 0.5505
Epoch 088, Loss: 0.5354
Epoch 089, Loss: 0.5714
Epoch 090, Loss: 0.5933
Epoch 091, Loss: 0.5461
Epoch 092, Loss: 0.5380
Epoch 093, Loss: 0.5134
Epoch 094, Loss: 0.4959
Epoch 095, Loss: 0.5354
Epoch 096, Loss: 0.5232
Epoch 097, Loss: 0.5777
Epoch 098, Loss: 0.5631
Epoch 099, Loss: 0.5235
Epoch 100, Loss: 0.5402

Test RMSE: 0.8204
Test MAPE: 0.2030
Training time: 8.94 seconds
Model saved to Models/GCN_model_15.pkl

 Training on dataset_20_nodes.csv...
Total rows in CSV: 50
20 210
20 210
20 210
20 210
20 210
20 210
20 210
20 210
20 210
20 210
20 210
20 210
20 210
20 210
20 210
20 210
20 210
20 210
20 210
20 210
20 210
20 210
20 210
20 210
20 210
20 210
20 210
20 210
20 210
20 210
20 210
20 210
20 210
20 210
20 210
20 210
20 210
20 210
20 210
20 210
20 210
20 210
20 210
20 210
20 210
20 210
20 210
20 210
20 210
20 210
Loaded 50 valid graphs.
Epoch 001, Loss: 8.2788
Epoch 002, Loss: 1.4393
Epoch 003, Loss: 1.2514
Epoch 004, Loss: 1.2553
Epoch 005, Loss: 1.3805
Epoch 006, Loss: 1.2956
Epoch 007, Loss: 1.2983
Epoch 008, Loss: 1.4035
Epoch 009, Loss: 1.1676
Epoch 010, Loss: 1.1918
Epoch 011, Loss: 1.2979
Epoch 012, Loss: 1.3692
Epoch 013, Loss: 1.1769
Epoch 014, Loss: 1.2652
Epoch 015, Loss: 1.2100
Epoch 016, Loss: 1.3281
Epoch 017, Loss: 1.2538
Epoch 018, Loss: 1.2453
Epoch 019, Loss: 1.1847
Epoch 020, Loss: 1.3732
Epoch 021, Loss: 1.2835
Epoch 022, Loss: 1.3359
Epoch 023, Loss: 1.3882
Epoch 024, Loss: 1.2212
Epoch 025, Loss: 1.2370
Epoch 026, Loss: 1.2528
Epoch 027, Loss: 1.1950
Epoch 028, Loss: 1.1576
Epoch 029, Loss: 1.4800
Epoch 030, Loss: 1.3372
Epoch 031, Loss: 1.1584
Epoch 032, Loss: 1.1263
Epoch 033, Loss: 1.3360
Epoch 034, Loss: 1.1526
Epoch 035, Loss: 1.2385
Epoch 036, Loss: 1.1981
Epoch 037, Loss: 1.2220
Epoch 038, Loss: 1.1724
Epoch 039, Loss: 1.2219
Epoch 040, Loss: 1.3823
Epoch 041, Loss: 1.3857
Epoch 042, Loss: 1.2316
Epoch 043, Loss: 1.1727
Epoch 044, Loss: 1.1951
Epoch 045, Loss: 1.2077
Epoch 046, Loss: 1.1631
Epoch 047, Loss: 1.3021
Epoch 048, Loss: 1.2815
Epoch 049, Loss: 1.2900
Epoch 050, Loss: 1.2232
Epoch 051, Loss: 1.1160
Epoch 052, Loss: 1.1311
Epoch 053, Loss: 1.1947
Epoch 054, Loss: 1.2427
Epoch 055, Loss: 1.1122
Epoch 056, Loss: 1.2896
Epoch 057, Loss: 1.1342
Epoch 058, Loss: 1.3338
Epoch 059, Loss: 1.2105
Epoch 060, Loss: 1.1364
Epoch 061, Loss: 1.3142
Epoch 062, Loss: 1.1867
Epoch 063, Loss: 1.1821
Epoch 064, Loss: 1.2548
Epoch 065, Loss: 1.1742
Epoch 066, Loss: 1.1109
Epoch 067, Loss: 1.1418
Epoch 068, Loss: 1.1525
Epoch 069, Loss: 1.2001
Epoch 070, Loss: 1.2262
Epoch 071, Loss: 1.1620
Epoch 072, Loss: 1.1406
Epoch 073, Loss: 1.2315
Epoch 074, Loss: 1.1557
Epoch 075, Loss: 1.1488
Epoch 076, Loss: 1.0964
Epoch 077, Loss: 1.2609
Epoch 078, Loss: 1.2808
Epoch 079, Loss: 1.1677
Epoch 080, Loss: 1.1258
Epoch 081, Loss: 1.2402
Epoch 082, Loss: 1.0756
Epoch 083, Loss: 1.0239
Epoch 084, Loss: 1.0707
Epoch 085, Loss: 1.0081
Epoch 086, Loss: 0.9705
Epoch 087, Loss: 0.9531
Epoch 088, Loss: 1.0467
Epoch 089, Loss: 0.9522
Epoch 090, Loss: 0.9217
Epoch 091, Loss: 0.8871
Epoch 092, Loss: 0.9176
Epoch 093, Loss: 0.9586
Epoch 094, Loss: 0.8419
Epoch 095, Loss: 0.8465
Epoch 096, Loss: 0.8651
Epoch 097, Loss: 0.8170
Epoch 098, Loss: 0.7849
Epoch 099, Loss: 0.8167
Epoch 100, Loss: 0.7583

Test RMSE: 1.0900
Test MAPE: 0.2733
Training time: 9.23 seconds
Model saved to Models/GCN_model_20.pkl

 Training on dataset_25_nodes.csv...
Total rows in CSV: 50
25 325
25 325
25 325
25 325
25 325
25 325
25 325
25 325
25 325
25 325
25 325
25 325
25 325
25 325
25 325
25 325
25 325
25 325
25 325
25 325
25 325
25 325
25 325
25 325
25 325
25 325
25 325
25 325
25 325
25 325
25 325
25 325
25 325
25 325
25 325
25 325
25 325
25 325
25 325
25 325
25 325
25 325
25 325
25 325
25 325
25 325
25 325
25 325
25 325
25 325
Loaded 50 valid graphs.
Epoch 001, Loss: 10.2487
Epoch 002, Loss: 1.8706
Epoch 003, Loss: 1.7362
Epoch 004, Loss: 1.6102
Epoch 005, Loss: 1.5426
Epoch 006, Loss: 1.7562
Epoch 007, Loss: 1.9404
Epoch 008, Loss: 1.6418
Epoch 009, Loss: 1.6985
Epoch 010, Loss: 1.7454
Epoch 011, Loss: 1.6304
Epoch 012, Loss: 1.6913
Epoch 013, Loss: 1.7265
Epoch 014, Loss: 1.7522
Epoch 015, Loss: 1.6782
Epoch 016, Loss: 1.5231
Epoch 017, Loss: 1.5305
Epoch 018, Loss: 1.6505
Epoch 019, Loss: 1.8402
Epoch 020, Loss: 1.9702
Epoch 021, Loss: 1.5625
Epoch 022, Loss: 1.6005
Epoch 023, Loss: 1.5506
Epoch 024, Loss: 1.7648
Epoch 025, Loss: 1.5377
Epoch 026, Loss: 1.9165
Epoch 027, Loss: 1.7681
Epoch 028, Loss: 1.6423
Epoch 029, Loss: 1.6749
Epoch 030, Loss: 1.7722
Epoch 031, Loss: 1.6057
Epoch 032, Loss: 1.5833
Epoch 033, Loss: 1.5527
Epoch 034, Loss: 1.5476
Epoch 035, Loss: 1.7814
Epoch 036, Loss: 1.5157
Epoch 037, Loss: 1.4604
Epoch 038, Loss: 1.7000
Epoch 039, Loss: 1.5310
Epoch 040, Loss: 1.7343
Epoch 041, Loss: 1.4944
Epoch 042, Loss: 1.5764
Epoch 043, Loss: 1.6062
Epoch 044, Loss: 1.6359
Epoch 045, Loss: 1.6072
Epoch 046, Loss: 1.6247
Epoch 047, Loss: 1.7848
Epoch 048, Loss: 1.4902
Epoch 049, Loss: 1.4614
Epoch 050, Loss: 1.4682
Epoch 051, Loss: 1.5190
Epoch 052, Loss: 1.4836
Epoch 053, Loss: 1.4376
Epoch 054, Loss: 1.7444
Epoch 055, Loss: 1.4852
Epoch 056, Loss: 1.4143
Epoch 057, Loss: 1.4399
Epoch 058, Loss: 1.4792
Epoch 059, Loss: 1.5008
Epoch 060, Loss: 1.4830
Epoch 061, Loss: 1.5803
Epoch 062, Loss: 1.6924
Epoch 063, Loss: 1.4016
Epoch 064, Loss: 1.5490
Epoch 065, Loss: 1.3593
Epoch 066, Loss: 1.4905
Epoch 067, Loss: 1.4030
Epoch 068, Loss: 1.8617
Epoch 069, Loss: 1.5296
Epoch 070, Loss: 1.4012
Epoch 071, Loss: 1.5037
Epoch 072, Loss: 1.4628
Epoch 073, Loss: 1.4861
Epoch 074, Loss: 1.2853
Epoch 075, Loss: 1.3052
Epoch 076, Loss: 1.4968
Epoch 077, Loss: 1.4319
Epoch 078, Loss: 1.1621
Epoch 079, Loss: 1.2635
Epoch 080, Loss: 1.2363
Epoch 081, Loss: 1.2191
Epoch 082, Loss: 1.1154
Epoch 083, Loss: 1.0180
Epoch 084, Loss: 1.0618
Epoch 085, Loss: 1.0665
Epoch 086, Loss: 0.9760
Epoch 087, Loss: 0.9947
Epoch 088, Loss: 0.9880
Epoch 089, Loss: 0.9992
Epoch 090, Loss: 0.9408
Epoch 091, Loss: 0.9095
Epoch 092, Loss: 0.9881
Epoch 093, Loss: 0.8663
Epoch 094, Loss: 1.0874
Epoch 095, Loss: 0.9755
Epoch 096, Loss: 0.9640
Epoch 097, Loss: 0.8819
Epoch 098, Loss: 0.9131
Epoch 099, Loss: 0.8617
Epoch 100, Loss: 0.7822

Test RMSE: 1.5252
Test MAPE: 0.2246
Training time: 9.22 seconds
Model saved to Models/GCN_model_25.pkl

 Training on dataset_full.csv...
Total rows in CSV: 250
25 325
25 325
25 325
25 325
25 325
25 325
25 325
25 325
25 325
25 325
25 325
25 325
25 325
25 325
25 325
25 325
25 325
25 325
25 325
25 325
25 325
25 325
25 325
25 325
25 325
25 325
25 325
25 325
25 325
25 325
25 325
25 325
25 325
25 325
25 325
25 325
25 325
25 325
25 325
25 325
25 325
25 325
25 325
25 325
25 325
25 325
25 325
25 325
25 325
25 325
25 325
25 325
25 325
25 325
25 325
25 325
25 325
25 325
25 325
25 325
25 325
25 325
25 325
25 325
25 325
25 325
25 325
25 325
25 325
25 325
25 325
25 325
25 325
25 325
25 325
25 325
25 325
25 325
25 325
25 325
25 325
25 325
25 325
25 325
25 325
25 325
25 325
25 325
25 325
25 325
25 325
25 325
25 325
25 325
25 325
25 325
25 325
25 325
25 325
25 325
25 325
25 325
25 325
25 325
25 325
25 325
25 325
25 325
25 325
25 325
25 325
25 325
25 325
25 325
25 325
25 325
25 325
25 325
25 325
25 325
25 325
25 325
25 325
25 325
25 325
25 325
25 325
25 325
25 325
25 325
25 325
25 325
25 325
25 325
25 325
25 325
25 325
25 325
25 325
25 325
25 325
25 325
25 325
25 325
25 325
25 325
25 325
25 325
25 325
25 325
25 325
25 325
25 325
25 325
25 325
25 325
25 325
25 325
25 325
25 325
25 325
25 325
25 325
25 325
25 325
25 325
25 325
25 325
25 325
25 325
25 325
25 325
25 325
25 325
25 325
25 325
25 325
25 325
25 325
25 325
25 325
25 325
25 325
25 325
25 325
25 325
25 325
25 325
25 325
25 325
25 325
25 325
25 325
25 325
25 325
25 325
25 325
25 325
25 325
25 325
25 325
25 325
25 325
25 325
25 325
25 325
25 325
25 325
25 325
25 325
25 325
25 325
25 325
25 325
25 325
25 325
25 325
25 325
25 325
25 325
25 325
25 325
25 325
25 325
25 325
25 325
25 325
25 325
25 325
25 325
25 325
25 325
25 325
25 325
25 325
25 325
25 325
25 325
25 325
25 325
25 325
25 325
25 325
25 325
25 325
25 325
25 325
25 325
25 325
25 325
Loaded 250 valid graphs.
Epoch 001, Loss: 3.9853
Epoch 002, Loss: 3.3553
Epoch 003, Loss: 3.2299
Epoch 004, Loss: 2.5345
Epoch 005, Loss: 1.0645
Epoch 006, Loss: 0.8369
Epoch 007, Loss: 0.7258
Epoch 008, Loss: 0.7000
Epoch 009, Loss: 0.7192
Epoch 010, Loss: 0.6767
Epoch 011, Loss: 0.6553
Epoch 012, Loss: 0.6483
Epoch 013, Loss: 0.7242
Epoch 014, Loss: 0.6030
Epoch 015, Loss: 0.6479
Epoch 016, Loss: 0.6221
Epoch 017, Loss: 0.6629
Epoch 018, Loss: 0.5879
Epoch 019, Loss: 0.5820
Epoch 020, Loss: 0.6645
Epoch 021, Loss: 0.6026
Epoch 022, Loss: 0.6219
Epoch 023, Loss: 0.6192
Epoch 024, Loss: 0.5719
Epoch 025, Loss: 0.6142
Epoch 026, Loss: 0.6020
Epoch 027, Loss: 0.6165
Epoch 028, Loss: 0.6221
Epoch 029, Loss: 0.6051
Epoch 030, Loss: 0.5745
Epoch 031, Loss: 0.6051
Epoch 032, Loss: 0.6103
Epoch 033, Loss: 0.5720
Epoch 034, Loss: 0.5779
Epoch 035, Loss: 0.6306
Epoch 036, Loss: 0.5326
Epoch 037, Loss: 0.5712
Epoch 038, Loss: 0.6031
Epoch 039, Loss: 0.5459
Epoch 040, Loss: 0.5610
Epoch 041, Loss: 0.6042
Epoch 042, Loss: 0.5430
Epoch 043, Loss: 0.6538
Epoch 044, Loss: 0.5596
Epoch 045, Loss: 0.5471
Epoch 046, Loss: 0.5610
Epoch 047, Loss: 0.5361
Epoch 048, Loss: 0.5709
Epoch 049, Loss: 0.5455
Epoch 050, Loss: 0.5539
Epoch 051, Loss: 0.5319
Epoch 052, Loss: 0.5387
Epoch 053, Loss: 0.5526
Epoch 054, Loss: 0.5543
Epoch 055, Loss: 0.5588
Epoch 056, Loss: 0.5884
Epoch 057, Loss: 0.5273
Epoch 058, Loss: 0.5119
Epoch 059, Loss: 0.6100
Epoch 060, Loss: 0.6007
Epoch 061, Loss: 0.5462
Epoch 062, Loss: 0.5715
Epoch 063, Loss: 0.5981
Epoch 064, Loss: 0.5717
Epoch 065, Loss: 0.5552
Epoch 066, Loss: 0.5563
Epoch 067, Loss: 0.5366
Epoch 068, Loss: 0.5443
Epoch 069, Loss: 0.5375
Epoch 070, Loss: 0.5214
Epoch 071, Loss: 0.5222
Epoch 072, Loss: 0.5254
Epoch 073, Loss: 0.5264
Epoch 074, Loss: 0.5316
Epoch 075, Loss: 0.5271
Epoch 076, Loss: 0.5175
Epoch 077, Loss: 0.5657
Epoch 078, Loss: 0.5185
Epoch 079, Loss: 0.5663
Epoch 080, Loss: 0.5130
Epoch 081, Loss: 0.5196
Epoch 082, Loss: 0.5162
Epoch 083, Loss: 0.5075
Epoch 084, Loss: 0.5621
Epoch 085, Loss: 0.4909
Epoch 086, Loss: 0.5829
Epoch 087, Loss: 0.5274
Epoch 088, Loss: 0.5578
Epoch 089, Loss: 0.5250
Epoch 090, Loss: 0.5078
Epoch 091, Loss: 0.5175
Epoch 092, Loss: 0.5497
Epoch 093, Loss: 0.4886
Epoch 094, Loss: 0.5289
Epoch 095, Loss: 0.4824
Epoch 096, Loss: 0.4990
Epoch 097, Loss: 0.5181
Epoch 098, Loss: 0.4926
Epoch 099, Loss: 0.5026
Epoch 100, Loss: 0.5152

Test RMSE: 0.6933
Test MAPE: 271543317823488.0000
Training time: 45.42 seconds
Model saved to Models/GCN_model_full.pkl

Metrics saved to Models/Graph_Neural_Training_metrics.csv

 **Final Training Results:**
node_size model_type  test_size     rmse         mape  training_time         model_file
       10   Q_values        0.2 0.618557 2.324056e-01       9.532197   GNN_model_10.pkl
       12   Q_values        0.2 0.650519 1.814385e-01       8.640193   GNN_model_12.pkl
       15   Q_values        0.2 0.820383 2.030191e-01       8.937848   GNN_model_15.pkl
       20   Q_values        0.2 1.089968 2.733197e-01       9.232813   GNN_model_20.pkl
       25   Q_values        0.2 1.525165 2.246388e-01       9.224314   GNN_model_25.pkl
     full   Q_values        0.2 0.693306 2.715433e+14      45.415617 GNN_model_full.pkl

 Training complete for all datasets!
  adding: Models/ (stored 0%)
  adding: Models/GCN_model_12.pkl (deflated 23%)
  adding: Models/GCN_model_10.pkl (deflated 22%)
  adding: Models/GCN_model_15.pkl (deflated 23%)
  adding: Models/Graph_Neural_Training_metrics.csv (deflated 50%)
  adding: Models/GCN_model_25.pkl (deflated 20%)
  adding: Models/Graph_Neural_Training_results.txt (deflated 60%)
  adding: Models/GCN_model_20.pkl (deflated 21%)
  adding: Models/GCN_model_full.pkl (deflated 22%)
