
 Training on dataset_10_nodes.csv...
Total rows in CSV: 50
10 55
10 55
10 55
10 55
10 55
10 55
10 55
10 55
10 55
10 55
10 55
10 55
10 55
10 55
10 55
10 55
10 55
10 55
10 55
10 55
10 55
10 55
10 55
10 55
10 55
10 55
10 55
10 55
10 55
10 55
10 55
10 55
10 55
10 55
10 55
10 55
10 55
10 55
10 55
10 55
10 55
10 55
10 55
10 55
10 55
10 55
10 55
10 55
10 55
10 55
Loaded 50 valid graphs.
Epoch 001, Loss: 2.8335
Epoch 002, Loss: 0.5683
Epoch 003, Loss: 0.5956
Epoch 004, Loss: 0.6328
Epoch 005, Loss: 0.6077
Epoch 006, Loss: 0.5554
Epoch 007, Loss: 0.5408
Epoch 008, Loss: 0.5875
Epoch 009, Loss: 0.5761
Epoch 010, Loss: 0.5915
Epoch 011, Loss: 0.6003
Epoch 012, Loss: 0.6307
Epoch 013, Loss: 0.6245
Epoch 014, Loss: 0.5869
Epoch 015, Loss: 0.6642
Epoch 016, Loss: 0.6127
Epoch 017, Loss: 0.5663
Epoch 018, Loss: 0.5904
Epoch 019, Loss: 0.5583
Epoch 020, Loss: 0.6328
Epoch 021, Loss: 0.5584
Epoch 022, Loss: 0.5774
Epoch 023, Loss: 0.5366
Epoch 024, Loss: 0.5570
Epoch 025, Loss: 0.5936
Epoch 026, Loss: 0.6115
Epoch 027, Loss: 0.5598
Epoch 028, Loss: 0.6089
Epoch 029, Loss: 0.6432
Epoch 030, Loss: 0.5736
Epoch 031, Loss: 0.5481
Epoch 032, Loss: 0.5649
Epoch 033, Loss: 0.5800
Epoch 034, Loss: 0.5647
Epoch 035, Loss: 0.5839
Epoch 036, Loss: 0.5588
Epoch 037, Loss: 0.5382
Epoch 038, Loss: 0.5737
Epoch 039, Loss: 0.5193
Epoch 040, Loss: 0.5657
Epoch 041, Loss: 0.6226
Epoch 042, Loss: 0.5584
Epoch 043, Loss: 0.5515
Epoch 044, Loss: 0.5417
Epoch 045, Loss: 0.5546
Epoch 046, Loss: 0.6190
Epoch 047, Loss: 0.5583
Epoch 048, Loss: 0.5633
Epoch 049, Loss: 0.5421
Epoch 050, Loss: 0.5155
Epoch 051, Loss: 0.5562
Epoch 052, Loss: 0.5089
Epoch 053, Loss: 0.5125
Epoch 054, Loss: 0.5584
Epoch 055, Loss: 0.5215
Epoch 056, Loss: 0.5128
Epoch 057, Loss: 0.5177
Epoch 058, Loss: 0.5235
Epoch 059, Loss: 0.5367
Epoch 060, Loss: 0.4999
Epoch 061, Loss: 0.4962
Epoch 062, Loss: 0.4999
Epoch 063, Loss: 0.5602
Epoch 064, Loss: 0.5220
Epoch 065, Loss: 0.5256
Epoch 066, Loss: 0.5377
Epoch 067, Loss: 0.4993
Epoch 068, Loss: 0.4946
Epoch 069, Loss: 0.5005
Epoch 070, Loss: 0.5237
Epoch 071, Loss: 0.4961
Epoch 072, Loss: 0.5135
Epoch 073, Loss: 0.5315
Epoch 074, Loss: 0.5112
Epoch 075, Loss: 0.5197
Epoch 076, Loss: 0.4856
Epoch 077, Loss: 0.4979
Epoch 078, Loss: 0.4856
Epoch 079, Loss: 0.4921
Epoch 080, Loss: 0.5142
Epoch 081, Loss: 0.5148
Epoch 082, Loss: 0.4670
Epoch 083, Loss: 0.4990
Epoch 084, Loss: 0.4888
Epoch 085, Loss: 0.4804
Epoch 086, Loss: 0.4756
Epoch 087, Loss: 0.4754
Epoch 088, Loss: 0.4527
Epoch 089, Loss: 0.4699
Epoch 090, Loss: 0.4598
Epoch 091, Loss: 0.4598
Epoch 092, Loss: 0.4995
Epoch 093, Loss: 0.4566
Epoch 094, Loss: 0.4760
Epoch 095, Loss: 0.4707
Epoch 096, Loss: 0.4393
Epoch 097, Loss: 0.4504
Epoch 098, Loss: 0.4691
Epoch 099, Loss: 0.4495
Epoch 100, Loss: 0.4588

Test RMSE: 0.6256
Test MAPE: 0.2315
Training time: 10.09 seconds
Model saved to Models/GCN_model_10.pkl

 Training on dataset_12_nodes.csv...
Total rows in CSV: 50
12 78
12 78
12 78
12 78
12 78
12 78
12 78
12 78
12 78
12 78
12 78
12 78
12 78
12 78
12 78
12 78
12 78
12 78
12 78
12 78
12 78
12 78
12 78
12 78
12 78
12 78
12 78
12 78
12 78
12 78
12 78
12 78
12 78
12 78
12 78
12 78
12 78
12 78
12 78
12 78
12 78
12 78
12 78
12 78
12 78
12 78
12 78
12 78
12 78
12 78
Loaded 50 valid graphs.
Epoch 001, Loss: 3.3331
Epoch 002, Loss: 0.8712
Epoch 003, Loss: 0.8133
Epoch 004, Loss: 0.8961
Epoch 005, Loss: 0.8713
Epoch 006, Loss: 0.8759
Epoch 007, Loss: 0.9140
Epoch 008, Loss: 0.8348
Epoch 009, Loss: 0.8744
Epoch 010, Loss: 0.9877
Epoch 011, Loss: 0.8769
Epoch 012, Loss: 0.8613
Epoch 013, Loss: 0.9642
Epoch 014, Loss: 0.9868
Epoch 015, Loss: 0.8272
Epoch 016, Loss: 0.8556
Epoch 017, Loss: 0.8612
Epoch 018, Loss: 0.8231
Epoch 019, Loss: 0.8042
Epoch 020, Loss: 0.9174
Epoch 021, Loss: 0.8362
Epoch 022, Loss: 0.8488
Epoch 023, Loss: 0.8435
Epoch 024, Loss: 0.8306
Epoch 025, Loss: 0.8785
Epoch 026, Loss: 0.8493
Epoch 027, Loss: 0.8506
Epoch 028, Loss: 0.8229
Epoch 029, Loss: 0.8804
Epoch 030, Loss: 0.7980
Epoch 031, Loss: 0.8250
Epoch 032, Loss: 0.8217
Epoch 033, Loss: 0.8700
Epoch 034, Loss: 0.8210
Epoch 035, Loss: 0.8325
Epoch 036, Loss: 0.8136
Epoch 037, Loss: 0.8750
Epoch 038, Loss: 0.8071
Epoch 039, Loss: 0.8361
Epoch 040, Loss: 0.8523
Epoch 041, Loss: 0.8378
Epoch 042, Loss: 0.8659
Epoch 043, Loss: 0.8423
Epoch 044, Loss: 0.8360
Epoch 045, Loss: 0.8481
Epoch 046, Loss: 0.8083
Epoch 047, Loss: 0.8458
Epoch 048, Loss: 0.8620
Epoch 049, Loss: 0.8276
Epoch 050, Loss: 0.7905
Epoch 051, Loss: 0.7993
Epoch 052, Loss: 0.8268
Epoch 053, Loss: 0.7888
Epoch 054, Loss: 0.7807
Epoch 055, Loss: 0.8123
Epoch 056, Loss: 0.8014
Epoch 057, Loss: 0.8316
Epoch 058, Loss: 0.7901
Epoch 059, Loss: 0.7995
Epoch 060, Loss: 0.7837
Epoch 061, Loss: 0.7654
Epoch 062, Loss: 0.7824
Epoch 063, Loss: 0.7826
Epoch 064, Loss: 0.7620
Epoch 065, Loss: 0.7692
Epoch 066, Loss: 0.7952
Epoch 067, Loss: 0.7524
Epoch 068, Loss: 0.7541
Epoch 069, Loss: 0.7334
Epoch 070, Loss: 0.7803
Epoch 071, Loss: 0.7146
Epoch 072, Loss: 0.7382
Epoch 073, Loss: 0.7585
Epoch 074, Loss: 0.6968
Epoch 075, Loss: 0.7118
Epoch 076, Loss: 0.7011
Epoch 077, Loss: 0.7076
Epoch 078, Loss: 0.7031
Epoch 079, Loss: 0.7092
Epoch 080, Loss: 0.7007
Epoch 081, Loss: 0.7123
Epoch 082, Loss: 0.6940
Epoch 083, Loss: 0.6294
Epoch 084, Loss: 0.6602
Epoch 085, Loss: 0.6614
Epoch 086, Loss: 0.6275
Epoch 087, Loss: 0.6732
Epoch 088, Loss: 0.6471
Epoch 089, Loss: 0.6398
Epoch 090, Loss: 0.6822
Epoch 091, Loss: 0.6375
Epoch 092, Loss: 0.6149
Epoch 093, Loss: 0.6099
Epoch 094, Loss: 0.6579
Epoch 095, Loss: 0.6065
Epoch 096, Loss: 0.5958
Epoch 097, Loss: 0.5856
Epoch 098, Loss: 0.5782
Epoch 099, Loss: 0.6363
Epoch 100, Loss: 0.5676

Test RMSE: 0.6641
Test MAPE: 0.2172
Training time: 8.89 seconds
Model saved to Models/GCN_model_12.pkl

 Training on dataset_15_nodes.csv...
Total rows in CSV: 50
15 120
15 120
15 120
15 120
15 120
15 120
15 120
15 120
15 120
15 120
15 120
15 120
15 120
15 120
15 120
15 120
15 120
15 120
15 120
15 120
15 120
15 120
15 120
15 120
15 120
15 120
15 120
15 120
15 120
15 120
15 120
15 120
15 120
15 120
15 120
15 120
15 120
15 120
15 120
15 120
15 120
15 120
15 120
15 120
15 120
15 120
15 120
15 120
15 120
15 120
Loaded 50 valid graphs.
Epoch 001, Loss: 3.9210
Epoch 002, Loss: 0.9006
Epoch 003, Loss: 1.2086
Epoch 004, Loss: 1.0528
Epoch 005, Loss: 0.9920
Epoch 006, Loss: 0.9675
Epoch 007, Loss: 0.9862
Epoch 008, Loss: 0.9075
Epoch 009, Loss: 0.9985
Epoch 010, Loss: 0.9027
Epoch 011, Loss: 0.9090
Epoch 012, Loss: 0.9453
Epoch 013, Loss: 0.9784
Epoch 014, Loss: 0.9165
Epoch 015, Loss: 0.9052
Epoch 016, Loss: 0.9498
Epoch 017, Loss: 0.9084
Epoch 018, Loss: 0.8572
Epoch 019, Loss: 1.0353
Epoch 020, Loss: 0.9286
Epoch 021, Loss: 0.9446
Epoch 022, Loss: 0.9634
Epoch 023, Loss: 0.9101
Epoch 024, Loss: 0.9885
Epoch 025, Loss: 0.9063
Epoch 026, Loss: 0.8988
Epoch 027, Loss: 0.9200
Epoch 028, Loss: 0.9428
Epoch 029, Loss: 1.0081
Epoch 030, Loss: 0.9458
Epoch 031, Loss: 1.0407
Epoch 032, Loss: 0.9157
Epoch 033, Loss: 1.0278
Epoch 034, Loss: 0.9033
Epoch 035, Loss: 0.9428
Epoch 036, Loss: 0.9384
Epoch 037, Loss: 0.8755
Epoch 038, Loss: 0.9638
Epoch 039, Loss: 0.9270
Epoch 040, Loss: 0.9285
Epoch 041, Loss: 0.9312
Epoch 042, Loss: 0.8567
Epoch 043, Loss: 0.9216
Epoch 044, Loss: 0.8545
Epoch 045, Loss: 0.8590
Epoch 046, Loss: 0.8561
Epoch 047, Loss: 0.9337
Epoch 048, Loss: 0.9154
Epoch 049, Loss: 0.8947
Epoch 050, Loss: 0.9222
Epoch 051, Loss: 0.8737
Epoch 052, Loss: 0.8557
Epoch 053, Loss: 0.8591
Epoch 054, Loss: 0.8262
Epoch 055, Loss: 0.8913
Epoch 056, Loss: 0.8545
Epoch 057, Loss: 0.8658
Epoch 058, Loss: 0.8159
Epoch 059, Loss: 0.9038
Epoch 060, Loss: 0.8407
Epoch 061, Loss: 0.8480
Epoch 062, Loss: 0.8850
Epoch 063, Loss: 0.7925
Epoch 064, Loss: 0.7993
Epoch 065, Loss: 0.8394
Epoch 066, Loss: 0.7968
Epoch 067, Loss: 0.9043
Epoch 068, Loss: 0.8052
Epoch 069, Loss: 0.7637
Epoch 070, Loss: 0.7864
Epoch 071, Loss: 0.7606
Epoch 072, Loss: 0.7182
Epoch 073, Loss: 0.6990
Epoch 074, Loss: 0.7908
Epoch 075, Loss: 0.7569
Epoch 076, Loss: 0.7667
Epoch 077, Loss: 0.6775
Epoch 078, Loss: 0.6787
Epoch 079, Loss: 0.6835
Epoch 080, Loss: 0.6276
Epoch 081, Loss: 0.7140
Epoch 082, Loss: 0.6693
Epoch 083, Loss: 0.6795
Epoch 084, Loss: 0.6372
Epoch 085, Loss: 0.6878
Epoch 086, Loss: 0.6242
Epoch 087, Loss: 0.6034
Epoch 088, Loss: 0.6521
Epoch 089, Loss: 0.6140
Epoch 090, Loss: 0.6139
Epoch 091, Loss: 0.6010
Epoch 092, Loss: 0.6658
Epoch 093, Loss: 0.6594
Epoch 094, Loss: 0.6903
Epoch 095, Loss: 0.6348
Epoch 096, Loss: 0.6546
Epoch 097, Loss: 0.6003
Epoch 098, Loss: 0.5939
Epoch 099, Loss: 0.6104
Epoch 100, Loss: 0.5871

Test RMSE: 0.8477
Test MAPE: 0.2261
Training time: 8.97 seconds
Model saved to Models/GCN_model_15.pkl

 Training on dataset_20_nodes.csv...
Total rows in CSV: 50
20 210
20 210
20 210
20 210
20 210
20 210
20 210
20 210
20 210
20 210
20 210
20 210
20 210
20 210
20 210
20 210
20 210
20 210
20 210
20 210
20 210
20 210
20 210
20 210
20 210
20 210
20 210
20 210
20 210
20 210
20 210
20 210
20 210
20 210
20 210
20 210
20 210
20 210
20 210
20 210
20 210
20 210
20 210
20 210
20 210
20 210
20 210
20 210
20 210
20 210
Loaded 50 valid graphs.
Epoch 001, Loss: 7.8001
Epoch 002, Loss: 1.2506
Epoch 003, Loss: 1.3036
Epoch 004, Loss: 1.3128
Epoch 005, Loss: 1.3823
Epoch 006, Loss: 1.5702
Epoch 007, Loss: 1.2345
Epoch 008, Loss: 1.3068
Epoch 009, Loss: 1.2936
Epoch 010, Loss: 1.2690
Epoch 011, Loss: 1.2798
Epoch 012, Loss: 1.3561
Epoch 013, Loss: 1.2466
Epoch 014, Loss: 1.2399
Epoch 015, Loss: 1.3219
Epoch 016, Loss: 1.4514
Epoch 017, Loss: 1.1496
Epoch 018, Loss: 1.2514
Epoch 019, Loss: 1.2996
Epoch 020, Loss: 1.2530
Epoch 021, Loss: 1.2004
Epoch 022, Loss: 1.1417
Epoch 023, Loss: 1.2715
Epoch 024, Loss: 1.2415
Epoch 025, Loss: 1.3060
Epoch 026, Loss: 1.2258
Epoch 027, Loss: 1.2447
Epoch 028, Loss: 1.2356
Epoch 029, Loss: 1.2559
Epoch 030, Loss: 1.1989
Epoch 031, Loss: 1.1328
Epoch 032, Loss: 1.1375
Epoch 033, Loss: 1.1187
Epoch 034, Loss: 1.1434
Epoch 035, Loss: 1.1251
Epoch 036, Loss: 1.0573
Epoch 037, Loss: 1.0430
Epoch 038, Loss: 1.1280
Epoch 039, Loss: 1.0478
Epoch 040, Loss: 0.9181
Epoch 041, Loss: 1.0551
Epoch 042, Loss: 0.9201
Epoch 043, Loss: 1.0219
Epoch 044, Loss: 1.0482
Epoch 045, Loss: 0.9785
Epoch 046, Loss: 0.9834
Epoch 047, Loss: 0.8791
Epoch 048, Loss: 0.9320
Epoch 049, Loss: 0.9119
Epoch 050, Loss: 0.9045
Epoch 051, Loss: 0.8425
Epoch 052, Loss: 1.0115
Epoch 053, Loss: 0.8381
Epoch 054, Loss: 0.8804
Epoch 055, Loss: 0.8474
Epoch 056, Loss: 0.8281
Epoch 057, Loss: 0.7929
Epoch 058, Loss: 1.1254
Epoch 059, Loss: 0.8440
Epoch 060, Loss: 0.8437
Epoch 061, Loss: 0.7685
Epoch 062, Loss: 0.8915
Epoch 063, Loss: 0.8778
Epoch 064, Loss: 0.8221
Epoch 065, Loss: 0.7145
Epoch 066, Loss: 0.7739
Epoch 067, Loss: 0.7070
Epoch 068, Loss: 0.7236
Epoch 069, Loss: 0.7113
Epoch 070, Loss: 0.7535
Epoch 071, Loss: 0.6533
Epoch 072, Loss: 0.7015
Epoch 073, Loss: 0.8662
Epoch 074, Loss: 0.7419
Epoch 075, Loss: 0.6931
Epoch 076, Loss: 0.7960
Epoch 077, Loss: 0.6213
Epoch 078, Loss: 0.6304
Epoch 079, Loss: 0.6442
Epoch 080, Loss: 0.6257
Epoch 081, Loss: 0.6116
Epoch 082, Loss: 0.6081
Epoch 083, Loss: 0.6271
Epoch 084, Loss: 0.5753
Epoch 085, Loss: 0.5763
Epoch 086, Loss: 0.6174
Epoch 087, Loss: 0.5779
Epoch 088, Loss: 0.5505
Epoch 089, Loss: 0.5777
Epoch 090, Loss: 0.5509
Epoch 091, Loss: 0.5181
Epoch 092, Loss: 0.5065
Epoch 093, Loss: 0.5527
Epoch 094, Loss: 0.5086
Epoch 095, Loss: 0.5009
Epoch 096, Loss: 0.5427
Epoch 097, Loss: 0.5309
Epoch 098, Loss: 0.5438
Epoch 099, Loss: 0.5281
Epoch 100, Loss: 0.5207

Test RMSE: 1.0742
Test MAPE: 0.2579
Training time: 9.28 seconds
Model saved to Models/GCN_model_20.pkl

 Training on dataset_25_nodes.csv...
Total rows in CSV: 50
25 325
25 325
25 325
25 325
25 325
25 325
25 325
25 325
25 325
25 325
25 325
25 325
25 325
25 325
25 325
25 325
25 325
25 325
25 325
25 325
25 325
25 325
25 325
25 325
25 325
25 325
25 325
25 325
25 325
25 325
25 325
25 325
25 325
25 325
25 325
25 325
25 325
25 325
25 325
25 325
25 325
25 325
25 325
25 325
25 325
25 325
25 325
25 325
25 325
25 325
Loaded 50 valid graphs.
Epoch 001, Loss: 10.5892
Epoch 002, Loss: 1.6680
Epoch 003, Loss: 1.6620
Epoch 004, Loss: 1.7058
Epoch 005, Loss: 1.4787
Epoch 006, Loss: 1.4178
Epoch 007, Loss: 1.5272
Epoch 008, Loss: 1.5404
Epoch 009, Loss: 1.6010
Epoch 010, Loss: 1.6108
Epoch 011, Loss: 1.6597
Epoch 012, Loss: 1.6130
Epoch 013, Loss: 1.8012
Epoch 014, Loss: 1.8648
Epoch 015, Loss: 1.5039
Epoch 016, Loss: 1.3816
Epoch 017, Loss: 1.8385
Epoch 018, Loss: 1.7538
Epoch 019, Loss: 1.6607
Epoch 020, Loss: 1.4788
Epoch 021, Loss: 1.6180
Epoch 022, Loss: 1.5888
Epoch 023, Loss: 1.5151
Epoch 024, Loss: 1.7233
Epoch 025, Loss: 1.5569
Epoch 026, Loss: 1.5253
Epoch 027, Loss: 1.6283
Epoch 028, Loss: 1.6026
Epoch 029, Loss: 1.5729
Epoch 030, Loss: 1.7821
Epoch 031, Loss: 1.6566
Epoch 032, Loss: 1.7228
Epoch 033, Loss: 1.5927
Epoch 034, Loss: 1.4703
Epoch 035, Loss: 1.4805
Epoch 036, Loss: 1.5798
Epoch 037, Loss: 1.5512
Epoch 038, Loss: 1.5937
Epoch 039, Loss: 1.5469
Epoch 040, Loss: 1.6280
Epoch 041, Loss: 1.5049
Epoch 042, Loss: 1.5249
Epoch 043, Loss: 1.3685
Epoch 044, Loss: 1.6044
Epoch 045, Loss: 1.4786
Epoch 046, Loss: 1.4542
Epoch 047, Loss: 1.5907
Epoch 048, Loss: 1.5297
Epoch 049, Loss: 1.5207
Epoch 050, Loss: 1.4466
Epoch 051, Loss: 1.7604
Epoch 052, Loss: 1.6145
Epoch 053, Loss: 1.6363
Epoch 054, Loss: 1.5135
Epoch 055, Loss: 1.5608
Epoch 056, Loss: 1.4724
Epoch 057, Loss: 1.5238
Epoch 058, Loss: 1.4584
Epoch 059, Loss: 1.5994
Epoch 060, Loss: 1.5670
Epoch 061, Loss: 1.4392
Epoch 062, Loss: 1.6175
Epoch 063, Loss: 1.5275
Epoch 064, Loss: 1.5356
Epoch 065, Loss: 1.4494
Epoch 066, Loss: 1.5799
Epoch 067, Loss: 1.4546
Epoch 068, Loss: 1.4513
Epoch 069, Loss: 1.5650
Epoch 070, Loss: 1.9487
Epoch 071, Loss: 1.4359
Epoch 072, Loss: 1.4423
Epoch 073, Loss: 1.4785
Epoch 074, Loss: 1.5100
Epoch 075, Loss: 1.3583
Epoch 076, Loss: 1.5541
Epoch 077, Loss: 1.4859
Epoch 078, Loss: 1.5626
Epoch 079, Loss: 1.4041
Epoch 080, Loss: 1.6527
Epoch 081, Loss: 1.5610
Epoch 082, Loss: 1.4505
Epoch 083, Loss: 1.4168
Epoch 084, Loss: 1.5014
Epoch 085, Loss: 1.7347
Epoch 086, Loss: 1.5163
Epoch 087, Loss: 1.4546
Epoch 088, Loss: 1.3115
Epoch 089, Loss: 1.3425
Epoch 090, Loss: 1.3426
Epoch 091, Loss: 1.4306
Epoch 092, Loss: 1.5790
Epoch 093, Loss: 1.3722
Epoch 094, Loss: 1.5051
Epoch 095, Loss: 1.4895
Epoch 096, Loss: 1.3812
Epoch 097, Loss: 1.4813
Epoch 098, Loss: 1.6616
Epoch 099, Loss: 1.3776
Epoch 100, Loss: 1.3524

Test RMSE: 1.4340
Test MAPE: 0.2021
Training time: 9.26 seconds
Model saved to Models/GCN_model_25.pkl

 Training on dataset_full.csv...
Total rows in CSV: 250
25 325
25 325
25 325
25 325
25 325
25 325
25 325
25 325
25 325
25 325
25 325
25 325
25 325
25 325
25 325
25 325
25 325
25 325
25 325
25 325
25 325
25 325
25 325
25 325
25 325
25 325
25 325
25 325
25 325
25 325
25 325
25 325
25 325
25 325
25 325
25 325
25 325
25 325
25 325
25 325
25 325
25 325
25 325
25 325
25 325
25 325
25 325
25 325
25 325
25 325
25 325
25 325
25 325
25 325
25 325
25 325
25 325
25 325
25 325
25 325
25 325
25 325
25 325
25 325
25 325
25 325
25 325
25 325
25 325
25 325
25 325
25 325
25 325
25 325
25 325
25 325
25 325
25 325
25 325
25 325
25 325
25 325
25 325
25 325
25 325
25 325
25 325
25 325
25 325
25 325
25 325
25 325
25 325
25 325
25 325
25 325
25 325
25 325
25 325
25 325
25 325
25 325
25 325
25 325
25 325
25 325
25 325
25 325
25 325
25 325
25 325
25 325
25 325
25 325
25 325
25 325
25 325
25 325
25 325
25 325
25 325
25 325
25 325
25 325
25 325
25 325
25 325
25 325
25 325
25 325
25 325
25 325
25 325
25 325
25 325
25 325
25 325
25 325
25 325
25 325
25 325
25 325
25 325
25 325
25 325
25 325
25 325
25 325
25 325
25 325
25 325
25 325
25 325
25 325
25 325
25 325
25 325
25 325
25 325
25 325
25 325
25 325
25 325
25 325
25 325
25 325
25 325
25 325
25 325
25 325
25 325
25 325
25 325
25 325
25 325
25 325
25 325
25 325
25 325
25 325
25 325
25 325
25 325
25 325
25 325
25 325
25 325
25 325
25 325
25 325
25 325
25 325
25 325
25 325
25 325
25 325
25 325
25 325
25 325
25 325
25 325
25 325
25 325
25 325
25 325
25 325
25 325
25 325
25 325
25 325
25 325
25 325
25 325
25 325
25 325
25 325
25 325
25 325
25 325
25 325
25 325
25 325
25 325
25 325
25 325
25 325
25 325
25 325
25 325
25 325
25 325
25 325
25 325
25 325
25 325
25 325
25 325
25 325
25 325
25 325
25 325
25 325
25 325
25 325
25 325
25 325
25 325
25 325
25 325
25 325
Loaded 250 valid graphs.
Epoch 001, Loss: 3.7211
Epoch 002, Loss: 3.3316
Epoch 003, Loss: 3.2570
Epoch 004, Loss: 3.1389
Epoch 005, Loss: 2.2925
Epoch 006, Loss: 1.2295
Epoch 007, Loss: 1.0729
Epoch 008, Loss: 0.8045
Epoch 009, Loss: 0.7353
Epoch 010, Loss: 0.7272
Epoch 011, Loss: 0.7034
Epoch 012, Loss: 0.7194
Epoch 013, Loss: 0.6463
Epoch 014, Loss: 0.7933
Epoch 015, Loss: 0.6556
Epoch 016, Loss: 0.7178
Epoch 017, Loss: 0.6466
Epoch 018, Loss: 0.6173
Epoch 019, Loss: 0.5573
Epoch 020, Loss: 0.6233
Epoch 021, Loss: 0.5865
Epoch 022, Loss: 0.6208
Epoch 023, Loss: 0.6083
Epoch 024, Loss: 0.5707
Epoch 025, Loss: 0.6241
Epoch 026, Loss: 0.6125
Epoch 027, Loss: 0.5836
Epoch 028, Loss: 0.5826
Epoch 029, Loss: 0.5911
Epoch 030, Loss: 0.5522
Epoch 031, Loss: 0.5831
Epoch 032, Loss: 0.6306
Epoch 033, Loss: 0.5799
Epoch 034, Loss: 0.5992
Epoch 035, Loss: 0.5686
Epoch 036, Loss: 0.6059
Epoch 037, Loss: 0.5593
Epoch 038, Loss: 0.5547
Epoch 039, Loss: 0.5862
Epoch 040, Loss: 0.5256
Epoch 041, Loss: 0.5705
Epoch 042, Loss: 0.6421
Epoch 043, Loss: 0.5842
Epoch 044, Loss: 0.5449
Epoch 045, Loss: 0.5177
Epoch 046, Loss: 0.5857
Epoch 047, Loss: 0.5751
Epoch 048, Loss: 0.5288
Epoch 049, Loss: 0.5642
Epoch 050, Loss: 0.5640
Epoch 051, Loss: 0.5667
Epoch 052, Loss: 0.5830
Epoch 053, Loss: 0.5935
Epoch 054, Loss: 0.5446
Epoch 055, Loss: 0.4957
Epoch 056, Loss: 0.5155
Epoch 057, Loss: 0.5336
Epoch 058, Loss: 0.5525
Epoch 059, Loss: 0.5570
Epoch 060, Loss: 0.5454
Epoch 061, Loss: 0.5271
Epoch 062, Loss: 0.5178
Epoch 063, Loss: 0.5701
Epoch 064, Loss: 0.5448
Epoch 065, Loss: 0.5161
Epoch 066, Loss: 0.5454
Epoch 067, Loss: 0.4771
Epoch 068, Loss: 0.5186
Epoch 069, Loss: 0.5334
Epoch 070, Loss: 0.5053
Epoch 071, Loss: 0.5191
Epoch 072, Loss: 0.5566
Epoch 073, Loss: 0.5084
Epoch 074, Loss: 0.5194
Epoch 075, Loss: 0.5189
Epoch 076, Loss: 0.5094
Epoch 077, Loss: 0.5148
Epoch 078, Loss: 0.4840
Epoch 079, Loss: 0.5040
Epoch 080, Loss: 0.5173
Epoch 081, Loss: 0.4899
Epoch 082, Loss: 0.4585
Epoch 083, Loss: 0.4876
Epoch 084, Loss: 0.5183
Epoch 085, Loss: 0.4839
Epoch 086, Loss: 0.4661
Epoch 087, Loss: 0.5206
Epoch 088, Loss: 0.5137
Epoch 089, Loss: 0.5044
Epoch 090, Loss: 0.4665
Epoch 091, Loss: 0.4536
Epoch 092, Loss: 0.4649
Epoch 093, Loss: 0.4502
Epoch 094, Loss: 0.4400
Epoch 095, Loss: 0.5327
Epoch 096, Loss: 0.4633
Epoch 097, Loss: 0.5303
Epoch 098, Loss: 0.4531
Epoch 099, Loss: 0.4770
Epoch 100, Loss: 0.4744

Test RMSE: 0.7203
Test MAPE: 273186444804096.0000
Training time: 45.20 seconds
Model saved to Models/GCN_model_full.pkl

Metrics saved to Models/Graph_Neural_Training_metrics.csv

 **Final Training Results:**
node_size model_type  test_size     rmse         mape  training_time         model_file
       10   Q_values        0.2 0.625633 2.315493e-01      10.090712   GNN_model_10.pkl
       12   Q_values        0.2 0.664104 2.172304e-01       8.891115   GNN_model_12.pkl
       15   Q_values        0.2 0.847655 2.261351e-01       8.967962   GNN_model_15.pkl
       20   Q_values        0.2 1.074206 2.578811e-01       9.282934   GNN_model_20.pkl
       25   Q_values        0.2 1.434044 2.021223e-01       9.264184   GNN_model_25.pkl
     full   Q_values        0.2 0.720262 2.731864e+14      45.198253 GNN_model_full.pkl

 Training complete for all datasets!
  adding: Models/ (stored 0%)
  adding: Models/GCN_model_10.pkl (deflated 22%)
  adding: Models/Graph_Neural_Training_results.txt (deflated 59%)
  adding: Models/GCN_model_12.pkl (deflated 22%)
  adding: Models/Graph_Neural_Training_metrics.csv (deflated 50%)
  adding: Models/GCN_model_full.pkl (deflated 22%)
  adding: Models/GCN_model_15.pkl (deflated 22%)
  adding: Models/GCN_model_20.pkl (deflated 21%)
  adding: Models/GCN_model_25.pkl (deflated 21%)
