
 Training on dataset_10_nodes.csv...
Total rows in CSV: 50
10 55
10 55
10 55
10 55
10 55
10 55
10 55
10 55
10 55
10 55
10 55
10 55
10 55
10 55
10 55
10 55
10 55
10 55
10 55
10 55
10 55
10 55
10 55
10 55
10 55
10 55
10 55
10 55
10 55
10 55
10 55
10 55
10 55
10 55
10 55
10 55
10 55
10 55
10 55
10 55
10 55
10 55
10 55
10 55
10 55
10 55
10 55
10 55
10 55
10 55
Loaded 50 valid graphs.
Epoch 001, Loss: 2.9451
Epoch 002, Loss: 0.5674
Epoch 003, Loss: 0.5919
Epoch 004, Loss: 0.6472
Epoch 005, Loss: 0.5888
Epoch 006, Loss: 0.6459
Epoch 007, Loss: 0.5572
Epoch 008, Loss: 0.5755
Epoch 009, Loss: 0.5800
Epoch 010, Loss: 0.6109
Epoch 011, Loss: 0.5619
Epoch 012, Loss: 0.6021
Epoch 013, Loss: 0.5564
Epoch 014, Loss: 0.5946
Epoch 015, Loss: 0.5774
Epoch 016, Loss: 0.6201
Epoch 017, Loss: 0.5528
Epoch 018, Loss: 0.5540
Epoch 019, Loss: 0.5823
Epoch 020, Loss: 0.5752
Epoch 021, Loss: 0.5587
Epoch 022, Loss: 0.5609
Epoch 023, Loss: 0.5971
Epoch 024, Loss: 0.6119
Epoch 025, Loss: 0.6080
Epoch 026, Loss: 0.5849
Epoch 027, Loss: 0.5707
Epoch 028, Loss: 0.5805
Epoch 029, Loss: 0.5537
Epoch 030, Loss: 0.5621
Epoch 031, Loss: 0.5261
Epoch 032, Loss: 0.5342
Epoch 033, Loss: 0.5537
Epoch 034, Loss: 0.5666
Epoch 035, Loss: 0.5460
Epoch 036, Loss: 0.5917
Epoch 037, Loss: 0.5971
Epoch 038, Loss: 0.5436
Epoch 039, Loss: 0.5564
Epoch 040, Loss: 0.5533
Epoch 041, Loss: 0.5580
Epoch 042, Loss: 0.5347
Epoch 043, Loss: 0.5324
Epoch 044, Loss: 0.5996
Epoch 045, Loss: 0.5395
Epoch 046, Loss: 0.5442
Epoch 047, Loss: 0.5430
Epoch 048, Loss: 0.5273
Epoch 049, Loss: 0.5277
Epoch 050, Loss: 0.5473
Epoch 051, Loss: 0.5586
Epoch 052, Loss: 0.5779
Epoch 053, Loss: 0.5483
Epoch 054, Loss: 0.5420
Epoch 055, Loss: 0.5290
Epoch 056, Loss: 0.5479
Epoch 057, Loss: 0.5038
Epoch 058, Loss: 0.5457
Epoch 059, Loss: 0.5181
Epoch 060, Loss: 0.5403
Epoch 061, Loss: 0.5317
Epoch 062, Loss: 0.5191
Epoch 063, Loss: 0.5693
Epoch 064, Loss: 0.5148
Epoch 065, Loss: 0.5472
Epoch 066, Loss: 0.5117
Epoch 067, Loss: 0.5441
Epoch 068, Loss: 0.5421
Epoch 069, Loss: 0.4954
Epoch 070, Loss: 0.5034
Epoch 071, Loss: 0.5276
Epoch 072, Loss: 0.5346
Epoch 073, Loss: 0.5099
Epoch 074, Loss: 0.5142
Epoch 075, Loss: 0.5298
Epoch 076, Loss: 0.5056
Epoch 077, Loss: 0.4936
Epoch 078, Loss: 0.4939
Epoch 079, Loss: 0.5040
Epoch 080, Loss: 0.4974
Epoch 081, Loss: 0.5240
Epoch 082, Loss: 0.5123
Epoch 083, Loss: 0.5147
Epoch 084, Loss: 0.4970
Epoch 085, Loss: 0.4853
Epoch 086, Loss: 0.4982
Epoch 087, Loss: 0.4867
Epoch 088, Loss: 0.4867
Epoch 089, Loss: 0.4790
Epoch 090, Loss: 0.4917
Epoch 091, Loss: 0.4982
Epoch 092, Loss: 0.4771
Epoch 093, Loss: 0.5187
Epoch 094, Loss: 0.4845
Epoch 095, Loss: 0.4685
Epoch 096, Loss: 0.4752
Epoch 097, Loss: 0.4692
Epoch 098, Loss: 0.4789
Epoch 099, Loss: 0.5345
Epoch 100, Loss: 0.4760

Test RMSE: 0.6178
Test MAPE: 0.2101
Training time: 9.47 seconds
Model saved to Models/GCN_model_10.pkl

 Training on dataset_12_nodes.csv...
Total rows in CSV: 50
12 78
12 78
12 78
12 78
12 78
12 78
12 78
12 78
12 78
12 78
12 78
12 78
12 78
12 78
12 78
12 78
12 78
12 78
12 78
12 78
12 78
12 78
12 78
12 78
12 78
12 78
12 78
12 78
12 78
12 78
12 78
12 78
12 78
12 78
12 78
12 78
12 78
12 78
12 78
12 78
12 78
12 78
12 78
12 78
12 78
12 78
12 78
12 78
12 78
12 78
Loaded 50 valid graphs.
Epoch 001, Loss: 3.1720
Epoch 002, Loss: 0.9665
Epoch 003, Loss: 0.8843
Epoch 004, Loss: 0.9043
Epoch 005, Loss: 0.8822
Epoch 006, Loss: 0.8804
Epoch 007, Loss: 0.8912
Epoch 008, Loss: 0.8380
Epoch 009, Loss: 0.8328
Epoch 010, Loss: 0.8497
Epoch 011, Loss: 0.8691
Epoch 012, Loss: 0.8360
Epoch 013, Loss: 0.8329
Epoch 014, Loss: 0.8740
Epoch 015, Loss: 0.8242
Epoch 016, Loss: 0.8105
Epoch 017, Loss: 0.8102
Epoch 018, Loss: 0.8497
Epoch 019, Loss: 0.8923
Epoch 020, Loss: 0.8728
Epoch 021, Loss: 0.8219
Epoch 022, Loss: 0.8866
Epoch 023, Loss: 0.9820
Epoch 024, Loss: 0.7954
Epoch 025, Loss: 0.8273
Epoch 026, Loss: 0.8114
Epoch 027, Loss: 1.0420
Epoch 028, Loss: 0.8682
Epoch 029, Loss: 0.8176
Epoch 030, Loss: 0.8138
Epoch 031, Loss: 0.8045
Epoch 032, Loss: 0.8248
Epoch 033, Loss: 0.8766
Epoch 034, Loss: 0.8112
Epoch 035, Loss: 0.7746
Epoch 036, Loss: 0.7821
Epoch 037, Loss: 0.7587
Epoch 038, Loss: 0.7859
Epoch 039, Loss: 0.7607
Epoch 040, Loss: 0.7296
Epoch 041, Loss: 0.8648
Epoch 042, Loss: 0.8212
Epoch 043, Loss: 0.7253
Epoch 044, Loss: 0.7850
Epoch 045, Loss: 0.7393
Epoch 046, Loss: 0.7231
Epoch 047, Loss: 0.7630
Epoch 048, Loss: 0.7595
Epoch 049, Loss: 0.7277
Epoch 050, Loss: 0.7505
Epoch 051, Loss: 0.7416
Epoch 052, Loss: 0.7178
Epoch 053, Loss: 0.7095
Epoch 054, Loss: 0.7316
Epoch 055, Loss: 0.8138
Epoch 056, Loss: 0.7828
Epoch 057, Loss: 0.7203
Epoch 058, Loss: 0.7232
Epoch 059, Loss: 0.6983
Epoch 060, Loss: 0.7191
Epoch 061, Loss: 0.6962
Epoch 062, Loss: 0.6791
Epoch 063, Loss: 0.7020
Epoch 064, Loss: 0.6700
Epoch 065, Loss: 0.6702
Epoch 066, Loss: 0.6812
Epoch 067, Loss: 0.7289
Epoch 068, Loss: 0.6918
Epoch 069, Loss: 0.6780
Epoch 070, Loss: 0.6797
Epoch 071, Loss: 0.6934
Epoch 072, Loss: 0.6484
Epoch 073, Loss: 0.6784
Epoch 074, Loss: 0.6317
Epoch 075, Loss: 0.6738
Epoch 076, Loss: 0.6736
Epoch 077, Loss: 0.6468
Epoch 078, Loss: 0.6366
Epoch 079, Loss: 0.6830
Epoch 080, Loss: 0.6366
Epoch 081, Loss: 0.6801
Epoch 082, Loss: 0.6464
Epoch 083, Loss: 0.6318
Epoch 084, Loss: 0.6033
Epoch 085, Loss: 0.6267
Epoch 086, Loss: 0.6883
Epoch 087, Loss: 0.6200
Epoch 088, Loss: 0.5905
Epoch 089, Loss: 0.6050
Epoch 090, Loss: 0.6177
Epoch 091, Loss: 0.5995
Epoch 092, Loss: 0.6355
Epoch 093, Loss: 0.5997
Epoch 094, Loss: 0.6185
Epoch 095, Loss: 0.5937
Epoch 096, Loss: 0.5941
Epoch 097, Loss: 0.5982
Epoch 098, Loss: 0.6010
Epoch 099, Loss: 0.6341
Epoch 100, Loss: 0.5831

Test RMSE: 0.6690
Test MAPE: 0.1905
Training time: 8.72 seconds
Model saved to Models/GCN_model_12.pkl

 Training on dataset_15_nodes.csv...
Total rows in CSV: 50
15 120
15 120
15 120
15 120
15 120
15 120
15 120
15 120
15 120
15 120
15 120
15 120
15 120
15 120
15 120
15 120
15 120
15 120
15 120
15 120
15 120
15 120
15 120
15 120
15 120
15 120
15 120
15 120
15 120
15 120
15 120
15 120
15 120
15 120
15 120
15 120
15 120
15 120
15 120
15 120
15 120
15 120
15 120
15 120
15 120
15 120
15 120
15 120
15 120
15 120
Loaded 50 valid graphs.
Epoch 001, Loss: 4.9849
Epoch 002, Loss: 1.1464
Epoch 003, Loss: 1.0606
Epoch 004, Loss: 0.9933
Epoch 005, Loss: 0.9799
Epoch 006, Loss: 0.9220
Epoch 007, Loss: 0.9690
Epoch 008, Loss: 0.9395
Epoch 009, Loss: 0.9459
Epoch 010, Loss: 0.9752
Epoch 011, Loss: 1.0234
Epoch 012, Loss: 1.0167
Epoch 013, Loss: 0.9201
Epoch 014, Loss: 1.0001
Epoch 015, Loss: 0.9353
Epoch 016, Loss: 0.9594
Epoch 017, Loss: 1.0109
Epoch 018, Loss: 0.9235
Epoch 019, Loss: 0.9427
Epoch 020, Loss: 0.9735
Epoch 021, Loss: 1.0042
Epoch 022, Loss: 0.9654
Epoch 023, Loss: 0.9428
Epoch 024, Loss: 0.9156
Epoch 025, Loss: 0.9710
Epoch 026, Loss: 0.8775
Epoch 027, Loss: 0.8855
Epoch 028, Loss: 0.9453
Epoch 029, Loss: 0.9704
Epoch 030, Loss: 0.9310
Epoch 031, Loss: 0.8745
Epoch 032, Loss: 0.9156
Epoch 033, Loss: 0.9322
Epoch 034, Loss: 1.0497
Epoch 035, Loss: 0.9669
Epoch 036, Loss: 0.8431
Epoch 037, Loss: 0.9499
Epoch 038, Loss: 0.8623
Epoch 039, Loss: 0.9221
Epoch 040, Loss: 0.9014
Epoch 041, Loss: 0.8985
Epoch 042, Loss: 0.9364
Epoch 043, Loss: 0.8554
Epoch 044, Loss: 0.8571
Epoch 045, Loss: 0.8579
Epoch 046, Loss: 0.8591
Epoch 047, Loss: 0.9010
Epoch 048, Loss: 0.8727
Epoch 049, Loss: 0.9684
Epoch 050, Loss: 0.9035
Epoch 051, Loss: 0.8790
Epoch 052, Loss: 0.8362
Epoch 053, Loss: 0.8213
Epoch 054, Loss: 0.8553
Epoch 055, Loss: 0.9179
Epoch 056, Loss: 0.8178
Epoch 057, Loss: 0.8289
Epoch 058, Loss: 0.8570
Epoch 059, Loss: 0.8260
Epoch 060, Loss: 0.8185
Epoch 061, Loss: 0.8385
Epoch 062, Loss: 0.8284
Epoch 063, Loss: 0.8124
Epoch 064, Loss: 0.8093
Epoch 065, Loss: 0.8269
Epoch 066, Loss: 0.8009
Epoch 067, Loss: 0.7867
Epoch 068, Loss: 0.7638
Epoch 069, Loss: 0.7727
Epoch 070, Loss: 0.8414
Epoch 071, Loss: 0.7360
Epoch 072, Loss: 0.7321
Epoch 073, Loss: 0.7548
Epoch 074, Loss: 0.7571
Epoch 075, Loss: 0.7196
Epoch 076, Loss: 0.7094
Epoch 077, Loss: 0.7547
Epoch 078, Loss: 0.6508
Epoch 079, Loss: 0.7385
Epoch 080, Loss: 0.6503
Epoch 081, Loss: 0.7002
Epoch 082, Loss: 0.6679
Epoch 083, Loss: 0.6151
Epoch 084, Loss: 0.6745
Epoch 085, Loss: 0.6297
Epoch 086, Loss: 0.6460
Epoch 087, Loss: 0.7569
Epoch 088, Loss: 0.6244
Epoch 089, Loss: 0.6040
Epoch 090, Loss: 0.6416
Epoch 091, Loss: 0.6011
Epoch 092, Loss: 0.6356
Epoch 093, Loss: 0.5776
Epoch 094, Loss: 0.6117
Epoch 095, Loss: 0.5691
Epoch 096, Loss: 0.6192
Epoch 097, Loss: 0.5976
Epoch 098, Loss: 0.6506
Epoch 099, Loss: 0.5724
Epoch 100, Loss: 0.5973

Test RMSE: 0.8062
Test MAPE: 0.1953
Training time: 8.81 seconds
Model saved to Models/GCN_model_15.pkl

 Training on dataset_20_nodes.csv...
Total rows in CSV: 50
20 210
20 210
20 210
20 210
20 210
20 210
20 210
20 210
20 210
20 210
20 210
20 210
20 210
20 210
20 210
20 210
20 210
20 210
20 210
20 210
20 210
20 210
20 210
20 210
20 210
20 210
20 210
20 210
20 210
20 210
20 210
20 210
20 210
20 210
20 210
20 210
20 210
20 210
20 210
20 210
20 210
20 210
20 210
20 210
20 210
20 210
20 210
20 210
20 210
20 210
Loaded 50 valid graphs.
Epoch 001, Loss: 8.4247
Epoch 002, Loss: 1.4585
Epoch 003, Loss: 1.3181
Epoch 004, Loss: 1.4753
Epoch 005, Loss: 1.2430
Epoch 006, Loss: 1.1836
Epoch 007, Loss: 1.4752
Epoch 008, Loss: 1.2074
Epoch 009, Loss: 1.1541
Epoch 010, Loss: 1.2313
Epoch 011, Loss: 1.2302
Epoch 012, Loss: 1.2685
Epoch 013, Loss: 1.2093
Epoch 014, Loss: 1.3000
Epoch 015, Loss: 1.2946
Epoch 016, Loss: 1.2598
Epoch 017, Loss: 1.1978
Epoch 018, Loss: 1.2213
Epoch 019, Loss: 1.2145
Epoch 020, Loss: 1.2628
Epoch 021, Loss: 1.2648
Epoch 022, Loss: 1.2026
Epoch 023, Loss: 1.2335
Epoch 024, Loss: 1.2620
Epoch 025, Loss: 1.1571
Epoch 026, Loss: 1.1203
Epoch 027, Loss: 1.1718
Epoch 028, Loss: 1.2739
Epoch 029, Loss: 1.2210
Epoch 030, Loss: 1.1455
Epoch 031, Loss: 1.1272
Epoch 032, Loss: 1.0782
Epoch 033, Loss: 1.0307
Epoch 034, Loss: 1.1370
Epoch 035, Loss: 1.1089
Epoch 036, Loss: 0.9483
Epoch 037, Loss: 0.9643
Epoch 038, Loss: 0.9340
Epoch 039, Loss: 0.9005
Epoch 040, Loss: 0.8823
Epoch 041, Loss: 0.9075
Epoch 042, Loss: 0.8695
Epoch 043, Loss: 0.8283
Epoch 044, Loss: 0.8814
Epoch 045, Loss: 0.7743
Epoch 046, Loss: 0.7560
Epoch 047, Loss: 0.8167
Epoch 048, Loss: 0.7265
Epoch 049, Loss: 0.7777
Epoch 050, Loss: 0.7161
Epoch 051, Loss: 0.6618
Epoch 052, Loss: 0.6536
Epoch 053, Loss: 0.7564
Epoch 054, Loss: 0.7361
Epoch 055, Loss: 0.6854
Epoch 056, Loss: 0.7674
Epoch 057, Loss: 0.6363
Epoch 058, Loss: 0.7831
Epoch 059, Loss: 0.6376
Epoch 060, Loss: 0.6839
Epoch 061, Loss: 0.7486
Epoch 062, Loss: 0.6452
Epoch 063, Loss: 0.7706
Epoch 064, Loss: 0.7169
Epoch 065, Loss: 0.6454
Epoch 066, Loss: 0.5962
Epoch 067, Loss: 0.6327
Epoch 068, Loss: 0.6305
Epoch 069, Loss: 0.6092
Epoch 070, Loss: 0.5944
Epoch 071, Loss: 0.6049
Epoch 072, Loss: 0.8515
Epoch 073, Loss: 0.5720
Epoch 074, Loss: 0.5682
Epoch 075, Loss: 0.5558
Epoch 076, Loss: 0.6126
Epoch 077, Loss: 0.6270
Epoch 078, Loss: 0.5246
Epoch 079, Loss: 0.6046
Epoch 080, Loss: 0.6944
Epoch 081, Loss: 0.5881
Epoch 082, Loss: 0.5698
Epoch 083, Loss: 0.5297
Epoch 084, Loss: 0.5452
Epoch 085, Loss: 0.5576
Epoch 086, Loss: 0.5194
Epoch 087, Loss: 0.4982
Epoch 088, Loss: 0.6443
Epoch 089, Loss: 0.5923
Epoch 090, Loss: 0.5091
Epoch 091, Loss: 0.5615
Epoch 092, Loss: 0.5760
Epoch 093, Loss: 0.5156
Epoch 094, Loss: 0.4959
Epoch 095, Loss: 0.5220
Epoch 096, Loss: 0.5224
Epoch 097, Loss: 0.5565
Epoch 098, Loss: 0.5095
Epoch 099, Loss: 0.4814
Epoch 100, Loss: 0.5137

Test RMSE: 1.0536
Test MAPE: 0.2811
Training time: 9.12 seconds
Model saved to Models/GCN_model_20.pkl

 Training on dataset_25_nodes.csv...
Total rows in CSV: 50
25 325
25 325
25 325
25 325
25 325
25 325
25 325
25 325
25 325
25 325
25 325
25 325
25 325
25 325
25 325
25 325
25 325
25 325
25 325
25 325
25 325
25 325
25 325
25 325
25 325
25 325
25 325
25 325
25 325
25 325
25 325
25 325
25 325
25 325
25 325
25 325
25 325
25 325
25 325
25 325
25 325
25 325
25 325
25 325
25 325
25 325
25 325
25 325
25 325
25 325
Loaded 50 valid graphs.
Epoch 001, Loss: 11.1901
Epoch 002, Loss: 1.5712
Epoch 003, Loss: 1.5516
Epoch 004, Loss: 1.5880
Epoch 005, Loss: 1.6227
Epoch 006, Loss: 1.4469
Epoch 007, Loss: 1.5563
Epoch 008, Loss: 1.6240
Epoch 009, Loss: 1.5497
Epoch 010, Loss: 1.8089
Epoch 011, Loss: 1.7096
Epoch 012, Loss: 1.4918
Epoch 013, Loss: 1.8254
Epoch 014, Loss: 1.6543
Epoch 015, Loss: 1.7311
Epoch 016, Loss: 1.8737
Epoch 017, Loss: 1.6997
Epoch 018, Loss: 2.1346
Epoch 019, Loss: 1.6676
Epoch 020, Loss: 1.5031
Epoch 021, Loss: 1.5558
Epoch 022, Loss: 1.5525
Epoch 023, Loss: 1.6501
Epoch 024, Loss: 1.5012
Epoch 025, Loss: 1.7607
Epoch 026, Loss: 1.6028
Epoch 027, Loss: 1.5611
Epoch 028, Loss: 1.6475
Epoch 029, Loss: 1.6071
Epoch 030, Loss: 1.7299
Epoch 031, Loss: 1.5824
Epoch 032, Loss: 1.5995
Epoch 033, Loss: 1.3796
Epoch 034, Loss: 1.4875
Epoch 035, Loss: 1.4991
Epoch 036, Loss: 1.6532
Epoch 037, Loss: 1.5210
Epoch 038, Loss: 1.5242
Epoch 039, Loss: 1.5355
Epoch 040, Loss: 1.6331
Epoch 041, Loss: 1.4413
Epoch 042, Loss: 1.5288
Epoch 043, Loss: 1.6292
Epoch 044, Loss: 1.4835
Epoch 045, Loss: 1.4555
Epoch 046, Loss: 1.4864
Epoch 047, Loss: 1.5906
Epoch 048, Loss: 1.5514
Epoch 049, Loss: 1.5090
Epoch 050, Loss: 1.4513
Epoch 051, Loss: 1.6509
Epoch 052, Loss: 1.5671
Epoch 053, Loss: 1.4158
Epoch 054, Loss: 2.1225
Epoch 055, Loss: 1.4665
Epoch 056, Loss: 1.6269
Epoch 057, Loss: 1.5240
Epoch 058, Loss: 1.3975
Epoch 059, Loss: 1.3488
Epoch 060, Loss: 1.5660
Epoch 061, Loss: 1.4748
Epoch 062, Loss: 1.7517
Epoch 063, Loss: 1.5575
Epoch 064, Loss: 1.5978
Epoch 065, Loss: 1.4074
Epoch 066, Loss: 1.3970
Epoch 067, Loss: 1.4324
Epoch 068, Loss: 1.4104
Epoch 069, Loss: 1.5184
Epoch 070, Loss: 1.3548
Epoch 071, Loss: 1.3726
Epoch 072, Loss: 1.5208
Epoch 073, Loss: 1.3355
Epoch 074, Loss: 1.2355
Epoch 075, Loss: 1.3306
Epoch 076, Loss: 1.3327
Epoch 077, Loss: 1.0363
Epoch 078, Loss: 1.2916
Epoch 079, Loss: 1.3922
Epoch 080, Loss: 1.1034
Epoch 081, Loss: 1.1226
Epoch 082, Loss: 1.1289
Epoch 083, Loss: 1.0096
Epoch 084, Loss: 1.1613
Epoch 085, Loss: 1.1175
Epoch 086, Loss: 0.9925
Epoch 087, Loss: 1.1160
Epoch 088, Loss: 0.9575
Epoch 089, Loss: 0.9640
Epoch 090, Loss: 1.1263
Epoch 091, Loss: 1.0391
Epoch 092, Loss: 1.0668
Epoch 093, Loss: 0.8511
Epoch 094, Loss: 1.0022
Epoch 095, Loss: 0.8703
Epoch 096, Loss: 0.8312
Epoch 097, Loss: 0.9648
Epoch 098, Loss: 1.0236
Epoch 099, Loss: 0.9695
Epoch 100, Loss: 0.9005

Test RMSE: 1.5840
Test MAPE: 0.2035
Training time: 9.11 seconds
Model saved to Models/GCN_model_25.pkl

 Training on dataset_full.csv...
Total rows in CSV: 250
25 325
25 325
25 325
25 325
25 325
25 325
25 325
25 325
25 325
25 325
25 325
25 325
25 325
25 325
25 325
25 325
25 325
25 325
25 325
25 325
25 325
25 325
25 325
25 325
25 325
25 325
25 325
25 325
25 325
25 325
25 325
25 325
25 325
25 325
25 325
25 325
25 325
25 325
25 325
25 325
25 325
25 325
25 325
25 325
25 325
25 325
25 325
25 325
25 325
25 325
25 325
25 325
25 325
25 325
25 325
25 325
25 325
25 325
25 325
25 325
25 325
25 325
25 325
25 325
25 325
25 325
25 325
25 325
25 325
25 325
25 325
25 325
25 325
25 325
25 325
25 325
25 325
25 325
25 325
25 325
25 325
25 325
25 325
25 325
25 325
25 325
25 325
25 325
25 325
25 325
25 325
25 325
25 325
25 325
25 325
25 325
25 325
25 325
25 325
25 325
25 325
25 325
25 325
25 325
25 325
25 325
25 325
25 325
25 325
25 325
25 325
25 325
25 325
25 325
25 325
25 325
25 325
25 325
25 325
25 325
25 325
25 325
25 325
25 325
25 325
25 325
25 325
25 325
25 325
25 325
25 325
25 325
25 325
25 325
25 325
25 325
25 325
25 325
25 325
25 325
25 325
25 325
25 325
25 325
25 325
25 325
25 325
25 325
25 325
25 325
25 325
25 325
25 325
25 325
25 325
25 325
25 325
25 325
25 325
25 325
25 325
25 325
25 325
25 325
25 325
25 325
25 325
25 325
25 325
25 325
25 325
25 325
25 325
25 325
25 325
25 325
25 325
25 325
25 325
25 325
25 325
25 325
25 325
25 325
25 325
25 325
25 325
25 325
25 325
25 325
25 325
25 325
25 325
25 325
25 325
25 325
25 325
25 325
25 325
25 325
25 325
25 325
25 325
25 325
25 325
25 325
25 325
25 325
25 325
25 325
25 325
25 325
25 325
25 325
25 325
25 325
25 325
25 325
25 325
25 325
25 325
25 325
25 325
25 325
25 325
25 325
25 325
25 325
25 325
25 325
25 325
25 325
25 325
25 325
25 325
25 325
25 325
25 325
25 325
25 325
25 325
25 325
25 325
25 325
25 325
25 325
25 325
25 325
25 325
25 325
Loaded 250 valid graphs.
Epoch 001, Loss: 3.7806
Epoch 002, Loss: 3.2942
Epoch 003, Loss: 2.5807
Epoch 004, Loss: 1.0421
Epoch 005, Loss: 0.7969
Epoch 006, Loss: 0.8371
Epoch 007, Loss: 0.7829
Epoch 008, Loss: 0.7366
Epoch 009, Loss: 0.7832
Epoch 010, Loss: 0.8018
Epoch 011, Loss: 0.7869
Epoch 012, Loss: 0.6534
Epoch 013, Loss: 0.6380
Epoch 014, Loss: 0.6834
Epoch 015, Loss: 0.6813
Epoch 016, Loss: 0.6530
Epoch 017, Loss: 0.7042
Epoch 018, Loss: 0.6369
Epoch 019, Loss: 0.6991
Epoch 020, Loss: 0.6241
Epoch 021, Loss: 0.6314
Epoch 022, Loss: 0.5667
Epoch 023, Loss: 0.5640
Epoch 024, Loss: 0.6126
Epoch 025, Loss: 0.6315
Epoch 026, Loss: 0.5597
Epoch 027, Loss: 0.6145
Epoch 028, Loss: 0.6103
Epoch 029, Loss: 0.6035
Epoch 030, Loss: 0.6454
Epoch 031, Loss: 0.5998
Epoch 032, Loss: 0.6553
Epoch 033, Loss: 0.5690
Epoch 034, Loss: 0.6490
Epoch 035, Loss: 0.6434
Epoch 036, Loss: 0.5963
Epoch 037, Loss: 0.5934
Epoch 038, Loss: 0.5784
Epoch 039, Loss: 0.5948
Epoch 040, Loss: 0.5711
Epoch 041, Loss: 0.5947
Epoch 042, Loss: 0.6106
Epoch 043, Loss: 0.5803
Epoch 044, Loss: 0.5417
Epoch 045, Loss: 0.6040
Epoch 046, Loss: 0.4901
Epoch 047, Loss: 0.5351
Epoch 048, Loss: 0.5261
Epoch 049, Loss: 0.6285
Epoch 050, Loss: 0.5328
Epoch 051, Loss: 0.6335
Epoch 052, Loss: 0.5767
Epoch 053, Loss: 0.5249
Epoch 054, Loss: 0.5509
Epoch 055, Loss: 0.5746
Epoch 056, Loss: 0.5521
Epoch 057, Loss: 0.5521
Epoch 058, Loss: 0.5461
Epoch 059, Loss: 0.5817
Epoch 060, Loss: 0.5750
Epoch 061, Loss: 0.5602
Epoch 062, Loss: 0.5678
Epoch 063, Loss: 0.5202
Epoch 064, Loss: 0.5155
Epoch 065, Loss: 0.5559
Epoch 066, Loss: 0.5194
Epoch 067, Loss: 0.5909
Epoch 068, Loss: 0.5097
Epoch 069, Loss: 0.5205
Epoch 070, Loss: 0.5610
Epoch 071, Loss: 0.5734
Epoch 072, Loss: 0.5287
Epoch 073, Loss: 0.5128
Epoch 074, Loss: 0.5086
Epoch 075, Loss: 0.5326
Epoch 076, Loss: 0.5272
Epoch 077, Loss: 0.5557
Epoch 078, Loss: 0.5894
Epoch 079, Loss: 0.5525
Epoch 080, Loss: 0.5083
Epoch 081, Loss: 0.5297
Epoch 082, Loss: 0.5123
Epoch 083, Loss: 0.5094
Epoch 084, Loss: 0.5294
Epoch 085, Loss: 0.5573
Epoch 086, Loss: 0.5427
Epoch 087, Loss: 0.5078
Epoch 088, Loss: 0.4962
Epoch 089, Loss: 0.5160
Epoch 090, Loss: 0.5136
Epoch 091, Loss: 0.5441
Epoch 092, Loss: 0.5085
Epoch 093, Loss: 0.5046
Epoch 094, Loss: 0.5095
Epoch 095, Loss: 0.5161
Epoch 096, Loss: 0.5067
Epoch 097, Loss: 0.5124
Epoch 098, Loss: 0.5023
Epoch 099, Loss: 0.5379
Epoch 100, Loss: 0.5086

Test RMSE: 0.6433
Test MAPE: 282866713886720.0000
Training time: 44.37 seconds
Model saved to Models/GCN_model_full.pkl

Metrics saved to Models/Graph_Neural_Training_metrics.csv

 **Final Training Results:**
node_size model_type  test_size     rmse         mape  training_time         model_file
       10   Q_values        0.2 0.617840 2.100963e-01       9.465788   GNN_model_10.pkl
       12   Q_values        0.2 0.668980 1.905280e-01       8.722800   GNN_model_12.pkl
       15   Q_values        0.2 0.806213 1.952916e-01       8.811721   GNN_model_15.pkl
       20   Q_values        0.2 1.053562 2.811002e-01       9.123595   GNN_model_20.pkl
       25   Q_values        0.2 1.583979 2.035211e-01       9.107882   GNN_model_25.pkl
     full   Q_values        0.2 0.643289 2.828667e+14      44.367390 GNN_model_full.pkl

 Training complete for all datasets!
  adding: Models/ (stored 0%)
  adding: Models/GCN_model_10.pkl (deflated 23%)
  adding: Models/Graph_Neural_Training_results.txt (deflated 60%)
  adding: Models/GCN_model_12.pkl (deflated 21%)
  adding: Models/Graph_Neural_Training_metrics.csv (deflated 49%)
  adding: Models/GCN_model_full.pkl (deflated 21%)
  adding: Models/GCN_model_15.pkl (deflated 22%)
  adding: Models/GCN_model_20.pkl (deflated 23%)
  adding: Models/GCN_model_25.pkl (deflated 19%)
