
 Training on dataset_10_nodes.csv...
Total rows in CSV: 50
10 55
10 55
10 55
10 55
10 55
10 55
10 55
10 55
10 55
10 55
10 55
10 55
10 55
10 55
10 55
10 55
10 55
10 55
10 55
10 55
10 55
10 55
10 55
10 55
10 55
10 55
10 55
10 55
10 55
10 55
10 55
10 55
10 55
10 55
10 55
10 55
10 55
10 55
10 55
10 55
10 55
10 55
10 55
10 55
10 55
10 55
10 55
10 55
10 55
10 55
Loaded 50 valid graphs.
Epoch 001, Loss: 3.0643
Epoch 002, Loss: 0.5983
Epoch 003, Loss: 0.5718
Epoch 004, Loss: 0.5865
Epoch 005, Loss: 0.6577
Epoch 006, Loss: 0.5768
Epoch 007, Loss: 0.6310
Epoch 008, Loss: 0.6128
Epoch 009, Loss: 0.5612
Epoch 010, Loss: 0.6071
Epoch 011, Loss: 0.5778
Epoch 012, Loss: 0.5907
Epoch 013, Loss: 0.5489
Epoch 014, Loss: 0.5493
Epoch 015, Loss: 0.5855
Epoch 016, Loss: 0.6078
Epoch 017, Loss: 0.5810
Epoch 018, Loss: 0.5534
Epoch 019, Loss: 0.5783
Epoch 020, Loss: 0.5495
Epoch 021, Loss: 0.5135
Epoch 022, Loss: 0.5833
Epoch 023, Loss: 0.5685
Epoch 024, Loss: 0.5543
Epoch 025, Loss: 0.5394
Epoch 026, Loss: 0.5464
Epoch 027, Loss: 0.5570
Epoch 028, Loss: 0.5675
Epoch 029, Loss: 0.5902
Epoch 030, Loss: 0.5643
Epoch 031, Loss: 0.5329
Epoch 032, Loss: 0.5521
Epoch 033, Loss: 0.5975
Epoch 034, Loss: 0.5534
Epoch 035, Loss: 0.5354
Epoch 036, Loss: 0.5751
Epoch 037, Loss: 0.5611
Epoch 038, Loss: 0.5438
Epoch 039, Loss: 0.5823
Epoch 040, Loss: 0.5184
Epoch 041, Loss: 0.5205
Epoch 042, Loss: 0.5280
Epoch 043, Loss: 0.5198
Epoch 044, Loss: 0.5177
Epoch 045, Loss: 0.5125
Epoch 046, Loss: 0.5216
Epoch 047, Loss: 0.5360
Epoch 048, Loss: 0.5062
Epoch 049, Loss: 0.5194
Epoch 050, Loss: 0.5059
Epoch 051, Loss: 0.5577
Epoch 052, Loss: 0.5171
Epoch 053, Loss: 0.5158
Epoch 054, Loss: 0.5415
Epoch 055, Loss: 0.5268
Epoch 056, Loss: 0.5299
Epoch 057, Loss: 0.5301
Epoch 058, Loss: 0.5407
Epoch 059, Loss: 0.4964
Epoch 060, Loss: 0.4996
Epoch 061, Loss: 0.5084
Epoch 062, Loss: 0.5153
Epoch 063, Loss: 0.5065
Epoch 064, Loss: 0.5116
Epoch 065, Loss: 0.5449
Epoch 066, Loss: 0.5064
Epoch 067, Loss: 0.4910
Epoch 068, Loss: 0.5036
Epoch 069, Loss: 0.4861
Epoch 070, Loss: 0.5131
Epoch 071, Loss: 0.5057
Epoch 072, Loss: 0.5040
Epoch 073, Loss: 0.4863
Epoch 074, Loss: 0.5048
Epoch 075, Loss: 0.4852
Epoch 076, Loss: 0.4734
Epoch 077, Loss: 0.5365
Epoch 078, Loss: 0.4852
Epoch 079, Loss: 0.4827
Epoch 080, Loss: 0.4844
Epoch 081, Loss: 0.4639
Epoch 082, Loss: 0.4988
Epoch 083, Loss: 0.4980
Epoch 084, Loss: 0.5171
Epoch 085, Loss: 0.4835
Epoch 086, Loss: 0.4712
Epoch 087, Loss: 0.4587
Epoch 088, Loss: 0.4614
Epoch 089, Loss: 0.4810
Epoch 090, Loss: 0.4525
Epoch 091, Loss: 0.4535
Epoch 092, Loss: 0.4398
Epoch 093, Loss: 0.4537
Epoch 094, Loss: 0.4540
Epoch 095, Loss: 0.4786
Epoch 096, Loss: 0.4784
Epoch 097, Loss: 0.4569
Epoch 098, Loss: 0.4624
Epoch 099, Loss: 0.4386
Epoch 100, Loss: 0.4324

Test RMSE: 0.6417
Test MAPE: 0.2232
Training time: 9.47 seconds
Model saved to Models/GCN_model_10.pkl

 Training on dataset_12_nodes.csv...
Total rows in CSV: 50
12 78
12 78
12 78
12 78
12 78
12 78
12 78
12 78
12 78
12 78
12 78
12 78
12 78
12 78
12 78
12 78
12 78
12 78
12 78
12 78
12 78
12 78
12 78
12 78
12 78
12 78
12 78
12 78
12 78
12 78
12 78
12 78
12 78
12 78
12 78
12 78
12 78
12 78
12 78
12 78
12 78
12 78
12 78
12 78
12 78
12 78
12 78
12 78
12 78
12 78
Loaded 50 valid graphs.
Epoch 001, Loss: 3.2480
Epoch 002, Loss: 0.8758
Epoch 003, Loss: 0.8717
Epoch 004, Loss: 0.9604
Epoch 005, Loss: 0.9375
Epoch 006, Loss: 1.0161
Epoch 007, Loss: 0.8673
Epoch 008, Loss: 0.8327
Epoch 009, Loss: 0.8782
Epoch 010, Loss: 0.8146
Epoch 011, Loss: 0.8365
Epoch 012, Loss: 0.8818
Epoch 013, Loss: 0.8098
Epoch 014, Loss: 0.8653
Epoch 015, Loss: 0.8598
Epoch 016, Loss: 1.0036
Epoch 017, Loss: 0.8521
Epoch 018, Loss: 0.8532
Epoch 019, Loss: 0.8604
Epoch 020, Loss: 0.8135
Epoch 021, Loss: 0.8232
Epoch 022, Loss: 0.8316
Epoch 023, Loss: 0.8839
Epoch 024, Loss: 0.8086
Epoch 025, Loss: 0.8325
Epoch 026, Loss: 0.8141
Epoch 027, Loss: 0.8710
Epoch 028, Loss: 0.8444
Epoch 029, Loss: 0.8156
Epoch 030, Loss: 0.8026
Epoch 031, Loss: 0.9005
Epoch 032, Loss: 0.8973
Epoch 033, Loss: 0.8726
Epoch 034, Loss: 0.8316
Epoch 035, Loss: 0.7961
Epoch 036, Loss: 0.7772
Epoch 037, Loss: 0.8013
Epoch 038, Loss: 0.7745
Epoch 039, Loss: 0.7922
Epoch 040, Loss: 0.7412
Epoch 041, Loss: 0.6977
Epoch 042, Loss: 0.7686
Epoch 043, Loss: 0.7770
Epoch 044, Loss: 0.7506
Epoch 045, Loss: 0.7144
Epoch 046, Loss: 0.7308
Epoch 047, Loss: 0.7010
Epoch 048, Loss: 0.7247
Epoch 049, Loss: 0.7445
Epoch 050, Loss: 0.7127
Epoch 051, Loss: 0.6859
Epoch 052, Loss: 0.6871
Epoch 053, Loss: 0.7444
Epoch 054, Loss: 0.6593
Epoch 055, Loss: 0.6883
Epoch 056, Loss: 0.6725
Epoch 057, Loss: 0.6747
Epoch 058, Loss: 0.6587
Epoch 059, Loss: 0.6994
Epoch 060, Loss: 0.7106
Epoch 061, Loss: 0.6706
Epoch 062, Loss: 0.6355
Epoch 063, Loss: 0.6427
Epoch 064, Loss: 0.6159
Epoch 065, Loss: 0.6219
Epoch 066, Loss: 0.6199
Epoch 067, Loss: 0.6168
Epoch 068, Loss: 0.6117
Epoch 069, Loss: 0.6102
Epoch 070, Loss: 0.6200
Epoch 071, Loss: 0.6186
Epoch 072, Loss: 0.5851
Epoch 073, Loss: 0.6153
Epoch 074, Loss: 0.5921
Epoch 075, Loss: 0.5992
Epoch 076, Loss: 0.6170
Epoch 077, Loss: 0.6207
Epoch 078, Loss: 0.6146
Epoch 079, Loss: 0.6001
Epoch 080, Loss: 0.6233
Epoch 081, Loss: 0.5995
Epoch 082, Loss: 0.5818
Epoch 083, Loss: 0.5950
Epoch 084, Loss: 0.5613
Epoch 085, Loss: 0.5807
Epoch 086, Loss: 0.5853
Epoch 087, Loss: 0.5584
Epoch 088, Loss: 0.6032
Epoch 089, Loss: 0.5835
Epoch 090, Loss: 0.5636
Epoch 091, Loss: 0.5835
Epoch 092, Loss: 0.5912
Epoch 093, Loss: 0.5706
Epoch 094, Loss: 0.5652
Epoch 095, Loss: 0.5810
Epoch 096, Loss: 0.5597
Epoch 097, Loss: 0.5615
Epoch 098, Loss: 0.5472
Epoch 099, Loss: 0.5601
Epoch 100, Loss: 0.5549

Test RMSE: 0.5447
Test MAPE: 0.1589
Training time: 8.65 seconds
Model saved to Models/GCN_model_12.pkl

 Training on dataset_15_nodes.csv...
Total rows in CSV: 50
15 120
15 120
15 120
15 120
15 120
15 120
15 120
15 120
15 120
15 120
15 120
15 120
15 120
15 120
15 120
15 120
15 120
15 120
15 120
15 120
15 120
15 120
15 120
15 120
15 120
15 120
15 120
15 120
15 120
15 120
15 120
15 120
15 120
15 120
15 120
15 120
15 120
15 120
15 120
15 120
15 120
15 120
15 120
15 120
15 120
15 120
15 120
15 120
15 120
15 120
Loaded 50 valid graphs.
Epoch 001, Loss: 4.5886
Epoch 002, Loss: 0.9460
Epoch 003, Loss: 1.0648
Epoch 004, Loss: 0.9703
Epoch 005, Loss: 1.0262
Epoch 006, Loss: 0.9264
Epoch 007, Loss: 1.0102
Epoch 008, Loss: 0.9640
Epoch 009, Loss: 0.9955
Epoch 010, Loss: 0.9228
Epoch 011, Loss: 1.0988
Epoch 012, Loss: 0.9550
Epoch 013, Loss: 1.0669
Epoch 014, Loss: 0.9556
Epoch 015, Loss: 0.9144
Epoch 016, Loss: 0.9121
Epoch 017, Loss: 0.9616
Epoch 018, Loss: 0.8995
Epoch 019, Loss: 0.9450
Epoch 020, Loss: 0.8868
Epoch 021, Loss: 0.9968
Epoch 022, Loss: 0.8937
Epoch 023, Loss: 0.9507
Epoch 024, Loss: 1.1351
Epoch 025, Loss: 0.9320
Epoch 026, Loss: 0.8838
Epoch 027, Loss: 0.9625
Epoch 028, Loss: 1.0274
Epoch 029, Loss: 0.9156
Epoch 030, Loss: 0.8847
Epoch 031, Loss: 0.9135
Epoch 032, Loss: 0.8734
Epoch 033, Loss: 0.9763
Epoch 034, Loss: 0.9838
Epoch 035, Loss: 0.9624
Epoch 036, Loss: 0.9552
Epoch 037, Loss: 0.9108
Epoch 038, Loss: 0.9595
Epoch 039, Loss: 0.9824
Epoch 040, Loss: 0.9303
Epoch 041, Loss: 0.8864
Epoch 042, Loss: 0.9675
Epoch 043, Loss: 0.9626
Epoch 044, Loss: 0.8554
Epoch 045, Loss: 0.8727
Epoch 046, Loss: 0.8981
Epoch 047, Loss: 0.9034
Epoch 048, Loss: 0.9591
Epoch 049, Loss: 0.8693
Epoch 050, Loss: 0.8765
Epoch 051, Loss: 0.9195
Epoch 052, Loss: 0.9231
Epoch 053, Loss: 0.8466
Epoch 054, Loss: 0.8944
Epoch 055, Loss: 0.9092
Epoch 056, Loss: 0.9000
Epoch 057, Loss: 0.8318
Epoch 058, Loss: 0.8132
Epoch 059, Loss: 0.8656
Epoch 060, Loss: 0.8653
Epoch 061, Loss: 0.8213
Epoch 062, Loss: 0.8107
Epoch 063, Loss: 0.7792
Epoch 064, Loss: 0.8389
Epoch 065, Loss: 0.8564
Epoch 066, Loss: 0.7904
Epoch 067, Loss: 0.7827
Epoch 068, Loss: 0.7651
Epoch 069, Loss: 0.7485
Epoch 070, Loss: 0.7511
Epoch 071, Loss: 0.7885
Epoch 072, Loss: 0.7295
Epoch 073, Loss: 0.7608
Epoch 074, Loss: 0.7075
Epoch 075, Loss: 0.8213
Epoch 076, Loss: 0.7555
Epoch 077, Loss: 0.6647
Epoch 078, Loss: 0.6959
Epoch 079, Loss: 0.6860
Epoch 080, Loss: 0.7481
Epoch 081, Loss: 0.6805
Epoch 082, Loss: 0.6847
Epoch 083, Loss: 0.6681
Epoch 084, Loss: 0.9504
Epoch 085, Loss: 0.6325
Epoch 086, Loss: 0.6511
Epoch 087, Loss: 0.6597
Epoch 088, Loss: 0.6692
Epoch 089, Loss: 0.6374
Epoch 090, Loss: 0.6346
Epoch 091, Loss: 0.8616
Epoch 092, Loss: 0.6728
Epoch 093, Loss: 0.6523
Epoch 094, Loss: 0.6307
Epoch 095, Loss: 0.6453
Epoch 096, Loss: 0.6243
Epoch 097, Loss: 0.6207
Epoch 098, Loss: 0.5720
Epoch 099, Loss: 0.6185
Epoch 100, Loss: 0.6369

Test RMSE: 0.8917
Test MAPE: 0.1853
Training time: 8.72 seconds
Model saved to Models/GCN_model_15.pkl

 Training on dataset_20_nodes.csv...
Total rows in CSV: 50
20 210
20 210
20 210
20 210
20 210
20 210
20 210
20 210
20 210
20 210
20 210
20 210
20 210
20 210
20 210
20 210
20 210
20 210
20 210
20 210
20 210
20 210
20 210
20 210
20 210
20 210
20 210
20 210
20 210
20 210
20 210
20 210
20 210
20 210
20 210
20 210
20 210
20 210
20 210
20 210
20 210
20 210
20 210
20 210
20 210
20 210
20 210
20 210
20 210
20 210
Loaded 50 valid graphs.
Epoch 001, Loss: 7.2616
Epoch 002, Loss: 1.4023
Epoch 003, Loss: 1.2164
Epoch 004, Loss: 1.2774
Epoch 005, Loss: 1.3632
Epoch 006, Loss: 1.2737
Epoch 007, Loss: 1.3525
Epoch 008, Loss: 1.2449
Epoch 009, Loss: 1.6206
Epoch 010, Loss: 1.3109
Epoch 011, Loss: 1.4483
Epoch 012, Loss: 1.1479
Epoch 013, Loss: 1.1671
Epoch 014, Loss: 1.2665
Epoch 015, Loss: 1.2612
Epoch 016, Loss: 1.2037
Epoch 017, Loss: 1.1630
Epoch 018, Loss: 1.3456
Epoch 019, Loss: 1.1974
Epoch 020, Loss: 1.1677
Epoch 021, Loss: 1.2052
Epoch 022, Loss: 1.2471
Epoch 023, Loss: 1.2974
Epoch 024, Loss: 1.2641
Epoch 025, Loss: 1.1782
Epoch 026, Loss: 1.2243
Epoch 027, Loss: 1.1979
Epoch 028, Loss: 1.1471
Epoch 029, Loss: 1.2132
Epoch 030, Loss: 1.1605
Epoch 031, Loss: 1.1262
Epoch 032, Loss: 1.2133
Epoch 033, Loss: 1.2455
Epoch 034, Loss: 1.2446
Epoch 035, Loss: 1.3394
Epoch 036, Loss: 1.2271
Epoch 037, Loss: 1.4999
Epoch 038, Loss: 1.2439
Epoch 039, Loss: 1.2433
Epoch 040, Loss: 1.4234
Epoch 041, Loss: 1.2567
Epoch 042, Loss: 1.2411
Epoch 043, Loss: 1.2718
Epoch 044, Loss: 1.2746
Epoch 045, Loss: 1.1473
Epoch 046, Loss: 1.2371
Epoch 047, Loss: 1.1893
Epoch 048, Loss: 1.1813
Epoch 049, Loss: 1.1624
Epoch 050, Loss: 1.1963
Epoch 051, Loss: 1.3698
Epoch 052, Loss: 1.3345
Epoch 053, Loss: 1.2073
Epoch 054, Loss: 1.2183
Epoch 055, Loss: 1.2731
Epoch 056, Loss: 1.1281
Epoch 057, Loss: 1.2034
Epoch 058, Loss: 1.1976
Epoch 059, Loss: 1.4273
Epoch 060, Loss: 1.3286
Epoch 061, Loss: 1.2550
Epoch 062, Loss: 1.1436
Epoch 063, Loss: 1.2037
Epoch 064, Loss: 1.1954
Epoch 065, Loss: 1.1390
Epoch 066, Loss: 1.1628
Epoch 067, Loss: 1.1746
Epoch 068, Loss: 1.1423
Epoch 069, Loss: 1.2260
Epoch 070, Loss: 1.1435
Epoch 071, Loss: 1.2420
Epoch 072, Loss: 1.1287
Epoch 073, Loss: 1.2016
Epoch 074, Loss: 1.1589
Epoch 075, Loss: 1.2224
Epoch 076, Loss: 1.1560
Epoch 077, Loss: 1.1262
Epoch 078, Loss: 1.2239
Epoch 079, Loss: 1.2809
Epoch 080, Loss: 1.2022
Epoch 081, Loss: 1.1626
Epoch 082, Loss: 1.1401
Epoch 083, Loss: 1.1731
Epoch 084, Loss: 1.2109
Epoch 085, Loss: 1.2113
Epoch 086, Loss: 1.1805
Epoch 087, Loss: 1.2609
Epoch 088, Loss: 1.1805
Epoch 089, Loss: 1.1900
Epoch 090, Loss: 1.0891
Epoch 091, Loss: 1.1284
Epoch 092, Loss: 1.1809
Epoch 093, Loss: 1.1287
Epoch 094, Loss: 1.0591
Epoch 095, Loss: 1.0941
Epoch 096, Loss: 1.1480
Epoch 097, Loss: 1.0588
Epoch 098, Loss: 1.1410
Epoch 099, Loss: 1.1576
Epoch 100, Loss: 1.0422

Test RMSE: 1.0461
Test MAPE: 0.3164
Training time: 9.01 seconds
Model saved to Models/GCN_model_20.pkl

 Training on dataset_25_nodes.csv...
Total rows in CSV: 50
25 325
25 325
25 325
25 325
25 325
25 325
25 325
25 325
25 325
25 325
25 325
25 325
25 325
25 325
25 325
25 325
25 325
25 325
25 325
25 325
25 325
25 325
25 325
25 325
25 325
25 325
25 325
25 325
25 325
25 325
25 325
25 325
25 325
25 325
25 325
25 325
25 325
25 325
25 325
25 325
25 325
25 325
25 325
25 325
25 325
25 325
25 325
25 325
25 325
25 325
Loaded 50 valid graphs.
Epoch 001, Loss: 12.0145
Epoch 002, Loss: 1.6019
Epoch 003, Loss: 1.6529
Epoch 004, Loss: 1.5529
Epoch 005, Loss: 1.5590
Epoch 006, Loss: 1.6664
Epoch 007, Loss: 1.5343
Epoch 008, Loss: 1.7825
Epoch 009, Loss: 1.6843
Epoch 010, Loss: 1.6257
Epoch 011, Loss: 1.5038
Epoch 012, Loss: 1.5553
Epoch 013, Loss: 1.5247
Epoch 014, Loss: 1.8223
Epoch 015, Loss: 1.5586
Epoch 016, Loss: 1.8039
Epoch 017, Loss: 1.5422
Epoch 018, Loss: 1.6936
Epoch 019, Loss: 1.7009
Epoch 020, Loss: 1.4657
Epoch 021, Loss: 1.4817
Epoch 022, Loss: 1.5497
Epoch 023, Loss: 1.4223
Epoch 024, Loss: 1.5087
Epoch 025, Loss: 1.5527
Epoch 026, Loss: 1.4760
Epoch 027, Loss: 1.4413
Epoch 028, Loss: 1.7104
Epoch 029, Loss: 1.5435
Epoch 030, Loss: 1.4343
Epoch 031, Loss: 1.5816
Epoch 032, Loss: 1.7029
Epoch 033, Loss: 1.4878
Epoch 034, Loss: 1.6737
Epoch 035, Loss: 1.4912
Epoch 036, Loss: 1.5330
Epoch 037, Loss: 1.7836
Epoch 038, Loss: 1.4369
Epoch 039, Loss: 1.6939
Epoch 040, Loss: 1.4153
Epoch 041, Loss: 1.4309
Epoch 042, Loss: 1.4768
Epoch 043, Loss: 1.5606
Epoch 044, Loss: 1.5553
Epoch 045, Loss: 1.3401
Epoch 046, Loss: 1.2673
Epoch 047, Loss: 1.2086
Epoch 048, Loss: 1.2462
Epoch 049, Loss: 1.2660
Epoch 050, Loss: 1.2149
Epoch 051, Loss: 1.1136
Epoch 052, Loss: 1.3288
Epoch 053, Loss: 0.9495
Epoch 054, Loss: 1.1105
Epoch 055, Loss: 1.0099
Epoch 056, Loss: 1.1092
Epoch 057, Loss: 1.0344
Epoch 058, Loss: 0.9889
Epoch 059, Loss: 0.9782
Epoch 060, Loss: 1.0074
Epoch 061, Loss: 0.9150
Epoch 062, Loss: 0.9266
Epoch 063, Loss: 0.8852
Epoch 064, Loss: 0.8696
Epoch 065, Loss: 0.9001
Epoch 066, Loss: 1.0392
Epoch 067, Loss: 0.8089
Epoch 068, Loss: 0.9517
Epoch 069, Loss: 0.9266
Epoch 070, Loss: 0.8620
Epoch 071, Loss: 0.7991
Epoch 072, Loss: 0.7758
Epoch 073, Loss: 0.8246
Epoch 074, Loss: 0.8454
Epoch 075, Loss: 0.7829
Epoch 076, Loss: 0.9367
Epoch 077, Loss: 0.7870
Epoch 078, Loss: 0.7979
Epoch 079, Loss: 0.7479
Epoch 080, Loss: 0.9105
Epoch 081, Loss: 0.8027
Epoch 082, Loss: 0.8417
Epoch 083, Loss: 0.8382
Epoch 084, Loss: 0.7381
Epoch 085, Loss: 0.7292
Epoch 086, Loss: 0.8054
Epoch 087, Loss: 0.7099
Epoch 088, Loss: 0.7505
Epoch 089, Loss: 0.7938
Epoch 090, Loss: 0.7748
Epoch 091, Loss: 0.7841
Epoch 092, Loss: 0.7473
Epoch 093, Loss: 0.7248
Epoch 094, Loss: 0.7045
Epoch 095, Loss: 0.7522
Epoch 096, Loss: 0.7865
Epoch 097, Loss: 0.7926
Epoch 098, Loss: 0.6922
Epoch 099, Loss: 0.7334
Epoch 100, Loss: 0.7128

Test RMSE: 1.3419
Test MAPE: 0.2038
Training time: 8.98 seconds
Model saved to Models/GCN_model_25.pkl

 Training on dataset_full.csv...
Total rows in CSV: 250
25 325
25 325
25 325
25 325
25 325
25 325
25 325
25 325
25 325
25 325
25 325
25 325
25 325
25 325
25 325
25 325
25 325
25 325
25 325
25 325
25 325
25 325
25 325
25 325
25 325
25 325
25 325
25 325
25 325
25 325
25 325
25 325
25 325
25 325
25 325
25 325
25 325
25 325
25 325
25 325
25 325
25 325
25 325
25 325
25 325
25 325
25 325
25 325
25 325
25 325
25 325
25 325
25 325
25 325
25 325
25 325
25 325
25 325
25 325
25 325
25 325
25 325
25 325
25 325
25 325
25 325
25 325
25 325
25 325
25 325
25 325
25 325
25 325
25 325
25 325
25 325
25 325
25 325
25 325
25 325
25 325
25 325
25 325
25 325
25 325
25 325
25 325
25 325
25 325
25 325
25 325
25 325
25 325
25 325
25 325
25 325
25 325
25 325
25 325
25 325
25 325
25 325
25 325
25 325
25 325
25 325
25 325
25 325
25 325
25 325
25 325
25 325
25 325
25 325
25 325
25 325
25 325
25 325
25 325
25 325
25 325
25 325
25 325
25 325
25 325
25 325
25 325
25 325
25 325
25 325
25 325
25 325
25 325
25 325
25 325
25 325
25 325
25 325
25 325
25 325
25 325
25 325
25 325
25 325
25 325
25 325
25 325
25 325
25 325
25 325
25 325
25 325
25 325
25 325
25 325
25 325
25 325
25 325
25 325
25 325
25 325
25 325
25 325
25 325
25 325
25 325
25 325
25 325
25 325
25 325
25 325
25 325
25 325
25 325
25 325
25 325
25 325
25 325
25 325
25 325
25 325
25 325
25 325
25 325
25 325
25 325
25 325
25 325
25 325
25 325
25 325
25 325
25 325
25 325
25 325
25 325
25 325
25 325
25 325
25 325
25 325
25 325
25 325
25 325
25 325
25 325
25 325
25 325
25 325
25 325
25 325
25 325
25 325
25 325
25 325
25 325
25 325
25 325
25 325
25 325
25 325
25 325
25 325
25 325
25 325
25 325
25 325
25 325
25 325
25 325
25 325
25 325
25 325
25 325
25 325
25 325
25 325
25 325
25 325
25 325
25 325
25 325
25 325
25 325
25 325
25 325
25 325
25 325
25 325
25 325
Loaded 250 valid graphs.
Epoch 001, Loss: 3.7720
Epoch 002, Loss: 3.2494
Epoch 003, Loss: 2.9930
Epoch 004, Loss: 1.7031
Epoch 005, Loss: 0.8481
Epoch 006, Loss: 0.8336
Epoch 007, Loss: 0.6554
Epoch 008, Loss: 0.7393
Epoch 009, Loss: 0.7906
Epoch 010, Loss: 0.7146
Epoch 011, Loss: 0.7325
Epoch 012, Loss: 0.6670
Epoch 013, Loss: 0.6408
Epoch 014, Loss: 0.7014
Epoch 015, Loss: 0.6432
Epoch 016, Loss: 0.6102
Epoch 017, Loss: 0.6593
Epoch 018, Loss: 0.5956
Epoch 019, Loss: 0.6210
Epoch 020, Loss: 0.6066
Epoch 021, Loss: 0.6473
Epoch 022, Loss: 0.6226
Epoch 023, Loss: 0.6383
Epoch 024, Loss: 0.6346
Epoch 025, Loss: 0.5902
Epoch 026, Loss: 0.5458
Epoch 027, Loss: 0.7392
Epoch 028, Loss: 0.6326
Epoch 029, Loss: 0.6155
Epoch 030, Loss: 0.5794
Epoch 031, Loss: 0.6064
Epoch 032, Loss: 0.5959
Epoch 033, Loss: 0.5936
Epoch 034, Loss: 0.6187
Epoch 035, Loss: 0.5639
Epoch 036, Loss: 0.6221
Epoch 037, Loss: 0.5648
Epoch 038, Loss: 0.5799
Epoch 039, Loss: 0.5609
Epoch 040, Loss: 0.5735
Epoch 041, Loss: 0.5934
Epoch 042, Loss: 0.6207
Epoch 043, Loss: 0.5294
Epoch 044, Loss: 0.5810
Epoch 045, Loss: 0.5347
Epoch 046, Loss: 0.5264
Epoch 047, Loss: 0.5976
Epoch 048, Loss: 0.5988
Epoch 049, Loss: 0.5831
Epoch 050, Loss: 0.5578
Epoch 051, Loss: 0.5550
Epoch 052, Loss: 0.6155
Epoch 053, Loss: 0.5731
Epoch 054, Loss: 0.5286
Epoch 055, Loss: 0.5708
Epoch 056, Loss: 0.6232
Epoch 057, Loss: 0.5656
Epoch 058, Loss: 0.5581
Epoch 059, Loss: 0.5778
Epoch 060, Loss: 0.5494
Epoch 061, Loss: 0.5605
Epoch 062, Loss: 0.5543
Epoch 063, Loss: 0.5302
Epoch 064, Loss: 0.5879
Epoch 065, Loss: 0.5429
Epoch 066, Loss: 0.5488
Epoch 067, Loss: 0.5176
Epoch 068, Loss: 0.5303
Epoch 069, Loss: 0.5817
Epoch 070, Loss: 0.5538
Epoch 071, Loss: 0.5436
Epoch 072, Loss: 0.4908
Epoch 073, Loss: 0.5325
Epoch 074, Loss: 0.5707
Epoch 075, Loss: 0.5677
Epoch 076, Loss: 0.5754
Epoch 077, Loss: 0.5225
Epoch 078, Loss: 0.5024
Epoch 079, Loss: 0.5162
Epoch 080, Loss: 0.5296
Epoch 081, Loss: 0.5522
Epoch 082, Loss: 0.5358
Epoch 083, Loss: 0.5502
Epoch 084, Loss: 0.5272
Epoch 085, Loss: 0.5231
Epoch 086, Loss: 0.5150
Epoch 087, Loss: 0.4673
Epoch 088, Loss: 0.5251
Epoch 089, Loss: 0.4797
Epoch 090, Loss: 0.5882
Epoch 091, Loss: 0.5487
Epoch 092, Loss: 0.5143
Epoch 093, Loss: 0.5706
Epoch 094, Loss: 0.5017
Epoch 095, Loss: 0.5315
Epoch 096, Loss: 0.5243
Epoch 097, Loss: 0.4940
Epoch 098, Loss: 0.5386
Epoch 099, Loss: 0.5266
Epoch 100, Loss: 0.5037

Test RMSE: 0.7182
Test MAPE: 279262900781056.0000
Training time: 43.82 seconds
Model saved to Models/GCN_model_full.pkl

Metrics saved to Models/Graph_Neural_Training_metrics.csv

 **Final Training Results:**
node_size model_type  test_size     rmse         mape  training_time         model_file
       10   Q_values        0.2 0.641721 2.232388e-01       9.473491   GNN_model_10.pkl
       12   Q_values        0.2 0.544712 1.588878e-01       8.653909   GNN_model_12.pkl
       15   Q_values        0.2 0.891715 1.852909e-01       8.718949   GNN_model_15.pkl
       20   Q_values        0.2 1.046129 3.164297e-01       9.006097   GNN_model_20.pkl
       25   Q_values        0.2 1.341893 2.038074e-01       8.975497   GNN_model_25.pkl
     full   Q_values        0.2 0.718180 2.792629e+14      43.824657 GNN_model_full.pkl

 Training complete for all datasets!
  adding: Models/ (stored 0%)
  adding: Models/GCN_model_10.pkl (deflated 23%)
  adding: Models/Graph_Neural_Training_results.txt (deflated 59%)
  adding: Models/GCN_model_12.pkl (deflated 23%)
  adding: Models/Graph_Neural_Training_metrics.csv (deflated 50%)
  adding: Models/GCN_model_full.pkl (deflated 21%)
  adding: Models/GCN_model_15.pkl (deflated 22%)
  adding: Models/GCN_model_20.pkl (deflated 20%)
  adding: Models/GCN_model_25.pkl (deflated 21%)
