
 Training on dataset_10_nodes.csv...
Total rows in CSV: 50
10 55
10 55
10 55
10 55
10 55
10 55
10 55
10 55
10 55
10 55
10 55
10 55
10 55
10 55
10 55
10 55
10 55
10 55
10 55
10 55
10 55
10 55
10 55
10 55
10 55
10 55
10 55
10 55
10 55
10 55
10 55
10 55
10 55
10 55
10 55
10 55
10 55
10 55
10 55
10 55
10 55
10 55
10 55
10 55
10 55
10 55
10 55
10 55
10 55
10 55
Loaded 50 valid graphs.
Epoch 001, Loss: 3.2170
Epoch 002, Loss: 0.5880
Epoch 003, Loss: 0.5790
Epoch 004, Loss: 0.5822
Epoch 005, Loss: 0.5704
Epoch 006, Loss: 0.6556
Epoch 007, Loss: 0.5501
Epoch 008, Loss: 0.5602
Epoch 009, Loss: 0.5587
Epoch 010, Loss: 0.5905
Epoch 011, Loss: 0.5719
Epoch 012, Loss: 0.5499
Epoch 013, Loss: 0.5646
Epoch 014, Loss: 0.5712
Epoch 015, Loss: 0.5899
Epoch 016, Loss: 0.6802
Epoch 017, Loss: 0.5887
Epoch 018, Loss: 0.5756
Epoch 019, Loss: 0.5532
Epoch 020, Loss: 0.5626
Epoch 021, Loss: 0.5621
Epoch 022, Loss: 0.5958
Epoch 023, Loss: 0.5726
Epoch 024, Loss: 0.6230
Epoch 025, Loss: 0.5646
Epoch 026, Loss: 0.5511
Epoch 027, Loss: 0.5234
Epoch 028, Loss: 0.5932
Epoch 029, Loss: 0.5757
Epoch 030, Loss: 0.5813
Epoch 031, Loss: 0.5858
Epoch 032, Loss: 0.5510
Epoch 033, Loss: 0.5649
Epoch 034, Loss: 0.5425
Epoch 035, Loss: 0.6074
Epoch 036, Loss: 0.5570
Epoch 037, Loss: 0.5778
Epoch 038, Loss: 0.5296
Epoch 039, Loss: 0.5524
Epoch 040, Loss: 0.5251
Epoch 041, Loss: 0.5678
Epoch 042, Loss: 0.5735
Epoch 043, Loss: 0.5847
Epoch 044, Loss: 0.5641
Epoch 045, Loss: 0.5682
Epoch 046, Loss: 0.5265
Epoch 047, Loss: 0.5477
Epoch 048, Loss: 0.5333
Epoch 049, Loss: 0.5478
Epoch 050, Loss: 0.5498
Epoch 051, Loss: 0.5212
Epoch 052, Loss: 0.5275
Epoch 053, Loss: 0.5637
Epoch 054, Loss: 0.5244
Epoch 055, Loss: 0.5579
Epoch 056, Loss: 0.5712
Epoch 057, Loss: 0.5188
Epoch 058, Loss: 0.5510
Epoch 059, Loss: 0.5452
Epoch 060, Loss: 0.5228
Epoch 061, Loss: 0.5296
Epoch 062, Loss: 0.5392
Epoch 063, Loss: 0.5363
Epoch 064, Loss: 0.5298
Epoch 065, Loss: 0.5711
Epoch 066, Loss: 0.5514
Epoch 067, Loss: 0.5225
Epoch 068, Loss: 0.5300
Epoch 069, Loss: 0.5340
Epoch 070, Loss: 0.5312
Epoch 071, Loss: 0.5220
Epoch 072, Loss: 0.5085
Epoch 073, Loss: 0.5241
Epoch 074, Loss: 0.5205
Epoch 075, Loss: 0.5031
Epoch 076, Loss: 0.5261
Epoch 077, Loss: 0.4904
Epoch 078, Loss: 0.5244
Epoch 079, Loss: 0.4925
Epoch 080, Loss: 0.5104
Epoch 081, Loss: 0.4999
Epoch 082, Loss: 0.5151
Epoch 083, Loss: 0.5160
Epoch 084, Loss: 0.5027
Epoch 085, Loss: 0.5202
Epoch 086, Loss: 0.5369
Epoch 087, Loss: 0.5008
Epoch 088, Loss: 0.4769
Epoch 089, Loss: 0.5137
Epoch 090, Loss: 0.4830
Epoch 091, Loss: 0.5089
Epoch 092, Loss: 0.5142
Epoch 093, Loss: 0.4807
Epoch 094, Loss: 0.4721
Epoch 095, Loss: 0.4886
Epoch 096, Loss: 0.4986
Epoch 097, Loss: 0.4672
Epoch 098, Loss: 0.4670
Epoch 099, Loss: 0.4795
Epoch 100, Loss: 0.5085

Test RMSE: 0.6157
Test MAPE: 0.2227
Training time: 10.02 seconds
Model saved to Models/GCN_model_10.pkl

 Training on dataset_12_nodes.csv...
Total rows in CSV: 50
12 78
12 78
12 78
12 78
12 78
12 78
12 78
12 78
12 78
12 78
12 78
12 78
12 78
12 78
12 78
12 78
12 78
12 78
12 78
12 78
12 78
12 78
12 78
12 78
12 78
12 78
12 78
12 78
12 78
12 78
12 78
12 78
12 78
12 78
12 78
12 78
12 78
12 78
12 78
12 78
12 78
12 78
12 78
12 78
12 78
12 78
12 78
12 78
12 78
12 78
Loaded 50 valid graphs.
Epoch 001, Loss: 3.5205
Epoch 002, Loss: 0.8585
Epoch 003, Loss: 0.8859
Epoch 004, Loss: 0.9129
Epoch 005, Loss: 0.8551
Epoch 006, Loss: 0.8644
Epoch 007, Loss: 0.8762
Epoch 008, Loss: 0.9256
Epoch 009, Loss: 0.8426
Epoch 010, Loss: 0.8750
Epoch 011, Loss: 0.8476
Epoch 012, Loss: 0.9716
Epoch 013, Loss: 0.9329
Epoch 014, Loss: 0.9045
Epoch 015, Loss: 0.9162
Epoch 016, Loss: 0.8914
Epoch 017, Loss: 0.8563
Epoch 018, Loss: 0.8289
Epoch 019, Loss: 0.8553
Epoch 020, Loss: 0.9602
Epoch 021, Loss: 0.9317
Epoch 022, Loss: 0.8307
Epoch 023, Loss: 0.8027
Epoch 024, Loss: 0.8978
Epoch 025, Loss: 0.8706
Epoch 026, Loss: 0.8146
Epoch 027, Loss: 0.8477
Epoch 028, Loss: 0.8435
Epoch 029, Loss: 0.8263
Epoch 030, Loss: 0.8802
Epoch 031, Loss: 0.7936
Epoch 032, Loss: 0.8369
Epoch 033, Loss: 0.8225
Epoch 034, Loss: 0.8514
Epoch 035, Loss: 0.8484
Epoch 036, Loss: 0.8258
Epoch 037, Loss: 0.8470
Epoch 038, Loss: 0.8078
Epoch 039, Loss: 0.8478
Epoch 040, Loss: 0.8204
Epoch 041, Loss: 0.8147
Epoch 042, Loss: 0.8349
Epoch 043, Loss: 0.8515
Epoch 044, Loss: 0.8284
Epoch 045, Loss: 0.7778
Epoch 046, Loss: 0.8486
Epoch 047, Loss: 0.8192
Epoch 048, Loss: 0.7781
Epoch 049, Loss: 0.7404
Epoch 050, Loss: 0.7387
Epoch 051, Loss: 0.7424
Epoch 052, Loss: 0.7067
Epoch 053, Loss: 0.7873
Epoch 054, Loss: 0.7199
Epoch 055, Loss: 0.7111
Epoch 056, Loss: 0.6838
Epoch 057, Loss: 0.6755
Epoch 058, Loss: 0.6610
Epoch 059, Loss: 0.6551
Epoch 060, Loss: 0.7027
Epoch 061, Loss: 0.6716
Epoch 062, Loss: 0.6545
Epoch 063, Loss: 0.6879
Epoch 064, Loss: 0.6238
Epoch 065, Loss: 0.6080
Epoch 066, Loss: 0.6558
Epoch 067, Loss: 0.6152
Epoch 068, Loss: 0.6137
Epoch 069, Loss: 0.6090
Epoch 070, Loss: 0.6267
Epoch 071, Loss: 0.6092
Epoch 072, Loss: 0.6100
Epoch 073, Loss: 0.6024
Epoch 074, Loss: 0.5819
Epoch 075, Loss: 0.5915
Epoch 076, Loss: 0.5545
Epoch 077, Loss: 0.5766
Epoch 078, Loss: 0.5740
Epoch 079, Loss: 0.6194
Epoch 080, Loss: 0.6063
Epoch 081, Loss: 0.6144
Epoch 082, Loss: 0.5629
Epoch 083, Loss: 0.5470
Epoch 084, Loss: 0.5593
Epoch 085, Loss: 0.5524
Epoch 086, Loss: 0.5593
Epoch 087, Loss: 0.5754
Epoch 088, Loss: 0.5661
Epoch 089, Loss: 0.5438
Epoch 090, Loss: 0.5507
Epoch 091, Loss: 0.5685
Epoch 092, Loss: 0.6173
Epoch 093, Loss: 0.5536
Epoch 094, Loss: 0.5683
Epoch 095, Loss: 0.5827
Epoch 096, Loss: 0.5192
Epoch 097, Loss: 0.5638
Epoch 098, Loss: 0.5630
Epoch 099, Loss: 0.5491
Epoch 100, Loss: 0.5470

Test RMSE: 0.6592
Test MAPE: 0.1812
Training time: 9.09 seconds
Model saved to Models/GCN_model_12.pkl

 Training on dataset_15_nodes.csv...
Total rows in CSV: 50
15 120
15 120
15 120
15 120
15 120
15 120
15 120
15 120
15 120
15 120
15 120
15 120
15 120
15 120
15 120
15 120
15 120
15 120
15 120
15 120
15 120
15 120
15 120
15 120
15 120
15 120
15 120
15 120
15 120
15 120
15 120
15 120
15 120
15 120
15 120
15 120
15 120
15 120
15 120
15 120
15 120
15 120
15 120
15 120
15 120
15 120
15 120
15 120
15 120
15 120
Loaded 50 valid graphs.
Epoch 001, Loss: 4.6858
Epoch 002, Loss: 0.9767
Epoch 003, Loss: 1.0598
Epoch 004, Loss: 1.0353
Epoch 005, Loss: 1.0011
Epoch 006, Loss: 0.9280
Epoch 007, Loss: 0.9576
Epoch 008, Loss: 0.9415
Epoch 009, Loss: 0.9822
Epoch 010, Loss: 1.0539
Epoch 011, Loss: 1.0204
Epoch 012, Loss: 1.0464
Epoch 013, Loss: 0.9134
Epoch 014, Loss: 1.0098
Epoch 015, Loss: 1.0074
Epoch 016, Loss: 0.9945
Epoch 017, Loss: 0.9255
Epoch 018, Loss: 0.9018
Epoch 019, Loss: 0.8343
Epoch 020, Loss: 0.9512
Epoch 021, Loss: 0.8622
Epoch 022, Loss: 0.8499
Epoch 023, Loss: 1.0372
Epoch 024, Loss: 0.8758
Epoch 025, Loss: 0.8968
Epoch 026, Loss: 0.8714
Epoch 027, Loss: 0.8437
Epoch 028, Loss: 0.8179
Epoch 029, Loss: 0.7882
Epoch 030, Loss: 0.7829
Epoch 031, Loss: 0.8481
Epoch 032, Loss: 0.8046
Epoch 033, Loss: 0.7728
Epoch 034, Loss: 0.7408
Epoch 035, Loss: 0.7026
Epoch 036, Loss: 0.9077
Epoch 037, Loss: 0.8295
Epoch 038, Loss: 0.7844
Epoch 039, Loss: 0.7192
Epoch 040, Loss: 0.7430
Epoch 041, Loss: 0.6698
Epoch 042, Loss: 0.7372
Epoch 043, Loss: 0.6562
Epoch 044, Loss: 0.6778
Epoch 045, Loss: 0.6792
Epoch 046, Loss: 0.7015
Epoch 047, Loss: 0.6640
Epoch 048, Loss: 0.6470
Epoch 049, Loss: 0.6861
Epoch 050, Loss: 0.6366
Epoch 051, Loss: 0.6887
Epoch 052, Loss: 0.6427
Epoch 053, Loss: 0.7023
Epoch 054, Loss: 0.6531
Epoch 055, Loss: 0.6892
Epoch 056, Loss: 0.6504
Epoch 057, Loss: 0.6691
Epoch 058, Loss: 0.6060
Epoch 059, Loss: 0.6365
Epoch 060, Loss: 0.6868
Epoch 061, Loss: 0.7524
Epoch 062, Loss: 0.5977
Epoch 063, Loss: 0.5981
Epoch 064, Loss: 0.5627
Epoch 065, Loss: 0.5904
Epoch 066, Loss: 0.7269
Epoch 067, Loss: 0.6296
Epoch 068, Loss: 0.6542
Epoch 069, Loss: 0.6131
Epoch 070, Loss: 0.5772
Epoch 071, Loss: 0.5920
Epoch 072, Loss: 0.5963
Epoch 073, Loss: 0.5731
Epoch 074, Loss: 0.5420
Epoch 075, Loss: 0.5775
Epoch 076, Loss: 0.5498
Epoch 077, Loss: 0.5662
Epoch 078, Loss: 0.5731
Epoch 079, Loss: 0.5438
Epoch 080, Loss: 0.5350
Epoch 081, Loss: 0.5330
Epoch 082, Loss: 0.4985
Epoch 083, Loss: 0.5233
Epoch 084, Loss: 0.4883
Epoch 085, Loss: 0.4881
Epoch 086, Loss: 0.5291
Epoch 087, Loss: 0.5035
Epoch 088, Loss: 0.5000
Epoch 089, Loss: 0.4752
Epoch 090, Loss: 0.4785
Epoch 091, Loss: 0.5077
Epoch 092, Loss: 0.4900
Epoch 093, Loss: 0.4961
Epoch 094, Loss: 0.4697
Epoch 095, Loss: 0.4893
Epoch 096, Loss: 0.4846
Epoch 097, Loss: 0.5277
Epoch 098, Loss: 0.4841
Epoch 099, Loss: 0.4552
Epoch 100, Loss: 0.5434

Test RMSE: 0.8061
Test MAPE: 0.1836
Training time: 9.20 seconds
Model saved to Models/GCN_model_15.pkl

 Training on dataset_20_nodes.csv...
Total rows in CSV: 50
20 210
20 210
20 210
20 210
20 210
20 210
20 210
20 210
20 210
20 210
20 210
20 210
20 210
20 210
20 210
20 210
20 210
20 210
20 210
20 210
20 210
20 210
20 210
20 210
20 210
20 210
20 210
20 210
20 210
20 210
20 210
20 210
20 210
20 210
20 210
20 210
20 210
20 210
20 210
20 210
20 210
20 210
20 210
20 210
20 210
20 210
20 210
20 210
20 210
20 210
Loaded 50 valid graphs.
Epoch 001, Loss: 7.6938
Epoch 002, Loss: 1.4183
Epoch 003, Loss: 1.3051
Epoch 004, Loss: 1.2141
Epoch 005, Loss: 1.1631
Epoch 006, Loss: 1.4503
Epoch 007, Loss: 1.2435
Epoch 008, Loss: 1.3815
Epoch 009, Loss: 1.2227
Epoch 010, Loss: 1.3613
Epoch 011, Loss: 1.3532
Epoch 012, Loss: 1.2136
Epoch 013, Loss: 1.2219
Epoch 014, Loss: 1.2146
Epoch 015, Loss: 1.2411
Epoch 016, Loss: 1.2815
Epoch 017, Loss: 1.2500
Epoch 018, Loss: 1.4028
Epoch 019, Loss: 1.5475
Epoch 020, Loss: 1.2333
Epoch 021, Loss: 1.2917
Epoch 022, Loss: 1.2290
Epoch 023, Loss: 1.2485
Epoch 024, Loss: 1.3451
Epoch 025, Loss: 1.1736
Epoch 026, Loss: 1.1960
Epoch 027, Loss: 1.2355
Epoch 028, Loss: 1.3006
Epoch 029, Loss: 1.2473
Epoch 030, Loss: 1.2456
Epoch 031, Loss: 1.1873
Epoch 032, Loss: 1.2349
Epoch 033, Loss: 1.2547
Epoch 034, Loss: 1.3867
Epoch 035, Loss: 1.2234
Epoch 036, Loss: 1.1600
Epoch 037, Loss: 1.2257
Epoch 038, Loss: 1.2681
Epoch 039, Loss: 1.2791
Epoch 040, Loss: 1.3629
Epoch 041, Loss: 1.2030
Epoch 042, Loss: 1.2469
Epoch 043, Loss: 1.1353
Epoch 044, Loss: 1.1142
Epoch 045, Loss: 1.2249
Epoch 046, Loss: 1.1460
Epoch 047, Loss: 1.0813
Epoch 048, Loss: 1.1749
Epoch 049, Loss: 1.2736
Epoch 050, Loss: 1.1593
Epoch 051, Loss: 1.0490
Epoch 052, Loss: 0.9192
Epoch 053, Loss: 1.1097
Epoch 054, Loss: 1.1738
Epoch 055, Loss: 0.9834
Epoch 056, Loss: 0.9794
Epoch 057, Loss: 1.0419
Epoch 058, Loss: 0.9722
Epoch 059, Loss: 0.9881
Epoch 060, Loss: 0.9171
Epoch 061, Loss: 0.9139
Epoch 062, Loss: 0.9611
Epoch 063, Loss: 1.0150
Epoch 064, Loss: 0.8773
Epoch 065, Loss: 0.8823
Epoch 066, Loss: 0.8366
Epoch 067, Loss: 0.8782
Epoch 068, Loss: 0.9917
Epoch 069, Loss: 0.8862
Epoch 070, Loss: 0.8212
Epoch 071, Loss: 0.8388
Epoch 072, Loss: 0.8442
Epoch 073, Loss: 1.0088
Epoch 074, Loss: 0.7781
Epoch 075, Loss: 0.7500
Epoch 076, Loss: 0.7262
Epoch 077, Loss: 0.7646
Epoch 078, Loss: 0.7360
Epoch 079, Loss: 0.8999
Epoch 080, Loss: 0.7592
Epoch 081, Loss: 0.8000
Epoch 082, Loss: 0.7064
Epoch 083, Loss: 0.7995
Epoch 084, Loss: 0.6920
Epoch 085, Loss: 0.8004
Epoch 086, Loss: 0.6377
Epoch 087, Loss: 0.6556
Epoch 088, Loss: 0.7357
Epoch 089, Loss: 0.6340
Epoch 090, Loss: 0.7200
Epoch 091, Loss: 0.7107
Epoch 092, Loss: 0.6177
Epoch 093, Loss: 0.6568
Epoch 094, Loss: 0.6482
Epoch 095, Loss: 0.8221
Epoch 096, Loss: 0.6076
Epoch 097, Loss: 0.6330
Epoch 098, Loss: 0.7140
Epoch 099, Loss: 0.7040
Epoch 100, Loss: 0.5725

Test RMSE: 1.0403
Test MAPE: 0.2202
Training time: 9.62 seconds
Model saved to Models/GCN_model_20.pkl

 Training on dataset_25_nodes.csv...
Total rows in CSV: 50
25 325
25 325
25 325
25 325
25 325
25 325
25 325
25 325
25 325
25 325
25 325
25 325
25 325
25 325
25 325
25 325
25 325
25 325
25 325
25 325
25 325
25 325
25 325
25 325
25 325
25 325
25 325
25 325
25 325
25 325
25 325
25 325
25 325
25 325
25 325
25 325
25 325
25 325
25 325
25 325
25 325
25 325
25 325
25 325
25 325
25 325
25 325
25 325
25 325
25 325
Loaded 50 valid graphs.
Epoch 001, Loss: 9.3508
Epoch 002, Loss: 1.8203
Epoch 003, Loss: 1.6182
Epoch 004, Loss: 1.6342
Epoch 005, Loss: 1.8973
Epoch 006, Loss: 1.7716
Epoch 007, Loss: 1.4847
Epoch 008, Loss: 1.6273
Epoch 009, Loss: 1.6830
Epoch 010, Loss: 2.0119
Epoch 011, Loss: 1.4242
Epoch 012, Loss: 1.7211
Epoch 013, Loss: 1.6548
Epoch 014, Loss: 1.8211
Epoch 015, Loss: 1.6616
Epoch 016, Loss: 1.6023
Epoch 017, Loss: 1.8053
Epoch 018, Loss: 1.8795
Epoch 019, Loss: 1.7542
Epoch 020, Loss: 1.4772
Epoch 021, Loss: 1.9386
Epoch 022, Loss: 1.4646
Epoch 023, Loss: 1.6104
Epoch 024, Loss: 1.4835
Epoch 025, Loss: 1.5349
Epoch 026, Loss: 1.6908
Epoch 027, Loss: 1.5062
Epoch 028, Loss: 1.5478
Epoch 029, Loss: 1.5783
Epoch 030, Loss: 1.5777
Epoch 031, Loss: 1.5504
Epoch 032, Loss: 1.4769
Epoch 033, Loss: 1.5008
Epoch 034, Loss: 1.5371
Epoch 035, Loss: 1.5072
Epoch 036, Loss: 1.5147
Epoch 037, Loss: 1.6709
Epoch 038, Loss: 1.5357
Epoch 039, Loss: 1.5360
Epoch 040, Loss: 1.5466
Epoch 041, Loss: 1.8363
Epoch 042, Loss: 1.5478
Epoch 043, Loss: 1.7539
Epoch 044, Loss: 1.5622
Epoch 045, Loss: 1.4491
Epoch 046, Loss: 1.6554
Epoch 047, Loss: 1.5178
Epoch 048, Loss: 1.6187
Epoch 049, Loss: 1.6032
Epoch 050, Loss: 1.5058
Epoch 051, Loss: 1.5718
Epoch 052, Loss: 1.4436
Epoch 053, Loss: 1.5704
Epoch 054, Loss: 1.5358
Epoch 055, Loss: 1.4338
Epoch 056, Loss: 1.5352
Epoch 057, Loss: 1.4236
Epoch 058, Loss: 1.4802
Epoch 059, Loss: 1.4877
Epoch 060, Loss: 1.3485
Epoch 061, Loss: 1.4994
Epoch 062, Loss: 1.6050
Epoch 063, Loss: 1.5751
Epoch 064, Loss: 1.4437
Epoch 065, Loss: 1.5391
Epoch 066, Loss: 1.7046
Epoch 067, Loss: 1.5351
Epoch 068, Loss: 1.5218
Epoch 069, Loss: 1.4890
Epoch 070, Loss: 1.7289
Epoch 071, Loss: 1.4658
Epoch 072, Loss: 1.5155
Epoch 073, Loss: 1.4642
Epoch 074, Loss: 1.4561
Epoch 075, Loss: 1.3707
Epoch 076, Loss: 1.5746
Epoch 077, Loss: 1.4442
Epoch 078, Loss: 1.5904
Epoch 079, Loss: 1.2986
Epoch 080, Loss: 1.4286
Epoch 081, Loss: 1.4717
Epoch 082, Loss: 1.8009
Epoch 083, Loss: 1.4285
Epoch 084, Loss: 1.3602
Epoch 085, Loss: 1.2190
Epoch 086, Loss: 1.3251
Epoch 087, Loss: 1.3374
Epoch 088, Loss: 1.2943
Epoch 089, Loss: 1.2647
Epoch 090, Loss: 1.1357
Epoch 091, Loss: 1.1855
Epoch 092, Loss: 1.0886
Epoch 093, Loss: 1.1327
Epoch 094, Loss: 1.1403
Epoch 095, Loss: 1.0859
Epoch 096, Loss: 1.0329
Epoch 097, Loss: 1.1115
Epoch 098, Loss: 1.0969
Epoch 099, Loss: 1.0997
Epoch 100, Loss: 1.0359

Test RMSE: 1.4642
Test MAPE: 0.2389
Training time: 9.61 seconds
Model saved to Models/GCN_model_25.pkl

 Training on dataset_full.csv...
Total rows in CSV: 250
25 325
25 325
25 325
25 325
25 325
25 325
25 325
25 325
25 325
25 325
25 325
25 325
25 325
25 325
25 325
25 325
25 325
25 325
25 325
25 325
25 325
25 325
25 325
25 325
25 325
25 325
25 325
25 325
25 325
25 325
25 325
25 325
25 325
25 325
25 325
25 325
25 325
25 325
25 325
25 325
25 325
25 325
25 325
25 325
25 325
25 325
25 325
25 325
25 325
25 325
25 325
25 325
25 325
25 325
25 325
25 325
25 325
25 325
25 325
25 325
25 325
25 325
25 325
25 325
25 325
25 325
25 325
25 325
25 325
25 325
25 325
25 325
25 325
25 325
25 325
25 325
25 325
25 325
25 325
25 325
25 325
25 325
25 325
25 325
25 325
25 325
25 325
25 325
25 325
25 325
25 325
25 325
25 325
25 325
25 325
25 325
25 325
25 325
25 325
25 325
25 325
25 325
25 325
25 325
25 325
25 325
25 325
25 325
25 325
25 325
25 325
25 325
25 325
25 325
25 325
25 325
25 325
25 325
25 325
25 325
25 325
25 325
25 325
25 325
25 325
25 325
25 325
25 325
25 325
25 325
25 325
25 325
25 325
25 325
25 325
25 325
25 325
25 325
25 325
25 325
25 325
25 325
25 325
25 325
25 325
25 325
25 325
25 325
25 325
25 325
25 325
25 325
25 325
25 325
25 325
25 325
25 325
25 325
25 325
25 325
25 325
25 325
25 325
25 325
25 325
25 325
25 325
25 325
25 325
25 325
25 325
25 325
25 325
25 325
25 325
25 325
25 325
25 325
25 325
25 325
25 325
25 325
25 325
25 325
25 325
25 325
25 325
25 325
25 325
25 325
25 325
25 325
25 325
25 325
25 325
25 325
25 325
25 325
25 325
25 325
25 325
25 325
25 325
25 325
25 325
25 325
25 325
25 325
25 325
25 325
25 325
25 325
25 325
25 325
25 325
25 325
25 325
25 325
25 325
25 325
25 325
25 325
25 325
25 325
25 325
25 325
25 325
25 325
25 325
25 325
25 325
25 325
25 325
25 325
25 325
25 325
25 325
25 325
25 325
25 325
25 325
25 325
25 325
25 325
25 325
25 325
25 325
25 325
25 325
25 325
Loaded 250 valid graphs.
Epoch 001, Loss: 3.7632
Epoch 002, Loss: 3.3562
Epoch 003, Loss: 2.6234
Epoch 004, Loss: 0.8836
Epoch 005, Loss: 0.7598
Epoch 006, Loss: 0.7257
Epoch 007, Loss: 0.6692
Epoch 008, Loss: 0.7738
Epoch 009, Loss: 0.6305
Epoch 010, Loss: 0.6305
Epoch 011, Loss: 0.6584
Epoch 012, Loss: 0.6953
Epoch 013, Loss: 0.6689
Epoch 014, Loss: 0.6188
Epoch 015, Loss: 0.6477
Epoch 016, Loss: 0.6407
Epoch 017, Loss: 0.6570
Epoch 018, Loss: 0.6574
Epoch 019, Loss: 0.5985
Epoch 020, Loss: 0.6086
Epoch 021, Loss: 0.5978
Epoch 022, Loss: 0.5849
Epoch 023, Loss: 0.6321
Epoch 024, Loss: 0.5774
Epoch 025, Loss: 0.6093
Epoch 026, Loss: 0.6158
Epoch 027, Loss: 0.5967
Epoch 028, Loss: 0.6328
Epoch 029, Loss: 0.6145
Epoch 030, Loss: 0.5624
Epoch 031, Loss: 0.5823
Epoch 032, Loss: 0.5708
Epoch 033, Loss: 0.5974
Epoch 034, Loss: 0.6708
Epoch 035, Loss: 0.5441
Epoch 036, Loss: 0.5878
Epoch 037, Loss: 0.5666
Epoch 038, Loss: 0.5949
Epoch 039, Loss: 0.5880
Epoch 040, Loss: 0.5649
Epoch 041, Loss: 0.5570
Epoch 042, Loss: 0.5291
Epoch 043, Loss: 0.5353
Epoch 044, Loss: 0.5522
Epoch 045, Loss: 0.5301
Epoch 046, Loss: 0.6224
Epoch 047, Loss: 0.5674
Epoch 048, Loss: 0.5642
Epoch 049, Loss: 0.5961
Epoch 050, Loss: 0.5333
Epoch 051, Loss: 0.5989
Epoch 052, Loss: 0.5323
Epoch 053, Loss: 0.5588
Epoch 054, Loss: 0.5590
Epoch 055, Loss: 0.5846
Epoch 056, Loss: 0.5482
Epoch 057, Loss: 0.5358
Epoch 058, Loss: 0.5804
Epoch 059, Loss: 0.5975
Epoch 060, Loss: 0.5691
Epoch 061, Loss: 0.5591
Epoch 062, Loss: 0.5361
Epoch 063, Loss: 0.5171
Epoch 064, Loss: 0.5261
Epoch 065, Loss: 0.5326
Epoch 066, Loss: 0.5398
Epoch 067, Loss: 0.5137
Epoch 068, Loss: 0.5029
Epoch 069, Loss: 0.5427
Epoch 070, Loss: 0.5595
Epoch 071, Loss: 0.5015
Epoch 072, Loss: 0.5070
Epoch 073, Loss: 0.4974
Epoch 074, Loss: 0.5768
Epoch 075, Loss: 0.5256
Epoch 076, Loss: 0.5670
Epoch 077, Loss: 0.5485
Epoch 078, Loss: 0.5258
Epoch 079, Loss: 0.5252
Epoch 080, Loss: 0.5662
Epoch 081, Loss: 0.5320
Epoch 082, Loss: 0.5145
Epoch 083, Loss: 0.5634
Epoch 084, Loss: 0.5332
Epoch 085, Loss: 0.4968
Epoch 086, Loss: 0.4921
Epoch 087, Loss: 0.5029
Epoch 088, Loss: 0.4824
Epoch 089, Loss: 0.5136
Epoch 090, Loss: 0.5390
Epoch 091, Loss: 0.5252
Epoch 092, Loss: 0.5713
Epoch 093, Loss: 0.5553
Epoch 094, Loss: 0.5100
Epoch 095, Loss: 0.5801
Epoch 096, Loss: 0.5315
Epoch 097, Loss: 0.5176
Epoch 098, Loss: 0.4843
Epoch 099, Loss: 0.5454
Epoch 100, Loss: 0.4732

Test RMSE: 0.6982
Test MAPE: 203723502518272.0000
Training time: 46.65 seconds
Model saved to Models/GCN_model_full.pkl

Metrics saved to Models/Graph_Neural_Training_metrics.csv

 **Final Training Results:**
node_size model_type  test_size     rmse         mape  training_time         model_file
       10   Q_values        0.2 0.615687 2.226655e-01      10.015377   GNN_model_10.pkl
       12   Q_values        0.2 0.659248 1.812179e-01       9.091327   GNN_model_12.pkl
       15   Q_values        0.2 0.806129 1.836434e-01       9.199955   GNN_model_15.pkl
       20   Q_values        0.2 1.040281 2.201913e-01       9.624387   GNN_model_20.pkl
       25   Q_values        0.2 1.464172 2.389344e-01       9.607194   GNN_model_25.pkl
     full   Q_values        0.2 0.698231 2.037235e+14      46.653140 GNN_model_full.pkl

 Training complete for all datasets!
  adding: Models/ (stored 0%)
  adding: Models/GCN_model_12.pkl (deflated 24%)
  adding: Models/GCN_model_10.pkl (deflated 24%)
  adding: Models/GCN_model_15.pkl (deflated 23%)
  adding: Models/Graph_Neural_Training_metrics.csv (deflated 50%)
  adding: Models/GCN_model_25.pkl (deflated 21%)
  adding: Models/Graph_Neural_Training_results.txt (deflated 60%)
  adding: Models/GCN_model_20.pkl (deflated 22%)
  adding: Models/GCN_model_full.pkl (deflated 22%)
