
 Training on dataset_10_nodes.csv...
Total rows in CSV: 50
10 55
10 55
10 55
10 55
10 55
10 55
10 55
10 55
10 55
10 55
10 55
10 55
10 55
10 55
10 55
10 55
10 55
10 55
10 55
10 55
10 55
10 55
10 55
10 55
10 55
10 55
10 55
10 55
10 55
10 55
10 55
10 55
10 55
10 55
10 55
10 55
10 55
10 55
10 55
10 55
10 55
10 55
10 55
10 55
10 55
10 55
10 55
10 55
10 55
10 55
Loaded 50 valid graphs.
Epoch 001, Loss: 3.0346
Epoch 002, Loss: 0.5699
Epoch 003, Loss: 0.5727
Epoch 004, Loss: 0.5855
Epoch 005, Loss: 0.5857
Epoch 006, Loss: 0.6270
Epoch 007, Loss: 0.5751
Epoch 008, Loss: 0.5421
Epoch 009, Loss: 0.6159
Epoch 010, Loss: 0.5619
Epoch 011, Loss: 0.5907
Epoch 012, Loss: 0.6071
Epoch 013, Loss: 0.6082
Epoch 014, Loss: 0.5752
Epoch 015, Loss: 0.5547
Epoch 016, Loss: 0.5738
Epoch 017, Loss: 0.5365
Epoch 018, Loss: 0.5144
Epoch 019, Loss: 0.6768
Epoch 020, Loss: 0.5745
Epoch 021, Loss: 0.5566
Epoch 022, Loss: 0.6007
Epoch 023, Loss: 0.5622
Epoch 024, Loss: 0.5430
Epoch 025, Loss: 0.5967
Epoch 026, Loss: 0.5610
Epoch 027, Loss: 0.5256
Epoch 028, Loss: 0.5840
Epoch 029, Loss: 0.5390
Epoch 030, Loss: 0.5370
Epoch 031, Loss: 0.5375
Epoch 032, Loss: 0.5093
Epoch 033, Loss: 0.5335
Epoch 034, Loss: 0.5211
Epoch 035, Loss: 0.5387
Epoch 036, Loss: 0.5618
Epoch 037, Loss: 0.5438
Epoch 038, Loss: 0.5929
Epoch 039, Loss: 0.5673
Epoch 040, Loss: 0.5325
Epoch 041, Loss: 0.5333
Epoch 042, Loss: 0.5692
Epoch 043, Loss: 0.5114
Epoch 044, Loss: 0.5362
Epoch 045, Loss: 0.5071
Epoch 046, Loss: 0.5107
Epoch 047, Loss: 0.5221
Epoch 048, Loss: 0.5345
Epoch 049, Loss: 0.5772
Epoch 050, Loss: 0.5251
Epoch 051, Loss: 0.5292
Epoch 052, Loss: 0.5618
Epoch 053, Loss: 0.5187
Epoch 054, Loss: 0.5578
Epoch 055, Loss: 0.4896
Epoch 056, Loss: 0.5018
Epoch 057, Loss: 0.4858
Epoch 058, Loss: 0.5003
Epoch 059, Loss: 0.5018
Epoch 060, Loss: 0.4928
Epoch 061, Loss: 0.4895
Epoch 062, Loss: 0.4734
Epoch 063, Loss: 0.4798
Epoch 064, Loss: 0.4986
Epoch 065, Loss: 0.4792
Epoch 066, Loss: 0.4930
Epoch 067, Loss: 0.4849
Epoch 068, Loss: 0.4925
Epoch 069, Loss: 0.4921
Epoch 070, Loss: 0.4698
Epoch 071, Loss: 0.4935
Epoch 072, Loss: 0.4870
Epoch 073, Loss: 0.4735
Epoch 074, Loss: 0.4765
Epoch 075, Loss: 0.4642
Epoch 076, Loss: 0.4527
Epoch 077, Loss: 0.4669
Epoch 078, Loss: 0.4745
Epoch 079, Loss: 0.4847
Epoch 080, Loss: 0.4739
Epoch 081, Loss: 0.4588
Epoch 082, Loss: 0.4481
Epoch 083, Loss: 0.4548
Epoch 084, Loss: 0.4443
Epoch 085, Loss: 0.4504
Epoch 086, Loss: 0.4390
Epoch 087, Loss: 0.4547
Epoch 088, Loss: 0.4426
Epoch 089, Loss: 0.4577
Epoch 090, Loss: 0.4257
Epoch 091, Loss: 0.4571
Epoch 092, Loss: 0.4543
Epoch 093, Loss: 0.4423
Epoch 094, Loss: 0.4373
Epoch 095, Loss: 0.4362
Epoch 096, Loss: 0.4215
Epoch 097, Loss: 0.4477
Epoch 098, Loss: 0.4262
Epoch 099, Loss: 0.4283
Epoch 100, Loss: 0.4311

Test RMSE: 0.6253
Test MAPE: 0.2225
Training time: 9.75 seconds
Model saved to Models/GCN_model_10.pkl

 Training on dataset_12_nodes.csv...
Total rows in CSV: 50
12 78
12 78
12 78
12 78
12 78
12 78
12 78
12 78
12 78
12 78
12 78
12 78
12 78
12 78
12 78
12 78
12 78
12 78
12 78
12 78
12 78
12 78
12 78
12 78
12 78
12 78
12 78
12 78
12 78
12 78
12 78
12 78
12 78
12 78
12 78
12 78
12 78
12 78
12 78
12 78
12 78
12 78
12 78
12 78
12 78
12 78
12 78
12 78
12 78
12 78
Loaded 50 valid graphs.
Epoch 001, Loss: 4.0800
Epoch 002, Loss: 0.9034
Epoch 003, Loss: 0.8306
Epoch 004, Loss: 0.8868
Epoch 005, Loss: 0.8330
Epoch 006, Loss: 0.9189
Epoch 007, Loss: 0.8926
Epoch 008, Loss: 0.8475
Epoch 009, Loss: 0.8205
Epoch 010, Loss: 0.8601
Epoch 011, Loss: 0.8122
Epoch 012, Loss: 0.8398
Epoch 013, Loss: 0.8820
Epoch 014, Loss: 0.9036
Epoch 015, Loss: 0.8181
Epoch 016, Loss: 0.8675
Epoch 017, Loss: 0.9034
Epoch 018, Loss: 0.8798
Epoch 019, Loss: 0.8624
Epoch 020, Loss: 0.8625
Epoch 021, Loss: 0.8905
Epoch 022, Loss: 0.8250
Epoch 023, Loss: 0.8318
Epoch 024, Loss: 0.8267
Epoch 025, Loss: 0.8232
Epoch 026, Loss: 0.8844
Epoch 027, Loss: 0.8160
Epoch 028, Loss: 0.8435
Epoch 029, Loss: 0.8806
Epoch 030, Loss: 0.8342
Epoch 031, Loss: 0.9217
Epoch 032, Loss: 0.8402
Epoch 033, Loss: 0.8092
Epoch 034, Loss: 0.7920
Epoch 035, Loss: 0.7969
Epoch 036, Loss: 0.8415
Epoch 037, Loss: 0.7882
Epoch 038, Loss: 0.8197
Epoch 039, Loss: 0.7749
Epoch 040, Loss: 0.8283
Epoch 041, Loss: 0.8182
Epoch 042, Loss: 0.8353
Epoch 043, Loss: 0.7781
Epoch 044, Loss: 0.7582
Epoch 045, Loss: 0.7619
Epoch 046, Loss: 0.7257
Epoch 047, Loss: 0.7715
Epoch 048, Loss: 0.7468
Epoch 049, Loss: 0.7320
Epoch 050, Loss: 0.7853
Epoch 051, Loss: 0.7296
Epoch 052, Loss: 0.7488
Epoch 053, Loss: 0.7023
Epoch 054, Loss: 0.7371
Epoch 055, Loss: 0.7408
Epoch 056, Loss: 0.7584
Epoch 057, Loss: 0.7089
Epoch 058, Loss: 0.7196
Epoch 059, Loss: 0.7415
Epoch 060, Loss: 0.6972
Epoch 061, Loss: 0.6968
Epoch 062, Loss: 0.7254
Epoch 063, Loss: 0.6641
Epoch 064, Loss: 0.6833
Epoch 065, Loss: 0.6835
Epoch 066, Loss: 0.6654
Epoch 067, Loss: 0.6938
Epoch 068, Loss: 0.6744
Epoch 069, Loss: 0.6558
Epoch 070, Loss: 0.6380
Epoch 071, Loss: 0.7021
Epoch 072, Loss: 0.7442
Epoch 073, Loss: 0.6749
Epoch 074, Loss: 0.6400
Epoch 075, Loss: 0.6323
Epoch 076, Loss: 0.6740
Epoch 077, Loss: 0.6190
Epoch 078, Loss: 0.6348
Epoch 079, Loss: 0.6326
Epoch 080, Loss: 0.6188
Epoch 081, Loss: 0.6596
Epoch 082, Loss: 0.6320
Epoch 083, Loss: 0.6179
Epoch 084, Loss: 0.6054
Epoch 085, Loss: 0.5867
Epoch 086, Loss: 0.6332
Epoch 087, Loss: 0.6224
Epoch 088, Loss: 0.6192
Epoch 089, Loss: 0.5840
Epoch 090, Loss: 0.6201
Epoch 091, Loss: 0.5805
Epoch 092, Loss: 0.5893
Epoch 093, Loss: 0.6111
Epoch 094, Loss: 0.5819
Epoch 095, Loss: 0.5918
Epoch 096, Loss: 0.5938
Epoch 097, Loss: 0.5795
Epoch 098, Loss: 0.5738
Epoch 099, Loss: 0.6011
Epoch 100, Loss: 0.5724

Test RMSE: 0.5467
Test MAPE: 0.1712
Training time: 8.88 seconds
Model saved to Models/GCN_model_12.pkl

 Training on dataset_15_nodes.csv...
Total rows in CSV: 50
15 120
15 120
15 120
15 120
15 120
15 120
15 120
15 120
15 120
15 120
15 120
15 120
15 120
15 120
15 120
15 120
15 120
15 120
15 120
15 120
15 120
15 120
15 120
15 120
15 120
15 120
15 120
15 120
15 120
15 120
15 120
15 120
15 120
15 120
15 120
15 120
15 120
15 120
15 120
15 120
15 120
15 120
15 120
15 120
15 120
15 120
15 120
15 120
15 120
15 120
Loaded 50 valid graphs.
Epoch 001, Loss: 5.3046
Epoch 002, Loss: 0.9956
Epoch 003, Loss: 0.9787
Epoch 004, Loss: 1.0815
Epoch 005, Loss: 0.9142
Epoch 006, Loss: 0.9778
Epoch 007, Loss: 0.9305
Epoch 008, Loss: 0.9037
Epoch 009, Loss: 0.9209
Epoch 010, Loss: 0.9447
Epoch 011, Loss: 0.9209
Epoch 012, Loss: 0.9862
Epoch 013, Loss: 1.0102
Epoch 014, Loss: 1.0441
Epoch 015, Loss: 0.9787
Epoch 016, Loss: 0.9820
Epoch 017, Loss: 0.9369
Epoch 018, Loss: 1.0340
Epoch 019, Loss: 1.1501
Epoch 020, Loss: 0.8803
Epoch 021, Loss: 0.9190
Epoch 022, Loss: 0.9573
Epoch 023, Loss: 0.9824
Epoch 024, Loss: 0.9650
Epoch 025, Loss: 0.9703
Epoch 026, Loss: 0.9319
Epoch 027, Loss: 0.8833
Epoch 028, Loss: 0.8801
Epoch 029, Loss: 0.8879
Epoch 030, Loss: 0.9501
Epoch 031, Loss: 0.9540
Epoch 032, Loss: 0.8809
Epoch 033, Loss: 0.9205
Epoch 034, Loss: 0.8988
Epoch 035, Loss: 0.8713
Epoch 036, Loss: 0.8885
Epoch 037, Loss: 0.9049
Epoch 038, Loss: 0.8744
Epoch 039, Loss: 0.8389
Epoch 040, Loss: 0.8547
Epoch 041, Loss: 0.8494
Epoch 042, Loss: 0.8179
Epoch 043, Loss: 0.8456
Epoch 044, Loss: 0.8424
Epoch 045, Loss: 0.7934
Epoch 046, Loss: 0.8443
Epoch 047, Loss: 0.7774
Epoch 048, Loss: 0.7546
Epoch 049, Loss: 0.7496
Epoch 050, Loss: 0.7650
Epoch 051, Loss: 0.8034
Epoch 052, Loss: 0.7379
Epoch 053, Loss: 0.7101
Epoch 054, Loss: 0.7229
Epoch 055, Loss: 0.7238
Epoch 056, Loss: 0.6967
Epoch 057, Loss: 0.6718
Epoch 058, Loss: 0.6552
Epoch 059, Loss: 0.6392
Epoch 060, Loss: 0.6339
Epoch 061, Loss: 0.7192
Epoch 062, Loss: 0.6465
Epoch 063, Loss: 0.6080
Epoch 064, Loss: 0.6196
Epoch 065, Loss: 0.5959
Epoch 066, Loss: 0.6243
Epoch 067, Loss: 0.6897
Epoch 068, Loss: 0.6649
Epoch 069, Loss: 0.6165
Epoch 070, Loss: 0.5734
Epoch 071, Loss: 0.5790
Epoch 072, Loss: 0.6441
Epoch 073, Loss: 0.5875
Epoch 074, Loss: 0.5738
Epoch 075, Loss: 0.5714
Epoch 076, Loss: 0.5453
Epoch 077, Loss: 0.5544
Epoch 078, Loss: 0.6610
Epoch 079, Loss: 0.5511
Epoch 080, Loss: 0.5907
Epoch 081, Loss: 0.5766
Epoch 082, Loss: 0.6057
Epoch 083, Loss: 0.6145
Epoch 084, Loss: 0.5561
Epoch 085, Loss: 0.5682
Epoch 086, Loss: 0.5822
Epoch 087, Loss: 0.5644
Epoch 088, Loss: 0.5322
Epoch 089, Loss: 0.5530
Epoch 090, Loss: 0.6005
Epoch 091, Loss: 0.5465
Epoch 092, Loss: 0.5300
Epoch 093, Loss: 0.5057
Epoch 094, Loss: 0.6066
Epoch 095, Loss: 0.5364
Epoch 096, Loss: 0.5666
Epoch 097, Loss: 0.5587
Epoch 098, Loss: 0.5451
Epoch 099, Loss: 0.5145
Epoch 100, Loss: 0.6234

Test RMSE: 0.7876
Test MAPE: 0.1954
Training time: 9.03 seconds
Model saved to Models/GCN_model_15.pkl

 Training on dataset_20_nodes.csv...
Total rows in CSV: 50
20 210
20 210
20 210
20 210
20 210
20 210
20 210
20 210
20 210
20 210
20 210
20 210
20 210
20 210
20 210
20 210
20 210
20 210
20 210
20 210
20 210
20 210
20 210
20 210
20 210
20 210
20 210
20 210
20 210
20 210
20 210
20 210
20 210
20 210
20 210
20 210
20 210
20 210
20 210
20 210
20 210
20 210
20 210
20 210
20 210
20 210
20 210
20 210
20 210
20 210
Loaded 50 valid graphs.
Epoch 001, Loss: 6.0522
Epoch 002, Loss: 1.2178
Epoch 003, Loss: 1.3417
Epoch 004, Loss: 1.3728
Epoch 005, Loss: 1.3042
Epoch 006, Loss: 1.5828
Epoch 007, Loss: 1.3424
Epoch 008, Loss: 1.3686
Epoch 009, Loss: 1.2428
Epoch 010, Loss: 1.2340
Epoch 011, Loss: 1.2953
Epoch 012, Loss: 1.3896
Epoch 013, Loss: 1.2921
Epoch 014, Loss: 1.1939
Epoch 015, Loss: 1.3723
Epoch 016, Loss: 1.2463
Epoch 017, Loss: 1.3685
Epoch 018, Loss: 1.1732
Epoch 019, Loss: 1.2088
Epoch 020, Loss: 1.2669
Epoch 021, Loss: 1.2034
Epoch 022, Loss: 1.2888
Epoch 023, Loss: 1.3181
Epoch 024, Loss: 1.1918
Epoch 025, Loss: 1.1969
Epoch 026, Loss: 1.2787
Epoch 027, Loss: 1.2084
Epoch 028, Loss: 1.2116
Epoch 029, Loss: 1.2307
Epoch 030, Loss: 1.1893
Epoch 031, Loss: 1.1993
Epoch 032, Loss: 1.2610
Epoch 033, Loss: 1.1785
Epoch 034, Loss: 1.3426
Epoch 035, Loss: 1.2784
Epoch 036, Loss: 1.2624
Epoch 037, Loss: 1.1249
Epoch 038, Loss: 1.0952
Epoch 039, Loss: 1.4415
Epoch 040, Loss: 1.1849
Epoch 041, Loss: 1.1257
Epoch 042, Loss: 1.0370
Epoch 043, Loss: 1.0450
Epoch 044, Loss: 1.1181
Epoch 045, Loss: 0.9953
Epoch 046, Loss: 1.0386
Epoch 047, Loss: 1.0325
Epoch 048, Loss: 0.9328
Epoch 049, Loss: 0.9176
Epoch 050, Loss: 0.8996
Epoch 051, Loss: 1.0305
Epoch 052, Loss: 0.9005
Epoch 053, Loss: 0.9245
Epoch 054, Loss: 0.8674
Epoch 055, Loss: 0.9215
Epoch 056, Loss: 0.8519
Epoch 057, Loss: 0.8405
Epoch 058, Loss: 0.9262
Epoch 059, Loss: 0.8180
Epoch 060, Loss: 0.9128
Epoch 061, Loss: 0.8232
Epoch 062, Loss: 0.7723
Epoch 063, Loss: 0.7725
Epoch 064, Loss: 0.7888
Epoch 065, Loss: 0.8054
Epoch 066, Loss: 0.7299
Epoch 067, Loss: 0.6582
Epoch 068, Loss: 0.8208
Epoch 069, Loss: 0.7985
Epoch 070, Loss: 0.8149
Epoch 071, Loss: 0.7125
Epoch 072, Loss: 0.6661
Epoch 073, Loss: 0.7939
Epoch 074, Loss: 0.7266
Epoch 075, Loss: 0.6964
Epoch 076, Loss: 0.6566
Epoch 077, Loss: 0.6939
Epoch 078, Loss: 0.6389
Epoch 079, Loss: 0.6590
Epoch 080, Loss: 0.6963
Epoch 081, Loss: 0.6268
Epoch 082, Loss: 0.7167
Epoch 083, Loss: 0.6358
Epoch 084, Loss: 0.5883
Epoch 085, Loss: 0.6607
Epoch 086, Loss: 0.6536
Epoch 087, Loss: 0.5965
Epoch 088, Loss: 0.6064
Epoch 089, Loss: 0.6827
Epoch 090, Loss: 0.6037
Epoch 091, Loss: 0.6420
Epoch 092, Loss: 0.6200
Epoch 093, Loss: 0.5872
Epoch 094, Loss: 0.5743
Epoch 095, Loss: 0.5861
Epoch 096, Loss: 0.5935
Epoch 097, Loss: 0.6151
Epoch 098, Loss: 0.5894
Epoch 099, Loss: 0.5506
Epoch 100, Loss: 0.5635

Test RMSE: 0.8307
Test MAPE: 0.2160
Training time: 9.41 seconds
Model saved to Models/GCN_model_20.pkl

 Training on dataset_25_nodes.csv...
Total rows in CSV: 50
25 325
25 325
25 325
25 325
25 325
25 325
25 325
25 325
25 325
25 325
25 325
25 325
25 325
25 325
25 325
25 325
25 325
25 325
25 325
25 325
25 325
25 325
25 325
25 325
25 325
25 325
25 325
25 325
25 325
25 325
25 325
25 325
25 325
25 325
25 325
25 325
25 325
25 325
25 325
25 325
25 325
25 325
25 325
25 325
25 325
25 325
25 325
25 325
25 325
25 325
Loaded 50 valid graphs.
Epoch 001, Loss: 10.7555
Epoch 002, Loss: 1.7475
Epoch 003, Loss: 1.5800
Epoch 004, Loss: 1.5927
Epoch 005, Loss: 1.8098
Epoch 006, Loss: 1.6444
Epoch 007, Loss: 1.8592
Epoch 008, Loss: 1.9140
Epoch 009, Loss: 1.6425
Epoch 010, Loss: 1.5190
Epoch 011, Loss: 1.6564
Epoch 012, Loss: 1.7370
Epoch 013, Loss: 1.7035
Epoch 014, Loss: 1.6232
Epoch 015, Loss: 1.6695
Epoch 016, Loss: 1.5032
Epoch 017, Loss: 1.5246
Epoch 018, Loss: 1.6078
Epoch 019, Loss: 1.7749
Epoch 020, Loss: 1.8289
Epoch 021, Loss: 1.6017
Epoch 022, Loss: 1.5236
Epoch 023, Loss: 1.5325
Epoch 024, Loss: 1.5567
Epoch 025, Loss: 1.4832
Epoch 026, Loss: 1.4920
Epoch 027, Loss: 1.5684
Epoch 028, Loss: 1.5965
Epoch 029, Loss: 1.5032
Epoch 030, Loss: 1.5529
Epoch 031, Loss: 1.4730
Epoch 032, Loss: 1.6510
Epoch 033, Loss: 1.7753
Epoch 034, Loss: 1.8079
Epoch 035, Loss: 1.5134
Epoch 036, Loss: 1.5310
Epoch 037, Loss: 1.6120
Epoch 038, Loss: 1.5841
Epoch 039, Loss: 1.6018
Epoch 040, Loss: 1.5399
Epoch 041, Loss: 1.4113
Epoch 042, Loss: 1.6565
Epoch 043, Loss: 1.4218
Epoch 044, Loss: 1.4923
Epoch 045, Loss: 1.4687
Epoch 046, Loss: 1.5296
Epoch 047, Loss: 1.5193
Epoch 048, Loss: 1.5159
Epoch 049, Loss: 1.5375
Epoch 050, Loss: 1.4961
Epoch 051, Loss: 1.6840
Epoch 052, Loss: 1.7398
Epoch 053, Loss: 1.5217
Epoch 054, Loss: 1.4768
Epoch 055, Loss: 1.4907
Epoch 056, Loss: 1.5801
Epoch 057, Loss: 1.3756
Epoch 058, Loss: 1.5114
Epoch 059, Loss: 1.8709
Epoch 060, Loss: 1.7024
Epoch 061, Loss: 1.5604
Epoch 062, Loss: 1.4744
Epoch 063, Loss: 1.6676
Epoch 064, Loss: 1.5600
Epoch 065, Loss: 1.6134
Epoch 066, Loss: 1.4601
Epoch 067, Loss: 1.4151
Epoch 068, Loss: 1.5712
Epoch 069, Loss: 1.4428
Epoch 070, Loss: 1.4342
Epoch 071, Loss: 1.3731
Epoch 072, Loss: 1.4255
Epoch 073, Loss: 1.4782
Epoch 074, Loss: 1.4444
Epoch 075, Loss: 1.4942
Epoch 076, Loss: 1.5127
Epoch 077, Loss: 1.6148
Epoch 078, Loss: 1.3970
Epoch 079, Loss: 1.5652
Epoch 080, Loss: 1.6223
Epoch 081, Loss: 1.4920
Epoch 082, Loss: 1.5020
Epoch 083, Loss: 1.3770
Epoch 084, Loss: 1.4444
Epoch 085, Loss: 1.5166
Epoch 086, Loss: 1.3490
Epoch 087, Loss: 1.4158
Epoch 088, Loss: 1.4588
Epoch 089, Loss: 1.2712
Epoch 090, Loss: 1.2528
Epoch 091, Loss: 1.4155
Epoch 092, Loss: 1.3888
Epoch 093, Loss: 1.1789
Epoch 094, Loss: 1.3813
Epoch 095, Loss: 1.2930
Epoch 096, Loss: 1.2637
Epoch 097, Loss: 1.1068
Epoch 098, Loss: 1.1050
Epoch 099, Loss: 1.0377
Epoch 100, Loss: 1.1727

Test RMSE: 1.4269
Test MAPE: 0.2010
Training time: 9.39 seconds
Model saved to Models/GCN_model_25.pkl

 Training on dataset_full.csv...
Total rows in CSV: 250
25 325
25 325
25 325
25 325
25 325
25 325
25 325
25 325
25 325
25 325
25 325
25 325
25 325
25 325
25 325
25 325
25 325
25 325
25 325
25 325
25 325
25 325
25 325
25 325
25 325
25 325
25 325
25 325
25 325
25 325
25 325
25 325
25 325
25 325
25 325
25 325
25 325
25 325
25 325
25 325
25 325
25 325
25 325
25 325
25 325
25 325
25 325
25 325
25 325
25 325
25 325
25 325
25 325
25 325
25 325
25 325
25 325
25 325
25 325
25 325
25 325
25 325
25 325
25 325
25 325
25 325
25 325
25 325
25 325
25 325
25 325
25 325
25 325
25 325
25 325
25 325
25 325
25 325
25 325
25 325
25 325
25 325
25 325
25 325
25 325
25 325
25 325
25 325
25 325
25 325
25 325
25 325
25 325
25 325
25 325
25 325
25 325
25 325
25 325
25 325
25 325
25 325
25 325
25 325
25 325
25 325
25 325
25 325
25 325
25 325
25 325
25 325
25 325
25 325
25 325
25 325
25 325
25 325
25 325
25 325
25 325
25 325
25 325
25 325
25 325
25 325
25 325
25 325
25 325
25 325
25 325
25 325
25 325
25 325
25 325
25 325
25 325
25 325
25 325
25 325
25 325
25 325
25 325
25 325
25 325
25 325
25 325
25 325
25 325
25 325
25 325
25 325
25 325
25 325
25 325
25 325
25 325
25 325
25 325
25 325
25 325
25 325
25 325
25 325
25 325
25 325
25 325
25 325
25 325
25 325
25 325
25 325
25 325
25 325
25 325
25 325
25 325
25 325
25 325
25 325
25 325
25 325
25 325
25 325
25 325
25 325
25 325
25 325
25 325
25 325
25 325
25 325
25 325
25 325
25 325
25 325
25 325
25 325
25 325
25 325
25 325
25 325
25 325
25 325
25 325
25 325
25 325
25 325
25 325
25 325
25 325
25 325
25 325
25 325
25 325
25 325
25 325
25 325
25 325
25 325
25 325
25 325
25 325
25 325
25 325
25 325
25 325
25 325
25 325
25 325
25 325
25 325
25 325
25 325
25 325
25 325
25 325
25 325
25 325
25 325
25 325
25 325
25 325
25 325
25 325
25 325
25 325
25 325
25 325
25 325
Loaded 250 valid graphs.
Epoch 001, Loss: 3.8379
Epoch 002, Loss: 3.3204
Epoch 003, Loss: 2.6077
Epoch 004, Loss: 1.0558
Epoch 005, Loss: 0.9384
Epoch 006, Loss: 0.7505
Epoch 007, Loss: 0.8610
Epoch 008, Loss: 0.7237
Epoch 009, Loss: 0.6526
Epoch 010, Loss: 0.7300
Epoch 011, Loss: 0.6699
Epoch 012, Loss: 0.7056
Epoch 013, Loss: 0.7072
Epoch 014, Loss: 0.6398
Epoch 015, Loss: 0.6300
Epoch 016, Loss: 0.6555
Epoch 017, Loss: 0.6672
Epoch 018, Loss: 0.6277
Epoch 019, Loss: 0.6992
Epoch 020, Loss: 0.6548
Epoch 021, Loss: 0.5926
Epoch 022, Loss: 0.6374
Epoch 023, Loss: 0.5739
Epoch 024, Loss: 0.6614
Epoch 025, Loss: 0.5809
Epoch 026, Loss: 0.6599
Epoch 027, Loss: 0.5868
Epoch 028, Loss: 0.5840
Epoch 029, Loss: 0.6233
Epoch 030, Loss: 0.6542
Epoch 031, Loss: 0.5702
Epoch 032, Loss: 0.6051
Epoch 033, Loss: 0.5682
Epoch 034, Loss: 0.5659
Epoch 035, Loss: 0.5931
Epoch 036, Loss: 0.5977
Epoch 037, Loss: 0.6090
Epoch 038, Loss: 0.5769
Epoch 039, Loss: 0.5779
Epoch 040, Loss: 0.6232
Epoch 041, Loss: 0.5750
Epoch 042, Loss: 0.5948
Epoch 043, Loss: 0.5519
Epoch 044, Loss: 0.5840
Epoch 045, Loss: 0.5801
Epoch 046, Loss: 0.5444
Epoch 047, Loss: 0.5916
Epoch 048, Loss: 0.5933
Epoch 049, Loss: 0.5525
Epoch 050, Loss: 0.5717
Epoch 051, Loss: 0.5571
Epoch 052, Loss: 0.5854
Epoch 053, Loss: 0.5474
Epoch 054, Loss: 0.5817
Epoch 055, Loss: 0.5354
Epoch 056, Loss: 0.5102
Epoch 057, Loss: 0.5636
Epoch 058, Loss: 0.5321
Epoch 059, Loss: 0.5363
Epoch 060, Loss: 0.5722
Epoch 061, Loss: 0.5305
Epoch 062, Loss: 0.5502
Epoch 063, Loss: 0.5492
Epoch 064, Loss: 0.5573
Epoch 065, Loss: 0.5703
Epoch 066, Loss: 0.5536
Epoch 067, Loss: 0.5264
Epoch 068, Loss: 0.5606
Epoch 069, Loss: 0.5429
Epoch 070, Loss: 0.5316
Epoch 071, Loss: 0.5337
Epoch 072, Loss: 0.5421
Epoch 073, Loss: 0.5147
Epoch 074, Loss: 0.5248
Epoch 075, Loss: 0.5255
Epoch 076, Loss: 0.5397
Epoch 077, Loss: 0.5616
Epoch 078, Loss: 0.5340
Epoch 079, Loss: 0.5388
Epoch 080, Loss: 0.5121
Epoch 081, Loss: 0.5314
Epoch 082, Loss: 0.5259
Epoch 083, Loss: 0.4940
Epoch 084, Loss: 0.5083
Epoch 085, Loss: 0.5402
Epoch 086, Loss: 0.4885
Epoch 087, Loss: 0.5027
Epoch 088, Loss: 0.4864
Epoch 089, Loss: 0.5033
Epoch 090, Loss: 0.5371
Epoch 091, Loss: 0.5293
Epoch 092, Loss: 0.5190
Epoch 093, Loss: 0.4948
Epoch 094, Loss: 0.4879
Epoch 095, Loss: 0.5282
Epoch 096, Loss: 0.4612
Epoch 097, Loss: 0.4804
Epoch 098, Loss: 0.4867
Epoch 099, Loss: 0.4684
Epoch 100, Loss: 0.4884

Test RMSE: 0.8101
Test MAPE: 362138287734784.0000
Training time: 45.72 seconds
Model saved to Models/GCN_model_full.pkl

Metrics saved to Models/Graph_Neural_Training_metrics.csv

 **Final Training Results:**
node_size model_type  test_size     rmse         mape  training_time         model_file
       10   Q_values        0.2 0.625313 2.225273e-01       9.747821   GNN_model_10.pkl
       12   Q_values        0.2 0.546699 1.712061e-01       8.879236   GNN_model_12.pkl
       15   Q_values        0.2 0.787599 1.953841e-01       9.028427   GNN_model_15.pkl
       20   Q_values        0.2 0.830732 2.160213e-01       9.408343   GNN_model_20.pkl
       25   Q_values        0.2 1.426921 2.009712e-01       9.385608   GNN_model_25.pkl
     full   Q_values        0.2 0.810066 3.621383e+14      45.720224 GNN_model_full.pkl

 Training complete for all datasets!
  adding: Models/ (stored 0%)
  adding: Models/GCN_model_12.pkl (deflated 23%)
  adding: Models/GCN_model_10.pkl (deflated 23%)
  adding: Models/GCN_model_15.pkl (deflated 22%)
  adding: Models/Graph_Neural_Training_metrics.csv (deflated 50%)
  adding: Models/GCN_model_25.pkl (deflated 20%)
  adding: Models/Graph_Neural_Training_results.txt (deflated 59%)
  adding: Models/GCN_model_20.pkl (deflated 20%)
  adding: Models/GCN_model_full.pkl (deflated 22%)
